----------- Estimation of only detector blur model parameters -----------
Will optimize detector blur parameters
Will optimize transmission function parameters
----------------------------
Evaluating fit for parameters [2.0537694238813193, 0.20537694238813195, 0.9, 0.02709517283902807, 0.9843647726464723, 0.02327871322631836, 0.9837164878845215]
Evaluating fit for parameters [2.0537694387824805, 0.20537694238813195, 0.9, 0.02709517283902807, 0.9843647726464723, 0.02327871322631836, 0.9837164878845215]
Evaluating fit for parameters [2.0537694238813193, 0.20537695728929314, 0.9, 0.02709517283902807, 0.9843647726464723, 0.02327871322631836, 0.9837164878845215]
Evaluating fit for parameters [2.0537694238813193, 0.20537694238813195, 0.9000000149011612, 0.02709517283902807, 0.9843647726464723, 0.02327871322631836, 0.9837164878845215]
Evaluating fit for parameters [2.0537694238813193, 0.20537694238813195, 0.9, 0.027095187740189264, 0.9843647726464723, 0.02327871322631836, 0.9837164878845215]
Evaluating fit for parameters [2.0537694238813193, 0.20537694238813195, 0.9, 0.02709517283902807, 0.9843647875476335, 0.02327871322631836, 0.9837164878845215]
Evaluating fit for parameters [2.0537694238813193, 0.20537694238813195, 0.9, 0.02709517283902807, 0.9843647726464723, 0.023278728127479553, 0.9837164878845215]
Evaluating fit for parameters [2.0537694238813193, 0.20537694238813195, 0.9, 0.02709517283902807, 0.9843647726464723, 0.02327871322631836, 0.9837165027856827]
eps is 1.4901161193847656e-08
Error in jacobian at [2.0537694238813193, 0.20537694238813195, 0.9, 0.02709517283902807, 0.9843647726464723, 0.02327871322631836, 0.9837164878845215] is 0.013967166299078251. Numerical jacobian is [  186.71026611  1725.01446533  4145.75860596 -7788.48522949
  6262.04827881 -5960.93295288  4357.17120361]. True jacobian is [  186.71005278  1725.01447063  4145.75849154 -7788.4916465
  6262.04063698 -5960.94007719  4357.16451843]
###########################
Evaluating fit for parameters [2.0537694238813193, 0.20537694238813195, 0.9, 0.02709517283902807, 0.9843647726464723, 0.02327871322631836, 0.9837164878845215]
Evaluating fit for parameters [1.1522335723948083, 0.11522335727898782, 0.8561033560512047, 0.23468452103454582, 0.7717448929844584, 0.23254335910947688, 0.7713811834762354]
Evaluating fit for parameters [2.0236047813540456, 0.20236047813672645, 0.8985312546687089, 0.034040940409405446, 0.9772506876618081, 0.030280534869078023, 0.9766119245520319]
Evaluating fit for parameters [2.020607508167807, 0.200282303217422, 0.8941589610125872, 0.0365507420172564, 0.9776977584441398, 0.029988697860371297, 0.9782062672105445]
Evaluating fit for parameters [2.0008989665702828, 0.18579074119239797, 0.8643546333757073, 0.044123917218047405, 0.9790607202777724, 0.02892337884529093, 0.9831546637067966]
Evaluating fit for parameters [1.9398931923238738, 0.13929185771138697, 0.8, 0.05785913563330404, 0.9817848212432791, 0.026731706849396995, 0.9925193095817451]
Evaluating fit for parameters [1.937916819775827, 0.13637835447884086, 0.8, 0.054610983036451906, 0.9815029157831866, 0.026828487741682474, 0.9908888697837402]
Evaluating fit for parameters [1.8930778310773833, 0.0867077646559332, 0.8, 0.028571271414592724, 0.9785831733639414, 0.028706515295317668, 0.9766183622268345]
Evaluating fit for parameters [1.829830268509844, 0.017891897699496076, 0.8, 0.012559497587628182, 0.9775812714809103, 0.02907999384432156, 0.9690509424647977]
Evaluating fit for parameters [1.8755057902594372, 0.0675886844259312, 0.8, 0.024122727757994275, 0.9783048154309317, 0.028810278666447038, 0.974515909522779]
Evaluating fit for parameters [1.840675703087738, 0.029692162448040724, 0.8, 0.01530513138704841, 0.9777530735375395, 0.02901595126299452, 0.9703485728021722]
Evaluating fit for parameters [1.8178231174241422, 1e-10, 0.8, 0.012577353159384352, 0.9798636906859474, 0.0270722756439236, 0.9721783314101529]
Evaluating fit for parameters [1.835692819152812, 0.02321794544103664, 0.8, 0.014710353950973821, 0.9782132823050023, 0.0285921432020798, 0.9707475418688115]
Evaluating fit for parameters [1.862286586970377, 0.008295412860498994, 0.8, 0.06262747681816436, 1.0060301784655568, 0.005988134594451886, 1.026726927355899]
Evaluating fit for parameters [1.8434537982444645, 0.018863035518285415, 0.8, 0.02869422382814043, 0.9863312124523107, 0.021995513518208387, 0.9870842581742719]
Evaluating fit for parameters [1.8482672440082766, 0.018877441989582553, 0.8, 0.026183312590465604, 0.986896431080413, 0.020307050574804635, 0.9888335675579458]
Evaluating fit for parameters [1.8496168916667937, 0.016828020869282714, 0.8, 0.023925869446882405, 0.9876704639504951, 0.019157427786178967, 0.9897323893327897]
Evaluating fit for parameters [1.8487003822299815, 0.018219727649125418, 0.8, 0.025458838389631724, 0.9871448390399074, 0.01993810571193292, 0.9891220236321876]
Evaluating fit for parameters [1.8494139003759922, 0.01810663161208921, 0.8, 0.024835628190680265, 0.9875747793457831, 0.01955610538327128, 0.9894529855819281]
Evaluating fit for parameters [1.8486369017604658, 0.018092767256334664, 0.8, 0.02481026433601747, 0.9877859989210294, 0.01957035903685484, 0.9893813140307868]
Evaluating fit for parameters [1.8436372532675043, 0.018050807339632154, 0.8, 0.02474771788254769, 0.9883821723682118, 0.019615028836068183, 0.9891664873000497]
Evaluating fit for parameters [1.8308344417767866, 0.01799962275321895, 0.8, 0.02466321162866863, 0.9891581846565242, 0.019670191380099695, 0.9888900825877238]
Evaluating fit for parameters [1.788953056828893, 0.017904147283266742, 0.8, 0.02450343346313443, 0.9906308395765382, 0.019774066452440165, 0.9883663196150505]
Evaluating fit for parameters [1.6648650140576355, 0.017716045899310355, 0.8, 0.024208178760894376, 0.9933875955327557, 0.019969652547484402, 0.9873843464913202]
Evaluating fit for parameters [1.1431910229970095, 0.017111327150539982, 0.8, 0.023293123764901225, 1.001978831341782, 0.020574624796355905, 0.9843256839339656]
Evaluating fit for parameters [1.000000082740371e-10, 0.01578615269902806, 0.8, 0.021287881650473368, 1.0208055772036984, 0.021900354765384288, 0.9776229622388893]
Evaluating fit for parameters [0.7642916836893907, 0.01667211120667017, 0.8, 0.022628506131372995, 1.0082187697471023, 0.02101402486100321, 0.9821041332298747]
Evaluating fit for parameters [0.26057059559379914, 0.016088203265422978, 0.8, 0.021744941862984136, 1.0165143465325388, 0.021598177578392132, 0.9791507315692409]
Evaluating fit for parameters [0.09299067956616991, 0.01589394647118787, 0.8, 0.02145099422132114, 1.0192741516984491, 0.021792515805718383, 0.9781681822696751]
Evaluating fit for parameters [0.2268624642542585, 0.016049129170573835, 0.8, 0.021685815292527503, 1.0170694719748306, 0.021637268053231174, 0.9789530951124242]
Evaluating fit for parameters [0.09299067956616991, 0.01589394647118787, 0.8, 0.02145099422132114, 1.0192741516984491, 0.021792515805718383, 0.9781681822696751]
Evaluating fit for parameters [1.724655134442103, 0.024603063282139463, 0.8, 0.020247947124670346, 0.9920433419616563, 0.016582727269617833, 0.9921296940265679]
Evaluating fit for parameters [0.5835033834879995, 0.01851209043022616, 0.8, 0.021089332923521796, 1.0110879967117055, 0.020226343634677284, 0.9823653067839985]
Evaluating fit for parameters [0.22871680914505937, 0.016618393653492138, 0.8, 0.021350921607959008, 1.0170090215120131, 0.021359151928840178, 0.9793295374417943]
Evaluating fit for parameters [0.14177104903171237, 0.01615431491550082, 0.8, 0.021415027830263403, 1.0184600572589722, 0.02163676355600252, 0.9785855767282989]
Evaluating fit for parameters [0.1359915230052034, 0.01698330020526873, 0.8, 0.017094872355428923, 1.0151442473871544, 0.01720765755775058, 0.9857735651156727]
Evaluating fit for parameters [0.12524523875457544, 0.01750549968343461, 0.8, 0.015378109806049882, 1.002419628315684, 0.012799933687924736, 0.9958199415391905]
Evaluating fit for parameters [0.12299171619547031, 0.01994489861670926, 0.8006855190357168, 0.018972651328564457, 0.9936517777136677, 0.014558946495256558, 0.9949138455018749]
Evaluating fit for parameters [0.12588342535473324, 0.019938770831840293, 0.8011046536893507, 0.02055841035177366, 0.991070541200572, 0.016101769002139624, 0.9932242425757499]
Evaluating fit for parameters [0.12690682348522672, 0.01980296221708089, 0.8013368518396718, 0.02061154933192413, 0.9912414429121004, 0.016143213735935694, 0.9930847346498254]
Evaluating fit for parameters [0.1274664280040952, 0.01990670243089912, 0.8023190563471991, 0.020759833093916946, 0.9912615564087938, 0.016204116457722365, 0.9930032636584069]
Evaluating fit for parameters [0.12803448711091256, 0.019683158307251213, 0.8043170175266066, 0.02075072001280605, 0.9913741438790454, 0.016176655902917995, 0.9930361938395202]
Evaluating fit for parameters [0.12847090559113508, 0.018779780882796256, 0.8127708318656665, 0.020595574737975835, 0.9916287843127436, 0.01591870424714839, 0.9931618426886364]
Evaluating fit for parameters [0.12716750048619294, 0.016526832278877687, 0.8331324759250064, 0.02019545535274109, 0.9922084170428926, 0.015642255970822028, 0.9938251840074103]
Evaluating fit for parameters [0.12128210680681187, 0.012807735534576248, 0.8693081387428523, 0.01924935902127383, 0.9928650587169966, 0.01383225826321011, 0.993835937309424]
Evaluating fit for parameters [0.11515156512049482, 0.01091044616894076, 0.8850472250194373, 0.018821922739886112, 0.993630350676619, 0.014731740936153623, 0.9954385820455328]
Evaluating fit for parameters [0.10751406408642321, 0.011641656471136384, 0.8842338985797497, 0.01839036540831549, 0.9932713701974483, 0.014571480217400665, 0.9957201551948262]
Evaluating fit for parameters [0.11027800279237239, 0.010236111066253026, 0.881905450847757, 0.01821212179136936, 0.993727302234173, 0.013608131033109818, 0.9951500458475029]
Evaluating fit for parameters [0.10879672788394244, 0.010989383610405823, 0.8831533335137393, 0.018307647714864626, 0.9934829550333845, 0.014124417798686423, 0.9954555839802529]
Evaluating fit for parameters [0.10946567775708559, 0.010362089659419711, 0.8894202111956807, 0.01819639921988864, 0.9936171602606862, 0.013681923419315291, 0.9954240194582866]
Evaluating fit for parameters [0.11046269975345357, 0.010795267100601202, 0.8843308583047846, 0.017807383763847655, 0.9933274751917252, 0.01387931432107729, 0.9956599543311574]
Evaluating fit for parameters [0.10974376162407765, 0.010611010912162242, 0.8862062787763393, 0.018040047652424767, 0.9934601390920437, 0.013798654529297016, 0.9955978787266837]
Evaluating fit for parameters [0.10981615337120738, 0.010629200876816233, 0.886228806885621, 0.018044571685454258, 0.9934780248925295, 0.01380300998311863, 0.9955810309691444]
Evaluating fit for parameters [0.10979444019975514, 0.010617213575033112, 0.8862682459841414, 0.018029679081876467, 0.9934725211900592, 0.013801657580847287, 0.995588500497132]
Evaluating fit for parameters [0.1097905345942232, 0.01061532757589789, 0.886283918089773, 0.01802761076021263, 0.9934734738320894, 0.01380083262882218, 0.9955877483004377]
Optimized parameters are [0.1097905345942232, 0.01061532757589789, 0.886283918089773, 0.01802761076021263, 0.9934734738320894, 0.01380083262882218, 0.9955877483004377]
Estimated detector parameters are {'detector_FWHM_1': 12.626720201732516, 'detector_FWHM_2': 130.59364877891034, 'cutoff_FWHM_2_multiplier': 10, 'detector_weight_1': 0.886283918089773, 'cutoff_FWHM_1_multiplier': 10, 'norm_power': 1.0}
95.17 mins has elapsed
95.17 mins has elapsed
9.52e+01 mins has elapsed
----------- Estimation of only detector blur model parameters -----------
Will optimize detector blur parameters
Will optimize transmission function parameters
----------------------------
Evaluating fit for parameters [2.0537694238813193, 0.20537694238813195, 0.9, 0.021286629140377045, 0.9723701551556587, 0.020859867334365845, 0.9817494750022888]
Evaluating fit for parameters [2.0537694387824805, 0.20537694238813195, 0.9, 0.021286629140377045, 0.9723701551556587, 0.020859867334365845, 0.9817494750022888]
Evaluating fit for parameters [2.0537694238813193, 0.20537695728929314, 0.9, 0.021286629140377045, 0.9723701551556587, 0.020859867334365845, 0.9817494750022888]
Evaluating fit for parameters [2.0537694238813193, 0.20537694238813195, 0.9000000149011612, 0.021286629140377045, 0.9723701551556587, 0.020859867334365845, 0.9817494750022888]
Evaluating fit for parameters [2.0537694238813193, 0.20537694238813195, 0.9, 0.02128664404153824, 0.9723701551556587, 0.020859867334365845, 0.9817494750022888]
Evaluating fit for parameters [2.0537694238813193, 0.20537694238813195, 0.9, 0.021286629140377045, 0.9723701700568199, 0.020859867334365845, 0.9817494750022888]
Evaluating fit for parameters [2.0537694238813193, 0.20537694238813195, 0.9, 0.021286629140377045, 0.9723701551556587, 0.02085988223552704, 0.9817494750022888]
Evaluating fit for parameters [2.0537694238813193, 0.20537694238813195, 0.9, 0.021286629140377045, 0.9723701551556587, 0.020859867334365845, 0.98174948990345]
eps is 1.4901161193847656e-08
Error in jacobian at [2.0537694238813193, 0.20537694238813195, 0.9, 0.021286629140377045, 0.9723701551556587, 0.020859867334365845, 0.9817494750022888] is 0.014130235690960394. Numerical jacobian is [  155.89614868   889.83181763  2656.84126282 -2761.21112061
  1927.55010986 -1991.05010986  1793.63424683]. True jacobian is [  155.89603476   889.83180881  2656.84112109 -2761.2180674
  1927.54292586 -1991.05734902  1793.62736517]
###########################
Evaluating fit for parameters [2.0537694238813193, 0.20537694238813195, 0.9, 0.021286629140377045, 0.9723701551556587, 0.020859867334365845, 0.9817494750022888]
Evaluating fit for parameters [1.1517524084299833, 0.11517524088252641, 0.8560799277169792, 0.23153788765040906, 0.7649048415678757, 0.2312985599380743, 0.7701647573582102]
Evaluating fit for parameters [2.04235072561004, 0.2042350725615044, 0.8994440126462563, 0.023948214943036845, 0.9697438368301337, 0.023523825878697675, 0.9790710088445493]
Evaluating fit for parameters [2.0404172583796054, 0.2031297039340414, 0.8965962620642228, 0.02467656530940245, 0.9699891574019819, 0.023308755832883735, 0.9793752834375257]
Evaluating fit for parameters [2.0326833894578673, 0.19870822942418942, 0.885205259736089, 0.027589966774864864, 0.9709704396893748, 0.022448475649627972, 0.980592381809431]
Evaluating fit for parameters [1.9867160922576004, 0.1718828309761111, 0.8170836622643703, 0.03469556984411251, 0.9735808572404865, 0.02010780012991608, 0.9839912147042734]
Evaluating fit for parameters [1.763899787024264, 0.03962198182700233, 0.8, 0.05523088889415249, 0.9823283691606884, 0.012139006371043195, 0.9952750262980559]
Evaluating fit for parameters [1.953049741217059, 0.15189892462908228, 0.8145024123408154, 0.03779834663212257, 0.9749025594683752, 0.01890375804791969, 0.9856961382366594]
Evaluating fit for parameters [1.9732648496192355, 0.16389834899846692, 0.8160523351986546, 0.03593527067708817, 0.9741089375584749, 0.019626730406255434, 0.9846724094107139]
Evaluating fit for parameters [1.9799284789402687, 0.16785379234670755, 0.8165632457114929, 0.035321133601278934, 0.9738473311340415, 0.019865048188651493, 0.98433495144187]
Evaluating fit for parameters [1.8402103174274775, 0.08510929500517964, 0.8, 0.048224849064481656, 0.9792781349136722, 0.014915039689075427, 0.991397527990277]
Evaluating fit for parameters [1.9622276105460799, 0.15737090707304466, 0.8144648511338279, 0.03695590295937201, 0.9745353586741771, 0.019237932514837745, 0.9852297079764082]
Evaluating fit for parameters [1.9566280792654875, 0.15367552340214063, 0.8, 0.03483543343882175, 0.9740337601106882, 0.019651932463046196, 0.9845932624770575]
Evaluating fit for parameters [1.7721717133856278, 0.039927143182631145, 0.8, 0.02040538135756903, 0.9719141817743056, 0.02118543320570454, 0.9817755928089918]
Evaluating fit for parameters [1.4911507340947616, 1e-10, 0.8, 0.008134395332945512, 0.9752648902919098, 0.017700122588698255, 0.9845386580208679]
Evaluating fit for parameters [1.6999819767907438, 0.0296705070076569, 0.8, 0.017253163857251372, 0.9727749245056934, 0.02029011337574758, 0.9824853794958903]
Evaluating fit for parameters [0.9908894878909051, 0.035282292681791234, 0.8, -0.015269034064027156, 0.9854240086704226, 0.00779570737900478, 0.992824515964433]
Evaluating fit for parameters [1.59792812718714, 0.030478165162496927, 0.8, 0.012572511407263821, 0.9745954031501272, 0.018491896287795788, 0.9839734063678557]
Evaluating fit for parameters [1.5019935983628219, 0.028997824792858274, 0.8, 0.013219483450049224, 0.9763873424549722, 0.016899422898430914, 0.9856778045040349]
Evaluating fit for parameters [0.5626965463724936, 0.018872047839137457, 0.8, 0.014859734128060683, 0.9874600391042497, 0.006750738336154411, 0.9965447676587704]
Evaluating fit for parameters [1.000000082740371e-10, 0.012806086375603574, 0.8, 0.015842344889568392, 0.9940932635450901, 0.0006710538100490708, 1.0030547451176406]
Evaluating fit for parameters [0.3779271352398861, 0.016880203149499926, 0.8, 0.015182388341915447, 0.9896381526575733, 0.0047543874838132695, 0.9986824113132944]
Evaluating fit for parameters [0.325893841014286, 0.01631927566614487, 0.8, 0.015273251659278004, 0.9902515356990742, 0.004192191010703103, 0.9992843975432852]
Evaluating fit for parameters [1.561067380360841, 0.06597636883056217, 0.8, 0.017333978810220144, 0.9715973343380566, 0.02095159516026814, 0.9821909637467666]
Evaluating fit for parameters [0.4921280840704585, 0.023002311718652718, 0.8, 0.015550591973954269, 0.9877409839876874, 0.00644773387502749, 0.9969838997282994]
Evaluating fit for parameters [0.35991300241229, 0.01768693179955728, 0.8, 0.015330008226118188, 0.9897377615073222, 0.004653778679590548, 0.9988136100266765]
Evaluating fit for parameters [1e-10, 0.024293208541890546, 1.0, 0.021293900040205996, 0.9999703899163003, -0.006871488633282727, 1.0135413110784046]
Evaluating fit for parameters [0.2426023998742359, 0.019840191893516896, 0.8651883103885566, 0.017273888379620825, 0.9930730002913983, 0.0008972151650772087, 1.003613979764026]
Evaluating fit for parameters [0.3402806378734127, 0.01804728786454228, 0.8109095055820422, 0.01565532378130062, 0.9902959260910558, 0.004025103839168954, 0.9996169697108488]
Evaluating fit for parameters [1e-10, 0.015453382489924165, 0.8895240677145635, 0.008788618899984675, 0.9799936007274909, 0.015130997362936823, 0.9855259190614258]
Evaluating fit for parameters [0.22952724948054393, 0.017203032336842443, 0.8364967067527306, 0.013420371955431514, 0.9869427601577639, 0.00763981241305718, 0.9950306623157207]
Evaluating fit for parameters [0.2915952217923887, 0.011675354173958676, 0.919220179724113, 0.010463493554716017, 0.9745899097927214, 0.017002790575820128, 0.9869521632886293]
Evaluating fit for parameters [0.26372488813378636, 0.013184033578863079, 0.8977449274765574, 0.015108135443005495, 0.9803494167771664, 0.013956486513606287, 0.9882894007333671]
Evaluating fit for parameters [0.22245591426264202, 0.008295875358104984, 0.933122444781348, 0.015473684763539946, 0.9806773588567476, 0.012320888397899367, 0.9914002374727534]
Evaluating fit for parameters [0.24665896616542107, 0.011162637868251297, 0.9123745606640256, 0.015259300727592129, 0.9804850303729332, 0.013280119083162938, 0.9895758222764967]
Evaluating fit for parameters [0.2418022074036098, 0.011565148699503622, 0.9056749287505531, 0.014262227012929394, 0.9787637374669989, 0.01347732492588028, 0.990840336883841]
Evaluating fit for parameters [0.2447562883786476, 0.011320325012109746, 0.9097499211777998, 0.014868688366199697, 0.979810698799703, 0.013357376199433686, 0.9900712069501936]
Evaluating fit for parameters [0.24192487770887527, 0.010695997194577896, 0.9126521383777655, 0.014333014273914637, 0.9799318275797259, 0.013352207655431622, 0.9898913423306874]
Evaluating fit for parameters [0.2424063374584686, 0.010446412423760196, 0.9128346830172754, 0.01398950783454363, 0.9801218259698652, 0.01317685673138142, 0.9900391924402574]
Evaluating fit for parameters [0.24220165790122986, 0.0102852302555138, 0.9126755295420124, 0.013802252875362383, 0.9803674507051894, 0.012970365686527893, 0.9902423130969309]
Evaluating fit for parameters [0.24239726158112548, 0.010254813648354883, 0.9127327350503605, 0.013825978166550809, 0.9803505749208677, 0.012950039977974804, 0.9902716991718148]
Evaluating fit for parameters [0.2423522106907056, 0.010274574080741526, 0.9126891403304418, 0.013824952074773774, 0.9803552456368048, 0.012960229361182716, 0.9902637252209014]
Evaluating fit for parameters [0.24234451478841887, 0.010274285370556612, 0.9126908480788838, 0.013825967118972507, 0.980355464821596, 0.01296080746018072, 0.9902636324465675]
Optimized parameters are [0.24234451478841887, 0.010274285370556612, 0.9126908480788838, 0.013825967118972507, 0.980355464821596, 0.01296080746018072, 0.9902636324465675]
WARN: The maximum single sided width 6.74e+02, as determined by the amount of padding in radiographs, that is allowed for detector PSF may be insufficient. This may or may not be a problem. Consider increasing the pad factor if results are inconsistent. An example of a inconsistency is if FWHM changes significantly when pad factor is changed. Increasing padding will increase software run time.
Estimated detector parameters are {'detector_FWHM_1': 5.720345526822457, 'detector_FWHM_2': 134.92854355521834, 'cutoff_FWHM_2_multiplier': 10, 'detector_weight_1': 0.9126908480788838, 'cutoff_FWHM_1_multiplier': 10, 'norm_power': 1.0}
74.59 mins has elapsed
74.59 mins has elapsed
1.70e+02 mins has elapsed
----------- Estimation of only detector blur model parameters -----------
Will optimize detector blur parameters
Will optimize transmission function parameters
----------------------------
Evaluating fit for parameters [2.0537694238813193, 0.20537694238813195, 0.9, 0.019615042954683304, 0.992670439183712, 0.01835942268371582, 0.9910385608673096]
Evaluating fit for parameters [2.0537694387824805, 0.20537694238813195, 0.9, 0.019615042954683304, 0.992670439183712, 0.01835942268371582, 0.9910385608673096]
Evaluating fit for parameters [2.0537694238813193, 0.20537695728929314, 0.9, 0.019615042954683304, 0.992670439183712, 0.01835942268371582, 0.9910385608673096]
Evaluating fit for parameters [2.0537694238813193, 0.20537694238813195, 0.9000000149011612, 0.019615042954683304, 0.992670439183712, 0.01835942268371582, 0.9910385608673096]
Evaluating fit for parameters [2.0537694238813193, 0.20537694238813195, 0.9, 0.019615057855844498, 0.992670439183712, 0.01835942268371582, 0.9910385608673096]
Evaluating fit for parameters [2.0537694238813193, 0.20537694238813195, 0.9, 0.019615042954683304, 0.9926704540848732, 0.01835942268371582, 0.9910385608673096]
Evaluating fit for parameters [2.0537694238813193, 0.20537694238813195, 0.9, 0.019615042954683304, 0.992670439183712, 0.018359437584877014, 0.9910385608673096]
Evaluating fit for parameters [2.0537694238813193, 0.20537694238813195, 0.9, 0.019615042954683304, 0.992670439183712, 0.01835942268371582, 0.9910385757684708]
eps is 1.4901161193847656e-08
Error in jacobian at [2.0537694238813193, 0.20537694238813195, 0.9, 0.019615042954683304, 0.992670439183712, 0.01835942268371582, 0.9910385608673096] is 0.014078237440229438. Numerical jacobian is [  130.32002258   521.19445801  1766.69920349  -849.23757935
   724.52108765 -1209.68453979   608.70853424]. True jacobian is [  130.3200065    521.19442001  1766.69912257  -849.24462305
   724.5140732  -1209.69177577   608.70167764]
###########################
Evaluating fit for parameters [2.0537694238813193, 0.20537694238813195, 0.9, 0.019615042954683304, 0.992670439183712, 0.01835942268371582, 0.9910385608673096]
Evaluating fit for parameters [1.154578048235284, 0.11545780486293267, 0.8562175108250234, 0.229939534771265, 0.7769670574797937, 0.22923365630951267, 0.7760496561106189]
Evaluating fit for parameters [2.0487411214996794, 0.2048741121501883, 0.8997551671417728, 0.020791183175510798, 0.9914642200658181, 0.019538637075541203, 0.9898363371237405]
Evaluating fit for parameters [2.0474007511384102, 0.20420837659441787, 0.8978487218870688, 0.02079558189046452, 0.9916201105490632, 0.01989280490226693, 0.990081874144954]
Evaluating fit for parameters [2.042039269693334, 0.20154543437133615, 0.8902229408682525, 0.0208131767502794, 0.9922436724820434, 0.021309476209169845, 0.9910640222298077]
Evaluating fit for parameters [1.9944407643777207, 0.17779477134174462, 0.8228921362057984, 0.02073245604712144, 0.9947544927007869, 0.02640098721392634, 0.9950480034350137]
Evaluating fit for parameters [1.8566037319157933, 0.10817592750475423, 0.8, 0.019923025326645263, 0.998963685337244, 0.03287870966473731, 1.0013196347320306]RUNNING THE L-BFGS-B CODE

           * * *

Machine precision = 2.220D-16
 N =            7     M =           10

At X0         0 variables are exactly at the bounds

At iterate    0    f=  3.86931D+03    |proj g|=  2.05377D+00

At iterate    1    f=  3.77476D+03    |proj g|=  2.02360D+00

At iterate    2    f=  3.74796D+03    |proj g|=  2.02061D+00

At iterate    3    f=  3.62438D+03    |proj g|=  2.00090D+00

At iterate    4    f=  3.40535D+03    |proj g|=  1.93989D+00

At iterate    5    f=  3.31103D+03    |proj g|=  1.93792D+00

At iterate    6    f=  2.75415D+03    |proj g|=  1.89308D+00

At iterate    7    f=  2.28608D+03    |proj g|=  1.84068D+00
  Positive dir derivative in projection 
  Using the backtracking step 

At iterate    8    f=  2.23387D+03    |proj g|=  1.83569D+00

At iterate    9    f=  1.98044D+03    |proj g|=  1.90542D+03

At iterate   10    f=  1.97227D+03    |proj g|=  1.84827D+00

At iterate   11    f=  1.97155D+03    |proj g|=  5.87738D+02

At iterate   12    f=  1.97122D+03    |proj g|=  1.84682D+02

At iterate   13    f=  1.97106D+03    |proj g|=  1.61702D+02

At iterate   14    f=  1.97038D+03    |proj g|=  1.25464D+02

At iterate   15    f=  1.96893D+03    |proj g|=  6.64255D+01

At iterate   16    f=  1.96459D+03    |proj g|=  1.78895D+00

At iterate   17    f=  1.95201D+03    |proj g|=  1.66487D+00

At iterate   18    f=  8.33685D+02    |proj g|=  1.77029D+04

At iterate   19    f=  6.40112D+02    |proj g|=  5.42878D+03

At iterate   20    f=  4.50192D+02    |proj g|=  1.01721D+00

At iterate   21    f=  2.10410D+02    |proj g|=  1.51686D+02

At iterate   22    f=  1.56117D+02    |proj g|=  5.18910D+02

At iterate   23    f=  1.48920D+02    |proj g|=  2.23252D+02

At iterate   24    f=  1.48651D+02    |proj g|=  1.20247D+02

At iterate   25    f=  1.48447D+02    |proj g|=  1.02076D+00

At iterate   26    f=  1.47993D+02    |proj g|=  1.02075D+00

At iterate   27    f=  1.46340D+02    |proj g|=  1.02060D+00

At iterate   28    f=  1.42916D+02    |proj g|=  1.02020D+00

At iterate   29    f=  1.39014D+02    |proj g|=  1.00616D+00

At iterate   30    f=  1.33719D+02    |proj g|=  1.01882D+00

At iterate   31    f=  1.32059D+02    |proj g|=  6.90259D+02

At iterate   32    f=  1.30548D+02    |proj g|=  4.90189D+02

At iterate   33    f=  1.30158D+02    |proj g|=  1.01820D+00

At iterate   34    f=  1.30116D+02    |proj g|=  1.01388D+00

At iterate   35    f=  1.30041D+02    |proj g|=  7.26790D+01

At iterate   36    f=  1.30040D+02    |proj g|=  1.01804D+00

At iterate   37    f=  1.30039D+02    |proj g|=  1.01803D+00

At iterate   38    f=  1.30039D+02    |proj g|=  1.00653D+00

           * * *

Tit   = total number of iterations
Tnf   = total number of function evaluations
Tnint = total number of segments explored during Cauchy searches
Skip  = number of BFGS updates skipped
Nact  = number of active bounds at final generalized Cauchy point
Projg = norm of the final projected gradient
F     = final function value

           * * *

   N    Tit     Tnf  Tnint  Skip  Nact     Projg        F
    7     38     55     44     0     0   1.007D+00   1.300D+02
  F =   130.03917426462698     

CONVERGENCE: REL_REDUCTION_OF_F_<=_FACTR*EPSMCH             

 Cauchy                time 0.000E+00 seconds.
 Subspace minimization time 0.000E+00 seconds.
 Line search           time 0.000E+00 seconds.

 Total User time 0.000E+00 seconds.

RUNNING THE L-BFGS-B CODE

           * * *

Machine precision = 2.220D-16
 N =            7     M =           10

At X0         0 variables are exactly at the bounds

At iterate    0    f=  1.44496D+03    |proj g|=  2.05377D+00

At iterate    1    f=  1.43138D+03    |proj g|=  2.04235D+00

At iterate    2    f=  1.39228D+03    |proj g|=  2.03268D+00

At iterate    3    f=  1.23172D+03    |proj g|=  1.98672D+00

At iterate    4    f=  1.23104D+03    |proj g|=  1.97993D+00

At iterate    5    f=  1.22956D+03    |proj g|=  1.96223D+00
  Positive dir derivative in projection 
  Using the backtracking step 

At iterate    6    f=  1.15374D+03    |proj g|=  1.95663D+00

At iterate    7    f=  7.42909D+02    |proj g|=  1.77217D+00

At iterate    8    f=  7.25046D+02    |proj g|=  2.08663D+03

At iterate    9    f=  7.10184D+02    |proj g|=  1.59793D+00

At iterate   10    f=  6.84357D+02    |proj g|=  3.93788D+01

At iterate   11    f=  3.28404D+02    |proj g|=  6.42758D+03

At iterate   12    f=  3.24084D+02    |proj g|=  3.41104D+03

At iterate   13    f=  3.19752D+02    |proj g|=  1.01566D+00

At iterate   14    f=  2.37982D+02    |proj g|=  1.42693D+03

At iterate   15    f=  1.68476D+02    |proj g|=  1.02541D+00

At iterate   16    f=  1.18718D+02    |proj g|=  1.01511D+00

At iterate   17    f=  1.15146D+02    |proj g|=  1.01526D+00

At iterate   18    f=  1.14477D+02    |proj g|=  1.02019D+00

At iterate   19    f=  1.14148D+02    |proj g|=  2.21070D+01

At iterate   20    f=  1.14057D+02    |proj g|=  1.18707D+00

At iterate   21    f=  1.14030D+02    |proj g|=  4.00462D+00

At iterate   22    f=  1.14029D+02    |proj g|=  3.09404D+01

At iterate   23    f=  1.14029D+02    |proj g|=  4.87040D-01

At iterate   24    f=  1.14029D+02    |proj g|=  3.81078D-01

           * * *

Tit   = total number of iterations
Tnf   = total number of function evaluations
Tnint = total number of segments explored during Cauchy searches
Skip  = number of BFGS updates skipped
Nact  = number of active bounds at final generalized Cauchy point
Projg = norm of the final projected gradient
F     = final function value

           * * *

   N    Tit     Tnf  Tnint  Skip  Nact     Projg        F
    7     24     43     30     0     0   3.811D-01   1.140D+02
  F =   114.02864436158515     

CONVERGENCE: REL_REDUCTION_OF_F_<=_FACTR*EPSMCH             

 Cauchy                time 0.000E+00 seconds.
 Subspace minimization time 0.000E+00 seconds.
 Line search           time 0.000E+00 seconds.

 Total User time 0.000E+00 seconds.

RUNNING THE L-BFGS-B CODE

           * * *

Machine precision = 2.220D-16
 N =            7     M =           10

At X0         0 variables are exactly at the bounds

At iterate    0    f=  7.85150D+02    |proj g|=  2.05377D+00

At iterate    1    f=  7.82347D+02    |proj g|=  2.04874D+00

At iterate    2    f=  7.64562D+02    |proj g|=  2.04204D+00

At iterate    3    f=  6.63466D+02    |proj g|=  1.99444D+00

At iterate    4    f=  6.53167D+02    |proj g|=  1.92588D+00

At iterate    5    f=  6.25492D+02    |proj g|=  1.87950D+00

At iterate    6    f=  6.06128D+02    |proj g|=  1.78311D+00

At iterate    7    f=  6.04596D+02    |proj g|=  1.74853D+00

At iterate    8    f=  5.50116D+02    |proj g|=  1.20130D+03

At iterate    9    f=  5.01577D+02    |proj g|=  2.24434D+00

At iterate   10    f=  4.79393D+02    |proj g|=  2.50508D+02

At iterate   11    f=  4.67966D+02    |proj g|=  1.47609D+02

At iterate   12    f=  4.53087D+02    |proj g|=  7.74404D+01

At iterate   13    f=  4.47509D+02    |proj g|=  1.41216D+00
  Positive dir derivative in projection 
  Using the backtracking step 

At iterate   14    f=  3.22211D+02    |proj g|=  1.07777D+03

At iterate   15    f=  3.20067D+02    |proj g|=  4.89222D+01

At iterate   16    f=  2.39133D+02    |proj g|=  5.17676D+02

At iterate   17    f=  2.03325D+02    |proj g|=  4.98991D+01

At iterate   18    f=  1.92901D+02    |proj g|=  1.01558D+00

At iterate   19    f=  1.92391D+02    |proj g|=  1.01563D+00

At iterate   20    f=  1.91963D+02    |proj g|=  1.01649D+00

At iterate   21    f=  1.89472D+02    |proj g|=  4.18669D+01

At iterate   22    f=  1.83872D+02    |proj g|=  3.07137D+02

At iterate   23    f=  1.76660D+02    |proj g|=  1.21080D+03

At iterate   24    f=  1.71189D+02    |proj g|=  2.39397D+03

At iterate   25    f=  1.61777D+02    |proj g|=  3.89219D+03

At iterate   26    f=  1.45031D+02    |proj g|=  4.23784D+03

At iterate   27    f=  1.34108D+02    |proj g|=  4.98396D+03

At iterate   28    f=  1.33117D+02    |proj g|=  5.67810D+00

At iterate   29    f=  1.26040D+02    |proj g|=  1.27008D+01

At iterate   30    f=  1.22623D+02    |proj g|=  4.89133D+02

At iterate   31    f=  1.21524D+02    |proj g|=  1.45307D+03


Evaluating fit for parameters [1.9258781995225192, 0.14316513364233865, 0.8115051849253601, 0.020329830966784125, 0.9968482191687071, 0.029623120320792215, 0.9981676231763078]
Evaluating fit for parameters [1.8795021942664558, 0.12032406019166973, 0.8, 0.020341416386963, 0.997427682074335, 0.030821043924395268, 0.9991666798416635]
Evaluating fit for parameters [1.5714821602439009, 1e-10, 0.8, 0.021175071400126082, 0.999498772597966, 0.03737884190007051, 1.0034437737509607]
Evaluating fit for parameters [1.7831119820095005, 0.0826704649355721, 0.8, 0.02060229611812354, 0.9980757985379594, 0.032873207644263186, 1.0005051317091478]
Evaluating fit for parameters [1.333310775564312, 1e-10, 0.8, 0.021287548384317304, 1.0003240956871633, 0.03888949219970918, 1.0053156081369694]
Evaluating fit for parameters [1.6489771460730585, 0.05801737579615881, 0.8, 0.020806644614712502, 0.9987462613222373, 0.034667318754300944, 1.0019396598010608]
Evaluating fit for parameters [1.7485307424348457, 0.07631466350760202, 0.8, 0.020654979108846488, 0.9982486502360819, 0.03333574659387031, 1.000874966728341]
Evaluating fit for parameters [1.8478943655581699, 0.043024273815522096, 0.8, 0.020822442588677114, 0.9969341144236284, 0.031192146502193967, 0.9987556906444698]
Evaluating fit for parameters [2.689840902370971, 0.07558719959043109, 0.8, 0.02276654616683334, 0.9881339467296044, 0.016447599348990233, 0.9873794768833756]
Evaluating fit for parameters [2.2443442321627325, 0.058357275396104955, 0.8, 0.021737868415052188, 0.9927903533225964, 0.024249337788756632, 0.9933989390802626]
Evaluating fit for parameters [2.378061765397606, 0.04647370265627584, 0.8, 0.01944449225468975, 0.9940972302292789, 0.020412251185590695, 0.9938032718396844]
Evaluating fit for parameters [2.315803668520708, 0.04351005967911089, 0.8, 0.01744451883121255, 0.9961799286097774, 0.01911237443484769, 0.9955871765839612]
Evaluating fit for parameters [2.1142461903127563, 0.0414421249660252, 0.8, 0.016215660243983923, 0.9975675651235794, 0.018301043841356217, 0.9970903827293764]
Evaluating fit for parameters [1e-10, 0.00987465091819379, 0.8, -0.0014315802469689921, 1.0191547197551367, 0.009130568219172143, 1.0223551555876766]
Evaluating fit for parameters [1.4121582981008727, 0.03095936216418469, 0.8, 0.010355456291859244, 1.0047361152972925, 0.015255759933566947, 1.0054801772601216]
Evaluating fit for parameters [1e-10, 0.02066271201305045, 0.8, 0.006425619673050473, 1.0089153755577873, 0.012000146420294039, 1.010041209104531]
Evaluating fit for parameters [0.9439192574281114, 0.02754523104606895, 0.8, 0.009052413332017804, 1.0061218613697167, 0.014176273766602368, 1.0069925099627142]
Evaluating fit for parameters [0.4719596287640557, 0.0241039715295597, 0.8, 0.007739016502534139, 1.007518618463752, 0.013088210093448203, 1.0085168595336227]
Evaluating fit for parameters [0.7630101905372657, 0.026226145661958543, 0.8, 0.00854896901083326, 1.0066572589063034, 0.013759202958267915, 1.0075768155722196]
Evaluating fit for parameters [0.5724323296327741, 0.024836560965212414, 0.8, 0.008018617804756042, 1.0072212710866204, 0.013319841549444524, 1.0081923497468623]
Evaluating fit for parameters [61.56410318034951, 3.7936942504285303, 0.8, 0.5, 0.5, 0.35301605026785626, 0.5]
Evaluating fit for parameters [1.3171802168811495, 0.07085675950080664, 0.8, 0.014026029797981305, 1.0010277701587023, 0.017467752735031386, 1.0019869913182318]
Evaluating fit for parameters [0.6741555963365186, 0.03112234573822015, 0.8, 0.008839155308586952, 1.0063753161567606, 0.01388639445012322, 1.0073447752303906]
Evaluating fit for parameters [0.6076040658798116, 0.027009927701317583, 0.8, 0.008302326041826263, 1.0069287745454254, 0.01351573232093045, 1.0078992932189996]
Evaluating fit for parameters [1e-10, 0.08916915128803557, 0.8011165938713432, 0.02441084990811894, 0.9840955207039617, 0.012382362357884459, 0.9817791150270827]
Evaluating fit for parameters [0.4071519491314127, 0.04751661724659453, 0.8003683708152476, 0.013616621795503159, 0.999395951243954, 0.013141826975415606, 0.9992820944487851]
Evaluating fit for parameters [1.5633080587164614, 0.06283743858489813, 0.8, 0.04947153403345938, 0.9457874656084215, 0.007437211497863014, 0.9364342130515368]
Evaluating fit for parameters [0.5333043221802873, 0.04918832745325383, 0.8003281765437992, 0.017528880898558634, 0.9935465355617533, 0.0125193757563645, 0.9924245348911899]
Evaluating fit for parameters [0.536969927906202, 0.04744557020241153, 0.8012654163082005, 0.015727687484579613, 0.996530467475057, 0.015584438388873672, 0.9942312083037789]
Evaluating fit for parameters [0.5339857337098642, 0.047606135449683715, 0.8016975535849619, 0.016309876626080667, 0.9961146166724724, 0.01562646610458489, 0.9946271100504646]
Evaluating fit for parameters [0.5316687928131305, 0.047261760817579934, 0.8025493975536051, 0.016491494669472598, 0.9959888823622453, 0.015596466796759792, 0.9948225580043222]
Evaluating fit for parameters [0.519018373130137, 0.04432324883909847, 0.8088942765966247, 0.017072576615174327, 0.9956145003494473, 0.01539800899764587, 0.995635050345036]
Evaluating fit for parameters [0.49489625681819355, 0.03685153554795605, 0.8246690795769673, 0.017689201388079865, 0.9952802681881154, 0.014970427878989865, 0.9969148154685146]
Evaluating fit for parameters [0.43200870576843375, 0.014123860401081666, 0.8743410993304224, 0.01842547322194036, 0.9951251249441456, 0.013643852149137456, 1.0000329113647826]
Evaluating fit for parameters [0.467772523785426, 0.02704896917593255, 0.8460928841376669, 0.018006759320100093, 0.9952133540872953, 0.014398268757770548, 0.9982596667029667]
Evaluating fit for parameters [0.400991105777793, 0.008051291410120263, 0.8985219940797902, 0.018025378821288223, 0.9955841619843785, 0.013202641753597293, 1.0006787776380464]
Evaluating fit for parameters [0.4469973319108284, 0.021138935928189665, 0.8624031819923409, 0.018012551705487125, 0.9953287096074437, 0.01402631827868203, 0.9990122337394509]
Evaluating fit for parameters [0.36208544606119925, 0.005715730306244261, 0.9255816351963452, 0.017517614897053873, 0.9960392981175155, 0.013110934003937197, 1.0006417628377366]
Evaluating fit for parameters [0.4176547758743573, 0.01580921947335337, 0.8842354294437637, 0.017841518982675112, 0.9955742639602534, 0.013709993725201134, 0.9995753415823763]
Evaluating fit for parameters [0.3354041853083029, 0.005522264480823923, 0.9546847353179786, 0.016421122514749607, 0.9968580898647021, 0.013125078387937618, 0.9998183168619098]
Evaluating fit for parameters [0.37622808562555043, 0.010628046971780929, 0.9197182333070473, 0.01712611591866922, 0.996220881300153, 0.013415392721952015, 0.9996977195686506]
Evaluating fit for parameters [0.4432488431893148, 0.009011780573300859, 0.9261717354657025, 0.011125350472525865, 1.001845443214723, 0.0188530895856433, 0.9946570045113955]
Evaluating fit for parameters [0.40164171388748243, 0.010015174260156554, 0.9221653394098335, 0.014850683233650075, 0.9983536612153473, 0.015477315202661766, 0.9977863287802441]
Evaluating fit for parameters [0.4051311334609166, 0.014426396528916703, 0.9257175093255517, 0.013706522125290936, 0.9987060190364362, 0.013850844233074677, 0.9964743924253138]
Evaluating fit for parameters [0.41463358056858607, 0.01360069577866508, 0.9162313577506529, 0.013977096625857456, 0.9985098545751704, 0.013447787123610307, 0.9971279165364145]
Evaluating fit for parameters [0.4132405409610537, 0.00840432668868175, 0.9208183090879043, 0.013120792031066307, 0.9993871590879005, 0.01157471117915837, 0.9990777379122742]
Evaluating fit for parameters [0.4139219543014994, 0.010946160532205158, 0.9185745754451007, 0.013539658351320653, 0.9989580205369397, 0.012490937056237625, 0.9981239715657806]
Evaluating fit for parameters [0.41332132310867387, 0.009448468613208071, 0.9222456164255843, 0.0127753806977412, 0.9996458932105594, 0.011607683966799414, 0.9987819879218883]
Evaluating fit for parameters [0.4142540296758361, 0.0092287983843106, 0.9230295421532937, 0.011767855077298743, 1.0005895752842886, 0.010774011812039373, 0.9995083670622464]
Evaluating fit for parameters [0.4142700949235933, 0.009034254811797524, 0.9226104522173458, 0.011658312561164525, 1.0007168536163922, 0.010693313852446894, 0.9996628711327533]
Evaluating fit for parameters [0.41235304070327067, 0.008822810573098624, 0.9224124372969279, 0.011506625822911716, 1.0009041026648304, 0.010610778557607515, 0.9998863717083131]
Evaluating fit for parameters [0.40890260253306704, 0.00872902803259576, 0.9222300612592963, 0.011342543774918747, 1.0010788455195472, 0.010562426944047349, 0.9999840113397507]
Evaluating fit for parameters [0.40581281578087763, 0.008745400242732083, 0.9222692702824552, 0.011144632879741248, 1.001074472861206, 0.010338867771834867, 0.99951841903481]
Evaluating fit for parameters [0.4076658775298524, 0.008735581210292935, 0.9222457551511993, 0.01126332751434634, 1.001077095309473, 0.010472944646352456, 0.999797652315324]
Evaluating fit for parameters [0.40570245768540236, 0.008766888279312896, 0.922415113123507, 0.011237122825065742, 1.0011414232300766, 0.010569818334943637, 0.9998375129552349]
Evaluating fit for parameters [0.40572765710681613, 0.008756598430488542, 0.9225306127171912, 0.011245450584300161, 1.0011314389521389, 0.010574115959578334, 0.9998269319937796]
Evaluating fit for parameters [0.40565956473884895, 0.00875504105938246, 0.9225704272716557, 0.011253024284262033, 1.001122727414542, 0.010569898676589305, 0.9998274157019961]
Optimized parameters are [0.40565956473884895, 0.00875504105938246, 0.9225704272716557, 0.011253024284262033, 1.001122727414542, 0.010569898676589305, 0.9998274157019961]
WARN: The maximum single sided width 6.74e+02, as determined by the amount of padding in radiographs, that is allowed for detector PSF may be insufficient. This may or may not be a problem. Consider increasing the pad factor if results are inconsistent. An example of a inconsistency is if FWHM changes significantly when pad factor is changed. Increasing padding will increase software run time.
Estimated detector parameters are {'detector_FWHM_1': 3.417383642888696, 'detector_FWHM_2': 158.34241686785114, 'cutoff_FWHM_2_multiplier': 10, 'detector_weight_1': 0.9225704272716557, 'cutoff_FWHM_1_multiplier': 10, 'norm_power': 1.0}
107.83 mins has elapsed
107.83 mins has elapsed
2.78e+02 mins has elapsed
----------- Estimation of only detector blur model parameters -----------
Will optimize detector blur parameters
Will optimize transmission function parameters
----------------------------
Evaluating fit for parameters [2.0537694238813193, 0.20537694238813195, 0.9, 0.017885804176330566, 0.9957547187805176, 0.01660633087158203, 0.9952239990234375]
Evaluating fit for parameters [2.0537694387824805, 0.20537694238813195, 0.9, 0.017885804176330566, 0.9957547187805176, 0.01660633087158203, 0.9952239990234375]
Evaluating fit for parameters [2.0537694238813193, 0.20537695728929314, 0.9, 0.017885804176330566, 0.9957547187805176, 0.01660633087158203, 0.9952239990234375]
Evaluating fit for parameters [2.0537694238813193, 0.20537694238813195, 0.9000000149011612, 0.017885804176330566, 0.9957547187805176, 0.01660633087158203, 0.9952239990234375]
Evaluating fit for parameters [2.0537694238813193, 0.20537694238813195, 0.9, 0.01788581907749176, 0.9957547187805176, 0.01660633087158203, 0.9952239990234375]
Evaluating fit for parameters [2.0537694238813193, 0.20537694238813195, 0.9, 0.017885804176330566, 0.9957547336816788, 0.01660633087158203, 0.9952239990234375]
Evaluating fit for parameters [2.0537694238813193, 0.20537694238813195, 0.9, 0.017885804176330566, 0.9957547187805176, 0.016606345772743225, 0.9952239990234375]
Evaluating fit for parameters [2.0537694238813193, 0.20537694238813195, 0.9, 0.017885804176330566, 0.9957547187805176, 0.01660633087158203, 0.9952240139245987]
eps is 1.4901161193847656e-08
Error in jacobian at [2.0537694238813193, 0.20537694238813195, 0.9, 0.017885804176330566, 0.9957547187805176, 0.01660633087158203, 0.9952239990234375] is 0.01412389509095627. Numerical jacobian is [ 100.84118652  360.5763092  1205.6297226  -563.76046753  210.97471619
 -510.05513     179.5098877 ]. True jacobian is [ 100.84122474  360.5763165  1205.62967103 -563.7676071   210.96770495
 -510.06229958  179.50296336]
###########################
Evaluating fit for parameters [2.0537694238813193, 0.20537694238813195, 0.9, 0.017885804176330566, 0.9957547187805176, 0.01660633087158203, 0.9952239990234375]
Evaluating fit for parameters [1.1554844190776907, 0.1155484419471336, 0.8562616428893103, 0.22875463282701722, 0.7789197494871991, 0.22803478012543554, 0.7786211578327277]
Evaluating fit for parameters [2.0512492128857502, 0.20512492128868545, 0.8998772885131902, 0.018477413674147413, 0.9951463707941718, 0.01719951043011447, 0.9946163022911964]
Evaluating fit for parameters [2.0502720525746145, 0.20465889291870185, 0.8985698534207712, 0.018680085029814962, 0.9953164785313889, 0.01733941984928436, 0.9948142270282048]
Evaluating fit for parameters [2.0463634113300717, 0.20279477943876742, 0.8933401130510955, 0.019490770452485158, 0.9959969094802575, 0.01789905752596392, 0.9956059259762384]
Evaluating fit for parameters [2.0203254004964997, 0.19034940944392964, 0.8586940544499694, 0.02149921945345717, 0.9978668429403406, 0.019241923631566828, 0.9977991021069271]
Evaluating fit for parameters [1.9328580051823727, 0.1482232994783166, 0.8, 0.024255531476525094, 1.0011551856952468, 0.020966897101932568, 1.0015883344567886]
Evaluating fit for parameters [1.9317021555821885, 0.14750876684957814, 0.8, 0.02238321102442059, 0.9996923775992621, 0.019662925112860788, 0.9998590931916099]
Evaluating fit for parameters [1.9040757337434744, 0.13326011956918984, 0.8, 0.017538895119409623, 0.9962965219822882, 0.01623353420720273, 0.9957947096918773]
Evaluating fit for parameters [1.8687166111172124, 0.1155528023321922, 0.8, 0.01651887907634672, 0.9958368029164467, 0.015468919331956234, 0.9952160374823393]
Evaluating fit for parameters [1.2109783187673702, 1e-10, 0.8, 0.00392876159106924, 0.9927482464525145, 0.005603484951126414, 0.9908773000802085]
Evaluating fit for parameters [1.6610784970204129, 0.07907451573529267, 0.8, 0.012544367813575808, 0.994861791963137, 0.012354549660300121, 0.9938463631571284]
Evaluating fit for parameters [1.488906321466404, 1e-10, 0.8, 0.011798765399472468, 0.9948202350014261, 0.011749815953770545, 0.9937428474136885]
Evaluating fit for parameters [1.6095580052300777, 0.05541240006239839, 0.8, 0.01232125508975119, 0.9948493565327443, 0.012173590234874132, 0.9938153872924574]
Evaluating fit for parameters [1.592864065100164, 0.05117638206509146, 0.8, 0.013308179790031089, 0.9966005665170399, 0.012730879650290326, 0.995806256257573]
Evaluating fit for parameters [1.425461205436456, 0.05759319406363844, 0.8, 0.014586243384047692, 0.9997495536274521, 0.013245272601723153, 0.9993203927663065]
Evaluating fit for parameters [0.9301768981355529, 0.04108950108510433, 0.8, 0.01414813908400043, 1.0029723074573722, 0.012334801098387239, 1.0027797101274771]
Evaluating fit for parameters [0.0796382983622892, 0.009292939437664793, 0.8898469739277101, 0.019947887542001597, 1.0039057031048437, 0.017307641485756572, 1.0043323559205577]
Evaluating fit for parameters [0.6638008866795166, 0.031131291931611696, 0.8281387329894704, 0.015964533850919286, 1.0032646330611135, 0.01389222058334425, 1.0032659756463789]
Evaluating fit for parameters [0.726603403341112, 0.0288273904084759, 0.889887604707692, 0.02027751270823033, 0.9993470600704824, 0.018042166051896763, 0.9993404388204279]
Evaluating fit for parameters [0.5515284260591706, 0.0019493988810193076, 0.9527184217570458, 0.014171213297979622, 0.9991544677751256, 0.012764702738307843, 0.9985834120317361]
Evaluating fit for parameters [0.660132418668892, 0.01862258221384472, 0.9137426772135986, 0.01795912466212417, 0.9992739382588369, 0.016038463475595153, 0.9990530173005235]
Evaluating fit for parameters [0.4366170303073843, 0.02017625959630554, 0.9283823585501447, 0.008718580081427972, 1.0018400287895304, 0.008125998564663842, 1.0011929359097844]
Evaluating fit for parameters [0.5928643764842091, 0.019090168971387007, 0.9181485604457827, 0.015178137870922271, 1.0000462156726373, 0.013657168714124434, 0.999697036203807]
Evaluating fit for parameters [0.5640977817613267, 1e-10, 0.9364488191567295, 0.00868504250323507, 1.0019953065813132, 0.008169006915929986, 1.001363042510864]
Evaluating fit for parameters [0.5877978457539482, 0.01572790353244661, 0.9213717025668411, 0.014034538236283079, 1.0003895002734047, 0.012690563501687594, 0.9999904623890342]
Evaluating fit for parameters [0.5722510070772586, 0.0029292676824870046, 0.9333336967178266, 0.010675419124702499, 1.002505856992607, 0.009357673497813086, 1.001957835662016]
Evaluating fit for parameters [0.5845687041369391, 0.013069574818582928, 0.9238562573974822, 0.013336835536379238, 1.0008290761705072, 0.011998308694119426, 1.0003990938184901]
Evaluating fit for parameters [0.6433317572805175, 0.011932271046985694, 0.9117442970239681, 0.0103242414378964, 1.0024894963732665, 0.009164141732993602, 1.001932937128859]
Evaluating fit for parameters [0.6085521094799645, 0.012605398505522367, 0.9189129122239955, 0.012107282925806352, 1.0015067559136823, 0.010841578888532067, 1.0010251127858059]
Evaluating fit for parameters [0.5845947464594403, 0.00949741032671413, 0.9276251519677946, 0.011172952244290242, 1.0023155932854368, 0.010110244092773748, 1.0018750505176968]
Evaluating fit for parameters [0.5981960769912879, 0.01126191063807272, 0.9226789459798237, 0.011703400458246844, 1.0018563914763596, 0.01052544530995397, 1.0013925147722964]
Evaluating fit for parameters [0.5865510081780312, 0.01094683207710942, 0.9242111483069313, 0.01137062922922559, 1.002418543551021, 0.01013547616706111, 1.0019672415991339]
Evaluating fit for parameters [0.5903175666251873, 0.010924292551040167, 0.9233269546456784, 0.011457723031150068, 1.0025836990570567, 0.010166325578276805, 1.0021516742482384]
Evaluating fit for parameters [0.5931259137310337, 0.010913036991223332, 0.9236144115549559, 0.011521221836326583, 1.0026241269721818, 0.010212171045953108, 1.0022067611227017]
Evaluating fit for parameters [0.591946157230373, 0.010921327717033904, 0.9234220565743737, 0.011517526803727644, 1.0026295099796427, 0.010210444417363207, 1.002214343469115]
Evaluating fit for parameters [0.5919651475849541, 0.010919634442405521, 0.9234505296759726, 0.01151904714913541, 1.0026280200393465, 0.010204134042430023, 1.002204244629617]
Optimized parameters are [0.5919651475849541, 0.010919634442405521, 0.9234505296759726, 0.01151904714913541, 1.0026280200393465, 0.010204134042430023, 1.002204244629617]
Estimated detector parameters are {'detector_FWHM_1': 2.341851318064195, 'detector_FWHM_2': 126.95428298737987, 'cutoff_FWHM_2_multiplier': 10, 'detector_weight_1': 0.9234505296759726, 'cutoff_FWHM_1_multiplier': 10, 'norm_power': 1.0}
63.82 mins has elapsed
63.82 mins has elapsed
3.41e+02 mins has elapsed
----------- Estimation of only detector blur model parameters -----------
Will optimize detector blur parameters
Will optimize transmission function parameters
----------------------------
Evaluating fit for parameters [2.0537694238813193, 0.20537694238813195, 0.9, 0.016625642776489258, 0.9897073805332184, 0.01548340079610988, 0.9922995318338949]
Evaluating fit for parameters [2.0537694387824805, 0.20537694238813195, 0.9, 0.016625642776489258, 0.9897073805332184, 0.01548340079610988, 0.9922995318338949]
Evaluating fit for parameters [2.0537694238813193, 0.20537695728929314, 0.9, 0.016625642776489258, 0.9897073805332184, 0.01548340079610988, 0.9922995318338949]
Evaluating fit for parameters [2.0537694238813193, 0.20537694238813195, 0.9000000149011612, 0.016625642776489258, 0.9897073805332184, 0.01548340079610988, 0.9922995318338949]
Evaluating fit for parameters [2.0537694238813193, 0.20537694238813195, 0.9, 0.01662565767765045, 0.9897073805332184, 0.01548340079610988, 0.9922995318338949]
Evaluating fit for parameters [2.0537694238813193, 0.20537694238813195, 0.9, 0.016625642776489258, 0.9897073954343796, 0.01548340079610988, 0.9922995318338949]
Evaluating fit for parameters [2.0537694238813193, 0.20537694238813195, 0.9, 0.016625642776489258, 0.9897073805332184, 0.015483415697271075, 0.9922995318338949]
Evaluating fit for parameters [2.0537694238813193, 0.20537694238813195, 0.9, 0.016625642776489258, 0.9897073805332184, 0.01548340079610988, 0.992299546735056]
eps is 1.4901161193847656e-08
Error in jacobian at [2.0537694238813193, 0.20537694238813195, 0.9, 0.016625642776489258, 0.9897073805332184, 0.01548340079610988, 0.9922995318338949] is 0.014053596919763075. Numerical jacobian is [  77.82688904  290.47715759  929.58285522 -239.88238144  -45.28163147
 -270.80643463   10.71841431]. True jacobian is [  77.82689159  290.4771476   929.58279313 -239.88952161  -45.28855035
 -270.81356493   10.71150015]
###########################
Evaluating fit for parameters [2.0537694238813193, 0.20537694238813195, 0.9, 0.016625642776489258, 0.9897073805332184, 0.01548340079610988, 0.9922995318338949]
Evaluating fit for parameters [1.2154337325434836, 0.12154337329108582, 0.8591806323713631, 0.21393599867411495, 1.4021024389983503, 0.21326001264691527, 0.7913459761005587]
Evaluating fit for parameters [2.05299844913952, 0.20529984491398579, 0.8999624605015114, 0.01680709908601341, 0.9900866393158334, 0.015665285897544994, 0.9921147250585828]
Evaluating fit for parameters [2.052527748064072, 0.20495049562202125, 0.898955129559739, 0.016966305040558887, 0.9899511920468979, 0.015858532570615716, 0.9921946144836928]
Evaluating fit for parameters [2.0506449437622805, 0.2035530984541631, 0.8949258057926494, 0.017603128858740793, 0.9894094029711556, 0.016631519262898603, 0.9925141721841331]
Evaluating fit for parameters [2.0407058581346753, 0.19618543776336655, 0.8738084917339052, 0.01877133392805718, 0.9884319225352364, 0.01805925875996368, 0.9931918662340188]
Evaluating fit for parameters [2.000934980040512, 0.1665545616180378, 0.8, 0.020717191132613357, 0.9868430171368299, 0.02048642713573456, 0.9947126969560843]
Evaluating fit for parameters [2.0001955169780588, 0.16579520861073374, 0.8, 0.019119401191586973, 0.9881716725186448, 0.018566972256501696, 0.9940894415346966]
Evaluating fit for parameters [1.9982274795763493, 0.16372576018588847, 0.8, 0.01623782761085097, 0.990565038981794, 0.015104575409124512, 0.9928466741298482]
Evaluating fit for parameters [1.9976280189982918, 0.16299555532427037, 0.8, 0.01619524112982647, 0.9906012322189909, 0.01505474591181259, 0.9928345600124695]
Evaluating fit for parameters [1.9952301766860618, 0.160074735877798, 0.8, 0.016024895205728477, 0.9907460051677782, 0.014855427922564902, 0.9927861035429548]
Evaluating fit for parameters [1.985638807437142, 0.14839145809190848, 0.8, 0.015343511509336497, 0.9913250969629276, 0.01405815596557415, 0.9925922776648961]
Evaluating fit for parameters [1.8934416270836374, 0.03563417321197357, 0.8, 0.011794855444169118, 0.9944223833863814, 0.009980031542727412, 0.9921653357628195]
Evaluating fit for parameters [1.939365059012993, 0.09179859686211408, 0.8, 0.013562441661280736, 0.9928796244680737, 0.012011346042953619, 0.9923779956001663]
Evaluating fit for parameters [1.8260250471723234, 1e-10, 0.8, 0.01065727414849809, 0.996211865283561, 0.009043981471182627, 0.9951876011133638]
Evaluating fit for parameters [1.9048516891484648, 0.06384484185854664, 0.8, 0.012677783902218284, 0.9938943310829297, 0.011107748546136699, 0.9932335536036957]
Evaluating fit for parameters [1.944023322315675, 0.13430522910056034, 0.8, 0.01573400272809337, 0.9951946852078974, 0.015591207332741663, 1.0030101152120496]
Evaluating fit for parameters [1.9092032296861707, 0.07167222117860875, 0.8, 0.0130172964279311, 0.9940387862212696, 0.011605811840453891, 0.9943196228001606]
Evaluating fit for parameters [1.9116397742210565, 0.07387482258354013, 0.8, 0.014024608963663204, 0.9926221488987802, 0.01270533316356901, 0.9938739738157656]
Evaluating fit for parameters [1.8979357901863405, 0.06879862012333307, 0.8, 0.014802606873043682, 0.9919152231575082, 0.013710390756938536, 0.9948192822117775]
Evaluating fit for parameters [1.8952601113962355, 0.06919943529812767, 0.8, 0.014849225520420827, 0.991903742029525, 0.013740338549059358, 0.9946813641607399]
Evaluating fit for parameters [1.8296214537599964, 0.07237855901888499, 0.8, 0.015191274762597904, 0.9916919360279043, 0.01393888737836805, 0.9933750011252033]
Evaluating fit for parameters [1.6466205740289872, 0.07707577862953123, 0.8, 0.015691873372054507, 0.9915144343287263, 0.01422715936267636, 0.9916115249920738]
Evaluating fit for parameters [1.014545552676005, 0.08835572965655511, 0.8, 0.016679840649096556, 0.9912167079264749, 0.01478792844077644, 0.9880785200293952]
Evaluating fit for parameters [1.202582732781552, 0.08526484521022999, 0.8002159441477983, 0.015578457401416309, 0.9908086586946714, 0.014033034747429014, 0.9906714929026755]
Evaluating fit for parameters [1.0745464693891473, 0.08415782269895608, 0.8007070609272595, 0.01511604049805658, 0.9914801547880572, 0.013795432734390375, 0.9929233442193804]
Evaluating fit for parameters [0.9350827448841746, 0.07973332840541535, 0.8015546911258734, 0.014818976729472095, 0.9918350139042046, 0.013701607159914309, 0.994483819275619]
Evaluating fit for parameters [1.0115724064748992, 0.07485814045584267, 0.8026572001669137, 0.015097326332630678, 0.9926969425164812, 0.013935616353086403, 0.9948297116504268]
Evaluating fit for parameters [1.0257577827870814, 0.07275549010412442, 0.80390780558516, 0.014499336905398182, 0.9913435628656838, 0.013414177694130286, 0.9945571072516958]
Evaluating fit for parameters [1.002693215884393, 0.07279658359458076, 0.8042076172251741, 0.014658369218329454, 0.9918064856830348, 0.01353007818231741, 0.9945620617721728]
Evaluating fit for parameters [0.9798190118302221, 0.07091185398774487, 0.8060244931240009, 0.014689749848937577, 0.992151702289734, 0.01353222934999588, 0.9945819696872054]
Evaluating fit for parameters [0.929454177087565, 0.06311950475571329, 0.8142707954586685, 0.014717450216812571, 0.992859138244467, 0.013497963858576635, 0.9946767786215269]
Evaluating fit for parameters [0.840890706298844, 0.04176854149371022, 0.8392823992567426, 0.01429341017299343, 0.9945070834261386, 0.012931304420980907, 0.994823186449077]
Evaluating fit for parameters [0.7845786718590833, 0.0332350513962508, 0.8608256578175835, 0.01409610727786091, 0.9952797174631743, 0.012616495071186057, 0.99469841631444]
Evaluating fit for parameters [0.5652623860455122, 1.000000013351432e-10, 0.9447293473022766, 0.01332767938191944, 0.9982888651343901, 0.011390419365996435, 0.9942124789338911]
Evaluating fit for parameters [0.7547375469363105, 0.02871294619158199, 0.8722419576610095, 0.013991551646016839, 0.9956891551446247, 0.012449669893805288, 0.9946322975671531]
Evaluating fit for parameters [0.026511677172397885, 1e-10, 1.0, 0.009666328768731578, 1.0082058797912232, 0.006746562031077672, 0.9954144166530803]
Evaluating fit for parameters [0.5196832554623314, 0.019445078240289095, 0.9134792679090369, 0.012595470785531988, 0.9997292613335671, 0.010608839962416398, 0.9948847473292722]
Evaluating fit for parameters [0.7261151389239318, 0.02758440394611476, 0.8772633980773942, 0.013821551788722195, 0.9961811162444545, 0.01222551323175411, 0.9946630382102986]
Evaluating fit for parameters [0.2829389769409005, 1e-10, 1.0, 0.01081864476227307, 1.0054296873388138, 0.008531090341623054, 0.9957329454044846]
Evaluating fit for parameters [0.6182585325723171, 0.020871136306082533, 0.907134033039498, 0.01309072872366162, 0.9984319581836413, 0.011326394665506594, 0.9949234235129731]
Evaluating fit for parameters [0.6736358442858066, 0.024317960077879994, 0.8917974160316932, 0.013465958559368956, 0.9972762980910383, 0.011788033231698409, 0.9947897326936568]
Evaluating fit for parameters [0.3446444823536783, 1e-10, 1.0, 0.011173189057518589, 1.0043105611035124, 0.008743593005417367, 0.9950952900113619]
Evaluating fit for parameters [0.6024468341505202, 0.01905590246892694, 0.9152109026398099, 0.012969836137349942, 0.9987984116746546, 0.011129260050383982, 0.9948558509128685]
Evaluating fit for parameters [0.656242048385702, 0.023032267863719615, 0.8975180940773281, 0.013344739678341322, 0.9976482000596131, 0.011627073467846234, 0.9948058875300292]
Evaluating fit for parameters [0.39989253752672865, 1e-10, 1.0, 0.011638175082660424, 1.0034003198862076, 0.009890428300218147, 0.9976392617622996]
Evaluating fit for parameters [0.5973921434284676, 0.01774477281720029, 0.9210447643767045, 0.01295296532338867, 0.998968708548057, 0.01122839354559127, 0.9954563424644609]
Evaluating fit for parameters [0.6289738785377235, 0.02058230106931938, 0.908419203299968, 0.013163210589030229, 0.9982600591573423, 0.011442344676135741, 0.9951072765576483]
Evaluating fit for parameters [0.449999535689502, 1e-10, 1.0, 0.012069161952139645, 0.9981979307664302, 0.010737945253000432, 0.9974006466319884]
Evaluating fit for parameters [0.5851206696394243, 0.015539120411962957, 0.9308587985226475, 0.012895141196205865, 0.9982448361412282, 0.011269749126634043, 0.9956692098233367]
Evaluating fit for parameters [0.5818483421911115, 1e-10, 0.9529912936797994, 0.01194771481375835, 0.9935665993693652, 0.011149693146231916, 0.9983819435675254]
Evaluating fit for parameters [0.5846126584794832, 0.013126755922518253, 0.9342947488408142, 0.012748058368124541, 0.9975185651532258, 0.01125111108419321, 0.9960903470835175]
Evaluating fit for parameters [1.0111943734998505, 0.048395363501377034, 0.8785618270513927, 0.013033931377507734, 0.9800857037342315, 0.01357924958000665, 0.9991490355654821]
Evaluating fit for parameters [0.6771899780814237, 0.020780795091983214, 0.922199517537703, 0.012810098901094812, 0.9937352628541914, 0.01175636673396763, 0.9967541476431455]
Evaluating fit for parameters [0.7256638718965452, 0.007436883973208356, 0.9472640773633898, 0.012191585256716701, 0.9969788563599322, 0.01062366814006916, 0.9963456701936312]
Evaluating fit for parameters [0.7015341414592613, 0.014079324943664696, 0.9347872362325803, 0.012499474026031333, 0.9953642339151136, 0.01118751208959183, 0.9965490054318541]
Evaluating fit for parameters [0.6888587061541607, 1e-10, 0.9493299020933798, 0.009317920049705587, 0.9975615062228249, 0.008030906223785095, 0.9994562293850795]
Evaluating fit for parameters [0.7006569583603759, 0.013104987928855442, 0.9357936380167223, 0.012279299703883875, 0.9955162926086085, 0.010969064261278284, 0.9967501951862934]
Evaluating fit for parameters [0.7125415137789474, 0.010018486490079196, 0.9307688704996319, 0.01093111968432288, 0.9959276343258384, 0.009757668654302719, 0.9985751193321319]
Evaluating fit for parameters [0.7061151679170644, 0.011687453064780032, 0.9334859173560854, 0.011660122224564345, 0.995705209165684, 0.010412707641611034, 0.9975883265309023]
Evaluating fit for parameters [0.7166029188047167, 0.01213978137289207, 0.9298974939658122, 0.011262677846330987, 0.9953806275390528, 0.01010318889695547, 0.9980887193219009]
Evaluating fit for parameters [0.7163888609472914, 0.011594880759130018, 0.9312816854432344, 0.011274205300054088, 0.9955322271424486, 0.010115928287325332, 0.9981652981368073]
Evaluating fit for parameters [0.7172698122651489, 0.01183474915378721, 0.9309926368099354, 0.011326895710045616, 0.9955038976977519, 0.01015437046870905, 0.9980619293414564]
Evaluating fit for parameters [0.716697774499055, 0.011678992782402323, 0.9311803279242264, 0.011292681669138762, 0.9955222931662988, 0.010129408386109527, 0.9981290509332831]
Evaluating fit for parameters [0.7175640226013371, 0.011792296369761006, 0.9310016892493108, 0.011303631908347577, 0.9955060423023557, 0.010132460894302104, 0.9980794359289551]
Evaluating fit for parameters [0.7169050905230269, 0.011706109319998263, 0.9311375749765276, 0.011295302350267334, 0.9955184039058318, 0.01013013893185036, 0.9981171767538194]
Evaluating fit for parameters [0.7177050246130579, 0.011794671854618846, 0.9310028585476946, 0.011304614139445626, 0.9955081029647079, 0.010133112230552523, 0.99807732152161]
Evaluating fit for parameters [0.7170537031486679, 0.011722562564043503, 0.9311125472117963, 0.01129703230459288, 0.9955164901857815, 0.010130691314518445, 0.9981097724054138]
Evaluating fit for parameters [0.7169266349941171, 0.01170849455772046, 0.931133946684844, 0.01129555314289544, 0.9955181264725644, 0.010130219011132802, 0.9981161033405109]
Evaluating fit for parameters [0.7170104999761207, 0.011717779441893669, 0.9311198230326325, 0.01129652938961575, 0.9955170465232878, 0.010130530731367327, 0.9981119249233468]
Optimized parameters are [0.7170104999761207, 0.011717779441893669, 0.9311198230326325, 0.01129652938961575, 0.9955170465232878, 0.010130530731367327, 0.9981119249233468]
Estimated detector parameters are {'detector_FWHM_1': 1.9334366249393276, 'detector_FWHM_2': 118.30691710782504, 'cutoff_FWHM_2_multiplier': 10, 'detector_weight_1': 0.9311198230326325, 'cutoff_FWHM_1_multiplier': 10, 'norm_power': 1.0}
112.63 mins has elapsed
112.63 mins has elapsed
4.54e+02 mins has elapsed
At iterate   32    f=  1.20516D+02    |proj g|=  1.01177D+00

At iterate   33    f=  1.20401D+02    |proj g|=  1.01166D+00

At iterate   34    f=  1.20291D+02    |proj g|=  1.57866D+02

At iterate   35    f=  1.20182D+02    |proj g|=  2.07558D+02

At iterate   36    f=  1.20155D+02    |proj g|=  1.95746D+02

At iterate   37    f=  1.20134D+02    |proj g|=  1.01057D+00

At iterate   38    f=  1.20133D+02    |proj g|=  3.49313D+00

At iterate   39    f=  1.20133D+02    |proj g|=  1.01125D+00

           * * *

Tit   = total number of iterations
Tnf   = total number of function evaluations
Tnint = total number of segments explored during Cauchy searches
Skip  = number of BFGS updates skipped
Nact  = number of active bounds at final generalized Cauchy point
Projg = norm of the final projected gradient
F     = final function value

           * * *

   N    Tit     Tnf  Tnint  Skip  Nact     Projg        F
    7     39     64     45     0     0   1.011D+00   1.201D+02
  F =   120.13296218358219     

CONVERGENCE: REL_REDUCTION_OF_F_<=_FACTR*EPSMCH             

 Cauchy                time 0.000E+00 seconds.
 Subspace minimization time 0.000E+00 seconds.
 Line search           time 0.000E+00 seconds.

 Total User time 0.000E+00 seconds.

RUNNING THE L-BFGS-B CODE

           * * *

Machine precision = 2.220D-16
 N =            7     M =           10

At X0         0 variables are exactly at the bounds

At iterate    0    f=  4.79913D+02    |proj g|=  2.05377D+00

At iterate    1    f=  4.79143D+02    |proj g|=  2.05125D+00

At iterate    2    f=  4.70906D+02    |proj g|=  2.04636D+00

At iterate    3    f=  4.34964D+02    |proj g|=  2.02033D+00

At iterate    4    f=  3.87830D+02    |proj g|=  1.93286D+00

At iterate    5    f=  3.58779D+02    |proj g|=  1.93170D+00

At iterate    6    f=  3.18065D+02    |proj g|=  1.90408D+00

At iterate    7    f=  3.03616D+02    |proj g|=  1.86872D+00

At iterate    8    f=  2.77695D+02    |proj g|=  1.66108D+00

At iterate    9    f=  2.63676D+02    |proj g|=  1.09245D+02

At iterate   10    f=  2.48434D+02    |proj g|=  3.23889D+02

At iterate   11    f=  2.28708D+02    |proj g|=  1.42546D+00

At iterate   12    f=  1.98111D+02    |proj g|=  7.76433D+02

At iterate   13    f=  1.84319D+02    |proj g|=  1.62253D+03

At iterate   14    f=  1.58413D+02    |proj g|=  1.02028D+00

At iterate   15    f=  1.31590D+02    |proj g|=  1.05872D+02

At iterate   16    f=  1.19240D+02    |proj g|=  2.69732D+01

At iterate   17    f=  1.13040D+02    |proj g|=  2.55736D+01

At iterate   18    f=  1.09908D+02    |proj g|=  2.28245D+01

At iterate   19    f=  1.08329D+02    |proj g|=  1.01084D+00

At iterate   20    f=  1.07850D+02    |proj g|=  6.08127D+02

At iterate   21    f=  1.07503D+02    |proj g|=  8.26934D+00

At iterate   22    f=  1.07422D+02    |proj g|=  2.83698D+01

At iterate   23    f=  1.07416D+02    |proj g|=  5.93126D-01

At iterate   24    f=  1.07413D+02    |proj g|=  2.19126D+00

At iterate   25    f=  1.07413D+02    |proj g|=  1.01152D+00

           * * *

Tit   = total number of iterations
Tnf   = total number of function evaluations
Tnint = total number of segments explored during Cauchy searches
Skip  = number of BFGS updates skipped
Nact  = number of active bounds at final generalized Cauchy point
Projg = norm of the final projected gradient
F     = final function value

           * * *

   N    Tit     Tnf  Tnint  Skip  Nact     Projg        F
    7     25     37     31     0     0   1.012D+00   1.074D+02
  F =   107.41322919511656     

CONVERGENCE: REL_REDUCTION_OF_F_<=_FACTR*EPSMCH             

 Cauchy                time 0.000E+00 seconds.
 Subspace minimization time 0.000E+00 seconds.
 Line search           time 0.000E+00 seconds.

 Total User time 0.000E+00 seconds.

RUNNING THE L-BFGS-B CODE

           * * *

Machine precision = 2.220D-16
 N =            7     M =           10

At X0         0 variables are exactly at the bounds

At iterate    0    f=  3.26923D+02    |proj g|=  2.05377D+00

At iterate    1    f=  3.26736D+02    |proj g|=  2.05300D+00

At iterate    2    f=  3.22058D+02    |proj g|=  2.05064D+00

At iterate    3    f=  3.05357D+02    |proj g|=  2.04071D+00

At iterate    4    f=  2.60012D+02    |proj g|=  2.00093D+00

At iterate    5    f=  2.41683D+02    |proj g|=  2.00020D+00

At iterate    6    f=  2.28257D+02    |proj g|=  1.99823D+00

At iterate    7    f=  2.21473D+02    |proj g|=  1.98564D+00

At iterate    8    f=  1.97994D+02    |proj g|=  1.93937D+00

At iterate    9    f=  1.91933D+02    |proj g|=  8.48138D+01

At iterate   10    f=  1.91101D+02    |proj g|=  1.90920D+00

At iterate   11    f=  1.86845D+02    |proj g|=  1.91164D+00

At iterate   12    f=  1.84514D+02    |proj g|=  6.98959D+01

At iterate   13    f=  1.84356D+02    |proj g|=  6.34403D+01

At iterate   14    f=  1.81673D+02    |proj g|=  2.83994D+01

At iterate   15    f=  1.75558D+02    |proj g|=  1.64662D+00

At iterate   16    f=  1.64980D+02    |proj g|=  5.73189D+00

At iterate   17    f=  1.56830D+02    |proj g|=  1.20258D+00

At iterate   18    f=  1.47125D+02    |proj g|=  1.07455D+00

At iterate   19    f=  1.44977D+02    |proj g|=  1.99197D+01

At iterate   20    f=  1.44141D+02    |proj g|=  1.01510D+00

At iterate   21    f=  1.43583D+02    |proj g|=  2.02053D+01

At iterate   22    f=  1.43130D+02    |proj g|=  1.71281D+01

At iterate   23    f=  1.42501D+02    |proj g|=  3.67658D+01

At iterate   24    f=  1.40239D+02    |proj g|=  1.23627D+02

At iterate   25    f=  1.35170D+02    |proj g|=  6.84298D+02

At iterate   26    f=  1.23443D+02    |proj g|=  8.45562D+02

At iterate   27    f=  1.22941D+02    |proj g|=  6.41272D+02

At iterate   28    f=  1.21009D+02    |proj g|=  1.38945D+02

At iterate   29    f=  1.20704D+02    |proj g|=  1.54107D+02

At iterate   30    f=  1.19815D+02    |proj g|=  1.76824D+02

At iterate   31    f=  1.16776D+02    |proj g|=  2.10462D+02
  Positive dir derivative in projection 
  Using the backtracking step 

At iterate   32    f=  1.10816D+02    |proj g|=  2.03208D+02

At iterate   33    f=  1.02989D+02    |proj g|=  6.91457D+01

At iterate   34    f=  9.67431D+01    |proj g|=  1.15480D+01

At iterate   35    f=  9.60315D+01    |proj g|=  9.70954D+00

At iterate   36    f=  9.43103D+01    |proj g|=  7.35117D+00

At iterate   37    f=  9.40698D+01    |proj g|=  3.49746D+00

At iterate   38    f=  9.40173D+01    |proj g|=  1.16894D+02

At iterate   39    f=  9.40144D+01    |proj g|=  6.80460D+01

At iterate   40    f=  9.40140D+01    |proj g|=  5.24114D+01

At iterate   41    f=  9.40140D+01    |proj g|=  4.54945D+01

           * * *

Tit   = total number of iterations
Tnf   = total number of function evaluations
Tnint = total number of segments explored during Cauchy searches
Skip  = number of BFGS updates skipped
Nact  = number of active bounds at final generalized Cauchy point
Projg = norm of the final projected gradient
F     = final function value

           * * *

   N    Tit     Tnf  Tnint  Skip  Nact     Projg        F
    7     41     70     47     0     0   4.549D+01   9.401D+01
  F =   94.014025806440259     

CONVERGENCE: REL_REDUCTION_OF_F_<=_FACTR*EPSMCH             

 Cauchy                time 0.000E+00 seconds.
 Subspace minimization time 0.000E+00 seconds.
 Line search           time 0.000E+00 seconds.

 Total User time 0.000E+00 seconds.

