0.15 mins has elapsed
----------- Estimation of only source blur model parameters -----------
Will optimize source blur parameters
Will optimize transmission function parameters
----------------------------
Evaluating fit for parameters [10.094797523990056, 5.047398761995028, 0.02720906959580388, 0.9850925465118092, 0.02292722350025095, 0.984014243294063]
Evaluating fit for parameters [10.094797538891218, 5.047398761995028, 0.02720906959580388, 0.9850925465118092, 0.02292722350025095, 0.984014243294063]
Evaluating fit for parameters [10.094797523990056, 5.047398776896189, 0.02720906959580388, 0.9850925465118092, 0.02292722350025095, 0.984014243294063]
Evaluating fit for parameters [10.094797523990056, 5.047398761995028, 0.027209084496965075, 0.9850925465118092, 0.02292722350025095, 0.984014243294063]
Evaluating fit for parameters [10.094797523990056, 5.047398761995028, 0.02720906959580388, 0.9850925614129704, 0.02292722350025095, 0.984014243294063]
Evaluating fit for parameters [10.094797523990056, 5.047398761995028, 0.02720906959580388, 0.9850925465118092, 0.022927238401412142, 0.984014243294063]
Evaluating fit for parameters [10.094797523990056, 5.047398761995028, 0.02720906959580388, 0.9850925465118092, 0.02292722350025095, 0.9840142581952241]
eps is 1.4901161193847656e-08
Error in jacobian at [10.094797523990056, 5.047398761995028, 0.02720906959580388, 0.9850925465118092, 0.02292722350025095, 0.984014243294063] is 0.014230550798197083. Numerical jacobian is [   21.29205322    82.39697266 -7769.09875488  7089.02856445
 -6894.05267334  5218.45001221]. True jacobian is [   21.29205036    82.39674484 -7769.10518707  7089.0208624
 -6894.06004431  5218.4431252 ]
###########################
Evaluating fit for parameters [10.094797523990056, 5.047398761995028, 0.02720906959580388, 0.9850925465118092, 0.02292722350025095, 0.984014243294063]
Evaluating fit for parameters [9.203585385544809, 4.601792692776819, 0.06894908618611886, 0.942266490347976, 0.06504525987811297, 0.9412833843755738]
Evaluating fit for parameters [9.937549674564378, 4.968774837282968, 0.03457378957736683, 0.9775362028079473, 0.03035864230251872, 0.9764746964463656]
Evaluating fit for parameters [9.92962093009606, 4.9647322905739335, 0.03641221282526342, 0.9778605210189972, 0.030348129210880155, 0.977841464901642]
Evaluating fit for parameters [9.919448607201275, 4.959540640572562, 0.03675036520998346, 0.977896258429549, 0.03030589639521157, 0.9780724338657791]
Evaluating fit for parameters [9.83903988181869, 4.918497553295028, 0.0380330099960693, 0.978050009165604, 0.03016476453359892, 0.9789513542825562]
Evaluating fit for parameters [9.636202460565379, 4.814957737695878, 0.03974061882675848, 0.9782535747696567, 0.02996976778741192, 0.9801233273973383]
Evaluating fit for parameters [8.945820536524804, 4.462539827583728, 0.04325822342266688, 0.9786834791237403, 0.029558480502508838, 0.982538866236519]
Evaluating fit for parameters [5.726318901447181, 2.8190761749552142, 0.05531876740839135, 0.980153292486806, 0.028110762674382513, 0.9907633347444784]
Evaluating fit for parameters [0.2038235667686319, 1.000000082740371e-10, 0.07600653385310166, 0.9826745017795552, 0.02562745443044499, 1.0048709806206457]
Evaluating fit for parameters [5.707585615421852, 2.809513367363666, 0.055388943990270986, 0.9801618448769754, 0.028102338851309163, 0.9908111903875032]
Evaluating fit for parameters [5.68851738553616, 2.7997795804956427, 0.05546037530211151, 0.9801705501805512, 0.02809376441355906, 0.9908599016707927]
Evaluating fit for parameters [2.946170476152397, 1.3998897902978213, 0.06573345457760658, 0.9814225259800532, 0.026860609422002024, 0.9978654411457192]
Evaluating fit for parameters [2.9359547483497437, 1.3946749529621658, 0.0657717236168789, 0.9814271898115836, 0.026856015701313688, 0.9978915380206775]
Evaluating fit for parameters [2.925781447628993, 1.3894817734403264, 0.06580983372046942, 0.9814318342736901, 0.026851441058870943, 0.9979175265123398]
Evaluating fit for parameters [1.564802507198813, 0.694740886770163, 0.07090818378678554, 0.9820531680266226, 0.026239447744657966, 1.0013942535664928]
Evaluating fit for parameters [1.560350137396454, 0.6924680791223854, 0.0709248627663074, 0.982055200686759, 0.026237445641267162, 1.0014056274930738]
Evaluating fit for parameters [1.555922302641143, 0.6902077959155335, 0.07094144983532644, 0.9820572221458016, 0.026235454570585473, 1.0014169387429601]
Evaluating fit for parameters [0.8798729347048866, 0.34510389800776586, 0.07347399184421405, 0.9823658619626784, 0.02593145450051523, 1.0031439596818028]
Evaluating fit for parameters [0.8798729347048866, 0.34510389800776586, 0.07347399184421405, 0.9823658619626784, 0.02593145450051523, 1.0031439596818028]
Evaluating fit for parameters [7.278138523300883, 3.6115441869545646, 0.04599053162647336, 0.9808582268925122, 0.028460665835486253, 0.9864341042253802]
Evaluating fit for parameters [1.5773782097380111, 0.7011940447159564, 0.07047788950794893, 0.9822015075138508, 0.026207175822706073, 1.0013223390934562]
Evaluating fit for parameters [0.939532349194459, 0.37556120122616476, 0.07321772752976291, 0.982351804305286, 0.02595503765211708, 1.002988151802475]
Evaluating fit for parameters [0.786555309391583, 0.32444084302017673, 0.05567514537328963, 1.016249403778278, 0.05129688364029698, 1.0053159170202532]
Evaluating fit for parameters [0.8701387542378322, 0.35237193415736034, 0.06526004419226136, 0.9977284666518832, 0.03745063070466296, 1.0040440749454824]
Evaluating fit for parameters [0.7966309470124361, 0.32269034538542374, 0.04906266767152574, 0.9983029098781299, 0.02797245166485234, 1.0029514907317627]
Evaluating fit for parameters [0.7184235711257955, 0.30439658348049753, 0.023172384972368405, 0.9934349314238703, 0.021348475381600646, 0.989616683822427]
Evaluating fit for parameters [0.7134483845646412, 0.30908455113897687, 0.020504249198002457, 0.9905257507798854, 0.023970866734469375, 0.984648119295135]
Evaluating fit for parameters [0.704643000878288, 0.30976680159907993, 0.020770529932903545, 0.9896511595604492, 0.02527341704950577, 0.9828081295237379]
Evaluating fit for parameters [0.689276705601271, 0.31360332257997653, 0.021318763558467894, 0.9887411337810117, 0.026587819468642707, 0.981038248759967]
Evaluating fit for parameters [0.6191014375931229, 0.31695811110398736, 0.022291006493866426, 0.9871517936089671, 0.02866629202381323, 0.9782753108451826]
Evaluating fit for parameters [0.494780298702897, 0.3356900953795255, 0.023619298919118906, 0.9852093548001363, 0.029925914400119817, 0.9762219012811725]
Evaluating fit for parameters [0.4630367332439638, 0.3660731635485191, 0.024101560195527352, 0.9846406375124303, 0.02756322990900265, 0.9793266509076388]
Evaluating fit for parameters [0.432530095538958, 0.38660267549995336, 0.02596804558177449, 0.988621467572081, 0.0207852418808276, 0.9845269888037484]
Evaluating fit for parameters [0.4434490810303362, 0.3881753932988308, 0.024938572887490323, 0.9874194926442709, 0.021807683335890244, 0.9875804855562174]
Evaluating fit for parameters [0.43030023324730804, 0.38709930377388, 0.02486543359305925, 0.9874624285648493, 0.021791592464631613, 0.9872621470771867]
Evaluating fit for parameters [0.4348797667393474, 0.38543505282889073, 0.02520009298997185, 0.9873705001223766, 0.021411956173473856, 0.987008434859328]
Evaluating fit for parameters [0.43553592417858, 0.3851393489908789, 0.024996621414456056, 0.9877336508855857, 0.02169256201402026, 0.987130332289344]
Evaluating fit for parameters [0.4347859005323608, 0.3847852423154348, 0.024970456952972706, 0.9876488418752836, 0.021652955404953857, 0.9871880604761063]
Evaluating fit for parameters [0.43438823895346873, 0.38406347635528976, 0.024939929808878984, 0.9876370542120471, 0.02161721677076573, 0.9872271023058982]
Evaluating fit for parameters [0.4344699751095013, 0.3837631279877121, 0.02493971233486876, 0.9876570398735919, 0.02162368119574476, 0.9872353860064303]
Evaluating fit for parameters [0.43453413732339946, 0.38373378493452853, 0.02490572543906789, 0.9876631873620494, 0.02161374481036598, 0.9872265183299681]
Evaluating fit for parameters [0.43448616727134615, 0.3837557228899559, 0.024931135303560507, 0.9876585912715564, 0.021621173620796345, 0.9872331481339546]
Optimized parameters are [0.43448616727134615, 0.3837557228899559, 0.024931135303560507, 0.9876585912715564, 0.021621173620796345, 0.9872331481339546]
Estimated source parameters are {'cutoff_FWHM_multiplier': 10, 'source_FWHM_y_axis': 3.6124395766142574, 'norm_power': 1.0, 'source_FWHM_x_axis': 3.1906524661672817}
49.91 mins has elapsed
4.99e+01 mins has elapsed
0.19 mins has elapsed
----------- Estimation of only source blur model parameters -----------
Will optimize source blur parameters
Will optimize transmission function parameters
----------------------------
Evaluating fit for parameters [3.8380265949756702, 1.9190132974878351, 0.022102490067481995, 0.9724439233541489, 0.020277023315429688, 0.9816182851791382]
Evaluating fit for parameters [3.8380266098768314, 1.9190132974878351, 0.022102490067481995, 0.9724439233541489, 0.020277023315429688, 0.9816182851791382]
Evaluating fit for parameters [3.8380265949756702, 1.9190133123889963, 0.022102490067481995, 0.9724439233541489, 0.020277023315429688, 0.9816182851791382]
Evaluating fit for parameters [3.8380265949756702, 1.9190132974878351, 0.02210250496864319, 0.9724439233541489, 0.020277023315429688, 0.9816182851791382]
Evaluating fit for parameters [3.8380265949756702, 1.9190132974878351, 0.022102490067481995, 0.9724439382553101, 0.020277023315429688, 0.9816182851791382]
Evaluating fit for parameters [3.8380265949756702, 1.9190132974878351, 0.022102490067481995, 0.9724439233541489, 0.02027703821659088, 0.9816182851791382]
Evaluating fit for parameters [3.8380265949756702, 1.9190132974878351, 0.022102490067481995, 0.9724439233541489, 0.020277023315429688, 0.9816183000802994]
eps is 1.4901161193847656e-08
Error in jacobian at [3.8380265949756702, 1.9190132974878351, 0.022102490067481995, 0.9724439233541489, 0.020277023315429688, 0.9816182851791382] is 0.014059123387465419. Numerical jacobian is [   52.19654846   164.04737854 -2049.04624939  2041.57389832
 -3029.62348938  2145.73823547]. True jacobian is [   52.19652785   164.04749598 -2049.05306874  2041.56673177
 -3029.63073282  2145.73135693]
###########################
Evaluating fit for parameters [3.8380265949756702, 1.9190132974878351, 0.022102490067481995, 0.9724439233541489, 0.020277023315429688, 0.9816182851791382]
Evaluating fit for parameters [2.964997574893964, 1.4824987874583553, 0.13080897880128123, 0.8649779521698635, 0.12939874769451176, 0.8720654383789728]
Evaluating fit for parameters [3.8160620498251823, 1.9080310249128773, 0.024837437617932345, 0.9697401859961429, 0.02302241778330101, 0.9788620440983073]
Evaluating fit for parameters [3.8136962716694276, 1.9066969847519588, 0.024612152789757313, 0.9700703429260197, 0.02369656476965057, 0.9789929109787002]
Evaluating fit for parameters [3.8086385976009614, 1.9038455785222643, 0.024474898554302855, 0.9702501122551915, 0.02407861034376799, 0.979068532255477]
Evaluating fit for parameters [3.779725592849375, 1.8875469735509756, 0.024076025174316697, 0.9707698435277305, 0.02517938945467827, 0.9792862052382978]
Evaluating fit for parameters [3.7049348972051193, 1.845389042985303, 0.023505398121179907, 0.9715100036607036, 0.026736084275870205, 0.9795942925128273]
Evaluating fit for parameters [3.462646473800417, 1.7088204035417953, 0.02235571437549566, 0.9729908374682964, 0.029819654451946863, 0.980205638232608]
Evaluating fit for parameters [2.4335529831913085, 1.12876674127416, 0.018756699598768366, 0.9775823055941365, 0.039309970534548454, 0.9820708180132548]
Evaluating fit for parameters [0.4309684271051477, 1.0000023031864202e-10, 0.01175312657574397, 0.9865171625750382, 0.057777836275439615, 0.9857004009978257]
Evaluating fit for parameters [1.8602601754372186, 0.8056273999761907, 0.01675174154070387, 0.9801401447774534, 0.044596885672111085, 0.9831098821635685]
Evaluating fit for parameters [1.1251434656197707, 0.39127521174948265, 0.014180842078803487, 0.98341998764178, 0.05137614333667992, 0.9844422439325227]
Evaluating fit for parameters [0.9330818829827718, 0.28301874583444775, 0.013509151430422205, 0.9842769016568071, 0.053147338221481856, 0.9847903458142686]
Evaluating fit for parameters [0.9330818829827718, 0.28301874583444775, 0.013509151430422205, 0.9842769016568071, 0.053147338221481856, 0.9847903458142686]
Evaluating fit for parameters [2.727897589655012, 1.2946869500651617, 0.0196514145204488, 0.9760760578161258, 0.03360012293480948, 0.9812022615099761]
Evaluating fit for parameters [1.2795116350576385, 0.4782877998497374, 0.014694711971009283, 0.9826940002547465, 0.049374395450621326, 0.984097784928302]
Evaluating fit for parameters [1.0373450108310776, 0.34178783890938086, 0.013865963307793591, 0.9838005042046084, 0.052011815616605936, 0.9845819094321051]
Evaluating fit for parameters [0.9657777490075665, 0.31047547470819686, 0.004603202910695192, 0.9911660939269907, 0.03965668248112111, 0.9642262303922067]
Evaluating fit for parameters [1.001184685586664, 0.3259668441579179, 0.009185828563416423, 0.9875220678524544, 0.045769217796964426, 0.9742969277812938]
Evaluating fit for parameters [0.9675527584714138, 0.30958179367371846, 0.01131525444767334, 0.9843890937238184, 0.03670065665152203, 0.9780729039452043]
Evaluating fit for parameters [0.9011764236187227, 0.280318391874744, 0.01941798769243699, 0.9749723648109203, 0.021540267398765415, 0.9810335113863694]
Evaluating fit for parameters [0.9219080038214442, 0.2931377349027879, 0.019975649252412294, 0.9744182580697575, 0.021514672109265987, 0.9807737454133174]
Evaluating fit for parameters [0.9018667984461277, 0.29175104627638665, 0.020154746182968027, 0.9743683626141268, 0.021482156024062376, 0.9806542331754609]
Evaluating fit for parameters [0.8217019769448617, 0.2862042917707817, 0.02087113390519096, 0.9741687807916044, 0.02135209168324793, 0.9801761842240346]
Evaluating fit for parameters [0.5010426909397976, 0.264017273748362, 0.023736684794082693, 0.9733704535015146, 0.02083183431999015, 0.9782639884183297]
Evaluating fit for parameters [1e-10, 0.2475906107551594, 0.025302613834255132, 0.971377540848427, 0.013688234217785648, 0.9815225836151062]
Evaluating fit for parameters [0.5004130238136875, 0.26399663013881014, 0.023738652718286447, 0.9733679489812296, 0.020822856861125526, 0.9782680835389855]
Evaluating fit for parameters [0.25020651195684374, 0.2557936204469848, 0.02452063327627079, 0.9723727449148283, 0.01725554553945559, 0.979895333577046]
Evaluating fit for parameters [0.4174807911875553, 0.26127770047167936, 0.02399784418801516, 0.9730380834851929, 0.019640453213102826, 0.9788074439165225]
Evaluating fit for parameters [0.33160357435037086, 0.31196989368525824, 0.007218204239346749, 0.9840170974765103, 0.02097608128688102, 0.9878625115943829]
Evaluating fit for parameters [0.38697606161357995, 0.2792842416992983, 0.018037492911689552, 0.9769379752740592, 0.02011488606855107, 0.9820239243866671]
Evaluating fit for parameters [0.38825672486963697, 0.3252975307394646, 0.02060559997295319, 0.9740294674401733, 0.019022198867617857, 0.9830515294876261]
Evaluating fit for parameters [0.38807017405292515, 0.3443172837005692, 0.020558690109673063, 0.973536026585751, 0.020609987268369902, 0.9825602726699796]
Evaluating fit for parameters [0.3924911428074892, 0.35458723128450015, 0.020963647712188935, 0.9741453333097413, 0.0198264737604758, 0.9832134000733163]
Evaluating fit for parameters [0.38742265263605496, 0.3544686376586822, 0.020665917452540903, 0.9737185856455636, 0.019780781004949382, 0.9830726021061906]
Evaluating fit for parameters [0.3895935274789412, 0.3542049451253606, 0.02067864846694317, 0.9737768751775492, 0.019871556163437085, 0.9829825772745925]
Evaluating fit for parameters [0.38877705193418444, 0.3541950814809683, 0.020730519566352218, 0.9738076449382077, 0.019888799621669912, 0.9830154956491209]
Evaluating fit for parameters [0.38901131972842606, 0.354310226865947, 0.02070244606476397, 0.9737882809818816, 0.019861002254809995, 0.9830143019270736]
Evaluating fit for parameters [0.3890262063780623, 0.3542948156558684, 0.02070308882186813, 0.9737894272505605, 0.019864499598482507, 0.9830107871661626]
Optimized parameters are [0.3890262063780623, 0.3542948156558684, 0.02070308882186813, 0.9737894272505605, 0.019864499598482507, 0.9830107871661626]
Estimated source parameters are {'cutoff_FWHM_multiplier': 10, 'source_FWHM_y_axis': 3.912827114203156, 'norm_power': 1.0, 'source_FWHM_x_axis': 3.5634986496839396}
42.74 mins has elapsed
9.27e+01 mins has elapsed
0.20 mins has elapsed
----------- Estimation of only source blur model parameters -----------
Will optimize source blur parameters
Will optimize transmission function parameters
----------------------------
Evaluating fit for parameters [1.8349840987106336, 0.9174920493553168, 0.01912790536880493, 0.992692843079567, 0.01848973478982957, 0.9911519872426204]
Evaluating fit for parameters [1.8349841136117948, 0.9174920493553168, 0.01912790536880493, 0.992692843079567, 0.01848973478982957, 0.9911519872426204]
Evaluating fit for parameters [1.8349840987106336, 0.917492064256478, 0.01912790536880493, 0.992692843079567, 0.01848973478982957, 0.9911519872426204]
Evaluating fit for parameters [1.8349840987106336, 0.9174920493553168, 0.019127920269966125, 0.992692843079567, 0.01848973478982957, 0.9911519872426204]
Evaluating fit for parameters [1.8349840987106336, 0.9174920493553168, 0.01912790536880493, 0.9926928579807281, 0.01848973478982957, 0.9911519872426204]
Evaluating fit for parameters [1.8349840987106336, 0.9174920493553168, 0.01912790536880493, 0.992692843079567, 0.018489749690990764, 0.9911519872426204]
Evaluating fit for parameters [1.8349840987106336, 0.9174920493553168, 0.01912790536880493, 0.992692843079567, 0.01848973478982957, 0.9911520021437816]
eps is 1.4901161193847656e-08
Error in jacobian at [1.8349840987106336, 0.9174920493553168, 0.01912790536880493, 0.992692843079567, 0.01848973478982957, 0.9911519872426204] is 0.014056535766438111. Numerical jacobian is [   91.37109375   254.51817322 -1341.73939514   778.00672913
 -1517.14089966  1147.25073242]. True jacobian is [   91.37111983   254.5181434  -1341.74636256   777.99971611
 -1517.14811366  1147.24381754]
###########################
Evaluating fit for parameters [1.8349840987106336, 0.9174920493553168, 0.01912790536880493, 0.992692843079567, 0.01848973478982957, 0.9911519872426204]
Evaluating fit for parameters [1.0268660598540995, 0.5134330299490695, 0.23090162828467456, 0.775713320254506, 0.23054450491320796, 0.7748510498058779]
Evaluating fit for parameters [1.8294081199183463, 0.914704059959325, 0.02058913470779296, 0.9911956939510249, 0.019952903342142076, 0.9896595203233004]
Evaluating fit for parameters [1.8284797280939493, 0.9140125402198983, 0.020760662816680577, 0.9916543804093262, 0.020276966574488225, 0.9896832290842941]
Evaluating fit for parameters [1.8260634147219652, 0.9122106452065493, 0.020902604523921186, 0.9920271368728096, 0.020532097918799227, 0.9897008642738142]
Evaluating fit for parameters [1.8151162592902934, 0.904046598274632, 0.021223146062533962, 0.9928792476509952, 0.021112907404465055, 0.9897413278074771]
Evaluating fit for parameters [1.7854223059966163, 0.8819012201643668, 0.021694992469645527, 0.9941594640189868, 0.02197942377901193, 0.9898026678387748]
Evaluating fit for parameters [1.6938366776063416, 0.8135970725407212, 0.022554800706586633, 0.9965675423674856, 0.023591593770569946, 0.9899197519080692]
Evaluating fit for parameters [1.3527817580197865, 0.5592257514758125, 0.02470488218822224, 1.0028690401236708, 0.027751316724276456, 0.9902249058904652]
Evaluating fit for parameters [0.6031449532239872, 1e-10, 0.02809176388114427, 1.0138437016672504, 0.034678687915169676, 0.9908594469903782]
Evaluating fit for parameters [1.1130523113101256, 0.3803886411505843, 0.025787987058635387, 1.0063786724187191, 0.029966649338845252, 0.9904278284068405]
Evaluating fit for parameters [0.4195604651945253, 1e-10, 0.0262897307488174, 1.0135750285219474, 0.033358364646835816, 0.9911057579139129]
Evaluating fit for parameters [0.9040697496034487, 0.2657591857414986, 0.02593918664703966, 1.0085472818145322, 0.03098873684804066, 0.9906321212847425]
Evaluating fit for parameters [0.79769681146947, 0.27375188042410153, 0.025338585784782767, 1.0063520457909796, 0.028229689780096698, 0.9918213694757039]
Evaluating fit for parameters [0.3722050589335555, 0.3057226591545133, 0.02293618233575519, 0.997571101696769, 0.017193501508320844, 0.9965783622395492]
Evaluating fit for parameters [1e-10, 0.15310248685547334, 0.015047468538861016, 0.9871899776347101, 0.008192341856259626, 0.9963869290062889]
Evaluating fit for parameters [0.2995424819119188, 0.2759278598589625, 0.021396132676933105, 0.9955444789821437, 0.015436278061246667, 0.9965409902809308]
Evaluating fit for parameters [0.2917199388280199, 0.3809460335047319, 0.013469036763886643, 0.9885649944780693, 0.025171644426948435, 0.9811844048492699]
Evaluating fit for parameters [0.29732005797836286, 0.30576405252232836, 0.01914400475743217, 0.9935615722420499, 0.01820214473414544, 0.9921781069276558]
Evaluating fit for parameters [0.33751523157765917, 0.29097841351402903, 0.01801149094544016, 0.9924043354005873, 0.01761187225295391, 0.9914609437187717]
Evaluating fit for parameters [0.307788655656368, 0.3019132193916359, 0.018849048164366583, 0.9932601766806771, 0.01804841172163022, 0.991991325967879]
Evaluating fit for parameters [0.3075057377771176, 0.30123569957855134, 0.019070181942456684, 0.9935803389058873, 0.018004517257525866, 0.9916888835644599]
Evaluating fit for parameters [0.3076614581875069, 0.30160861225420116, 0.018948468027569536, 0.9934041188902666, 0.018028677144424004, 0.9918553504392447]
Evaluating fit for parameters [0.30738467852014195, 0.30119091870672526, 0.01895681536720307, 0.9934616760138427, 0.018160827087052897, 0.9919119214292296]
Evaluating fit for parameters [0.30723023334330335, 0.30114717118414813, 0.018955882747962158, 0.9934570953565737, 0.018146390574452664, 0.9919107672758548]
Optimized parameters are [0.30723023334330335, 0.30114717118414813, 0.018955882747962158, 0.9934570953565737, 0.018146390574452664, 0.9919107672758548]
Estimated source parameters are {'cutoff_FWHM_multiplier': 10, 'source_FWHM_y_axis': 4.603378327177402, 'norm_power': 1.0, 'source_FWHM_x_axis': 4.512232881621471}
36.97 mins has elapsed
1.30e+02 mins has elapsed
0.18 mins has elapsed
----------- Estimation of only source blur model parameters -----------
Will optimize source blur parameters
Will optimize transmission function parameters
----------------------------
Evaluating fit for parameters [0.8483241776414288, 0.4241620888207144, 0.017865657806396484, 0.9957761764526367, 0.016571909189224243, 0.995035320520401]
Evaluating fit for parameters [0.84832419254259, 0.4241620888207144, 0.017865657806396484, 0.9957761764526367, 0.016571909189224243, 0.995035320520401]
Evaluating fit for parameters [0.8483241776414288, 0.42416210372187557, 0.017865657806396484, 0.9957761764526367, 0.016571909189224243, 0.995035320520401]
Evaluating fit for parameters [0.8483241776414288, 0.4241620888207144, 0.017865672707557678, 0.9957761764526367, 0.016571909189224243, 0.995035320520401]
Evaluating fit for parameters [0.8483241776414288, 0.4241620888207144, 0.017865657806396484, 0.9957761913537979, 0.016571909189224243, 0.995035320520401]
Evaluating fit for parameters [0.8483241776414288, 0.4241620888207144, 0.017865657806396484, 0.9957761764526367, 0.016571924090385437, 0.995035320520401]
Evaluating fit for parameters [0.8483241776414288, 0.4241620888207144, 0.017865657806396484, 0.9957761764526367, 0.016571909189224243, 0.9950353354215622]
eps is 1.4901161193847656e-08
Error in jacobian at [0.8483241776414288, 0.4241620888207144, 0.017865657806396484, 0.9957761764526367, 0.016571909189224243, 0.995035320520401] is 0.014092069983082416. Numerical jacobian is [ 155.97665405  355.41772079 -626.48696899  274.69001007 -952.08096313
  412.83865356]. True jacobian is [ 155.97671274  355.41773348 -626.49407675  274.68301329 -952.08817676
  412.83179271]
###########################
Evaluating fit for parameters [0.8483241776414288, 0.4241620888207144, 0.017865657806396484, 0.9957761764526367, 0.016571909189224243, 0.995035320520401]
Evaluating fit for parameters [0.22572966350063783, 0.11286483178701451, 0.3717093940518568, 0.6319205468799027, 0.3713651418807992, 0.631723413325727]
Evaluating fit for parameters [0.8470262404047562, 0.4235131202024546, 0.018603324057552162, 0.9950176381750434, 0.01731155487766295, 0.9942779157534714]RUNNING THE L-BFGS-B CODE

           * * *

Machine precision = 2.220D-16
 N =            6     M =           10

At X0         0 variables are exactly at the bounds

At iterate    0    f=  4.09971D+03    |proj g|=  1.00948D+01

At iterate    1    f=  3.99066D+03    |proj g|=  9.93755D+00

At iterate    2    f=  3.98745D+03    |proj g|=  9.92962D+00

At iterate    3    f=  3.98681D+03    |proj g|=  9.91945D+00

At iterate    4    f=  3.98302D+03    |proj g|=  9.83904D+00

At iterate    5    f=  3.97481D+03    |proj g|=  9.63620D+00

At iterate    6    f=  3.94436D+03    |proj g|=  8.94582D+00

At iterate    7    f=  1.86211D+03    |proj g|=  1.97554D+03

At iterate    8    f=  1.85685D+03    |proj g|=  1.15044D+03

At iterate    9    f=  1.65088D+03    |proj g|=  1.27209D+03

At iterate   10    f=  1.07831D+03    |proj g|=  1.81416D+03

At iterate   11    f=  5.57971D+02    |proj g|=  1.95787D+03

At iterate   12    f=  5.21709D+02    |proj g|=  1.77651D+03

At iterate   13    f=  5.12936D+02    |proj g|=  1.78307D+03

At iterate   14    f=  4.98445D+02    |proj g|=  1.67791D+03

At iterate   15    f=  4.57620D+02    |proj g|=  1.63213D+03

At iterate   16    f=  3.93119D+02    |proj g|=  1.10385D+03

At iterate   17    f=  3.30246D+02    |proj g|=  3.73878D+02

At iterate   18    f=  2.84720D+02    |proj g|=  4.85435D+01

At iterate   19    f=  2.80649D+02    |proj g|=  1.02181D+00

At iterate   20    f=  2.80203D+02    |proj g|=  4.77037D+01

At iterate   21    f=  2.80100D+02    |proj g|=  1.02520D+00

At iterate   22    f=  2.79843D+02    |proj g|=  1.02500D+00

At iterate   23    f=  2.79731D+02    |proj g|=  1.02497D+00

At iterate   24    f=  2.79722D+02    |proj g|=  1.02494D+00

At iterate   25    f=  2.79721D+02    |proj g|=  1.02494D+00

At iterate   26    f=  2.79721D+02    |proj g|=  9.10736D-01

           * * *

Tit   = total number of iterations
Tnf   = total number of function evaluations
Tnint = total number of segments explored during Cauchy searches
Skip  = number of BFGS updates skipped
Nact  = number of active bounds at final generalized Cauchy point
Projg = norm of the final projected gradient
F     = final function value

           * * *

   N    Tit     Tnf  Tnint  Skip  Nact     Projg        F
    6     26     43     31     0     0   9.107D-01   2.797D+02
  F =   279.72080619595715     

CONVERGENCE: REL_REDUCTION_OF_F_<=_FACTR*EPSMCH             

 Cauchy                time 0.000E+00 seconds.
 Subspace minimization time 0.000E+00 seconds.
 Line search           time 0.000E+00 seconds.

 Total User time 0.000E+00 seconds.

RUNNING THE L-BFGS-B CODE

           * * *

Machine precision = 2.220D-16
 N =            6     M =           10

At X0         0 variables are exactly at the bounds

At iterate    0    f=  1.54225D+03    |proj g|=  3.83803D+00

At iterate    1    f=  1.52545D+03    |proj g|=  3.81606D+00

At iterate    2    f=  1.52480D+03    |proj g|=  3.81370D+00

At iterate    3    f=  1.52415D+03    |proj g|=  3.80864D+00

At iterate    4    f=  1.52121D+03    |proj g|=  3.77973D+00

At iterate    5    f=  1.51452D+03    |proj g|=  3.70493D+00

At iterate    6    f=  1.49114D+03    |proj g|=  3.46265D+00

At iterate    7    f=  1.05571D+03    |proj g|=  6.22821D+02

At iterate    8    f=  1.04020D+03    |proj g|=  1.05201D+00

At iterate    9    f=  9.55357D+02    |proj g|=  1.04577D+00

At iterate   10    f=  7.05489D+02    |proj g|=  2.09365D+02

At iterate   11    f=  5.04081D+02    |proj g|=  8.69278D+02

At iterate   12    f=  5.03177D+02    |proj g|=  6.55622D+02

At iterate   13    f=  3.58749D+02    |proj g|=  1.34526D+03

At iterate   14    f=  3.40741D+02    |proj g|=  1.42630D+03

At iterate   15    f=  3.04160D+02    |proj g|=  8.82549D+02

At iterate   16    f=  2.75912D+02    |proj g|=  2.64484D+02

At iterate   17    f=  2.73612D+02    |proj g|=  8.26128D+01

At iterate   18    f=  2.73252D+02    |proj g|=  1.02096D+00

At iterate   19    f=  2.73112D+02    |proj g|=  8.67960D+00

At iterate   20    f=  2.73099D+02    |proj g|=  1.02622D+00

At iterate   21    f=  2.73099D+02    |proj g|=  1.63777D+00

At iterate   22    f=  2.73098D+02    |proj g|=  8.76098D-01

At iterate   23    f=  2.73098D+02    |proj g|=  2.41320D-01

           * * *

Tit   = total number of iterations
Tnf   = total number of function evaluations
Tnint = total number of segments explored during Cauchy searches
Skip  = number of BFGS updates skipped
Nact  = number of active bounds at final generalized Cauchy point
Projg = norm of the final projected gradient
F     = final function value

           * * *

   N    Tit     Tnf  Tnint  Skip  Nact     Projg        F
    6     23     39     28     0     0   2.413D-01   2.731D+02
  F =   273.09774851957320     

CONVERGENCE: REL_REDUCTION_OF_F_<=_FACTR*EPSMCH             

 Cauchy                time 0.000E+00 seconds.
 Subspace minimization time 0.000E+00 seconds.
 Line search           time 0.000E+00 seconds.

 Total User time 0.000E+00 seconds.

RUNNING THE L-BFGS-B CODE

           * * *

Machine precision = 2.220D-16
 N =            6     M =           10

At X0         0 variables are exactly at the bounds

At iterate    0    f=  8.31138D+02    |proj g|=  1.83498D+00

At iterate    1    f=  8.25266D+02    |proj g|=  1.82941D+00

At iterate    2    f=  8.24837D+02    |proj g|=  1.82848D+00

At iterate    3    f=  8.24250D+02    |proj g|=  1.82606D+00

At iterate    4    f=  8.22131D+02    |proj g|=  1.81512D+00

At iterate    5    f=  8.17033D+02    |proj g|=  1.78542D+00

At iterate    6    f=  8.00411D+02    |proj g|=  1.69384D+00

At iterate    7    f=  7.37502D+02    |proj g|=  1.35278D+00
  Positive dir derivative in projection 
  Using the backtracking step 

At iterate    8    f=  6.85482D+02    |proj g|=  1.11305D+00

At iterate    9    f=  6.61862D+02    |proj g|=  2.01096D+02

At iterate   10    f=  3.22490D+02    |proj g|=  1.02294D+00

At iterate   11    f=  3.04521D+02    |proj g|=  1.95321D+02

At iterate   12    f=  2.85622D+02    |proj g|=  6.14165D+01

At iterate   13    f=  2.85241D+02    |proj g|=  1.00674D+00

At iterate   14    f=  2.85218D+02    |proj g|=  1.00814D+00

At iterate   15    f=  2.85207D+02    |proj g|=  1.01816D+00

At iterate   16    f=  2.85207D+02    |proj g|=  4.38160D-01

           * * *

Tit   = total number of iterations
Tnf   = total number of function evaluations
Tnint = total number of segments explored during Cauchy searches
Skip  = number of BFGS updates skipped
Nact  = number of active bounds at final generalized Cauchy point
Projg = norm of the final projected gradient
F     = final function value

           * * *

   N    Tit     Tnf  Tnint  Skip  Nact     Projg        F
    6     16     25     21     0     0   4.382D-01   2.852D+02
  F =   285.20723904632860     

CONVERGENCE: REL_REDUCTION_OF_F_<=_FACTR*EPSMCH             

 Cauchy                time 0.000E+00 seconds.
 Subspace minimization time 0.000E+00 seconds.
 Line search           time 0.000E+00 seconds.

 Total User time 0.000E+00 seconds.

RUNNING THE L-BFGS-B CODE

           * * *

Machine precision = 2.220D-16
 N =            6     M =           10

At X0         0 variables are exactly at the bounds

At iterate    0    f=  5.09235D+02    |proj g|=  8.48324D-01

At iterate    1    f=  5.07101D+02    |proj g|=  1.01860D+00

At iterate    2    f=  5.06710D+02    |proj g|=  1.01867D+00

At iterate    3    f=  5.06090D+02    |proj g|=  1.01873D+00

At iterate    4    f=  5.04045D+02    |proj g|=  1.01887D+00

At iterate    5    f=  4.99026D+02    |proj g|=  1.02006D+00

At iterate    6    f=  4.82884D+02    |proj g|=  1.02216D+00

At iterate    7    f=  4.62896D+02    |proj g|=  1.02394D+00

At iterate    8    f=  4.42560D+02    |proj g|=  1.02504D+00

At iterate    9    f=  4.22865D+02    |proj g|=  3.57908D+02

At iterate   10    f=  3.97596D+02    |proj g|=  2.63765D+02

At iterate   11    f=  3.88720D+02    |proj g|=  1.29100D+02

At iterate   12    f=  3.87974D+02    |proj g|=  1.84939D+02

At iterate   13    f=  3.87383D+02    |proj g|=  2.14607D+02

At iterate   14    f=  3.85459D+02    |proj g|=  2.54470D+02


Evaluating fit for parameters [0.8465989855131021, 0.4229986079164897, 0.018666155047251675, 0.9953266826243223, 0.01771380362872219, 0.9944295590533717]
Evaluating fit for parameters [0.8453588622355048, 0.4215064402016223, 0.01872860385675012, 0.995625108166732, 0.018091457662577623, 0.9945742667654011]
Evaluating fit for parameters [0.8402330316009552, 0.4153435685670609, 0.018853000471167194, 0.996248444929352, 0.01887308612471173, 0.9948747417255187]
Evaluating fit for parameters [0.826048907524714, 0.398296170908981, 0.019029994810965938, 0.9972119008014589, 0.02006271779863491, 0.9953348925899593]
Evaluating fit for parameters [0.7839550291731606, 0.34771615046332466, 0.01930543574600389, 0.9989526377432367, 0.022158072705932515, 0.9961543389887794]
Evaluating fit for parameters [0.6380697976920675, 0.17238923560672947, 0.019777950164090615, 1.0031580083124, 0.02698777095478897, 0.9980789600231563]
Evaluating fit for parameters [0.7301586733522835, 0.2830629364207201, 0.01947967924898097, 1.000503402061191, 0.023939062891608864, 0.9968640585192248]
Evaluating fit for parameters [0.5501674284438953, 0.066799586670437, 0.019409721926844144, 1.0039995533461972, 0.027414713043948075, 0.9983383716757859]
Evaluating fit for parameters [0.67293104565727, 0.21430271161153597, 0.019457436547188314, 1.0016149919288293, 0.025044134491160403, 0.9973328115659215]
Evaluating fit for parameters [0.6336428231255432, 0.1690293330353944, 0.018345239312991056, 1.0012985243211843, 0.023903626485659704, 0.9964291451395247]
Evaluating fit for parameters [0.6352340478389185, 0.17799356396301333, 0.02022789041535067, 0.996192584757743, 0.01703014356542175, 0.9982410208304857]
Evaluating fit for parameters [0.6407265884595111, 0.1860177879288352, 0.01702990881511668, 0.9963122011664001, 0.017105317153699486, 0.9941828200111844]
Evaluating fit for parameters [0.6371292138967123, 0.18193871432099207, 0.01754570160287927, 0.9963384335055164, 0.01727922179619376, 0.9946769111307074]
Evaluating fit for parameters [0.6361605837251113, 0.18155889542865086, 0.01760364997131389, 0.9963622523126078, 0.01729668638754613, 0.9947665261350158]
Evaluating fit for parameters [0.6322860630387074, 0.18003961985928604, 0.017835443445052362, 0.9964575275409732, 0.017366544752955602, 0.9951249861522493]
Evaluating fit for parameters [0.6186571414600656, 0.1777506697144871, 0.018266372240742342, 0.9965761150325534, 0.017499456690037416, 0.9957048577367168]
Evaluating fit for parameters [0.5384275795877742, 0.16920648930882998, 0.019781035073978843, 0.997022948937661, 0.017912853369854115, 0.9978403897171041]
Evaluating fit for parameters [0.2371537325692809, 0.14695118461815915, 0.02383834477754552, 0.9982873172601774, 0.018883266740381075, 1.0037981695034626]
Evaluating fit for parameters [0.24032281066500388, 0.16988124645284572, 0.023304114767484015, 0.9980246574364542, 0.018439410572832955, 1.0032112923129426]
Evaluating fit for parameters [0.05999117808880622, 0.19751175978145433, 0.02118613245696082, 0.9947846908148696, 0.01832760656836602, 0.998233228408206]
Evaluating fit for parameters [0.18395236707779195, 0.17851835726155485, 0.022642047881888595, 0.9970118658753879, 0.01840446140037446, 1.0016551833457767]
Evaluating fit for parameters [0.33869930906697493, 0.22913754250123888, 0.005478720615132777, 0.9891551725886194, 0.014800186937310604, 0.9744129907113636]
Evaluating fit for parameters [0.21911910151687758, 0.1900217280032609, 0.018741627205896755, 0.9952264073530189, 0.017585378572249788, 0.9954643084787322]
Evaluating fit for parameters [0.20094254808407164, 0.1962876574785365, 0.017259254086910543, 0.9967371403556177, 0.016004848780729462, 0.9957321884529884]
Evaluating fit for parameters [0.20159639452335984, 0.19807511980884382, 0.01758590103432417, 0.9963401378982065, 0.016359690060827572, 0.9957547231719902]
Evaluating fit for parameters [0.2021245208412279, 0.20052384870629045, 0.017724440554032606, 0.9962664301751359, 0.016418405697513638, 0.9957958500449965]
Evaluating fit for parameters [0.20212413023986758, 0.20261616613528272, 0.017707012319933487, 0.9962905261776692, 0.016435473016812568, 0.9958204331192434]
Evaluating fit for parameters [0.2021245139913457, 0.20056054117418612, 0.017724134919279818, 0.9962668527409413, 0.01641870500299031, 0.9957962811524614]
Evaluating fit for parameters [0.20212426071537015, 0.20191725364850988, 0.01771283400371124, 0.9962824772091817, 0.016429771892113, 0.9958122214505375]
Evaluating fit for parameters [0.20232086723746698, 0.20381841975568604, 0.01801523227575511, 0.9962194820264896, 0.015959334645444915, 0.9957120642226598]
Evaluating fit for parameters [0.20212661747962354, 0.20194004333154456, 0.017716458916202635, 0.9962817220725102, 0.016424132660644058, 0.9958110208445156]
Evaluating fit for parameters [0.20212426148784907, 0.2019172611183065, 0.01771283519185234, 0.9962824769616698, 0.016429770043736604, 0.9958122210570137]
Evaluating fit for parameters [0.20212581644242023, 0.2019322973790436, 0.017715226849923535, 0.9962819787348245, 0.016426049370895524, 0.9958114289167649]
Evaluating fit for parameters [0.20212426182406076, 0.20191726436944124, 0.017712835708975767, 0.9962824768539434, 0.0164297692392541, 0.9958122208857374]
Evaluating fit for parameters [0.202125287872178, 0.20192718615577882, 0.01771441386200129, 0.9962821480953249, 0.01642731412613744, 0.9958116981862156]
Evaluating fit for parameters [0.20212563672853787, 0.20193055956313358, 0.017714950434029972, 0.9962820363173946, 0.016426479387677776, 0.9958115204683782]
Evaluating fit for parameters [0.2021252878882797, 0.2019271863114804, 0.01771441388676709, 0.9962821480901657, 0.016427314087609595, 0.9958116981780128]
Evaluating fit for parameters [0.20212528818737255, 0.2019271892036797, 0.017714414346798466, 0.9962821479943327, 0.016427313371944478, 0.9958116980256461]
Evaluating fit for parameters [0.2021254624579552, 0.20192887438340665, 0.01771468239041422, 0.9962820921558636, 0.016426896379811127, 0.9958116092470121]
Evaluating fit for parameters [0.2021252881913905, 0.2019271892425329, 0.017714414352978432, 0.9962821479930453, 0.016427313362330383, 0.9958116980235993]
Evaluating fit for parameters [0.20212540320732322, 0.20192830143550955, 0.01771459125768605, 0.9962821111405054, 0.016427038153867674, 0.9958116394310517]
Evaluating fit for parameters [0.20212528819314063, 0.20192718925945635, 0.01771441435567027, 0.9962821479924845, 0.016427313358142726, 0.9958116980227076]
Evaluating fit for parameters [0.20212536410250112, 0.20192792329565146, 0.017714531111000686, 0.9962821236701783, 0.016427131723321192, 0.9958116593522147]
Evaluating fit for parameters [0.20212528819314063, 0.20192718925945635, 0.01771441435567027, 0.9962821479924845, 0.016427313358142726, 0.9958116980227076]
Optimized parameters are [0.20212528819314063, 0.20192718925945635, 0.01771441435567027, 0.9962821479924845, 0.016427313358142726, 0.9958116980227076]
Estimated source parameters are {'cutoff_FWHM_multiplier': 10, 'source_FWHM_y_axis': 6.865317970323651, 'norm_power': 1.0, 'source_FWHM_x_axis': 6.8585894101247655}
51.80 mins has elapsed
1.81e+02 mins has elapsed
0.18 mins has elapsed
----------- Estimation of only source blur model parameters -----------
Will optimize source blur parameters
Will optimize transmission function parameters
----------------------------
Evaluating fit for parameters [0.37677040663878764, 0.18838520331939382, 0.016644597053527832, 0.9897051453590393, 0.015510280358307482, 0.9923139558168913]
Evaluating fit for parameters [0.37677042153994883, 0.18838520331939382, 0.016644597053527832, 0.9897051453590393, 0.015510280358307482, 0.9923139558168913]
Evaluating fit for parameters [0.37677040663878764, 0.188385218220555, 0.016644597053527832, 0.9897051453590393, 0.015510280358307482, 0.9923139558168913]
Evaluating fit for parameters [0.37677040663878764, 0.18838520331939382, 0.016644611954689026, 0.9897051453590393, 0.015510280358307482, 0.9923139558168913]
Evaluating fit for parameters [0.37677040663878764, 0.18838520331939382, 0.016644597053527832, 0.9897051602602005, 0.015510280358307482, 0.9923139558168913]
Evaluating fit for parameters [0.37677040663878764, 0.18838520331939382, 0.016644597053527832, 0.9897051453590393, 0.015510295259468676, 0.9923139558168913]
Evaluating fit for parameters [0.37677040663878764, 0.18838520331939382, 0.016644597053527832, 0.9897051453590393, 0.015510280358307482, 0.9923139707180525]
eps is 1.4901161193847656e-08
Error in jacobian at [0.37677040663878764, 0.18838520331939382, 0.016644597053527832, 0.9897051453590393, 0.015510280358307482, 0.9923139558168913] is 0.014075576672638418. Numerical jacobian is [ 319.44932556  466.27963257 -679.9482193   410.9174881  -641.52407455
  420.84740448]. True jacobian is [ 319.44932378  466.27959457 -679.95539709  410.9105696  -641.53118151
  420.84046004]
###########################
Evaluating fit for parameters [0.37677040663878764, 0.18838520331939382, 0.016644597053527832, 0.9897051453590393, 0.015510280358307482, 0.9923139558168913]
Evaluating fit for parameters [0.022019259131341895, 0.011009629612748845, 0.47175168846340554, 0.528619403906213, 0.47168539659784986, 0.5287718683042606]
Evaluating fit for parameters [0.37624424988486793, 0.18812212494250377, 0.017319598872646804, 0.9890212761772028, 0.016186866241301737, 0.9916264434528455]
Evaluating fit for parameters [0.37582115658215914, 0.1875840583550772, 0.01746293311105926, 0.9891477098400392, 0.016289539620420228, 0.9917476426316351]
Evaluating fit for parameters [0.36965716860793046, 0.17974298874084874, 0.018446931172016665, 0.990029750684493, 0.01700231557305323, 0.9925869919613978]
Evaluating fit for parameters [0.35465489434522324, 0.16064327279946536, 0.019726496797371075, 0.9912001476223357, 0.01793466507131858, 0.9936924125301815]
Evaluating fit for parameters [0.24183696147256323, 0.01683022172837098, 0.026983256504197337, 0.9979700523888824, 0.023267530165147886, 1.000028840992077]
Evaluating fit for parameters [0.3121147161013126, 0.10641578723411374, 0.022462798053218925, 0.9937528708298089, 0.019945524744649862, 0.9960816851337052]
Evaluating fit for parameters [0.27001612969136657, 0.05275121456171697, 0.025170694907869356, 0.9962790952831789, 0.02193551052305056, 0.9984461556956206]
Evaluating fit for parameters [0.2948567814962552, 0.08458812375093694, 0.02207945309067157, 0.9941944518822421, 0.019911137491209846, 0.9961628564182984]
Evaluating fit for parameters [0.26887909615666145, 0.051780363328227344, 0.01881308658163563, 0.9934139019463255, 0.018296828225751422, 0.9943834990773082]
Evaluating fit for parameters [0.2457194772001334, 0.025192254322960225, 0.017075077522516583, 0.9890642409497052, 0.014439784792862925, 0.9931229772772259]
Evaluating fit for parameters [0.2616584837515177, 0.04349083015097136, 0.01827121714086101, 0.9920577822187376, 0.017094294811407715, 0.9939904986845248]
Evaluating fit for parameters [0.2653782418624749, 0.052285921656180595, 0.015491350806661051, 0.9878769825251472, 0.014109182277976057, 0.9912420844602734]
Evaluating fit for parameters [0.26341029474906363, 0.04763285701499333, 0.016962045880070064, 0.990088844813858, 0.01568846335436383, 0.9926961397180983]
Evaluating fit for parameters [0.2609734659040423, 0.04613297104670263, 0.016077622548531876, 0.9902130403658863, 0.01606205302773604, 0.9917295198767141]
Evaluating fit for parameters [0.25998289978273775, 0.04615188142421253, 0.016143065788372622, 0.9901635161613613, 0.01599086655408261, 0.9917696365418174]
Evaluating fit for parameters [0.25602063529751956, 0.04622752293425214, 0.016404838747735608, 0.9899654193432614, 0.01570612065946889, 0.9919301032022305]
Evaluating fit for parameters [0.17263279580344115, 0.0481678798427887, 0.019239478871790498, 0.9879662136862967, 0.01258711488509251, 0.9936237910859003]
Evaluating fit for parameters [1e-10, 0.05838962762657591, 0.030986948450829697, 0.9800078252836786, -0.0005908438345277375, 1.0001383144002824]
Evaluating fit for parameters [0.11830156016999097, 0.051384882644392345, 0.02293665897708172, 0.9854615385241801, 0.008439729230784327, 0.9956740510019901]
Evaluating fit for parameters [0.1722132282529612, 0.04819272282619629, 0.019268029976553247, 0.9879468715820676, 0.012555087112861936, 0.9936396240136961]
Evaluating fit for parameters [1e-10, 0.049380213789420584, 0.01997680162273063, 0.9868579959771602, 0.01127380678400259, 0.9952299647054804]
Evaluating fit for parameters [0.11869967891184748, 0.04856172384275111, 0.019488273722437895, 0.9876085143081549, 0.01215694198293433, 0.9941338065802258]
Evaluating fit for parameters [0.04341750700014731, 0.05831814320331483, 0.01539210997897759, 1.0100197870032717, 0.0002342555236093044, 0.992135363050015]
Evaluating fit for parameters [0.10997439866364112, 0.04969250276395164, 0.019013524180857805, 0.9902060035943729, 0.010775090502996647, 0.9939021849436748]
Evaluating fit for parameters [0.08660334551643124, 0.05199097361981244, 0.0169402663033174, 0.9892883654622758, 0.015245392671275433, 0.9933149820349149]
Evaluating fit for parameters [0.14031790207946307, 0.054963497627614634, 0.013196807933118957, 0.9912918253047099, 0.020426240279336295, 0.9915091212191]
Evaluating fit for parameters [0.10258127468090536, 0.05287518045452081, 0.015826737373799, 0.9898843145214237, 0.016786487327737756, 0.9927778107718117]
Evaluating fit for parameters [0.10593420743012728, 0.0532420313507803, 0.016795540259578343, 0.9902653756752064, 0.01506560192135078, 0.992615800304937]
Evaluating fit for parameters [0.10636576688218533, 0.053396406823846165, 0.016465406732087726, 0.9901888481133336, 0.015226402074487524, 0.9928342581394914]
Evaluating fit for parameters [0.10670491339230878, 0.05342628012506525, 0.01645671404850988, 0.9901843790886179, 0.015251488792950779, 0.9928217895459313]
Evaluating fit for parameters [0.10689031608169372, 0.05343864356675834, 0.01645962587162365, 0.9901848484156428, 0.015248460651948128, 0.9928214120075427]
Evaluating fit for parameters [0.10690432680972503, 0.053449104738786314, 0.01645680612024212, 0.9901756527221425, 0.015273596944988125, 0.9927763893505044]
Evaluating fit for parameters [0.10689260913980281, 0.05344035568873342, 0.016459164378562294, 0.990183343407516, 0.015252574569544614, 0.9928140433991033]
Optimized parameters are [0.10689260913980281, 0.05344035568873342, 0.016459164378562294, 0.990183343407516, 0.015252574569544614, 0.9928140433991033]
Estimated source parameters are {'cutoff_FWHM_multiplier': 10, 'source_FWHM_y_axis': 25.94096433778334, 'norm_power': 1.0, 'source_FWHM_x_axis': 12.969038479608843}
45.21 mins has elapsed
2.27e+02 mins has elapsed
At iterate   15    f=  3.74355D+02    |proj g|=  4.23606D+02

At iterate   16    f=  3.38315D+02    |proj g|=  1.07203D+03

At iterate   17    f=  3.13744D+02    |proj g|=  4.79494D+02

At iterate   18    f=  2.91208D+02    |proj g|=  3.26711D+02

At iterate   19    f=  2.60545D+02    |proj g|=  1.52346D+02

At iterate   20    f=  2.57476D+02    |proj g|=  6.03413D+01

At iterate   21    f=  2.57155D+02    |proj g|=  4.60013D+01

At iterate   22    f=  2.57065D+02    |proj g|=  2.25125D+01

At iterate   23    f=  2.57043D+02    |proj g|=  8.74370D+00

At iterate   24    f=  2.57043D+02    |proj g|=  8.65967D+00

           * * *

Tit   = total number of iterations
Tnf   = total number of function evaluations
Tnint = total number of segments explored during Cauchy searches
Skip  = number of BFGS updates skipped
Nact  = number of active bounds at final generalized Cauchy point
Projg = norm of the final projected gradient
F     = final function value

           * * *

   N    Tit     Tnf  Tnint  Skip  Nact     Projg        F
    6     24     47     29     0     0   8.660D+00   2.570D+02
  F =   257.04308073768880     

CONVERGENCE: REL_REDUCTION_OF_F_<=_FACTR*EPSMCH             

 Cauchy                time 0.000E+00 seconds.
 Subspace minimization time 0.000E+00 seconds.
 Line search           time 0.000E+00 seconds.

 Total User time 0.000E+00 seconds.

RUNNING THE L-BFGS-B CODE

           * * *

Machine precision = 2.220D-16
 N =            6     M =           10

At X0         0 variables are exactly at the bounds

At iterate    0    f=  4.47841D+02    |proj g|=  4.92314D-01

At iterate    1    f=  4.46820D+02    |proj g|=  1.01619D+00

At iterate    2    f=  4.46403D+02    |proj g|=  1.01746D+00

At iterate    3    f=  4.42025D+02    |proj g|=  1.01845D+00

At iterate    4    f=  4.30839D+02    |proj g|=  1.01973D+00

At iterate    5    f=  3.71701D+02    |proj g|=  1.02517D+00

At iterate    6    f=  3.64681D+02    |proj g|=  1.02208D+00

At iterate    7    f=  2.93680D+02    |proj g|=  1.01881D+00

At iterate    8    f=  2.84123D+02    |proj g|=  7.68179D+02

At iterate    9    f=  2.78449D+02    |proj g|=  1.33255D+02

At iterate   10    f=  2.77304D+02    |proj g|=  3.29970D+02

At iterate   11    f=  2.75373D+02    |proj g|=  3.54969D+02

At iterate   12    f=  2.47980D+02    |proj g|=  5.63296D+02

At iterate   13    f=  2.47979D+02    |proj g|=  5.62150D+02

At iterate   14    f=  2.26334D+02    |proj g|=  6.83308D+02

At iterate   15    f=  2.24164D+02    |proj g|=  4.73440D+02

At iterate   16    f=  2.17886D+02    |proj g|=  8.45176D+02

At iterate   17    f=  2.11796D+02    |proj g|=  1.40967D+02

At iterate   18    f=  2.10201D+02    |proj g|=  2.55413D+01

At iterate   19    f=  2.10097D+02    |proj g|=  1.29501D+01

At iterate   20    f=  2.10094D+02    |proj g|=  4.32067D+00

At iterate   21    f=  2.10093D+02    |proj g|=  4.92821D-01

At iterate   22    f=  2.10093D+02    |proj g|=  8.07594D-01

           * * *

Tit   = total number of iterations
Tnf   = total number of function evaluations
Tnint = total number of segments explored during Cauchy searches
Skip  = number of BFGS updates skipped
Nact  = number of active bounds at final generalized Cauchy point
Projg = norm of the final projected gradient
F     = final function value

           * * *

   N    Tit     Tnf  Tnint  Skip  Nact     Projg        F
    6     22     35     27     0     0   8.076D-01   2.101D+02
  F =   210.09342470772989     

CONVERGENCE: REL_REDUCTION_OF_F_<=_FACTR*EPSMCH             

 Cauchy                time 0.000E+00 seconds.
 Subspace minimization time 0.000E+00 seconds.
 Line search           time 0.000E+00 seconds.

 Total User time 0.000E+00 seconds.

