0.20 mins has elapsed
----------- Estimation of only source blur model parameters -----------
Will optimize source blur parameters
Will optimize transmission function parameters
----------------------------
Evaluating fit for parameters [12.125087518226426, 6.062543759113213, 0.02841353416442871, 0.9848418235778809, 0.02509444970456054, 0.9845449054009483]
Evaluating fit for parameters [12.125087533127587, 6.062543759113213, 0.02841353416442871, 0.9848418235778809, 0.02509444970456054, 0.9845449054009483]
Evaluating fit for parameters [12.125087518226426, 6.062543774014374, 0.02841353416442871, 0.9848418235778809, 0.02509444970456054, 0.9845449054009483]
Evaluating fit for parameters [12.125087518226426, 6.062543759113213, 0.028413549065589905, 0.9848418235778809, 0.02509444970456054, 0.9845449054009483]
Evaluating fit for parameters [12.125087518226426, 6.062543759113213, 0.02841353416442871, 0.984841838479042, 0.02509444970456054, 0.9845449054009483]
Evaluating fit for parameters [12.125087518226426, 6.062543759113213, 0.02841353416442871, 0.9848418235778809, 0.025094464605721734, 0.9845449054009483]
Evaluating fit for parameters [12.125087518226426, 6.062543759113213, 0.02841353416442871, 0.9848418235778809, 0.02509444970456054, 0.9845449203021095]
eps is 1.4901161193847656e-08
Error in jacobian at [12.125087518226426, 6.062543759113213, 0.02841353416442871, 0.9848418235778809, 0.02509444970456054, 0.9845449054009483] is 0.014245331951240142. Numerical jacobian is [ 5.29168701e+00  2.33514404e+01 -7.34591467e+03  7.45092590e+03
 -5.02149512e+03  5.95272821e+03]. True jacobian is [ 5.29183733e+00  2.33515581e+01 -7.34592163e+03  7.45091819e+03
 -5.02150219e+03  5.95272151e+03]
###########################
Evaluating fit for parameters [12.125087518226426, 6.062543759113213, 0.02841353416442871, 0.9848418235778809, 0.02509444970456054, 0.9845449054009483]
Evaluating fit for parameters [11.472101443171827, 5.31445639191379, 0.08660492900744678, 0.9250147843471438, 0.08369540285409044, 0.9247545043778819]
Evaluating fit for parameters [12.048865542614537, 5.975220768261581, 0.035206118643623614, 0.9778583130569323, 0.03193484124188908, 0.9775656715968827]
Evaluating fit for parameters [12.047420029837992, 5.973546438517374, 0.036880969556731286, 0.9774339926554529, 0.030308940930864198, 0.9778802275672865]
Evaluating fit for parameters [12.046269445113934, 5.972208819532405, 0.03702059187253692, 0.9775018091566762, 0.030309425434837365, 0.9779330848417708]
Evaluating fit for parameters [12.041947694908162, 5.967182708256918, 0.03722009143600161, 0.9775882298614632, 0.03030624754406144, 0.9780163076937697]
Evaluating fit for parameters [12.026498881835192, 5.9492142101161125, 0.03758345880109532, 0.9777473835985826, 0.03030076598024107, 0.9781661619499449]
Evaluating fit for parameters [11.982423059547527, 5.897947231540547, 0.03816312830143171, 0.978002467580233, 0.030293831210705575, 0.9784055548196822]
Evaluating fit for parameters [11.852656883335747, 5.747005470460162, 0.03918884816430911, 0.9784579462356064, 0.030287041454210538, 0.9788295891281644]
Evaluating fit for parameters [11.451977362361358, 5.280935907836697, 0.04125809437496423, 0.9793885794614978, 0.030290040646871214, 0.9796865240880954]
Evaluating fit for parameters [9.48413061468002, 2.9919279513028942, 0.049152027457668265, 0.9829783856242168, 0.03036952194362643, 0.9829605655838382]
Evaluating fit for parameters [6.911987660233036, 1.000000082740371e-10, 0.05947006893395558, 0.9876705673909868, 0.0304734107539213, 0.9872400160927582]
Evaluating fit for parameters [9.482865387758052, 2.9904562338052707, 0.04915710286136432, 0.9829806936898255, 0.030369573046120344, 0.9829626706285775]
Evaluating fit for parameters [9.481599656495172, 2.988983929656089, 0.04916218028820237, 0.9829830026754685, 0.03036962416898458, 0.9829647765124234]
Evaluating fit for parameters [8.196793658364104, 1.4944919648780446, 0.05431612461107897, 0.9853267850332277, 0.03042151746145294, 0.9851023963025909]
Evaluating fit for parameters [8.195113066692459, 1.4925370932842, 0.05432286623270726, 0.9853298508199039, 0.030421585340522046, 0.9851051924181302]
Evaluating fit for parameters [8.193432381503497, 1.4905821129106034, 0.05432960822947626, 0.9853329167771773, 0.030421653223368317, 0.9851079886892609]
Evaluating fit for parameters [7.552710020868266, 0.7452910565053017, 0.05689983858171592, 0.986501742084082, 0.03044753198864481, 0.9861740023910096]
Evaluating fit for parameters [7.551285037937557, 0.7436335101185421, 0.05690555483980983, 0.9865043415814831, 0.030447589543681205, 0.9861763732327692]
Evaluating fit for parameters [7.549861687293857, 0.7419778624151796, 0.0569112645500542, 0.9865069381012165, 0.030447647032789557, 0.9861787413587809]
Evaluating fit for parameters [7.230924673763447, 0.3709889312575898, 0.05819066674200489, 0.9870887527461016, 0.03046052889335543, 0.9867093787257696]
Evaluating fit for parameters [7.230924673763447, 0.3709889312575898, 0.05819066674200489, 0.9870887527461016, 0.03046052889335543, 0.9867093787257696]
Evaluating fit for parameters [6.912411958450473, 1e-10, 0.05524253268318636, 0.9868299079336059, 0.030391319636676743, 0.9858486268491109]
Evaluating fit for parameters [7.230067442260705, 0.36999046751134945, 0.05818273226005794, 0.9870880561022412, 0.030460342626521315, 0.9867070621349735]
Evaluating fit for parameters [7.07123970035559, 0.18499523380567473, 0.05671263247162215, 0.9869589820179235, 0.030425831131599027, 0.9862778444920423]
Evaluating fit for parameters [6.617506350587913, 1e-10, -0.5299422582524802, 0.9326213692831206, 0.050777459621475174, 0.7695552394567485]
Evaluating fit for parameters [7.056115413985955, 0.1788287906887762, 0.03715767453872741, 0.9851477472562198, 0.031104211633113662, 0.9790538334225333]
Evaluating fit for parameters [6.981773704953557, 0.09411269198013399, 0.02389326095359459, 0.9878014723938998, 0.029359725960406164, 0.9788304420258067]
Evaluating fit for parameters [7.038282186525091, 0.1585069353328571, 0.033975782332085244, 0.9857843277789817, 0.030685741164671064, 0.9790002458787106]
Evaluating fit for parameters [7.041943956852961, 0.17740107193997048, 0.011764680377571465, 0.9922112726872861, 0.02428200893315533, 0.9862004626689683]
Evaluating fit for parameters [7.039517319214295, 0.16488001820485268, 0.02648387114408384, 0.9879521671127438, 0.028525731578090956, 0.9814289135259727]
Evaluating fit for parameters [7.03617435657163, 0.1639582311296949, 0.02462658284172189, 0.9879164520011715, 0.03009628398384169, 0.97796394037528]
Evaluating fit for parameters [7.036673574816946, 0.16367325711265146, 0.024873846926524844, 0.9876472641205555, 0.029615145555475803, 0.9786509654434532]
Evaluating fit for parameters [7.036577894735329, 0.16368765667331417, 0.02489913626649072, 0.9877167869839079, 0.029641345742113072, 0.9786552281215768]
Evaluating fit for parameters [7.036537099598259, 0.16369014157264578, 0.024896147786287137, 0.9877101384088374, 0.029641492896137923, 0.9786515094587693]
Optimized parameters are [7.036537099598259, 0.16369014157264578, 0.024896147786287137, 0.9877101384088374, 0.029641492896137923, 0.9786515094587693]
Estimated source parameters are {'norm_power': 2.0, 'source_FWHM_x_axis': 0.23663759584390773, 'source_FWHM_y_axis': 10.172324407065279, 'cutoff_FWHM_multiplier': 10}
43.52 mins has elapsed
4.35e+01 mins has elapsed
0.20 mins has elapsed
----------- Estimation of only source blur model parameters -----------
Will optimize source blur parameters
Will optimize transmission function parameters
----------------------------
Evaluating fit for parameters [4.609939748743633, 2.3049698743718166, 0.021755019202828407, 0.972416004166007, 0.020639657974243164, 0.9817575216293335]
Evaluating fit for parameters [4.609939763644794, 2.3049698743718166, 0.021755019202828407, 0.972416004166007, 0.020639657974243164, 0.9817575216293335]
Evaluating fit for parameters [4.609939748743633, 2.3049698892729777, 0.021755019202828407, 0.972416004166007, 0.020639657974243164, 0.9817575216293335]
Evaluating fit for parameters [4.609939748743633, 2.3049698743718166, 0.0217550341039896, 0.972416004166007, 0.020639657974243164, 0.9817575216293335]
Evaluating fit for parameters [4.609939748743633, 2.3049698743718166, 0.021755019202828407, 0.9724160190671682, 0.020639657974243164, 0.9817575216293335]
Evaluating fit for parameters [4.609939748743633, 2.3049698743718166, 0.021755019202828407, 0.972416004166007, 0.020639672875404358, 0.9817575216293335]
Evaluating fit for parameters [4.609939748743633, 2.3049698743718166, 0.021755019202828407, 0.972416004166007, 0.020639657974243164, 0.9817575365304947]
eps is 1.4901161193847656e-08
Error in jacobian at [4.609939748743633, 2.3049698743718166, 0.021755019202828407, 0.972416004166007, 0.020639657974243164, 0.9817575216293335] is 0.013955090505111544. Numerical jacobian is [   16.52554321    52.96220398 -2929.75123596  2573.84988403
 -2941.1802063   2537.80233765]. True jacobian is [   16.52548955    52.96228891 -2929.75803445  2573.8426748
 -2941.18739988  2537.79564478]
###########################
Evaluating fit for parameters [4.609939748743633, 2.3049698743718166, 0.021755019202828407, 0.972416004166007, 0.020639657974243164, 0.9817575216293335]
Evaluating fit for parameters [3.7305101262565397, 1.8652550631378082, 0.1129889237332619, 0.882294082654384, 0.11208633788953501, 0.8898535362244357]
Evaluating fit for parameters [4.580881703839561, 2.2904408519200956, 0.024769562751090643, 0.9694382026738081, 0.02366123203015445, 0.9787208373211496]
Evaluating fit for parameters [4.579794879626782, 2.289850227563927, 0.025032145494887255, 0.9696542247813953, 0.023784977706431207, 0.9788884828324009]
Evaluating fit for parameters [4.578000542276734, 2.2888745154135655, 0.025124472468145583, 0.9697191001333607, 0.023819925714063182, 0.9789498493733652]
Evaluating fit for parameters [4.563816343989077, 2.2811609721321258, 0.025489687239472137, 0.9699762079871871, 0.023958942086665436, 0.9791927130562392]
Evaluating fit for parameters [4.529438226204958, 2.2624651154010342, 0.025962123273369137, 0.9703085016914673, 0.02413874340481888, 0.9795067251676207]
Evaluating fit for parameters [4.4172105556681105, 2.2014314258403096, 0.026883599937801102, 0.9709553961657211, 0.024489044823969085, 0.9801189412923819]
Evaluating fit for parameters [4.076652946642455, 2.016221443929722, 0.028706439024599475, 0.9722310937574218, 0.025179983090287503, 0.9813299941147043]
Evaluating fit for parameters [2.539240218114913, 1.1801020432539637, 0.035021956658192355, 0.9766368633956723, 0.02756063660791439, 0.9855325281741006]
Evaluating fit for parameters [0.3693301542652674, 1.000000082740371e-10, 0.043935701820610906, 0.9828551831088175, 0.03092069986912154, 0.9914640004326195]
Evaluating fit for parameters [2.538339802456041, 1.1796123536689316, 0.035025655463897326, 0.9766394437203295, 0.027562030883937896, 0.9855349894698893]
Evaluating fit for parameters [2.5374390314975726, 1.1791224708547952, 0.035029355729132856, 0.9766420250631701, 0.027563425710135873, 0.985537451736893]
Evaluating fit for parameters [1.4533845928814202, 0.5895612354773978, 0.03948252877487188, 0.9797486040859938, 0.029242062789628705, 0.9885007260847563]
Evaluating fit for parameters [1.4522542150416045, 0.5889464813359584, 0.03948717223921136, 0.9797518434141677, 0.02924381315758825, 0.9885038159846145]
Evaluating fit for parameters [1.4511241736903902, 0.5883319101932951, 0.039491814321293714, 0.9797550817780649, 0.029245563004501776, 0.9885069049646774]
Evaluating fit for parameters [0.9102271639778285, 0.29416595514664756, 0.04171375807095232, 0.9813051324434412, 0.03008313143681166, 0.9899854526986485]
Evaluating fit for parameters [0.9096135545985975, 0.2938322446882313, 0.041716278708893426, 0.9813068908662268, 0.030084081598924936, 0.9899871300064186]
Evaluating fit for parameters [0.909001069993999, 0.2934991459366616, 0.04171879472638754, 0.9813086460657414, 0.030085030019346707, 0.9899888042396052]
Evaluating fit for parameters [0.639165612129633, 0.1467495730183308, 0.04282724827349922, 0.9820819145872794, 0.030502864944234126, 0.9907264023361124]
Evaluating fit for parameters [0.639165612129633, 0.1467495730183308, 0.04282724827349922, 0.9820819145872794, 0.030502864944234126, 0.9907264023361124]
Evaluating fit for parameters [3.5951487495200913, 1.7545925253089882, 0.02917309018356655, 0.9736901160696187, 0.025679717049010925, 0.9820603529064394]
Evaluating fit for parameters [0.9752616843882826, 0.32956174614550815, 0.04127476685167477, 0.9811277648543884, 0.029954471740293812, 0.9897410702012737]
Evaluating fit for parameters [0.6647565117310122, 0.16066918813602032, 0.04270903982217182, 0.9820092640803723, 0.030461109396988945, 0.9906513775505884]
Evaluating fit for parameters [0.5994192850982378, 0.14005265088163296, 0.022864336530598925, 1.0031044326188088, 0.047196571206045146, 0.9763275472534332]
Evaluating fit for parameters [0.6507944979227296, 0.15626360815261253, 0.03846839424142984, 0.9865171235289696, 0.03403733631857702, 0.9875904959260834]
Evaluating fit for parameters [0.6325474453234193, 0.14838703847458243, 0.0333175263081207, 0.9854139716988647, 0.029877097117693995, 0.9878153150616209]
Evaluating fit for parameters [0.5984567948750913, 0.13842091806482892, 0.020243899515144242, 0.9764645967863271, 0.021996966834337786, 0.9824967816254797]
Evaluating fit for parameters [0.6041734359189533, 0.14426852325360517, 0.019623859897096408, 0.9743349505540356, 0.022153681889320574, 0.980355102252126]
Evaluating fit for parameters [0.5973370855720344, 0.14388004724436348, 0.019774876666701437, 0.9735280671635483, 0.02262693529726369, 0.9793615092964464]
Evaluating fit for parameters [0.577865824300432, 0.1442332752580891, 0.0201556962797852, 0.9723122154790214, 0.023420289861436825, 0.9778442193213913]
Evaluating fit for parameters [0.5083679168224084, 0.14349133485102447, 0.02083732775864258, 0.9699650875462016, 0.02492023660834047, 0.9749093343368164]
Evaluating fit for parameters [0.2047006431932754, 0.13757584819421714, 0.022779899340909324, 0.9628569353038601, 0.029312678582993867, 0.966067099567897]
Evaluating fit for parameters [0.39744707536284263, 0.14133057926556333, 0.02154689277671437, 0.9673686858381066, 0.02652466817605001, 0.9716795226115351]
Evaluating fit for parameters [0.2654519367228485, 0.13875929302830511, 0.022391270908921544, 0.9642789833176831, 0.028433932155943305, 0.96783606595497]
Evaluating fit for parameters [0.08182472685422523, 0.14379019747818034, 0.0234897184318392, 0.961604660112036, 0.02912097983587371, 0.9656916235406429]
Evaluating fit for parameters [0.2138059493967972, 0.14017425776932974, 0.022700214266975754, 0.9635268177618082, 0.028627167438423855, 0.9672329317798604]
Evaluating fit for parameters [0.1962973687716909, 0.16876940282177427, 0.021920637521233417, 0.9652574699314521, 0.024786700197634497, 0.9728919550684212]
Evaluating fit for parameters [0.19571418177201053, 0.1821841594642931, 0.02238679631771977, 0.9723054606360236, 0.021427589364895177, 0.9801377636741647]
Evaluating fit for parameters [0.1714519652785535, 0.1803833341165714, 0.021430377259952064, 0.9731424531908613, 0.020410510554066192, 0.9823633036018604]
Evaluating fit for parameters [0.1893025019415523, 0.17652974573143504, 0.020873711531395014, 0.972397853422677, 0.020306717619571212, 0.9843659088501402]
Evaluating fit for parameters [0.1893251681727647, 0.17281592190663805, 0.021060898292570348, 0.9739865614026864, 0.019636104988202993, 0.9820008605755822]
Evaluating fit for parameters [0.18609150011896522, 0.17150830113889506, 0.02115441308322229, 0.9734371040409439, 0.020224405123494972, 0.982491569980471]
Evaluating fit for parameters [0.18468481582199153, 0.16965826830528008, 0.02108752110495784, 0.9733925953129333, 0.0202161598927883, 0.9826759502496599]
Evaluating fit for parameters [0.18498763665556336, 0.1684871326451051, 0.021135444783755224, 0.9735189951504637, 0.0203093658650391, 0.9826762531440171]
Evaluating fit for parameters [0.18495815950708425, 0.16837507921204742, 0.021034005933491307, 0.9734125066172379, 0.020147423712218015, 0.9826621560400739]
Evaluating fit for parameters [0.18496627938499569, 0.16860090541904185, 0.021063668803271363, 0.9734448165521828, 0.02019696708954299, 0.9826616646479218]
Evaluating fit for parameters [0.18496457352421145, 0.16859738963505322, 0.021063987874268067, 0.973444574898381, 0.020197069910240485, 0.982661514210539]
Optimized parameters are [0.18496457352421145, 0.16859738963505322, 0.021063987874268067, 0.973444574898381, 0.020197069910240485, 0.982661514210539]
Estimated source parameters are {'norm_power': 2.0, 'source_FWHM_x_axis': 9.002314284240146, 'source_FWHM_y_axis': 9.876245568924285, 'cutoff_FWHM_multiplier': 10}
53.99 mins has elapsed
9.75e+01 mins has elapsed
0.18 mins has elapsed
----------- Estimation of only source blur model parameters -----------
Will optimize source blur parameters
Will optimize transmission function parameters
----------------------------
Evaluating fit for parameters [2.2040405207281486, 1.1020202603640743, 0.0192231684923172, 0.9926579892635345, 0.01843829568645816, 0.991131852442772]
Evaluating fit for parameters [2.20404053562931, 1.1020202603640743, 0.0192231684923172, 0.9926579892635345, 0.01843829568645816, 0.991131852442772]
Evaluating fit for parameters [2.2040405207281486, 1.1020202752652355, 0.0192231684923172, 0.9926579892635345, 0.01843829568645816, 0.991131852442772]
Evaluating fit for parameters [2.2040405207281486, 1.1020202603640743, 0.019223183393478394, 0.9926579892635345, 0.01843829568645816, 0.991131852442772]
Evaluating fit for parameters [2.2040405207281486, 1.1020202603640743, 0.0192231684923172, 0.9926580041646957, 0.01843829568645816, 0.991131852442772]
Evaluating fit for parameters [2.2040405207281486, 1.1020202603640743, 0.0192231684923172, 0.9926579892635345, 0.018438310587619355, 0.991131852442772]
Evaluating fit for parameters [2.2040405207281486, 1.1020202603640743, 0.0192231684923172, 0.9926579892635345, 0.01843829568645816, 0.9911318673439332]
eps is 1.4901161193847656e-08
Error in jacobian at [2.2040405207281486, 1.1020202603640743, 0.0192231684923172, 0.9926579892635345, 0.01843829568645816, 0.991131852442772] is 0.01409195204592215. Numerical jacobian is [   32.4083252     99.66567993 -1770.29644775  1263.47496033
 -1817.58407593  1379.36134338]. True jacobian is [   32.40825764    99.66568745 -1770.30351823  1263.46792325
 -1817.59127942  1379.35447489]
###########################
Evaluating fit for parameters [2.2040405207281486, 1.1020202603640743, 0.0192231684923172, 0.9926579892635345, 0.01843829568645816, 0.991131852442772]
Evaluating fit for parameters [1.372132440968232, 0.6860662205029884, 0.20069085338706888, 0.8067057991877356, 0.20020222832378395, 0.8057556978527678]
Evaluating fit for parameters [2.1961480678719356, 1.0980740339361468, 0.02094478315480647, 0.9908938293408345, 0.020162720901457872, 0.9893731574662911]
Evaluating fit for parameters [2.1956759750641885, 1.0977498845991893, 0.021193847740058766, 0.9912286152215869, 0.020416192034660375, 0.9895369367513558]
Evaluating fit for parameters [2.195016528786006, 1.0972989089938348, 0.021244632654820527, 0.991289704660257, 0.020460605285205716, 0.9895702586800915]
Evaluating fit for parameters [2.1864357816533713, 1.091432565250686, 0.021576314105352636, 0.991688675934491, 0.020751047595030752, 0.9897882605924903]
Evaluating fit for parameters [2.1668367795040995, 1.0780352994218863, 0.021975591807400097, 0.9921690934173129, 0.021100699137578123, 0.9900505374215451]
Evaluating fit for parameters [2.0988904604230094, 1.0315917830665355, 0.022811642150083352, 0.9931747847065863, 0.02183210358029353, 0.990599277611674]
Evaluating fit for parameters [1.8780889415502258, 0.8806684182217202, 0.024646604159721856, 0.9953803647284936, 0.02343337403456657, 0.9918029666955178]
Evaluating fit for parameters [1e-10, 1e-10, 0.039465498010663035, 1.0131729394998161, 0.03631568688095852, 1.001532807411506]
Evaluating fit for parameters [1.8779884459355838, 0.8806212940882344, 0.02464739711143623, 0.99538131680041, 0.023434063360784803, 0.9918034873345044]
Evaluating fit for parameters [0.9389942230177919, 0.44031064709411727, 0.03205644756104963, 1.004277128150113, 0.029874875120871662, 0.9966681473730051]
Evaluating fit for parameters [0.9388913352976028, 0.44026240126092836, 0.032057259387460194, 1.004278102884277, 0.0298755808551797, 0.9966686804048052]
Evaluating fit for parameters [0.9387884194386948, 0.4402141422330071, 0.03205807143589681, 1.004279077885021, 0.029876286782498714, 0.9966692135823838]
Evaluating fit for parameters [0.46939420976934754, 0.22010707116650352, 0.03576178472327992, 1.0087260086924186, 0.03309598683172862, 0.9991010104969449]
Evaluating fit for parameters [0.46926597019207095, 0.220046937408635, 0.03576279658626533, 1.0087272236041391, 0.03309686646118455, 0.999101674869453]
Evaluating fit for parameters [0.4691377740332012, 0.21998682401040914, 0.035763808106661646, 1.008728438104524, 0.033097745792822056, 0.9991023390170227]
Evaluating fit for parameters [0.23456888706660073, 0.10999341205520463, 0.037614653058662344, 1.01095068880217, 0.03470671633689029, 1.0003175732142644]
Evaluating fit for parameters [0.35292121859910464, 0.16549086922635636, 0.036680804506933326, 1.0098294465320747, 0.033894906135971736, 0.9997044236936203]
Evaluating fit for parameters [0.23456888706660073, 0.10999341205520463, 0.037614653058662344, 1.01095068880217, 0.03470671633689029, 1.0003175732142644]
Evaluating fit for parameters [2.3014338952181714, 0.9227428310725021, 0.020188760322486454, 0.9904308210368025, 0.019723677423725085, 0.9890248051429484]
Evaluating fit for parameters [0.7246100443284362, 0.3026913697294261, 0.033483079584305075, 1.0060855526143, 0.03115432868731035, 0.9976401263986612]
Evaluating fit for parameters [0.31338128218174033, 0.14098466116366792, 0.03695017988884185, 1.010168238124619, 0.03413539253093649, 0.9998869644925191]
Evaluating fit for parameters [1e-10, 0.13072388242419458, 0.03641363884739375, 1.0119740903874235, 0.03490780960734339, 1.0000413320490273]
Evaluating fit for parameters [0.3132438080612402, 0.14098015996460625, 0.0369499445189841, 1.0101690303160031, 0.034135731374908065, 0.9998870322104885]
Evaluating fit for parameters [0.1566219040806201, 0.1358520211944004, 0.03668179168318892, 1.0110715603517133, 0.03452177049112573, 0.9999641821297579]
Evaluating fit for parameters [0.10635332967175153, 0.12434445376363115, 0.008023362885157256, 0.9940548253257904, 0.018232777897554436, 0.9909737822677229]
Evaluating fit for parameters [0.5455323510110444, 0.13440043229160134, -0.0014411519154516154, 0.9814773586489421, 0.009110169125615799, 0.9827603260349644]
Evaluating fit for parameters [0.19419706994419977, 0.12635583118166563, 0.006130288900398039, 0.9915391047144617, 0.01640809129680209, 0.9893309426032751]
Evaluating fit for parameters [0.13986314744824457, 0.12511173542250684, 0.0073012105260938575, 0.9930951514890352, 0.017536713325385967, 0.9903470869833362]
Evaluating fit for parameters [0.127140753377933, 0.15216268902023594, 0.0638841377632944, 0.960877327643848, -0.010391034627030449, 0.9886743015602613]
Evaluating fit for parameters [0.13825513897306982, 0.1285307587923467, 0.014452838281434014, 0.9890230771995238, 0.014006870188014074, 0.990135660334972]
Evaluating fit for parameters [0.14325583109599488, 0.1397360265117462, 0.019666635396924335, 0.9937456493890157, 0.018892423164103007, 0.991763389339563]
Evaluating fit for parameters [0.14454147063744752, 0.14137579745281628, 0.019189359805171922, 0.9933172630090631, 0.018387656048097684, 0.991715766900406]
Evaluating fit for parameters [0.14566380962952036, 0.14277449250870983, 0.0191208717034282, 0.9932431435103682, 0.01831016810441739, 0.9917085695489227]
Evaluating fit for parameters [0.14605226647121577, 0.14318394743019866, 0.01914362037767858, 0.9932570313906302, 0.018332262806911997, 0.9917057326462488]
Evaluating fit for parameters [0.14611701476854, 0.14318850048450035, 0.019150483694550434, 0.9932713933539872, 0.01832655598619739, 0.9917455556545205]
Evaluating fit for parameters [0.14606905289197578, 0.14318512783938947, 0.019145399737593532, 0.9932607548238294, 0.018330783276211172, 0.9917160570223391]
Optimized parameters are [0.14606905289197578, 0.14318512783938947, 0.019145399737593532, 0.9932607548238294, 0.018330783276211172, 0.9917160570223391]
Estimated source parameters are {'norm_power': 2.0, 'source_FWHM_x_axis': 11.399466138435319, 'source_FWHM_y_axis': 11.629065444444382, 'cutoff_FWHM_multiplier': 10}RUNNING THE L-BFGS-B CODE

           * * *

Machine precision = 2.220D-16
 N =            6     M =           10

At X0         0 variables are exactly at the bounds

At iterate    0    f=  4.46608D+03    |proj g|=  6.06254D+00

At iterate    1    f=  4.37595D+03    |proj g|=  5.97522D+00

At iterate    2    f=  4.37312D+03    |proj g|=  5.97355D+00

At iterate    3    f=  4.37307D+03    |proj g|=  5.97221D+00

At iterate    4    f=  4.37296D+03    |proj g|=  5.96718D+00

At iterate    5    f=  4.37263D+03    |proj g|=  5.94921D+00

At iterate    6    f=  4.37179D+03    |proj g|=  5.89795D+00

At iterate    7    f=  4.36945D+03    |proj g|=  5.74701D+00

At iterate    8    f=  4.36213D+03    |proj g|=  6.40073D+00

At iterate    9    f=  2.88912D+03    |proj g|=  7.23092D+00
  ys=-1.266E+04  -gs= 9.020E+01 BFGS update SKIPPED
  Positive dir derivative in projection 
  Using the backtracking step 

At iterate   10    f=  2.38838D+03    |proj g|=  7.07124D+00

At iterate   11    f=  2.00957D+03    |proj g|=  7.05612D+00

At iterate   12    f=  1.98289D+03    |proj g|=  1.15647D+03

At iterate   13    f=  1.94668D+03    |proj g|=  6.87954D+00

At iterate   14    f=  1.94180D+03    |proj g|=  6.77872D+00

At iterate   15    f=  1.94143D+03    |proj g|=  8.79586D+00

At iterate   16    f=  1.94142D+03    |proj g|=  6.78740D+00

At iterate   17    f=  1.94142D+03    |proj g|=  6.78751D+00

           * * *

Tit   = total number of iterations
Tnf   = total number of function evaluations
Tnint = total number of segments explored during Cauchy searches
Skip  = number of BFGS updates skipped
Nact  = number of active bounds at final generalized Cauchy point
Projg = norm of the final projected gradient
F     = final function value

           * * *

   N    Tit     Tnf  Tnint  Skip  Nact     Projg        F
    6     17     35     22     1     0   6.788D+00   1.941D+03
  F =   1941.4233212612169     

CONVERGENCE: REL_REDUCTION_OF_F_<=_FACTR*EPSMCH             

 Cauchy                time 0.000E+00 seconds.
 Subspace minimization time 0.000E+00 seconds.
 Line search           time 0.000E+00 seconds.

 Total User time 0.000E+00 seconds.

RUNNING THE L-BFGS-B CODE

           * * *

Machine precision = 2.220D-16
 N =            6     M =           10

At X0         0 variables are exactly at the bounds

At iterate    0    f=  1.87548D+03    |proj g|=  4.60994D+00

At iterate    1    f=  1.85830D+03    |proj g|=  4.58088D+00

At iterate    2    f=  1.85818D+03    |proj g|=  4.57979D+00

At iterate    3    f=  1.85811D+03    |proj g|=  4.57800D+00

At iterate    4    f=  1.85765D+03    |proj g|=  4.56382D+00

At iterate    5    f=  1.85670D+03    |proj g|=  4.52944D+00

At iterate    6    f=  1.85379D+03    |proj g|=  4.41721D+00

At iterate    7    f=  1.84502D+03    |proj g|=  4.07665D+00

At iterate    8    f=  1.03485D+03    |proj g|=  1.22250D+03

At iterate    9    f=  1.03365D+03    |proj g|=  4.28638D+02

At iterate   10    f=  1.00547D+03    |proj g|=  4.79882D+02

At iterate   11    f=  8.79191D+02    |proj g|=  8.38760D+02

At iterate   12    f=  6.83907D+02    |proj g|=  1.45533D+03

At iterate   13    f=  6.75087D+02    |proj g|=  1.05876D+03

At iterate   14    f=  6.71555D+02    |proj g|=  1.11185D+03

At iterate   15    f=  6.62823D+02    |proj g|=  1.13492D+03

At iterate   16    f=  6.36286D+02    |proj g|=  1.29246D+03

At iterate   17    f=  5.51601D+02    |proj g|=  1.95282D+03

At iterate   18    f=  5.34484D+02    |proj g|=  1.87602D+03

At iterate   19    f=  4.01646D+02    |proj g|=  1.52898D+02

At iterate   20    f=  3.24646D+02    |proj g|=  1.02769D+00

At iterate   21    f=  3.21504D+02    |proj g|=  4.68719D+02

At iterate   22    f=  3.19309D+02    |proj g|=  1.02760D+00

At iterate   23    f=  3.17179D+02    |proj g|=  1.01800D+00

At iterate   24    f=  3.16240D+02    |proj g|=  1.02115D+00

At iterate   25    f=  3.16078D+02    |proj g|=  7.97370D+00

At iterate   26    f=  3.16067D+02    |proj g|=  4.13654D+00

At iterate   27    f=  3.16059D+02    |proj g|=  8.48616D+00

At iterate   28    f=  3.16056D+02    |proj g|=  2.97408D-01

At iterate   29    f=  3.16056D+02    |proj g|=  7.47662D-02

           * * *

Tit   = total number of iterations
Tnf   = total number of function evaluations
Tnint = total number of segments explored during Cauchy searches
Skip  = number of BFGS updates skipped
Nact  = number of active bounds at final generalized Cauchy point
Projg = norm of the final projected gradient
F     = final function value

           * * *

   N    Tit     Tnf  Tnint  Skip  Nact     Projg        F
    6     29     48     34     0     0   7.477D-02   3.161D+02
  F =   316.05565887819506     

CONVERGENCE: REL_REDUCTION_OF_F_<=_FACTR*EPSMCH             

 Cauchy                time 0.000E+00 seconds.
 Subspace minimization time 0.000E+00 seconds.
 Line search           time 0.000E+00 seconds.

 Total User time 0.000E+00 seconds.

RUNNING THE L-BFGS-B CODE

           * * *

Machine precision = 2.220D-16
 N =            6     M =           10

At X0         0 variables are exactly at the bounds

At iterate    0    f=  1.11028D+03    |proj g|=  2.20404D+00

At iterate    1    f=  1.10454D+03    |proj g|=  2.19615D+00

At iterate    2    f=  1.10436D+03    |proj g|=  2.19568D+00

At iterate    3    f=  1.10430D+03    |proj g|=  2.19502D+00

At iterate    4    f=  1.10368D+03    |proj g|=  2.18644D+00

At iterate    5    f=  1.10246D+03    |proj g|=  2.16684D+00

At iterate    6    f=  1.09849D+03    |proj g|=  2.09889D+00

At iterate    7    f=  1.08517D+03    |proj g|=  1.87809D+00

At iterate    8    f=  8.53558D+02    |proj g|=  1.84326D+03

At iterate    9    f=  8.53460D+02    |proj g|=  4.87769D+01
  Positive dir derivative in projection 
  Using the backtracking step 

At iterate   10    f=  7.61831D+02    |proj g|=  2.57843D+02

At iterate   11    f=  4.05602D+02    |proj g|=  2.27893D+03

At iterate   12    f=  3.78024D+02    |proj g|=  5.96852D+02

At iterate   13    f=  3.40462D+02    |proj g|=  5.87184D+02

At iterate   14    f=  3.07368D+02    |proj g|=  1.16910D+02

At iterate   15    f=  3.06737D+02    |proj g|=  5.90458D+01

At iterate   16    f=  3.06650D+02    |proj g|=  1.38110D+01

At iterate   17    f=  3.06643D+02    |proj g|=  2.76609D+00

At iterate   18    f=  3.06643D+02    |proj g|=  2.14513D+00

           * * *

Tit   = total number of iterations
Tnf   = total number of function evaluations
Tnint = total number of segments explored during Cauchy searches
Skip  = number of BFGS updates skipped
Nact  = number of active bounds at final generalized Cauchy point
Projg = norm of the final projected gradient
F     = final function value

           * * *

   N    Tit     Tnf  Tnint  Skip  Nact     Projg        F
    6     18     38     23     0     0   2.145D+00   3.066D+02
  F =   306.64325821123509     

CONVERGENCE: REL_REDUCTION_OF_F_<=_FACTR*EPSMCH             

 Cauchy                time 0.000E+00 seconds.
 Subspace minimization time 0.000E+00 seconds.
 Line search           time 0.000E+00 seconds.

 Total User time 0.000E+00 seconds.

RUNNING THE L-BFGS-B CODE

           * * *

Machine precision = 2.220D-16
 N =            6     M =           10

At X0         0 variables are exactly at the bounds

At iterate    0    f=  7.26905D+02    |proj g|=  1.01894D+00

At iterate    1    f=  7.24751D+02    |proj g|=  1.01904D+00

At iterate    2    f=  7.24619D+02    |proj g|=  1.01910D+00

At iterate    3    f=  7.24503D+02    |proj g|=  1.01913D+00

At iterate    4    f=  7.23941D+02    |proj g|=  1.01923D+00

At iterate    5    f=  7.22680D+02    |proj g|=  1.01937D+00

At iterate    6    f=  7.18729D+02    |proj g|=  1.02012D+00

At iterate    7    f=  6.22837D+02    |proj g|=  1.03002D+00
  Positive dir derivative in projection 
  Using the backtracking step 

At iterate    8    f=  6.20181D+02    |proj g|=  1.03014D+00

At iterate    9    f=  5.39294D+02    |proj g|=  1.68745D+01

At iterate   10    f=  4.85315D+02    |proj g|=  1.94534D+02

At iterate   11    f=  4.81494D+02    |proj g|=  3.22534D+01

At iterate   12    f=  4.81454D+02    |proj g|=  1.13593D+02


42.99 mins has elapsed
1.41e+02 mins has elapsed
0.19 mins has elapsed
----------- Estimation of only source blur model parameters -----------
Will optimize source blur parameters
Will optimize transmission function parameters
----------------------------
Evaluating fit for parameters [1.0189411796804568, 0.5094705898402284, 0.01798492670059204, 0.995734691619873, 0.016570091247558594, 0.9952449798583984]
Evaluating fit for parameters [1.018941194581618, 0.5094705898402284, 0.01798492670059204, 0.995734691619873, 0.016570091247558594, 0.9952449798583984]
Evaluating fit for parameters [1.0189411796804568, 0.5094706047413896, 0.01798492670059204, 0.995734691619873, 0.016570091247558594, 0.9952449798583984]
Evaluating fit for parameters [1.0189411796804568, 0.5094705898402284, 0.017984941601753235, 0.995734691619873, 0.016570091247558594, 0.9952449798583984]
Evaluating fit for parameters [1.0189411796804568, 0.5094705898402284, 0.01798492670059204, 0.9957347065210342, 0.016570091247558594, 0.9952449798583984]
Evaluating fit for parameters [1.0189411796804568, 0.5094705898402284, 0.01798492670059204, 0.995734691619873, 0.016570106148719788, 0.9952449798583984]
Evaluating fit for parameters [1.0189411796804568, 0.5094705898402284, 0.01798492670059204, 0.995734691619873, 0.016570091247558594, 0.9952449947595596]
eps is 1.4901161193847656e-08
Error in jacobian at [1.0189411796804568, 0.5094705898402284, 0.01798492670059204, 0.995734691619873, 0.016570091247558594, 0.9952449798583984] is 0.014171014105152304. Numerical jacobian is [   64.20127869   181.04148865  -983.27908325   706.65274048
 -1189.70567322   843.74958801]. True jacobian is [   64.2011979    181.04146603  -983.28619475   706.64577852
 -1189.71297643   843.74262874]
###########################
Evaluating fit for parameters [1.0189411796804568, 0.5094705898402284, 0.01798492670059204, 0.995734691619873, 0.016570091247558594, 0.9952449798583984]
Evaluating fit for parameters [0.3403802472376649, 0.17019012365212982, 0.33898147109798193, 0.6656016070699622, 0.3385088412241349, 0.6654380174401215]
Evaluating fit for parameters [1.0167179182467545, 0.5083589591234863, 0.019036651318661817, 0.9946530317131838, 0.017624902941860837, 0.9941643884699856]
Evaluating fit for parameters [1.0164772475989778, 0.5080814356760318, 0.019096203264018896, 0.9948934956177236, 0.01789091543865399, 0.994250125094459]
Evaluating fit for parameters [1.0159904273148548, 0.5075243227438985, 0.01912842453355415, 0.9950147967403274, 0.018021422437585418, 0.9942919159472493]
Evaluating fit for parameters [1.012994813400314, 0.5041000162338787, 0.019227657227927495, 0.9953903945289457, 0.018425229585314992, 0.9944208249917342]
Evaluating fit for parameters [1.0053346171067883, 0.49534717188259525, 0.019365086620054144, 0.9959145403202243, 0.018987995866802648, 0.9945997288704748]
Evaluating fit for parameters [0.9801561183358176, 0.46657977695338154, 0.01963980904314789, 0.9969735567284279, 0.02012265197950356, 0.9949582008585636]
Evaluating fit for parameters [0.8902705050744776, 0.3638765815484145, 0.020319449894931004, 0.9996287859495031, 0.022958956656982398, 0.9958469927967282]
Evaluating fit for parameters [0.5718065123431584, 1.0000006378518833e-10, 0.022727411874929614, 1.0090362413662217, 0.03300796093496647, 0.9989959753654107]
Evaluating fit for parameters [0.8902295220485714, 0.3638297543914847, 0.02031975977476188, 0.9996299965918296, 0.022960249860019648, 0.9958473980382535]
Evaluating fit for parameters [0.7310180171958649, 0.18191487724574235, 0.021523585824845745, 1.0043331189790257, 0.027984105397493058, 0.9974216867018322]
Evaluating fit for parameters [0.7309888583056463, 0.18188156033226477, 0.021523806300317472, 1.0043339803353046, 0.027985025494644496, 0.99742197502591]
Evaluating fit for parameters [0.7309597063858486, 0.18184825138318178, 0.021524026723084625, 1.0043348414856765, 0.027985945371847083, 0.997422263281064]
Evaluating fit for parameters [0.6513831093645035, 0.09092412574159092, 0.02212571929900712, 1.0066855414259492, 0.030496953153406774, 0.9982091193232374]
Evaluating fit for parameters [0.6975734600831338, 0.14370116584351128, 0.021776465973947227, 1.0053210742491694, 0.02903943505852844, 0.9977523875966556]
Evaluating fit for parameters [0.6664800644108315, 0.1081738887224028, 0.022011568579946156, 1.0062395759957339, 0.030020574758022285, 0.9980598401288351]
Evaluating fit for parameters [0.5719771933714921, 1e-10, 0.022061176018850544, 1.0076329743424828, 0.031119571526000693, 0.9985394072964714]
Evaluating fit for parameters [0.6664711332100423, 0.10816366551215728, 0.02201157326820581, 1.006239707681896, 0.03002067862111865, 0.9980598854513805]
Evaluating fit for parameters [0.6192241632907672, 0.05408183280607864, 0.022036374643528176, 1.0069363410121894, 0.030570125073559672, 0.998299646373926]
Evaluating fit for parameters [0.6561487573234237, 0.09634802936060766, 0.02201699179809291, 1.0063919060366842, 0.030140720029517024, 0.9981122676966264]
Evaluating fit for parameters [0.6416579341292423, 0.09036173702135329, 0.032529122689769645, 0.981442678642036, -0.0020319997889999717, 1.0102159177051389]
Evaluating fit for parameters [0.651834419248561, 0.09456573662123627, 0.02514675785390346, 0.998963797899228, 0.020561968827814962, 1.0017158751229807]
Evaluating fit for parameters [0.6485230578088079, 0.08980216128825287, 0.01575099021140652, 0.9957137770451112, 0.016853971873500177, 0.9928183998656651]
Evaluating fit for parameters [0.65083904658427, 0.0931366095432887, 0.017831574831050665, 0.9961643846725096, 0.017701344411247388, 0.9944180135829662]
Evaluating fit for parameters [0.6492766210878191, 0.09158821782010439, 0.017835736232164872, 0.9962327383742124, 0.017704447293935773, 0.9944889663619942]
Evaluating fit for parameters [0.6478681445709326, 0.09196538322340209, 0.017766277293043004, 0.9962840262667307, 0.017651027620594128, 0.994532693969161]
Evaluating fit for parameters [0.615480609425182, 0.0960728110187045, 0.017196617937338714, 0.9965679118889196, 0.01722901612475673, 0.9947361591657797]
Evaluating fit for parameters [0.47424661235035653, 0.10670457378386938, 0.015832800555855012, 0.9972847374138496, 0.016178682263090754, 0.9952922238967071]
Evaluating fit for parameters [1.000000082740371e-10, 0.14240474214317486, 0.01125326739604412, 0.9996917504830367, 0.012651788696784464, 0.9971594217406831]
Evaluating fit for parameters [0.47418911419006626, 0.10670890210999695, 0.01583224532841664, 0.997285029242657, 0.016178254658788763, 0.9952924502777464]
Evaluating fit for parameters [0.2370945571450332, 0.12455682212658589, 0.01354275636223038, 0.9984883898628469, 0.014415021677786615, 0.9962259360092147]
Evaluating fit for parameters [0.23703036504543656, 0.1245616543567036, 0.013542136495179973, 0.9984887156663818, 0.014414544291765868, 0.9962261887455482]
Evaluating fit for parameters [0.23696618249871887, 0.12456648586770308, 0.013541516720376354, 0.9984890414214315, 0.0144140669767883, 0.9962264414442703]
Evaluating fit for parameters [0.11848309129935947, 0.13348561400543896, 0.012397392058210237, 0.9990903959522341, 0.013532927836786382, 0.9966929315924767]
Evaluating fit for parameters [0.06800352995337733, 0.13728559652972971, 0.011909939287636525, 0.9993466022397394, 0.01315751969354988, 0.9968916790915107]
Evaluating fit for parameters [0.11848309129935947, 0.13348561400543896, 0.012397392058210237, 0.9990903959522341, 0.013532927836786382, 0.9966929315924767]
Evaluating fit for parameters [1e-10, 0.142038359538419, 0.014026350357478285, 0.9981723223801406, 0.014103931560812941, 0.9967042470642261]
Evaluating fit for parameters [0.11846092133028151, 0.13348721435281408, 0.012397696860817584, 0.9990902241668553, 0.013533034680174555, 0.9966929337097717]
Evaluating fit for parameters [0.05923046071514075, 0.13776278694561656, 0.013212023609147935, 0.998631273273498, 0.013818483120493748, 0.9966985903869989]
Evaluating fit for parameters [0.09802945745924016, 0.1349620670899128, 0.0126785977244094, 0.9989319097033373, 0.01363149971716493, 0.996694884972605]
Evaluating fit for parameters [0.10404278563419747, 0.1339160642417793, 0.0245860424602192, 0.9908037196668316, 0.0205502917538438, 0.9946033226908305]
Evaluating fit for parameters [0.10066382427158697, 0.1345038258117769, 0.0178951061735086, 0.9953710473233673, 0.01666253936653275, 0.995778596670894]
Evaluating fit for parameters [0.0952642362668143, 0.12262013860867027, 0.01820887538082127, 0.9958248783656863, 0.01650733605757041, 0.9958628062522955]
Evaluating fit for parameters [0.08964037104174716, 0.04536796032275488, 0.014722612955023221, 0.9935561862795433, 0.019336480332738843, 0.9997509654453706]
Evaluating fit for parameters [0.09370724172363255, 0.10123249590629074, 0.017243686608360547, 0.9951967798859185, 0.01729059846198881, 0.9969392621068306]
Evaluating fit for parameters [0.10087158367860743, 0.07789048186401157, 0.01994586623330829, 0.9986184895179783, 0.014628232765268928, 0.993233886651215]
Evaluating fit for parameters [0.09549226203503497, 0.09541675324124724, 0.01791694390762166, 0.9960493105483762, 0.01662726093917194, 0.9960160551338506]
Evaluating fit for parameters [0.09645649266986309, 0.09744145493426955, 0.017914316964350564, 0.9962581979502945, 0.01651177771097952, 0.9955888059642692]
Evaluating fit for parameters [0.09639438877905206, 0.0965410128673521, 0.0178487607774125, 0.9961616926146155, 0.01650831731449641, 0.9956643261565963]
Evaluating fit for parameters [0.09640986516248237, 0.09651979950559851, 0.017851247108707596, 0.996177151117012, 0.01653390467711786, 0.9956741083723681]
Evaluating fit for parameters [0.09640073983550075, 0.09653230752229715, 0.01784978109527141, 0.9961680363332094, 0.016518817621956075, 0.9956683404926872]
Optimized parameters are [0.09640073983550075, 0.09653230752229715, 0.01784978109527141, 0.9961680363332094, 0.016518817621956075, 0.9956683404926872]
Estimated source parameters are {'norm_power': 2.0, 'source_FWHM_x_axis': 17.272784681494723, 'source_FWHM_y_axis': 17.249242922435958, 'cutoff_FWHM_multiplier': 10}
58.62 mins has elapsed
1.99e+02 mins has elapsed
0.19 mins has elapsed
----------- Estimation of only source blur model parameters -----------
Will optimize source blur parameters
Will optimize transmission function parameters
----------------------------
Evaluating fit for parameters [0.4525473783814308, 0.2262736891907154, 0.01661221857648343, 0.9897179175168276, 0.015456676483154297, 0.9923014640808105]
Evaluating fit for parameters [0.45254739328259197, 0.2262736891907154, 0.01661221857648343, 0.9897179175168276, 0.015456676483154297, 0.9923014640808105]
Evaluating fit for parameters [0.4525473783814308, 0.22627370409187658, 0.01661221857648343, 0.9897179175168276, 0.015456676483154297, 0.9923014640808105]
Evaluating fit for parameters [0.4525473783814308, 0.2262736891907154, 0.016612233477644622, 0.9897179175168276, 0.015456676483154297, 0.9923014640808105]
Evaluating fit for parameters [0.4525473783814308, 0.2262736891907154, 0.01661221857648343, 0.9897179324179888, 0.015456676483154297, 0.9923014640808105]
Evaluating fit for parameters [0.4525473783814308, 0.2262736891907154, 0.01661221857648343, 0.9897179175168276, 0.01545669138431549, 0.9923014640808105]
Evaluating fit for parameters [0.4525473783814308, 0.2262736891907154, 0.01661221857648343, 0.9897179175168276, 0.015456676483154297, 0.9923014789819717]
eps is 1.4901161193847656e-08
Error in jacobian at [0.4525473783814308, 0.2262736891907154, 0.01661221857648343, 0.9897179175168276, 0.015456676483154297, 0.9923014640808105] is 0.014079659313316364. Numerical jacobian is [ 130.32094574  251.69795227 -877.14556885  588.86395264 -917.62893677
  633.95707703]. True jacobian is [ 130.32098016  251.69799524 -877.15267712  588.85702279 -917.63609778
  633.95011977]
###########################
Evaluating fit for parameters [0.4525473783814308, 0.2262736891907154, 0.01661221857648343, 0.9897179175168276, 0.015456676483154297, 0.9923014640808105]
Evaluating fit for parameters [0.04056643599343207, 0.020283218042234014, 0.45666902431022205, 0.5438984103327564, 0.45656544128996635, 0.5441299999542974]
Evaluating fit for parameters [0.45174924378839026, 0.22587462189428334, 0.01746474480627251, 0.9888542271507796, 0.016311240683248067, 0.9914332172462371]
Evaluating fit for parameters [0.45155531373613694, 0.22558008417834036, 0.017585954094349376, 0.9890204477187006, 0.016475528707661242, 0.9915582066084282]
Evaluating fit for parameters [0.45086831131312927, 0.22454002529605474, 0.017739613169796404, 0.9892320907450134, 0.016683484263614032, 0.9917150566703815]
Evaluating fit for parameters [0.44831617500679644, 0.22067473072333513, 0.018033055205574813, 0.9896366910943923, 0.017081408881952285, 0.9920139660627668]
Evaluating fit for parameters [0.4404102133696542, 0.20868736880602554, 0.018573581244492675, 0.9903835929918418, 0.017816650587174323, 0.9925633172110069]
Evaluating fit for parameters [0.4118988669925827, 0.16541563217813682, 0.019920552282534826, 0.9922565732579327, 0.019657425046245704, 0.9939332827777867]
Evaluating fit for parameters [0.35777014926454354, 0.08321385695352627, 0.021652322683745995, 0.9947531083424183, 0.022058518760719535, 0.9957454438564213]
Evaluating fit for parameters [0.30297498995833133, 1.000000082740371e-10, 0.023405414923856345, 0.9972803811729932, 0.024489175131609045, 0.9975799165570532]
Evaluating fit for parameters [0.3577623416647881, 0.08320200005783249, 0.021652572476660525, 0.9947534684460293, 0.022058865097737752, 0.9957457052449963]
Evaluating fit for parameters [0.3577545336026283, 0.08319014245991516, 0.021652822284369013, 0.9947538285709675, 0.02205921145526775, 0.995745966649052]
Evaluating fit for parameters [0.3303647617804798, 0.04159507127995758, 0.02252911860411268, 0.9960171048719804, 0.023274193293438397, 0.9966629416030526]
Evaluating fit for parameters [0.33035942022088227, 0.04158695939961353, 0.022529289499622414, 0.996017351236415, 0.023274430239475796, 0.9966631204317189]
Evaluating fit for parameters [0.330354080422512, 0.041578850193931274, 0.022529460338784214, 0.9960175975196179, 0.02327466710738698, 0.9966632992014216]
Evaluating fit for parameters [0.3166645351904217, 0.020789425146965634, 0.02296743763132028, 0.9966489893463055, 0.023881921119498013, 0.9971216078792374]
Evaluating fit for parameters [0.3242044003600386, 0.03223972967867009, 0.02272621049944049, 0.9963012342410985, 0.023547460529507548, 0.9968691827198759]
Evaluating fit for parameters [0.3166645351904217, 0.020789425146965634, 0.02296743763132028, 0.9966489893463055, 0.023881921119498013, 0.9971216078792374]
Evaluating fit for parameters [0.4010705663000839, 0.15022645092510412, 0.019295459101099473, 0.9922324459197581, 0.019470005339964742, 0.9934794417188875]
Evaluating fit for parameters [0.33518620843345115, 0.04919249380798958, 0.02216167546482524, 0.995679843265928, 0.022913790508806067, 0.9963223876027719]
Evaluating fit for parameters [0.3206500608616313, 0.02690124656851254, 0.022794052335223233, 0.9964404468171391, 0.023673597100854142, 0.9969496302783475]
Evaluating fit for parameters [0.3197670804382084, 0.02514836227435232, 0.02039088371511907, 0.995825908129441, 0.022116576478950663, 0.9955023240063046]
Evaluating fit for parameters [0.31722916707263843, 0.021403401225476945, 0.016295219605261292, 0.9909287488236264, 0.016559448658604304, 0.9919456556203161]
Evaluating fit for parameters [0.31837570183520386, 0.02371116038525136, 0.016403150292546735, 0.9902342093122787, 0.016315373396371333, 0.9917086736843087]
Evaluating fit for parameters [0.3179483530327631, 0.023480154735944548, 0.016494560351102073, 0.9901393641123167, 0.016292921573105905, 0.9917421671054568]
Evaluating fit for parameters [0.31701949547227487, 0.023222339765255742, 0.016546966525174796, 0.990085651876103, 0.016276995091872665, 0.9917631540800234]
Evaluating fit for parameters [0.3142909498861892, 0.022838732068218712, 0.01662391858457669, 0.990006935349377, 0.016249169868115945, 0.9917980628705415]
Evaluating fit for parameters [0.3056838505272925, 0.022183191143773585, 0.016775814756791546, 0.9898512164561871, 0.016197224443756833, 0.9918641571148207]
Evaluating fit for parameters [0.27979993528906383, 0.02107622555830774, 0.017093280313879095, 0.98952606077263, 0.01608878984406323, 0.9920027078644159]
Evaluating fit for parameters [0.15677538048168793, 0.01758475136827519, 0.018344136248666553, 0.9882406218560413, 0.015667151505778625, 0.9925417330776752]
Evaluating fit for parameters [1.000000082740371e-10, 0.013135418508731438, 0.019938154737788844, 0.9866025328142144, 0.015129839983119012, 0.9932286356474619]
Evaluating fit for parameters [0.15675972514392497, 0.017584307065039783, 0.018344295424793485, 0.9882404582790998, 0.01566709785071269, 0.992541801670663]
Evaluating fit for parameters [0.15674406963228346, 0.01758386275686965, 0.018344454602688333, 0.9882402947003414, 0.015667044195050828, 0.9925418702644125]
Evaluating fit for parameters [0.07837203486614172, 0.015359640632800544, 0.019141304670238588, 0.9874214137572779, 0.01539844208908492, 0.9928852529559372]
Evaluating fit for parameters [0.07836421414929523, 0.0153594186784837, 0.019141384187617027, 0.9874213320414464, 0.015398415285378452, 0.9928852872219711]
Evaluating fit for parameters [0.05342786169430855, 0.014651717430334816, 0.019394925316126778, 0.9871607811462727, 0.01531295167830861, 0.9929945444570085]
Evaluating fit for parameters [0.06418715447470708, 0.014957069423720064, 0.01928552987674031, 0.9872732010910272, 0.01534982667725616, 0.9929474032168345]
Evaluating fit for parameters [0.06418715447470708, 0.014957069423720064, 0.01928552987674031, 0.9872732010910272, 0.01534982667725616, 0.9929474032168345]
Evaluating fit for parameters [1e-10, 0.01723857791841347, 0.019693025800290677, 0.9867893460219603, 0.015015711686762512, 0.9932849874170221]
Evaluating fit for parameters [0.06417477326904386, 0.01495750950906378, 0.01928560847955244, 0.9872731077591265, 0.015349762229058499, 0.9929474683342159]
Evaluating fit for parameters [0.032087386684521935, 0.016098043713738627, 0.01948931713992156, 0.9870312268905435, 0.015182736957910505, 0.993116227875619]
Evaluating fit for parameters [0.05085726686809715, 0.015430875313762337, 0.019370155451966287, 0.9871727178440072, 0.01528044028188857, 0.993017510070614]
Evaluating fit for parameters [0.19295135881042555, 0.11113232736422635, 0.015729466083065087, 0.9909763701970656, 0.010635227725267298, 0.9975335217068628]
Evaluating fit for parameters [0.08963396630305664, 0.04154727741692794, 0.018376631263422035, 0.9882107137383719, 0.014012787217236802, 0.9942499049117357]
Evaluating fit for parameters [0.06499909263103408, 0.02495550256362031, 0.019007818116133394, 0.987551273969068, 0.014818128403121598, 0.9934669633084667]
Evaluating fit for parameters [0.05239471721442089, 0.02509657545610252, 0.017122278425907373, 0.9895956473102352, 0.015225461955797957, 0.9930167342929412]
Evaluating fit for parameters [0.05056576225298539, 0.02526324435088072, 0.01655423846101086, 0.9900518820661083, 0.015501938252864233, 0.9925004341100466]
Evaluating fit for parameters [0.0515225032637547, 0.025328874415644912, 0.016503557680160066, 0.9901162618686977, 0.015392005993583037, 0.9926499245208986]
Evaluating fit for parameters [0.05128903859230191, 0.025395037255400855, 0.016584796584531877, 0.9900939645769514, 0.015382713435122713, 0.9927191828644608]
Evaluating fit for parameters [0.0512962596122714, 0.025457068206558145, 0.016577760973297134, 0.9900649853230894, 0.015398174794623853, 0.992670359087277]
Evaluating fit for parameters [0.051309526870754, 0.0255100315149267, 0.016564786096924248, 0.9900735985753737, 0.01539575420254509, 0.9926660017036342]
Evaluating fit for parameters [0.051317763836354585, 0.02551914983467399, 0.016565694415441114, 0.9900757017743634, 0.015395758970731392, 0.9926696100006616]
Optimized parameters are [0.051317763836354585, 0.02551914983467399, 0.016565694415441114, 0.9900757017743634, 0.015395758970731392, 0.9926696100006616]
Estimated source parameters are {'norm_power': 2.0, 'source_FWHM_x_axis': 32.447033889185114, 'source_FWHM_y_axis': 65.249400277941, 'cutoff_FWHM_multiplier': 10}
58.38 mins has elapsed
2.58e+02 mins has elapsed
At iterate   13    f=  4.81283D+02    |proj g|=  9.16611D+01

At iterate   14    f=  4.78420D+02    |proj g|=  6.15481D-01

At iterate   15    f=  3.27111D+02    |proj g|=  4.99090D-01
  ys=-2.047E+02  -gs= 4.305E+01 BFGS update SKIPPED
  Positive dir derivative in projection 
  Using the backtracking step 

At iterate   16    f=  3.17180D+02    |proj g|=  4.98932D-01

At iterate   17    f=  2.93466D+02    |proj g|=  1.01666D+00

At iterate   18    f=  2.83823D+02    |proj g|=  4.33857D+01

At iterate   19    f=  2.75047D+02    |proj g|=  1.21295D+02

At iterate   20    f=  2.72903D+02    |proj g|=  5.64950D+01

At iterate   21    f=  2.72812D+02    |proj g|=  1.01791D+00

At iterate   22    f=  2.72784D+02    |proj g|=  1.00434D+00

At iterate   23    f=  2.72784D+02    |proj g|=  1.00433D+00

           * * *

Tit   = total number of iterations
Tnf   = total number of function evaluations
Tnint = total number of segments explored during Cauchy searches
Skip  = number of BFGS updates skipped
Nact  = number of active bounds at final generalized Cauchy point
Projg = norm of the final projected gradient
F     = final function value

           * * *

   N    Tit     Tnf  Tnint  Skip  Nact     Projg        F
    6     23     52     28     1     0   1.004D+00   2.728D+02
  F =   272.78382793533240     

CONVERGENCE: REL_REDUCTION_OF_F_<=_FACTR*EPSMCH             

 Cauchy                time 0.000E+00 seconds.
 Subspace minimization time 0.000E+00 seconds.
 Line search           time 0.000E+00 seconds.

 Total User time 0.000E+00 seconds.

RUNNING THE L-BFGS-B CODE

           * * *

Machine precision = 2.220D-16
 N =            6     M =           10

At X0         0 variables are exactly at the bounds

At iterate    0    f=  5.76956D+02    |proj g|=  4.92301D-01

At iterate    1    f=  5.75558D+02    |proj g|=  1.01115D+00

At iterate    2    f=  5.75418D+02    |proj g|=  1.01759D+00

At iterate    3    f=  5.75126D+02    |proj g|=  1.01774D+00

At iterate    4    f=  5.74247D+02    |proj g|=  1.01803D+00

At iterate    5    f=  5.71766D+02    |proj g|=  1.01857D+00

At iterate    6    f=  5.63844D+02    |proj g|=  1.01992D+00

At iterate    7    f=  4.50662D+02    |proj g|=  2.10347D+03

At iterate    8    f=  4.46513D+02    |proj g|=  1.02367D+00

At iterate    9    f=  4.13396D+02    |proj g|=  1.02212D+00

At iterate   10    f=  3.68928D+02    |proj g|=  1.48273D+03

At iterate   11    f=  3.67315D+02    |proj g|=  1.01632D+00

At iterate   12    f=  3.67241D+02    |proj g|=  4.89597D+01

At iterate   13    f=  3.67145D+02    |proj g|=  2.09042D+02

At iterate   14    f=  3.66898D+02    |proj g|=  4.64801D+02

At iterate   15    f=  3.66174D+02    |proj g|=  9.57827D+02

At iterate   16    f=  3.63990D+02    |proj g|=  1.97943D+03

At iterate   17    f=  3.00731D+02    |proj g|=  1.66540D+04
  ys=-3.895E+01  -gs= 2.175E+01 BFGS update SKIPPED
  Positive dir derivative in projection 
  Using the backtracking step 

At iterate   18    f=  2.87891D+02    |proj g|=  1.51733D+04

At iterate   19    f=  2.40355D+02    |proj g|=  4.08312D+02

At iterate   20    f=  2.26206D+02    |proj g|=  2.47546D+02

At iterate   21    f=  2.25819D+02    |proj g|=  1.31151D+02

At iterate   22    f=  2.25756D+02    |proj g|=  8.95353D+01

At iterate   23    f=  2.25748D+02    |proj g|=  6.11624D+01

At iterate   24    f=  2.25744D+02    |proj g|=  3.12809D+01

At iterate   25    f=  2.25743D+02    |proj g|=  4.49828D+00

At iterate   26    f=  2.25743D+02    |proj g|=  7.92991D-01

           * * *

Tit   = total number of iterations
Tnf   = total number of function evaluations
Tnint = total number of segments explored during Cauchy searches
Skip  = number of BFGS updates skipped
Nact  = number of active bounds at final generalized Cauchy point
Projg = norm of the final projected gradient
F     = final function value

           * * *

   N    Tit     Tnf  Tnint  Skip  Nact     Projg        F
    6     26     52     31     1     0   7.930D-01   2.257D+02
  F =   225.74302986151275     

CONVERGENCE: REL_REDUCTION_OF_F_<=_FACTR*EPSMCH             

 Cauchy                time 0.000E+00 seconds.
 Subspace minimization time 0.000E+00 seconds.
 Line search           time 0.000E+00 seconds.

 Total User time 0.000E+00 seconds.

