----------- Estimation of only detector blur model parameters -----------
Will optimize detector blur parameters
Will optimize transmission function parameters
----------------------------
Evaluating fit for parameters [2.4668284775042895, 0.24668284775042895, 0.9, 0.028284072875976562, 0.9848721027374268, 0.023130029505253613, 0.9839895773374348]
Evaluating fit for parameters [2.4668284924054507, 0.24668284775042895, 0.9, 0.028284072875976562, 0.9848721027374268, 0.023130029505253613, 0.9839895773374348]
Evaluating fit for parameters [2.4668284775042895, 0.24668286265159015, 0.9, 0.028284072875976562, 0.9848721027374268, 0.023130029505253613, 0.9839895773374348]
Evaluating fit for parameters [2.4668284775042895, 0.24668284775042895, 0.9000000149011612, 0.028284072875976562, 0.9848721027374268, 0.023130029505253613, 0.9839895773374348]
Evaluating fit for parameters [2.4668284775042895, 0.24668284775042895, 0.9, 0.028284087777137756, 0.9848721027374268, 0.023130029505253613, 0.9839895773374348]
Evaluating fit for parameters [2.4668284775042895, 0.24668284775042895, 0.9, 0.028284072875976562, 0.984872117638588, 0.023130029505253613, 0.9839895773374348]
Evaluating fit for parameters [2.4668284775042895, 0.24668284775042895, 0.9, 0.028284072875976562, 0.9848721027374268, 0.023130044406414807, 0.9839895773374348]
Evaluating fit for parameters [2.4668284775042895, 0.24668284775042895, 0.9, 0.028284072875976562, 0.9848721027374268, 0.023130029505253613, 0.983989592238596]
eps is 1.4901161193847656e-08
Error in jacobian at [2.4668284775042895, 0.24668284775042895, 0.9, 0.028284072875976562, 0.9848721027374268, 0.023130029505253613, 0.9839895773374348] is 0.014271715769370554. Numerical jacobian is [   60.62518311   876.91143799  1814.41522217 -7398.25579834
  7422.32427979 -6726.63323975  5227.02062988]. True jacobian is [   60.62487315   876.9112274   1814.41508908 -7398.26221606
  7422.31641425 -6726.64058859  5227.0138134 ]
###########################
Evaluating fit for parameters [2.4668284775042895, 0.24668284775042895, 0.9, 0.028284072875976562, 0.9848721027374268, 0.023130029505253613, 0.9839895773374348]
Evaluating fit for parameters [1.5394338132950236, 0.15394338136333752, 0.8624053851857137, 0.20562385869589261, 0.8025863033713607, 0.2024074580777542, 0.802035559996134]
Evaluating fit for parameters [2.428961480294605, 0.24289614803084209, 0.8984649521619951, 0.03552513801681873, 0.9774290840072669, 0.030450211677427903, 0.9765601057943474]
Evaluating fit for parameters [2.427259405171284, 0.24180432281450168, 0.8965285164284132, 0.03702568555194543, 0.9773469134732027, 0.030305107000718323, 0.9778867113801955]
Evaluating fit for parameters [2.4211570711804575, 0.23772202514984153, 0.8893525822412077, 0.03913189410420712, 0.9773093425555078, 0.03008937931757258, 0.9796702470114488]
Evaluating fit for parameters [2.3994152339480213, 0.22288137845985395, 0.8635813173744313, 0.043137493522243574, 0.9772399472378521, 0.02965708971376622, 0.9830949345280677]
Evaluating fit for parameters [2.3133571354285305, 0.16345098722412288, 0.8, 0.05375349914737848, 0.9771250744634976, 0.02846048567360043, 0.9922111646574311]
Evaluating fit for parameters [2.3112179741281293, 0.1615290520167924, 0.8, 0.05257320954282534, 0.9772824543810747, 0.028463341823017026, 0.9913623800063316]
Evaluating fit for parameters [2.3026613289265248, 0.15384131118747052, 0.8, 0.04785205112461279, 0.9779119740513833, 0.02847476642068341, 0.9879672414019336]
Evaluating fit for parameters [2.16946715430542, 0.05162541037541871, 0.8, 0.02735547398015369, 0.979434409786822, 0.029476279592470313, 0.9721969453958705]
Evaluating fit for parameters [2.1021957820777875, 1.000000082740371e-10, 0.8, 0.01700342311607022, 0.9802033348643839, 0.029982106259153065, 0.9642319615234023]
Evaluating fit for parameters [2.1678664889681407, 0.05039702745391296, 0.8, 0.02710915569587937, 0.9794527057079228, 0.029488315309673923, 0.9720074253493118]
Evaluating fit for parameters [2.166311267693317, 0.04920351922413957, 0.8, 0.026869830568284226, 0.9794704821944098, 0.029500009324042117, 0.9718232859158219]
Evaluating fit for parameters [2.1342535248855525, 0.02460175966206979, 0.8, 0.02193662684217722, 0.9798369085293969, 0.02974105779159759, 0.9680276237196122]
Evaluating fit for parameters [2.13370560900241, 0.024181277942625284, 0.8, 0.02185231084112494, 0.9798431713162108, 0.02974517767878905, 0.9679627500441067]
Evaluating fit for parameters [2.133174932011921, 0.02377402569771775, 0.8, 0.021770647645979305, 0.9798492370590752, 0.029749167943359186, 0.9678999174671759]
Evaluating fit for parameters [2.117685357044854, 0.011887012898858879, 0.8, 0.019387035381024764, 0.9800262859617296, 0.029865637101256125, 0.9660659394952891]
Evaluating fit for parameters [2.1059664262741666, 1e-10, 0.8, 0.02029621875179412, 0.9817919449961087, 0.02773111883097105, 0.9707431091073482]
Evaluating fit for parameters [2.117604756716944, 0.011805256538299322, 0.8, 0.01939328855200499, 0.980038429791225, 0.029850956335930195, 0.9660981080789082]
Evaluating fit for parameters [2.111785591495555, 0.00590262831914966, 0.8, 0.019844753651899555, 0.9809151873936669, 0.028791037583450623, 0.9684206085931282]
Evaluating fit for parameters [2.115984853873755, 0.010162119787457022, 0.8, 0.01951896458475135, 0.980282496092653, 0.029555902778354615, 0.9667446312558863]
Evaluating fit for parameters [2.6420097032245007, 1e-10, 0.8, 0.4691621304611096, 1.221909469976383, -0.30603152944954115, 1.913268300824169]
Evaluating fit for parameters [2.1295335417447734, 0.009900376662729693, 0.8, 0.03110030891727596, 0.9865060204269313, 0.020912262885098145, 0.9911239999821738]
Evaluating fit for parameters [2.1313461688886877, 0.00890880932562895, 0.8, 0.026864957148650708, 0.9864168028616414, 0.021045364252660483, 0.9880014053636759]
Evaluating fit for parameters [2.132765272524532, 0.009115545863793062, 0.8, 0.026243595689433543, 0.9866313874675554, 0.020845696949773663, 0.9879202722903059]
Evaluating fit for parameters [2.1327756024232247, 0.009034548711460965, 0.8, 0.02624882436166899, 0.9866808806037508, 0.0207738642399845, 0.9880677582107609]
Evaluating fit for parameters [2.132865933903593, 0.009005526529610583, 0.8, 0.026199058837514857, 0.9867216062735114, 0.02071593349333195, 0.9881521434862]
Evaluating fit for parameters [2.132817692588844, 0.008999794716472605, 0.8, 0.026163073734743764, 0.9867214218977115, 0.020693707972161395, 0.9881937856535778]
Evaluating fit for parameters [2.1319921969522797, 0.008993918206921766, 0.8, 0.026034396285882652, 0.9866860406343592, 0.020642068059343294, 0.988320266058499]
Evaluating fit for parameters [2.129539683186185, 0.008987758574245502, 0.8, 0.02587021833346413, 0.9865949831167381, 0.020596443096025645, 0.988493334050094]
Evaluating fit for parameters [2.1231589783842395, 0.008981141631055857, 0.8, 0.025649296610304555, 0.9864614444205954, 0.02054409574845034, 0.9887253762789496]
Evaluating fit for parameters [2.1034250352338835, 0.008970235252627494, 0.8, 0.025258465740345015, 0.9862163978715369, 0.020458919602745148, 0.9891377282426012]
Evaluating fit for parameters [2.049869242450987, 0.008936572233463988, 0.8, 0.02461395586285436, 0.9857816283267661, 0.020341114783649857, 0.9897926995162105]
Evaluating fit for parameters [1.897875597960827, 0.0088877736316293, 0.8, 0.023472515233860576, 0.9850690227145883, 0.02009373513443697, 0.9909924354649948]
Evaluating fit for parameters [1.4455894417080093, 0.008790782657649043, 0.8, 0.021278001680988427, 0.9836407327716187, 0.019602464255048642, 0.9934478402391995]
Evaluating fit for parameters [1.000000082740371e-10, 0.008480781730185847, 0.8, 0.014263934198179206, 0.9790756563646422, 0.01803227249393651, 1.0012957638764646]
Evaluating fit for parameters [1.4454144708531225, 0.008790745135842552, 0.8, 0.021277152714229003, 0.9836401802251635, 0.01960227420261268, 0.9934487901340094]
Evaluating fit for parameters [0.7227072354765613, 0.0086357634330142, 0.8, 0.017770543456204105, 0.9813579182949029, 0.018817273348274596, 0.997372277005237]
Evaluating fit for parameters [0.7223324434968645, 0.008635683060359304, 0.8, 0.017768724948015027, 0.9813567347264741, 0.018816866251168244, 0.9973743117038533]
Evaluating fit for parameters [0.7219575453789184, 0.008635602664943481, 0.8, 0.017766905924838206, 0.9813555508228677, 0.018816459038775074, 0.9973763469786807]
Evaluating fit for parameters [0.3609787727394591, 0.008558192197564663, 0.8, 0.016015420061508707, 0.980215603593755, 0.018424365766355793, 0.9993360554275726]
Evaluating fit for parameters [0.36056015045176726, 0.0085581024256739, 0.8, 0.01601338888661827, 0.9802142816120956, 0.018423911060996005, 0.9993383280754297]
Evaluating fit for parameters [0.36014159911851906, 0.008558012668999035, 0.8, 0.016011358056002102, 0.9802129598545055, 0.018423456432706566, 0.9993406003380839]
Evaluating fit for parameters [0.18007079960925965, 0.008519397199592441, 0.8, 0.015137646127090653, 0.9796443081095738, 0.018227864463321537, 1.0003181821072742]
Evaluating fit for parameters [0.18007079960925965, 0.008519397199592441, 0.8, 0.015137646127090653, 0.9796443081095738, 0.018227864463321537, 1.0003181821072742]
Evaluating fit for parameters [1e-10, 0.007600885562425559, 0.8, 0.014794223028974178, 0.9798690238068994, 0.0180081256151134, 1.0006184502415953]
Evaluating fit for parameters [0.17975231840558875, 0.00851777267916721, 0.8, 0.015137038733765613, 0.9796447055517241, 0.018227475823447324, 1.000318713174816]
Evaluating fit for parameters [0.08987615925279438, 0.008059329120796384, 0.8, 0.014965630881369896, 0.9797568646793118, 0.018117800719280364, 1.0004685817082057]
Evaluating fit for parameters [0.08975564109925985, 0.008058714377446475, 0.8, 0.014965401034455355, 0.979757015077494, 0.018117653652013944, 1.0004687826722776]
Evaluating fit for parameters [0.04829235391985509, 0.00784721694480739, 0.8, 0.014886324079279666, 0.979808758344683, 0.018067056359212692, 1.0005379227211812]
Evaluating fit for parameters [0.07526925157366635, 0.007984821678596621, 0.8, 0.014937773230364078, 0.9797750930731093, 0.018099976035444665, 1.0004929387329369]
Evaluating fit for parameters [0.060634899190755834, 0.007910174245460672, 0.8, 0.014909863238027931, 0.9797933557159675, 0.018082117861072937, 1.0005173415217232]
Evaluating fit for parameters [0.046709676350737986, 0.009523789845237393, 0.8006625292837327, 0.02371726208132935, 0.9907829065865629, 0.01413979422294136, 1.0029111865479226]
Evaluating fit for parameters [0.05426105095613685, 0.008648757825784715, 0.8003032526771039, 0.018941182823638963, 0.9848234891810137, 0.01627763883406661, 1.001613051448199]
Evaluating fit for parameters [0.16787105687228038, 0.0035756367950416056, 0.8025102697745333, 0.08169895887103179, 1.0612736188934275, -0.005576955540127569, 1.0009892309800266]
Evaluating fit for parameters [0.06356909887019124, 0.008233117907036642, 0.8004840732018839, 0.024082916438720327, 0.9910870349370456, 0.014487095739408455, 1.0015619419463493]
Evaluating fit for parameters [0.06164407512954635, 0.011132427090386931, 0.8009135261845932, 0.02114211116529978, 0.9888667009821476, 0.01857970197006951, 0.9890122164543296]
Evaluating fit for parameters [0.05614317693609313, 0.006823145824580229, 0.8015584269976211, 0.02274552966806519, 0.993266443019373, 0.016957844033623888, 0.9886790913468376]
Evaluating fit for parameters [0.05979855320328127, 0.009686686270832306, 0.8011298869585711, 0.02168004949823502, 0.9903427909067481, 0.018035577305744746, 0.9889004547622485]
Evaluating fit for parameters [0.059581153765524766, 0.008819909747232586, 0.801167032966567, 0.021606606889303374, 0.9906287388852976, 0.016524544456085033, 0.9934212307305923]
Evaluating fit for parameters [0.05957251734750921, 0.009155482182769478, 0.8013281986464407, 0.021470329975458714, 0.9906032258835767, 0.016780873211373816, 0.9925200174084254]
Evaluating fit for parameters [0.059530798725453096, 0.009092136089780581, 0.8013934111737573, 0.021432695155538035, 0.9906571902830631, 0.016797838516002445, 0.9923554142184237]
Evaluating fit for parameters [0.05952401545763062, 0.009070485435284648, 0.8014641000020105, 0.02138642181363178, 0.9906833219274016, 0.01676629529998307, 0.9923893750547457]
Evaluating fit for parameters [0.05946058472155622, 0.008912858504809447, 0.8024172827822501, 0.02092508739957174, 0.9909413876366654, 0.016495785865690712, 0.9926029350470058]
Evaluating fit for parameters [0.059324432200523754, 0.008768512646227538, 0.803945588882452, 0.020693098452231898, 0.9910401118428636, 0.016368020616846786, 0.9927649518930692]
Evaluating fit for parameters [0.05800614961489154, 0.007726173518401259, 0.8182891369843656, 0.01933149040011788, 0.9916981814324538, 0.015596755301284434, 0.9937493550797369]
Evaluating fit for parameters [0.05568338007604614, 0.006383901944046632, 0.8419882619687454, 0.017902264297267285, 0.9925050414288024, 0.014725490843777654, 0.9948854843968747]
Evaluating fit for parameters [0.05277900560541478, 0.00534108855667307, 0.8684108372694026, 0.01722910145024564, 0.9932476681539858, 0.014051506561865174, 0.995700408184912]
Evaluating fit for parameters [0.05323514853599882, 0.005830416754794761, 0.8644106932330242, 0.01843780811429026, 0.9926102170507163, 0.014709776591483597, 0.9948432324473501]
Evaluating fit for parameters [0.05306543250886757, 0.0059626933742197245, 0.8664019474448578, 0.019937105784988467, 0.9919291228863095, 0.015508275363903765, 0.9936937424392801]
Evaluating fit for parameters [0.05315058591358043, 0.0059580352318549315, 0.8666096368773716, 0.01973997608368382, 0.9920148670975821, 0.015352023296705649, 0.9939545608894526]
Evaluating fit for parameters [0.05319767096608602, 0.0059695715698239405, 0.8662723802879005, 0.01974363884359106, 0.9920071222449909, 0.01535564929169326, 0.9939489328405816]
Evaluating fit for parameters [0.05320697902834492, 0.005963796312080253, 0.8663567463404606, 0.019747853495784735, 0.9920116157291071, 0.015348124567150092, 0.9939453747231513]
Evaluating fit for parameters [0.053215848223049686, 0.005965818841581897, 0.8663699785195605, 0.01975810680783905, 0.9920107889804204, 0.015347731728487054, 0.9939337390670778]
Optimized parameters are [0.053215848223049686, 0.005965818841581897, 0.8663699785195605, 0.01975810680783905, 0.9920107889804204, 0.015347731728487054, 0.9939337390670778]
WARN: The maximum single sided width 6.74e+02, as determined by the amount of padding in radiographs, that is allowed for detector PSF may be insufficient. This may or may not be a problem. Consider increasing the pad factor if results are inconsistent. An example of a inconsistency is if FWHM changes significantly when pad factor is changed. Increasing padding will increase software run time.
Estimated detector parameters are {'detector_FWHM_1': 31.28972435685385, 'cutoff_FWHM_2_multiplier': 10, 'detector_weight_1': 0.8663699785195605, 'cutoff_FWHM_1_multiplier': 10, 'detector_FWHM_2': 279.108244237915, 'norm_power': 2.0}
145.39 mins has elapsed
145.39 mins has elapsed
1.45e+02 mins has elapsed
----------- Estimation of only detector blur model parameters -----------
Will optimize detector blur parameters
Will optimize transmission function parameters
----------------------------
Evaluating fit for parameters [2.4668284775042895, 0.24668284775042895, 0.9, 0.02155619114637375, 0.9724017977714539, 0.020353317260742188, 0.9816989898681641]
Evaluating fit for parameters [2.4668284924054507, 0.24668284775042895, 0.9, 0.02155619114637375, 0.9724017977714539, 0.020353317260742188, 0.9816989898681641]
Evaluating fit for parameters [2.4668284775042895, 0.24668286265159015, 0.9, 0.02155619114637375, 0.9724017977714539, 0.020353317260742188, 0.9816989898681641]
Evaluating fit for parameters [2.4668284775042895, 0.24668284775042895, 0.9000000149011612, 0.02155619114637375, 0.9724017977714539, 0.020353317260742188, 0.9816989898681641]
Evaluating fit for parameters [2.4668284775042895, 0.24668284775042895, 0.9, 0.021556206047534943, 0.9724017977714539, 0.020353317260742188, 0.9816989898681641]
Evaluating fit for parameters [2.4668284775042895, 0.24668284775042895, 0.9, 0.02155619114637375, 0.972401812672615, 0.020353317260742188, 0.9816989898681641]
Evaluating fit for parameters [2.4668284775042895, 0.24668284775042895, 0.9, 0.02155619114637375, 0.9724017977714539, 0.02035333216190338, 0.9816989898681641]
Evaluating fit for parameters [2.4668284775042895, 0.24668284775042895, 0.9, 0.02155619114637375, 0.9724017977714539, 0.020353317260742188, 0.9816990047693253]
eps is 1.4901161193847656e-08
Error in jacobian at [2.4668284775042895, 0.24668284775042895, 0.9, 0.02155619114637375, 0.9724017977714539, 0.020353317260742188, 0.9816989898681641] is 0.01406965058182808. Numerical jacobian is [   53.8203125    637.77055359  1469.82337952 -3065.56947327
  2511.995224   -3031.06700134  2295.83262634]. True jacobian is [   53.82020751   637.77057984  1469.82339024 -3065.5763946
  2511.98804631 -3031.07413059  2295.82572033]
###########################
Evaluating fit for parameters [2.4668284775042895, 0.24668284775042895, 0.9, 0.02155619114637375, 0.9724017977714539, 0.020353317260742188, 0.9816989898681641]
Evaluating fit for parameters [1.5390993314811643, 0.15390993318196378, 0.8623918260016471, 0.20149017126439256, 0.7947401076942182, 0.20073967628265005, 0.8005407956102365]
Evaluating fit for parameters [2.4507239261797995, 0.24507239261856753, 0.8993471556100473, 0.024679684711550746, 0.9693177491366671, 0.023484663720599736, 0.9785542450363508]
Evaluating fit for parameters [2.4494335707045196, 0.24427669139168548, 0.8977615107071264, 0.02510563656476268, 0.9695831424775601, 0.02371786426951627, 0.9789554406026031]
Evaluating fit for parameters [2.4303815268385316, 0.23244501196299797, 0.8743717972111744, 0.0281686824079316, 0.9714255854046333, 0.02530025050104871, 0.9818805039948432]
Evaluating fit for parameters [2.3812576307887654, 0.20169563592025525, 0.8141914513884713, 0.03264513018617581, 0.9741682552273093, 0.027580320112337242, 0.986238534035926]
Evaluating fit for parameters [2.369906997972947, 0.19428096815429066, 0.8, 0.03204383499604225, 0.9739159983802387, 0.027184720200335837, 0.9858552403975307]
Evaluating fit for parameters [2.3695497138771606, 0.1936959711704101, 0.8, 0.03074292921999806, 0.9732029144433046, 0.0264901963539126, 0.9847050252806325]
Evaluating fit for parameters [2.3652047328196812, 0.18822523463247648, 0.8, 0.024415700533664004, 0.9696870141317047, 0.02320630076127937, 0.9789600090590458]
Evaluating fit for parameters [2.3626311578010717, 0.18518746889855295, 0.8, 0.024072293750921032, 0.9695026602857145, 0.023024691912549602, 0.9786577647191321]
Evaluating fit for parameters [2.3523368577266335, 0.17303640596285882, 0.8, 0.022698666619949143, 0.968765244901754, 0.022298256517630535, 0.9774487873594775]
Evaluating fit for parameters [2.1005364863533256, 1e-10, 0.8, 0.00039510415155813786, 0.9570813843769654, 0.010403798841161983, 0.9581959982432495]
Evaluating fit for parameters [2.3502263072181555, 0.17158604243723244, 0.8, 0.022511721720496473, 0.9686673126483697, 0.02219855907254647, 0.9772874135551528]
Evaluating fit for parameters [2.2253813967857408, 0.08579302126861624, 0.8, 0.011453412936027306, 0.9628743485126676, 0.016301178956854227, 0.9677417058992012]
Evaluating fit for parameters [2.1313678143164516, 1e-10, 0.8, 0.005565259892539627, 0.9600950568736941, 0.013134320255714598, 0.9629711114831898]
Evaluating fit for parameters [2.22479186521714, 0.08525503842596606, 0.8, 0.011416490057346195, 0.9628569203909378, 0.01628132051588661, 0.9677117909025021]
Evaluating fit for parameters [2.1780798397667955, 0.042627519262983034, 0.8, 0.00849087497494291, 0.961475988632316, 0.014707820385800603, 0.965341451192846]
Evaluating fit for parameters [2.1778382981422606, 0.04240709807316586, 0.8, 0.008475747011362746, 0.9614688480192268, 0.014699684027465396, 0.9653291944838155]
Evaluating fit for parameters [2.1775988678580513, 0.04218860360777006, 0.8, 0.008460751282877127, 0.9614617698229754, 0.014691618789880049, 0.9653170449119465]
Evaluating fit for parameters [2.1544833410872513, 0.021094301853885028, 0.8, 0.007013005587708377, 0.9607784133483348, 0.013912969522797324, 0.9641440781975681]
Evaluating fit for parameters [2.048385025705142, 1e-10, 0.8, 0.010250831278962936, 0.9709268226127987, 0.013834799952048235, 0.9770530756719809]
Evaluating fit for parameters [2.1527239462311782, 0.020744501709890544, 0.8, 0.007066697428578212, 0.9609467012141026, 0.01391167326149306, 0.9643581440257741]
Evaluating fit for parameters [2.10055448596816, 0.010372250904945273, 0.8, 0.008658764353770575, 0.9659367619134507, 0.013873236606770648, 0.9707056098488775]
Evaluating fit for parameters [1e-10, 0.12966156413982186, 0.8, 0.2574517953947396, 1.494607737631507, 0.06412021563213313, 1.6616374047793876]
Evaluating fit for parameters [2.046512545198775, 0.013441262465288336, 0.8, 0.0150595782044977, 0.9795381256240617, 0.015165963971186951, 0.9884815330103696]
Evaluating fit for parameters [2.0775381898883145, 0.014509036356170242, 0.8, 0.016471231869359858, 0.9761626278483878, 0.01657578180861849, 0.9850397088919342]
Evaluating fit for parameters [2.070473882898091, 0.014964505945390828, 0.8, 0.019269745227533545, 0.9752413486704774, 0.01810835850675174, 0.9850160662315812]
Evaluating fit for parameters [2.051958118033539, 0.015184915479201441, 0.8, 0.019517991206712045, 0.9751891944815649, 0.018238414133134036, 0.9849742617363427]
Evaluating fit for parameters [1.977895058575331, 0.016066553614443896, 0.8, 0.020510975123426044, 0.9749805777259151, 0.018758636638663225, 0.9848070437553887]
Evaluating fit for parameters [1.7055326451545907, 0.017897245574752196, 0.8, 0.02156899812152831, 0.9749446364415908, 0.019331638326048468, 0.9846784631332819]
Evaluating fit for parameters [1e-10, 0.027439266037675242, 0.8, 0.02573729984372475, 0.9747863467190453, 0.021680212763012567, 0.983824215869546]
Evaluating fit for parameters [1.7052941507888077, 0.017898579889944106, 0.8, 0.021569580998952856, 0.9749446143070353, 0.019331966740618815, 0.9846783436790105]
Evaluating fit for parameters [0.8526470754444039, 0.022668922963809672, 0.8, 0.023653440421338802, 0.9748654805130403, 0.02050608975181569, 0.9842512797742783]
Evaluating fit for parameters [0.8523389984016654, 0.02267064657634473, 0.8, 0.023654193358007322, 0.9748654519205476, 0.020506513984016282, 0.9842511254682487]
Evaluating fit for parameters [0.8520308771019128, 0.022672370436486504, 0.8, 0.02365494640283946, 0.9748654233239475, 0.020506938277160235, 0.9842509711400522]
Evaluating fit for parameters [0.4260154386009565, 0.025055818237080873, 0.8, 0.024696123123282107, 0.9748258850214964, 0.0210935755200864, 0.9840375935047991]
Evaluating fit for parameters [0.42572125062822974, 0.025057464143809098, 0.8, 0.024696842115226894, 0.9748258577180421, 0.02109398062658167, 0.9840374461553646]
Evaluating fit for parameters [0.4254271653908639, 0.025059109475759164, 0.8, 0.024697560856087666, 0.9748258304241227, 0.02109438559160698, 0.9840372988573871]
Evaluating fit for parameters [0.21271358274543206, 0.026249187756717203, 0.8, 0.02521743034990621, 0.974806088571584, 0.021387299177309773, 0.9839307573634666]
Evaluating fit for parameters [0.21258115845174186, 0.02624992863688965, 0.8, 0.02521775399332227, 0.9748060762813445, 0.02138748152990906, 0.9839306910363336]
Evaluating fit for parameters [0.09291978063791895, 0.026919403547869446, 0.8, 0.025510204993112892, 0.974794970562349, 0.021552259175086557, 0.983870756443543]
Evaluating fit for parameters [0.21258115845174186, 0.02624992863688965, 0.8, 0.02521775399332227, 0.9748060762813445, 0.02138748152990906, 0.9839306910363336]
Evaluating fit for parameters [1e-10, 0.026251859962266907, 0.8, 0.024774439323225844, 0.9746102838713474, 0.021231443963441017, 0.9837816261384469]
Evaluating fit for parameters [0.2124446455219541, 0.026249929877126026, 0.8, 0.025217469310592617, 0.9748059505496206, 0.021387381327494508, 0.9839305953115474]
Evaluating fit for parameters [0.10622232281097706, 0.02625089491969647, 0.8, 0.02499595431690923, 0.974708117210484, 0.021309412645467762, 0.9838561107249971]
Evaluating fit for parameters [0.17669853212510295, 0.026250254634863152, 0.8, 0.025142924715057323, 0.9747730275109832, 0.021361143176435483, 0.9839055296341155]
Evaluating fit for parameters [1e-10, 0.01671943413786161, 0.8, 0.015404884778099766, 0.9711521203682631, 0.007880246235929462, 0.9894724098292882]
Evaluating fit for parameters [0.17658071481884405, 0.026243899768274705, 0.8, 0.025136431680732336, 0.9747706131981936, 0.02135215451679422, 0.9839092414636442]
Evaluating fit for parameters [0.08829035745942203, 0.021481666953068156, 0.8, 0.02027065822941605, 0.9729613667832283, 0.01461620037636184, 0.9866908256464663]
Evaluating fit for parameters [0.13900638795454553, 0.024217204014014473, 0.8, 0.02306567143493214, 0.9740006399167714, 0.018485488776783812, 0.985093019131011]
Evaluating fit for parameters [0.13824237644373663, 0.013844715453632393, 0.8, 0.009796593242375687, 0.9789678567965958, 0.019333595544355417, 0.9818932392497388]
Evaluating fit for parameters [0.13868229312315036, 0.019817178774124842, 0.8, 0.01743690851873888, 0.976107740784225, 0.018845256942514987, 0.9837356676952654]
Evaluating fit for parameters [0.1444530713110318, 0.015568352483133374, 0.8002054130823248, 0.015895644603866478, 0.9756174947015257, 0.015309959155533775, 0.9861353471953743]
Evaluating fit for parameters [0.13453971870552753, 0.016206690393226895, 0.8009382216358051, 0.01758582765910316, 0.9768655642070415, 0.01663335794904467, 0.9865146001534032]
Evaluating fit for parameters [0.14108903637449446, 0.016607983074608153, 0.8017172105649405, 0.018048287284553592, 0.9766102551331249, 0.017201325163202098, 0.9860120198111775]
Evaluating fit for parameters [0.14161995682411682, 0.014188580550101167, 0.8040889560712013, 0.017980538662594928, 0.9765889766611222, 0.01716140745044176, 0.9858489119231088]
Evaluating fit for parameters [0.14126505240847845, 0.01580587865900788, 0.8025035152513174, 0.01802582658680965, 0.9766032006822108, 0.017188091245595827, 0.9859579446600135]
Evaluating fit for parameters [0.14031240339068932, 0.015620027477663405, 0.8034555526645565, 0.01812657205723953, 0.976432896844248, 0.016878298920518293, 0.9861460758923559]
Evaluating fit for parameters [0.13688838945400075, 0.014814992914663011, 0.8092440536838039, 0.01823218923075512, 0.9761740136903561, 0.016198194941813997, 0.9866228980460039]
Evaluating fit for parameters [0.12778524948434034, 0.012078161080563688, 0.8318951570903458, 0.018282512155266533, 0.9757598678303424, 0.01465474734555152, 0.9877288596746207]
Evaluating fit for parameters [0.11323995910085213, 0.006563823614935728, 0.8837017903175637, 0.017856432274884215, 0.9756374528948254, 0.011986542369698944, 0.9897869834165003]
Evaluating fit for parameters [0.1067711456361667, 0.006797569968416499, 0.9115978193456649, 0.0175033503429364, 0.9757473594074484, 0.011125846208038095, 0.9905667883998216]
Evaluating fit for parameters [0.1101861897541222, 0.006674169577617493, 0.8968708264640785, 0.017689750890956125, 0.9756893370836471, 0.011580228666316276, 0.9901551103639682]
Evaluating fit for parameters [0.11765879634477548, 0.006532498105365355, 0.8995901622111077, 0.016429817879146425, 0.976758929463953, 0.012972454335519962, 0.9890419554270039]
Evaluating fit for parameters [0.11115245683725826, 0.004918622073293717, 0.9166355860548131, 0.014489596451253464, 0.9791205062877666, 0.014363750685235752, 0.9886088520433056]
Evaluating fit for parameters [0.11560746880779119, 0.006596029179750893, 0.8970981558184926, 0.014969890307101701, 0.9793372709240153, 0.015272913641104793, 0.9881223027154113]
Evaluating fit for parameters [0.11279841234023816, 0.005538359455790693, 0.9094172573445289, 0.014667046550222844, 0.979200592480182, 0.014699651414620124, 0.9884290907881136]
Evaluating fit for parameters [0.11465142466795863, 0.005616525629173378, 0.9079329903709897, 0.015423529858386036, 0.9787069406022545, 0.014152744750634298, 0.9888456143757752]
Evaluating fit for parameters [0.1140563817335635, 0.005546833674650641, 0.9084434733133151, 0.015216831254133341, 0.9790560555875644, 0.014300014395169286, 0.9888678511052337]
Evaluating fit for parameters [0.11400197317501504, 0.005518407009060418, 0.9085199110418017, 0.015138504834897006, 0.97910142869009, 0.01424386889307672, 0.9889192871350718]
Evaluating fit for parameters [0.11400022717354721, 0.005497445136865859, 0.9085656503291933, 0.015111597987139918, 0.9791371001502727, 0.014199489345118407, 0.9889693437524949]
Evaluating fit for parameters [0.11399870059996127, 0.005498277349094971, 0.908560205834493, 0.015103963760908959, 0.9791292442361397, 0.01419905445489768, 0.9889638907020624]
Optimized parameters are [0.11399870059996127, 0.005498277349094971, 0.908560205834493, 0.015103963760908959, 0.9791292442361397, 0.01419905445489768, 0.9889638907020624]
WARN: The maximum single sided width 6.74e+02, as determined by the amount of padding in radiographs, that is allowed for detector PSF may be insufficient. This may or may not be a problem. Consider increasing the pad factor if results are inconsistent. An example of a inconsistency is if FWHM changes significantly when pad factor is changed. Increasing padding will increase software run time.
Estimated detector parameters are {'detector_FWHM_1': 14.606387735580567, 'cutoff_FWHM_2_multiplier': 10, 'detector_weight_1': 0.908560205834493, 'cutoff_FWHM_1_multiplier': 10, 'detector_FWHM_2': 302.8419842424785, 'norm_power': 2.0}
152.37 mins has elapsed
152.37 mins has elapsed
2.98e+02 mins has elapsed
----------- Estimation of only detector blur model parameters -----------
Will optimize detector blur parameters
Will optimize transmission function parameters
----------------------------
Evaluating fit for parameters [2.4668284775042895, 0.24668284775042895, 0.9, 0.019618719816207886, 0.9927208423614502, 0.018548965454101562, 0.9911670684814453]
Evaluating fit for parameters [2.4668284924054507, 0.24668284775042895, 0.9, 0.019618719816207886, 0.9927208423614502, 0.018548965454101562, 0.9911670684814453]
Evaluating fit for parameters [2.4668284775042895, 0.24668286265159015, 0.9, 0.019618719816207886, 0.9927208423614502, 0.018548965454101562, 0.9911670684814453]
Evaluating fit for parameters [2.4668284775042895, 0.24668284775042895, 0.9000000149011612, 0.019618719816207886, 0.9927208423614502, 0.018548965454101562, 0.9911670684814453]
Evaluating fit for parameters [2.4668284775042895, 0.24668284775042895, 0.9, 0.01961873471736908, 0.9927208423614502, 0.018548965454101562, 0.9911670684814453]
Evaluating fit for parameters [2.4668284775042895, 0.24668284775042895, 0.9, 0.019618719816207886, 0.9927208572626114, 0.018548965454101562, 0.9911670684814453]
Evaluating fit for parameters [2.4668284775042895, 0.24668284775042895, 0.9, 0.019618719816207886, 0.9927208423614502, 0.018548980355262756, 0.9911670684814453]
Evaluating fit for parameters [2.4668284775042895, 0.24668284775042895, 0.9, 0.019618719816207886, 0.9927208423614502, 0.018548965454101562, 0.9911670833826065]
eps is 1.4901161193847656e-08
Error in jacobian at [2.4668284775042895, 0.24668284775042895, 0.9, 0.019618719816207886, 0.9927208423614502, 0.018548965454101562, 0.9911670684814453] is 0.014058754859957081. Numerical jacobian is [   50.40841675   458.50700378  1199.89837646 -1357.84465027
  1284.30401611 -1535.47067261  1237.00331116]. True jacobian is [   50.40834751   458.50701106  1199.89839562 -1357.85165853
  1284.29696764 -1535.47786572  1236.9964478 ]
###########################
Evaluating fit for parameters [2.4668284775042895, 0.24668284775042895, 0.9, 0.019618719816207886, 0.9927208423614502, 0.018548965454101562, 0.9911670684814453]
Evaluating fit for parameters [1.541218620156174, 0.15412186204938744, 0.8624777374743913, 0.19986864489065065, 0.8078408343721959, 0.19920028656867303, 0.8068700716065007]
Evaluating fit for parameters [2.45860010879301, 0.2458600108796012, 0.8996664393659045, 0.021221082660465327, 0.9910773195953484, 0.020154896577792514, 0.98952872849335]
Evaluating fit for parameters [2.457582164163915, 0.24528115191879024, 0.8983685627731839, 0.021244657075171154, 0.9911752461580124, 0.020323328259671248, 0.9896314670426054]
Evaluating fit for parameters [2.453510385647535, 0.24296571607554646, 0.8931770564023014, 0.021338954733994463, 0.9915669524086687, 0.020997054987186185, 0.9900424212396268]
Evaluating fit for parameters [2.3649351110541037, 0.19248230599779353, 0.8, 0.022397692006838124, 0.996122119378684, 0.028611244054133473, 0.994917348561975]
Evaluating fit for parameters [2.3637957691308102, 0.19148314667603472, 0.8, 0.02203703496880691, 0.9951247879072719, 0.026639292695432627, 0.9938629235325824]RUNNING THE L-BFGS-B CODE

           * * *

Machine precision = 2.220D-16
 N =            7     M =           10

At X0         0 variables are exactly at the bounds

At iterate    0    f=  4.35776D+03    |proj g|=  2.46683D+00

At iterate    1    f=  4.25509D+03    |proj g|=  2.42896D+00

At iterate    2    f=  4.24853D+03    |proj g|=  2.42726D+00

At iterate    3    f=  4.23444D+03    |proj g|=  2.42116D+00

At iterate    4    f=  4.19245D+03    |proj g|=  2.39942D+00

At iterate    5    f=  4.10356D+03    |proj g|=  2.31336D+00

At iterate    6    f=  3.95124D+03    |proj g|=  2.30266D+00

At iterate    7    f=  2.40515D+03    |proj g|=  2.11769D+00
  Positive dir derivative in projection 
  Using the backtracking step 

At iterate    8    f=  2.38661D+03    |proj g|=  7.65831D+03

At iterate    9    f=  2.14246D+03    |proj g|=  2.12953D+00

At iterate   10    f=  2.12530D+03    |proj g|=  3.00119D+03

At iterate   11    f=  2.12486D+03    |proj g|=  2.13277D+00

At iterate   12    f=  2.12479D+03    |proj g|=  2.13278D+00

At iterate   13    f=  2.12478D+03    |proj g|=  1.73344D+02

At iterate   14    f=  2.12477D+03    |proj g|=  1.68265D+02

At iterate   15    f=  2.12471D+03    |proj g|=  8.51883D+00

At iterate   16    f=  2.12461D+03    |proj g|=  2.12954D+00

At iterate   17    f=  2.12437D+03    |proj g|=  2.12316D+00

At iterate   18    f=  2.12369D+03    |proj g|=  2.10343D+00

At iterate   19    f=  2.12192D+03    |proj g|=  2.04987D+00

At iterate   20    f=  2.11700D+03    |proj g|=  1.89788D+00

At iterate   21    f=  1.11345D+03    |proj g|=  1.02036D+00
  ys=-9.080E+03  -gs= 6.719E+01 BFGS update SKIPPED
  Positive dir derivative in projection 
  Using the backtracking step 

At iterate   22    f=  2.85408D+02    |proj g|=  1.52841D+04

At iterate   23    f=  2.38429D+02    |proj g|=  5.18181D+03

At iterate   24    f=  2.13984D+02    |proj g|=  2.20041D+02

At iterate   25    f=  1.87451D+02    |proj g|=  1.01858D+00

At iterate   26    f=  1.74875D+02    |proj g|=  1.01804D+00

At iterate   27    f=  1.69933D+02    |proj g|=  2.29707D+03

At iterate   28    f=  1.69274D+02    |proj g|=  1.02147D+00

At iterate   29    f=  1.69229D+02    |proj g|=  6.55326D+01

At iterate   30    f=  1.69202D+02    |proj g|=  1.48267D+02

At iterate   31    f=  1.68988D+02    |proj g|=  3.66723D+02

At iterate   32    f=  1.68662D+02    |proj g|=  7.22766D+02

At iterate   33    f=  1.66171D+02    |proj g|=  2.95772D+03

At iterate   34    f=  1.62841D+02    |proj g|=  5.19549D+03

At iterate   35    f=  1.59893D+02    |proj g|=  1.96044D+03

At iterate   36    f=  1.57886D+02    |proj g|=  6.55068D+01

At iterate   37    f=  1.57051D+02    |proj g|=  1.04720D+03

At iterate   38    f=  1.56976D+02    |proj g|=  4.38338D+01

At iterate   39    f=  1.56975D+02    |proj g|=  2.92681D+01

At iterate   40    f=  1.56975D+02    |proj g|=  9.17985D+00

At iterate   41    f=  1.56975D+02    |proj g|=  1.01535D+00

           * * *

Tit   = total number of iterations
Tnf   = total number of function evaluations
Tnint = total number of segments explored during Cauchy searches
Skip  = number of BFGS updates skipped
Nact  = number of active bounds at final generalized Cauchy point
Projg = norm of the final projected gradient
F     = final function value

           * * *

   N    Tit     Tnf  Tnint  Skip  Nact     Projg        F
    7     41     74     47     1     0   1.015D+00   1.570D+02
  F =   156.97478033456991     

CONVERGENCE: REL_REDUCTION_OF_F_<=_FACTR*EPSMCH             

 Cauchy                time 0.000E+00 seconds.
 Subspace minimization time 0.000E+00 seconds.
 Line search           time 0.000E+00 seconds.

 Total User time 0.000E+00 seconds.

RUNNING THE L-BFGS-B CODE

           * * *

Machine precision = 2.220D-16
 N =            7     M =           10

At X0         0 variables are exactly at the bounds

At iterate    0    f=  1.79130D+03    |proj g|=  2.46683D+00

At iterate    1    f=  1.77286D+03    |proj g|=  2.45072D+00

At iterate    2    f=  1.76974D+03    |proj g|=  2.44943D+00

At iterate    3    f=  1.73637D+03    |proj g|=  2.43038D+00

At iterate    4    f=  1.66108D+03    |proj g|=  2.38126D+00
  Positive dir derivative in projection 
  Using the backtracking step 

At iterate    5    f=  1.61625D+03    |proj g|=  2.36991D+00
  ys=-1.158E+00  -gs= 4.426E+01 BFGS update SKIPPED

At iterate    6    f=  1.59607D+03    |proj g|=  2.36955D+00

At iterate    7    f=  1.54668D+03    |proj g|=  2.36520D+00

At iterate    8    f=  1.52258D+03    |proj g|=  2.35234D+00

At iterate    9    f=  1.45538D+03    |proj g|=  2.22538D+00
  Positive dir derivative in projection 
  Using the backtracking step 

At iterate   10    f=  1.25638D+03    |proj g|=  2.15448D+00

At iterate   11    f=  1.14263D+03    |proj g|=  3.08056D+04

At iterate   12    f=  9.03116D+02    |proj g|=  2.04651D+00

At iterate   13    f=  8.86814D+02    |proj g|=  2.77566D+02

At iterate   14    f=  8.81631D+02    |proj g|=  9.52897D+02

At iterate   15    f=  8.76903D+02    |proj g|=  1.97790D+00

At iterate   16    f=  8.65172D+02    |proj g|=  1.70553D+00

At iterate   17    f=  3.07292D+02    |proj g|=  1.02522D+00
  ys=-2.324E+03  -gs= 6.663E+01 BFGS update SKIPPED
  Positive dir derivative in projection 
  Using the backtracking step 

At iterate   18    f=  2.51019D+02    |proj g|=  1.02514D+00

At iterate   19    f=  1.97629D+02    |proj g|=  1.02600D+00

At iterate   20    f=  1.78963D+02    |proj g|=  1.01885D+00

At iterate   21    f=  1.74754D+02    |proj g|=  1.06949D+02

At iterate   22    f=  1.71759D+02    |proj g|=  3.59456D+02

At iterate   23    f=  1.70490D+02    |proj g|=  1.01720D+00

At iterate   24    f=  1.70034D+02    |proj g|=  3.76953D+02

At iterate   25    f=  1.69535D+02    |proj g|=  4.98073D+02

At iterate   26    f=  1.67363D+02    |proj g|=  7.96929D+02

At iterate   27    f=  1.60695D+02    |proj g|=  1.79659D+03

At iterate   28    f=  1.51319D+02    |proj g|=  8.55327D+03

At iterate   29    f=  1.45238D+02    |proj g|=  9.48258D+02

At iterate   30    f=  1.33495D+02    |proj g|=  1.02324D+00

At iterate   31    f=  1.30043D+02    |proj g|=  1.19306D+03

At iterate   32    f=  1.29333D+02    |proj g|=  1.38821D+02

At iterate   33    f=  1.29030D+02    |proj g|=  6.75443D+01

At iterate   34    f=  1.28933D+02    |proj g|=  1.30890D+00

At iterate   35    f=  1.28927D+02    |proj g|=  2.89222D+00

At iterate   36    f=  1.28926D+02    |proj g|=  1.01511D+00

At iterate   37    f=  1.28926D+02    |proj g|=  1.02087D+00

           * * *

Tit   = total number of iterations
Tnf   = total number of function evaluations
Tnint = total number of segments explored during Cauchy searches
Skip  = number of BFGS updates skipped
Nact  = number of active bounds at final generalized Cauchy point
Projg = norm of the final projected gradient
F     = final function value

           * * *

   N    Tit     Tnf  Tnint  Skip  Nact     Projg        F
    7     37     72     43     2     0   1.021D+00   1.289D+02
  F =   128.92557834400782     

CONVERGENCE: REL_REDUCTION_OF_F_<=_FACTR*EPSMCH             

 Cauchy                time 0.000E+00 seconds.
 Subspace minimization time 0.000E+00 seconds.
 Line search           time 0.000E+00 seconds.

 Total User time 0.000E+00 seconds.

RUNNING THE L-BFGS-B CODE

           * * *

Machine precision = 2.220D-16
 N =            7     M =           10

At X0         0 variables are exactly at the bounds

At iterate    0    f=  1.04624D+03    |proj g|=  2.46683D+00

At iterate    1    f=  1.04126D+03    |proj g|=  2.45860D+00

At iterate    2    f=  1.03223D+03    |proj g|=  2.45351D+00

At iterate    3    f=  9.30425D+02    |proj g|=  2.36494D+00

At iterate    4    f=  9.06029D+02    |proj g|=  2.36380D+00

At iterate    5    f=  8.63271D+02    |proj g|=  2.35526D+00

At iterate    6    f=  8.46124D+02    |proj g|=  2.33531D+00

At iterate    7    f=  8.16689D+02    |proj g|=  2.12498D+00
  Positive dir derivative in projection 
  Using the backtracking step 

At iterate    8    f=  7.12402D+02    |proj g|=  2.05973D+00

At iterate    9    f=  6.20410D+02    |proj g|=  1.46858D+04


Evaluating fit for parameters [2.355264806199322, 0.18498456797548796, 0.8, 0.020837158997346884, 0.9912941744269054, 0.019583594941396713, 0.9897467272095904]
Evaluating fit for parameters [2.3512739868126813, 0.1817955941435758, 0.8, 0.020777352282479206, 0.9911349665817109, 0.019270357835895306, 0.9895730654061095]
Evaluating fit for parameters [2.3353107092661185, 0.16903969881592715, 0.8, 0.020538125423008494, 0.9904981352009328, 0.018017409413889678, 0.9888784181921855]
Evaluating fit for parameters [1.9168863837915004, 1e-10, 0.8, 0.016205344819920788, 0.9801165630425782, -0.0033128806174552022, 0.9774974857712878]
Evaluating fit for parameters [2.3330721004952273, 0.16813532082178195, 0.8, 0.02051494464677275, 0.9904425928314422, 0.01790329039297554, 0.9888175291530278]
Evaluating fit for parameters [2.1249792421433638, 0.08406766046089098, 0.8, 0.018360144733346767, 0.9852795779370103, 0.007295204887760167, 0.9831575074621578]
Evaluating fit for parameters [2.026650564430988, 1e-10, 0.8, 0.017760596270823364, 0.984431782091775, 0.005064049942384916, 0.9821892416061788]
Evaluating fit for parameters [2.124539442124177, 0.08369164646884004, 0.8, 0.01835746310036384, 0.985275785954471, 0.007285225479813124, 0.9831531766468561]
Evaluating fit for parameters [2.0755950032775825, 0.04184582328442001, 0.8, 0.0180590296855936, 0.984853784023123, 0.00617463771109902, 0.9826712091265174]
Evaluating fit for parameters [2.0754603745489897, 0.04173072032063121, 0.8, 0.01805820880150244, 0.9848526232460292, 0.00617158287948146, 0.9826698834054342]
Evaluating fit for parameters [2.04694588779645, 0.017351808252988044, 0.8, 0.01788434480688902, 0.9846067696053595, 0.005524566773774602, 0.982389094478281]
Evaluating fit for parameters [2.059725300058979, 0.028277769169910344, 0.8, 0.017962265889041307, 0.984716954475865, 0.005814541677657006, 0.982514936387693]
Evaluating fit for parameters [2.151116867799683, 1e-10, 0.8, 0.0173507553907249, 0.9971569327584338, 0.019390643847803708, 0.9960651869497091]
Evaluating fit for parameters [2.061022552315851, 0.02787638203264905, 0.8, 0.017953585839079883, 0.9848935330191755, 0.006007246864964038, 0.9827072746258622]
Evaluating fit for parameters [2.106069710057767, 0.013938191066324527, 0.8, 0.01765217061490239, 0.9910252328888046, 0.012698945356383873, 0.9893862307877856]
Evaluating fit for parameters [5.782314979787447, 0.5326894036508826, 0.8, 0.006694990961700638, 1.3282112791163077, 0.39182722755681, 1.359328200460608]
Evaluating fit for parameters [2.214938357037548, 0.02930053456887172, 0.8, 0.01732768374418656, 1.0010106897720852, 0.02392648326164557, 1.0003417244353237]
Evaluating fit for parameters [2.1522508669647484, 0.0204547669165033, 0.8, 0.017514526035801795, 0.9952609790279141, 0.017461571732904083, 0.9940334582969541]
Evaluating fit for parameters [2.133362136348674, 0.021563077815823287, 0.8, 0.016977372117365577, 0.9944608047044983, 0.015145622461111726, 0.9930374399113979]
Evaluating fit for parameters [2.135886334594807, 0.021372612737210788, 0.8, 0.017151720072584645, 0.9950088322018258, 0.016042353187525286, 0.9935473971251723]
Evaluating fit for parameters [2.1302102633137077, 0.021507203524466275, 0.8, 0.017219509771538688, 0.9951292956171935, 0.016301995210930495, 0.9936586859638754]
Evaluating fit for parameters [2.085678082605192, 0.02238468040439866, 0.8, 0.01750311338394438, 0.9954171951955022, 0.01718023483956832, 0.9939261193868539]
Evaluating fit for parameters [1.9938983454449193, 0.023721933917358645, 0.8, 0.017827256307069064, 0.9955805088599786, 0.01801965785889026, 0.9940782357282936]
Evaluating fit for parameters [1.6952994124326262, 0.02708881184727082, 0.8, 0.0184549905172794, 0.9957235631378775, 0.019466097203483874, 0.9942072018510006]
Evaluating fit for parameters [0.45280785437755133, 0.0391600158844131, 0.8, 0.020164706895618736, 0.9959241033744676, 0.02320502019918882, 0.994361793339235]
Evaluating fit for parameters [1.000000082740371e-10, 0.04355918943466319, 0.8, 0.02078778799398118, 0.9959971873271415, 0.024567615935166535, 0.9944181319434076]
Evaluating fit for parameters [0.45263188645263575, 0.039161725469248405, 0.8, 0.02016494903428064, 0.9959241317759879, 0.02320554972433264, 0.9943618152332617]
Evaluating fit for parameters [0.45245599808623593, 0.039163434281147214, 0.8, 0.020165191063466946, 0.9959241601646674, 0.02320607901006786, 0.9943618371173898]
Evaluating fit for parameters [0.2262279990931182, 0.041361311857905196, 0.8, 0.020476489528724065, 0.9959606737459045, 0.023886847472617198, 0.9943899845303986]
Evaluating fit for parameters [0.2694680460809453, 0.04094122093142621, 0.8, 0.02041698955380997, 0.995953694729269, 0.023756728917710298, 0.994384604579789]
Evaluating fit for parameters [0.2262279990931182, 0.041361311857905196, 0.8, 0.020476489528724065, 0.9959606737459045, 0.023886847472617198, 0.9943899845303986]
Evaluating fit for parameters [1.3032659566896692, 0.029940908885553917, 0.8, 0.017660369829245712, 0.9964965815723327, 0.01884384044116409, 0.9950341610571012]
Evaluating fit for parameters [0.304913935647383, 0.040526963265668126, 0.8, 0.020270750246798613, 0.9959998259493452, 0.02351841688154951, 0.9944370465981301]
Evaluating fit for parameters [0.2362935831045916, 0.04125458114822844, 0.8, 0.020450171153200216, 0.9959656821350807, 0.0238397174614718, 0.9943960047573572]
Evaluating fit for parameters [0.2155573015425484, 0.027271755371794274, 0.8, -0.000551223884097455, 1.0206190396851855, 0.0074603011972213685, 1.0183286843944532]
Evaluating fit for parameters [0.23517629702362247, 0.04050117622527337, 0.8, 0.019318600563463573, 0.9972940231473048, 0.022957182482782845, 0.995685515114304]
Evaluating fit for parameters [0.23316695496288867, 0.04076247493209352, 0.8, 0.01872619197160683, 0.9961694413224175, 0.0204879047686338, 0.9946103749599257]
Evaluating fit for parameters [0.23216084591943265, 0.03952545536113624, 0.8, 0.01784704874440851, 0.9947230683050815, 0.017168578772752286, 0.9932242680658206]
Evaluating fit for parameters [0.23335211395926292, 0.037346607188416314, 0.8, 0.01758218175326343, 0.9945419206492172, 0.016465035819725776, 0.9930651884820227]
Evaluating fit for parameters [0.25028223834897734, 0.008945629033614844, 0.8, 0.015138580940856378, 0.9941570986084572, 0.011265265707051877, 0.9928368624337407]
Evaluating fit for parameters [0.23909049408228042, 0.027720239137820093, 0.8, 0.016753935604107845, 0.9944114871628018, 0.014702600011696156, 0.9929877985215672]
Evaluating fit for parameters [0.2461348356495553, 0.01404694957280498, 0.801333332238353, 0.01578310593605545, 0.9952390381938411, 0.0135321171277623, 0.9938745105081478]
Evaluating fit for parameters [0.241182381025324, 0.023659820483167268, 0.800395946203561, 0.016465638126320466, 0.9946572366313647, 0.014355013535575799, 0.9932511164213671]
Evaluating fit for parameters [0.24070936142960458, 0.022150129735221305, 0.8019972945904266, 0.016419266815946295, 0.9953249117500773, 0.014995795749832548, 0.9939165328456364]
Evaluating fit for parameters [0.23880260511581358, 0.02214257537394217, 0.8052799136124222, 0.016666906394020492, 0.9962452076830512, 0.01641174413312613, 0.9947846657002706]
Evaluating fit for parameters [0.2388533357077231, 0.02126368554063102, 0.807055839218121, 0.01668638190056058, 0.9963483515148549, 0.01654044792073714, 0.9948757978909518]
Evaluating fit for parameters [0.23607268582475371, 0.016542739739620404, 0.8218508761991643, 0.016703023872178955, 0.9968781862947791, 0.01708061846080259, 0.9953662868291845]
Evaluating fit for parameters [0.22973882503920953, 0.012321120018524007, 0.8454744956778154, 0.016816242654312714, 0.9973950757825865, 0.017780524866493834, 0.9958228810886023]
Evaluating fit for parameters [0.1976576549831476, 0.00011694106290105998, 0.9509614568606566, 0.017511780466550303, 0.9989293680542566, 0.02050612412169456, 0.9971040692821632]
Evaluating fit for parameters [0.22902851231654797, 0.012050905946946541, 0.8478100941136624, 0.0168316426336857, 0.9974290467169054, 0.017840872660058182, 0.995851248017627]
Evaluating fit for parameters [0.21334308364984778, 0.0060839235049238, 0.8993857754871595, 0.017171711550118, 0.998179207385581, 0.01917349839087637, 0.9964776586498951]
Evaluating fit for parameters [0.22126644316543198, 0.009098093414841281, 0.873332763199966, 0.01699992865898869, 0.9978002701694763, 0.018500333953400276, 0.9961612327013725]
Evaluating fit for parameters [0.18932975610673852, 0.00285558751487366, 0.9693075972747561, 0.017601935202709643, 0.9983946375917481, 0.020124092610035595, 0.9965652059597544]
Evaluating fit for parameters [0.20870523623575987, 0.0066428165658342555, 0.9110811917905333, 0.017236707406727874, 0.9980340443292597, 0.019138984056723707, 0.9963201218085382]
Evaluating fit for parameters [0.20174869496315828, 0.002289146437760549, 0.9389515191818455, 0.014213039607283234, 0.9996644027705638, 0.014833852637973396, 0.998129886979026]
Evaluating fit for parameters [0.20649922843169227, 0.005262212339896157, 0.9199192274346689, 0.01627786385199277, 0.9985510517477464, 0.017773772073477894, 0.9968940213849484]
Evaluating fit for parameters [0.20262547057528627, 0.005299565799090288, 0.9358352420021713, 0.010279106074240504, 1.0010481281295307, 0.008536637545764222, 0.9998257345302282]
Evaluating fit for parameters [0.2050224259216124, 0.005276452693667066, 0.9259869299434578, 0.013990942244619813, 0.9995030184955858, 0.014252275903056659, 0.9980116858059765]
Evaluating fit for parameters [0.2087805347104634, 0.005037090591467026, 0.9165630322800898, 0.012732500689300524, 0.9994967460803023, 0.011828481169573251, 0.9981406743688975]
Evaluating fit for parameters [0.20573378217344573, 0.004524898133616624, 0.9231691854124084, 0.012681732520812006, 0.999675785435533, 0.011950795573274083, 0.9983358635474354]
Evaluating fit for parameters [0.20336078331466528, 0.004477882288875143, 0.9245886468450394, 0.012607599380831698, 0.9998642206655878, 0.012005002199809385, 0.9985330973381238]
Evaluating fit for parameters [0.19273113758250504, 0.004075213796549642, 0.9280289475464917, 0.012023706146013634, 1.000664099639153, 0.011708920884275617, 0.9993951253303952]
Evaluating fit for parameters [0.18580403501297824, 0.004395504765412358, 0.9274326497497248, 0.012369008371677159, 0.9999037528632231, 0.011417078664435908, 0.9984204926482625]
Evaluating fit for parameters [0.1876591266520247, 0.004267283758908192, 0.9257498719719839, 0.012190874930389213, 1.000229765465144, 0.011519565032384122, 0.9988771231232292]
Evaluating fit for parameters [0.18777695290160384, 0.004247946799983887, 0.925054500921157, 0.012131311104694228, 1.0002622214430248, 0.011452131779508616, 0.998931605523671]
Evaluating fit for parameters [0.18778511093190345, 0.0042658092205192025, 0.9248442465167624, 0.01212890633371209, 1.0002573217466515, 0.011440994236709445, 0.9989268188010326]
Evaluating fit for parameters [0.18772326213287086, 0.0042595578227104984, 0.9248899530814431, 0.01212236872987664, 1.0002592473761456, 0.011429966382771885, 0.9989298062797131]
Optimized parameters are [0.18772326213287086, 0.0042595578227104984, 0.9248899530814431, 0.01212236872987664, 1.0002592473761456, 0.011429966382771885, 0.9989298062797131]
WARN: The maximum single sided width 6.74e+02, as determined by the amount of padding in radiographs, that is allowed for detector PSF may be insufficient. This may or may not be a problem. Consider increasing the pad factor if results are inconsistent. An example of a inconsistency is if FWHM changes significantly when pad factor is changed. Increasing padding will increase software run time.
Estimated detector parameters are {'detector_FWHM_1': 8.870020707059885, 'cutoff_FWHM_2_multiplier': 10, 'detector_weight_1': 0.9248899530814431, 'cutoff_FWHM_1_multiplier': 10, 'detector_FWHM_2': 390.9112850722686, 'norm_power': 2.0}
164.91 mins has elapsed
164.91 mins has elapsed
4.63e+02 mins has elapsed
----------- Estimation of only detector blur model parameters -----------
Will optimize detector blur parameters
Will optimize transmission function parameters
----------------------------
Evaluating fit for parameters [2.4668284775042895, 0.24668284775042895, 0.9, 0.017894357442855835, 0.9957508444786072, 0.016608238220214844, 0.9952527284622192]
Evaluating fit for parameters [2.4668284924054507, 0.24668284775042895, 0.9, 0.017894357442855835, 0.9957508444786072, 0.016608238220214844, 0.9952527284622192]
Evaluating fit for parameters [2.4668284775042895, 0.24668286265159015, 0.9, 0.017894357442855835, 0.9957508444786072, 0.016608238220214844, 0.9952527284622192]
Evaluating fit for parameters [2.4668284775042895, 0.24668284775042895, 0.9000000149011612, 0.017894357442855835, 0.9957508444786072, 0.016608238220214844, 0.9952527284622192]
Evaluating fit for parameters [2.4668284775042895, 0.24668284775042895, 0.9, 0.01789437234401703, 0.9957508444786072, 0.016608238220214844, 0.9952527284622192]
Evaluating fit for parameters [2.4668284775042895, 0.24668284775042895, 0.9, 0.017894357442855835, 0.9957508593797684, 0.016608238220214844, 0.9952527284622192]
Evaluating fit for parameters [2.4668284775042895, 0.24668284775042895, 0.9, 0.017894357442855835, 0.9957508444786072, 0.016608253121376038, 0.9952527284622192]
Evaluating fit for parameters [2.4668284775042895, 0.24668284775042895, 0.9, 0.017894357442855835, 0.9957508444786072, 0.016608238220214844, 0.9952527433633804]
eps is 1.4901161193847656e-08
Error in jacobian at [2.4668284775042895, 0.24668284775042895, 0.9, 0.017894357442855835, 0.9957508444786072, 0.016608238220214844, 0.9952527284622192] is 0.01405468011536391. Numerical jacobian is [   45.53900909   323.7795639    937.66986084 -1037.22996521
   689.15312195  -989.96308899   687.9733429 ]. True jacobian is [   45.53901234   323.77955624   937.66978214 -1037.2370714
   689.1461635   -989.97026806   687.96648208]
###########################
Evaluating fit for parameters [2.4668284775042895, 0.24668284775042895, 0.9, 0.017894357442855835, 0.9957508444786072, 0.016608238220214844, 0.9952527284622192]
Evaluating fit for parameters [1.541905767690788, 0.15419057680282378, 0.8625055929795837, 0.19865700933162464, 0.8098720050426473, 0.19785311288508847, 0.8095606546728777]
Evaluating fit for parameters [2.4615276912687083, 0.24615276912706424, 0.899785117356795, 0.018930318790623273, 0.9946855619602802, 0.01764696321496266, 0.9941885163087545]
Evaluating fit for parameters [2.460721981972468, 0.24573661487314877, 0.8987692107855447, 0.01912863870513129, 0.994860706126357, 0.017784280862246475, 0.9943551674341954]
Evaluating fit for parameters [2.4574991447875076, 0.24407199785748687, 0.8947055845005436, 0.019921918363163357, 0.9955612827906641, 0.018333551451381734, 0.995021771935959]
Evaluating fit for parameters [2.443200731991659, 0.23670045954782726, 0.8768390859103523, 0.021182770838510407, 0.9967015455910132, 0.019195070123540096, 0.9961223285900941]
Evaluating fit for parameters [2.3585012223381403, 0.1929159191413372, 0.8, 0.025368563929322428, 1.0006436070576674, 0.022028204056081677, 0.9999355279521106]
Evaluating fit for parameters [2.3581405511243343, 0.1925479472568587, 0.8, 0.023890639793310593, 0.9994315155120763, 0.020994080409510982, 0.9987767016436689]
Evaluating fit for parameters [2.3506931712490844, 0.1877012247099611, 0.8, 0.018736318959894426, 0.995120631859297, 0.017415712522881502, 0.9946247687653037]
Evaluating fit for parameters [2.3442017885308495, 0.18378216728910568, 0.8, 0.01851813789550385, 0.9949539851147822, 0.017261557767145778, 0.994464257804231]
Evaluating fit for parameters [2.31823625765791, 0.16810593760568404, 0.8, 0.01764541363794154, 0.9942873981367228, 0.01664493874420288, 0.9938222139599401]
Evaluating fit for parameters [1.4636025054141757, 1e-10, 0.8, -0.0013857032288609322, 0.9805902530683995, 0.0030614987988153777, 0.9806401158245012]
Evaluating fit for parameters [2.315126328833208, 0.16749421650377352, 0.8, 0.017576161260820983, 0.9942375555624596, 0.016595509931786028, 0.9937742455912045]
Evaluating fit for parameters [1.8893644171236919, 0.08374710830188677, 0.8, 0.008095229015980025, 0.9874139043154295, 0.009828504365300701, 0.9872071807078528]
Evaluating fit for parameters [2.1803743069780976, 0.14098857604051293, 0.8, 0.014575482351019211, 0.9920778959576831, 0.014453778468942488, 0.9916957945923066]
Evaluating fit for parameters [1.8824457718897925, 1e-10, 0.8, 0.009127095493911329, 0.9880828426774186, 0.010577164770141137, 0.9878574705138452]
Evaluating fit for parameters [2.179555228447256, 0.14060096390523155, 0.8, 0.014560503400778494, 0.9920669125774895, 0.014443120708174073, 0.9916852420990849]
Evaluating fit for parameters [2.031000500168524, 0.07030048200261578, 0.8, 0.011843799447344911, 0.990074877627454, 0.012510142739157605, 0.9897713563064651]
Evaluating fit for parameters [2.0307338003825772, 0.07017427179246193, 0.8, 0.011838922158205362, 0.9900713013340507, 0.012506672470546498, 0.9897679203139716]
Evaluating fit for parameters [2.0304679578164477, 0.0700484672440261, 0.8, 0.011834060545527245, 0.9900677365354807, 0.012503213355986439, 0.9897644953653599]
Evaluating fit for parameters [1.95645686485312, 0.035024233672013044, 0.8, 0.010480578019719286, 0.9890752896064496, 0.011540189063063788, 0.9888109829396026]
Evaluating fit for parameters [2.0542131317520074, 1e-10, 0.8, 0.011669519598680522, 0.9927729727074678, 0.011944476479411091, 0.992450432068638]
Evaluating fit for parameters [1.956714213917314, 0.03493203033794758, 0.8, 0.010483707977648669, 0.9890850239725002, 0.011541253373225816, 0.9888205640013314]
Evaluating fit for parameters [2.0054636728346606, 0.017466015218973792, 0.8, 0.011076613788164595, 0.990928998339984, 0.011742864926318453, 0.9906354980349847]
Evaluating fit for parameters [1.9806893869379965, 0.02634217634245544, 0.8, 0.010775301355458018, 0.989991897720188, 0.011640406717195434, 0.9897131556001785]
Evaluating fit for parameters [3.960881699573059, 0.057326094608642825, 0.8, 0.0419237597862525, 1.044790649600678, 0.02874482774600995, 1.0433028444231989]
Evaluating fit for parameters [2.249955738885511, 0.030555366438862905, 0.8, 0.015010865606936126, 0.9974434265015019, 0.013966264172158713, 0.9970002761082746]
Evaluating fit for parameters [2.2472816457811615, 0.0275857773745807, 0.8, 0.015466084752993542, 0.9974201817184429, 0.014335857400542483, 0.9969689034315649]
Evaluating fit for parameters [2.227688081801174, 0.02670518799284067, 0.8, 0.015481981994781024, 0.9974093417991171, 0.014342082161661428, 0.9969556854375962]
Evaluating fit for parameters [2.0875959704251414, 0.024527858087498685, 0.8, 0.01576592795903769, 0.9971560738746116, 0.014603174856942557, 0.996702075896556]
Evaluating fit for parameters [1.604240803739941, 0.02120299857330072, 0.8, 0.016349630427858513, 0.9965275803300623, 0.015131410737939712, 0.9960616117285942]
Evaluating fit for parameters [1e-10, 0.016629623787177174, 0.8, 0.018473330836082474, 0.9941352110347764, 0.017099082535256636, 0.9936306460291854]
Evaluating fit for parameters [1.6041083122839828, 0.02120262086623662, 0.8, 0.01634980582057915, 0.9965273827484459, 0.015131573244528925, 0.996061410959368]
Evaluating fit for parameters [0.8020541561919914, 0.018916122326706895, 0.8, 0.01741156832833081, 0.9953312968916112, 0.01611532788989278, 0.9948460284942766]
Evaluating fit for parameters [0.801921938917603, 0.018915745401280486, 0.8, 0.017411743358088785, 0.9953310997188757, 0.016115490060186255, 0.9948458281405279]
Evaluating fit for parameters [0.8017897308996044, 0.01891536850224222, 0.8, 0.017411918375593114, 0.9953309025599442, 0.016115652219126364, 0.9948456278008057]
Evaluating fit for parameters [0.40089486549980236, 0.017772496144709698, 0.8, 0.017942624605837794, 0.9947330567973602, 0.016607367377191498, 0.9942381369149955]
Evaluating fit for parameters [0.3688916450332731, 0.017681261262001136, 0.8, 0.017984990597411526, 0.9946853310932012, 0.016646620732543405, 0.9941896412458614]
Evaluating fit for parameters [0.40089486549980236, 0.017772496144709698, 0.8, 0.017942624605837794, 0.9947330567973602, 0.016607367377191498, 0.9942381369149955]
Evaluating fit for parameters [1e-10, 0.019677727017906984, 0.8003412783640954, 0.01755158616047, 0.9952384014175245, 0.016201514996795875, 0.9947362108709338]
Evaluating fit for parameters [0.40085307042400886, 0.017772694773516454, 0.8000000355797899, 0.017942583838337703, 0.9947331094817883, 0.01660732506527268, 0.9942381888414245]
Evaluating fit for parameters [0.20042653526200443, 0.01872521089571172, 0.8001706569719427, 0.01774708499940385, 0.9949857554496564, 0.01640442003103428, 0.9944871998561792]
Evaluating fit for parameters [0.35425523332607284, 0.017994148440114724, 0.8000397039192667, 0.01789713165785615, 0.9947918479898639, 0.016560150993615203, 0.9942960822470643]
Evaluating fit for parameters [0.45134902550474715, 0.0453631308957739, 0.8333216734527836, -0.03261243359395507, 1.0391425280112723, -0.03394284846477609, 1.0375125379270476]
Evaluating fit for parameters [0.36397380310472854, 0.020733637338402378, 0.8033710512281385, 0.012841394072841864, 0.9992311140731754, 0.011505070609438086, 0.9986218185345007]
Evaluating fit for parameters [0.375961160280879, 0.030967353298290163, 0.8009703129138779, 0.018571973329420434, 0.996677031312849, 0.017196748277383118, 0.9962973938647746]
Evaluating fit for parameters [0.35420316107446237, 0.027277711989973093, 0.8034995669269719, 0.015776475462989586, 0.9984717841053014, 0.01451856951155664, 0.9980373854011144]
Evaluating fit for parameters [0.3538762303354732, 0.0272376563534246, 0.8044874778743036, 0.015543330190442604, 0.9984761896580358, 0.01419933499438126, 0.9979910270042762]
Evaluating fit for parameters [0.34952069167457306, 0.02733753091508212, 0.8095126273126015, 0.014976250148349366, 0.99851262092945, 0.01346275405204675, 0.9979181715927907]
Evaluating fit for parameters [0.3436921258315563, 0.02709070673402487, 0.8175503252077246, 0.014567111037566267, 0.9985998872986106, 0.012973665484566875, 0.9979444715332764]
Evaluating fit for parameters [0.3265626740445533, 0.02489602011678648, 0.8415790797711512, 0.013881365482327337, 0.9988624397762027, 0.012194923079744738, 0.9981337861200501]
Evaluating fit for parameters [0.2911503216612298, 0.016660360372367018, 0.8961934713189786, 0.012692351677723432, 0.9995695701821337, 0.010916744985101211, 0.9987608302977818]
Evaluating fit for parameters [0.20828491895005907, 1e-10, 1.0, 0.00917480042886729, 1.0021471251231882, 0.007358661982099723, 1.0012372060110575]
Evaluating fit for parameters [0.27052954004836055, 0.012514484777389789, 0.9220253829236612, 0.011817020674173504, 1.0002109862109667, 0.010031327788480687, 0.9993770682101571]
Evaluating fit for parameters [0.28377277288308567, 0.015177080058153658, 0.9054354191497687, 0.012379182308251949, 0.9997990512041743, 0.01059996705302715, 0.9989813032819219]
Evaluating fit for parameters [0.25159732319577216, 1e-10, 0.9784053161050105, 0.01073115950960389, 1.000917117773965, 0.008990071215931844, 1.000070538028223]
Evaluating fit for parameters [0.27411541894485786, 0.010621730114980531, 0.9273370904109675, 0.011884533760384461, 1.0001346351570297, 0.010116762185539654, 0.9993082334590935]
Evaluating fit for parameters [0.262856371070315, 0.005310865107490266, 0.9528712032579889, 0.011307846634994177, 1.0005258764654974, 0.00955341670073575, 0.9996893857436583]
Evaluating fit for parameters [0.25870556833260466, 1e-10, 0.9597418864654258, 0.011854437327903637, 1.000582892033957, 0.010268894229904655, 0.9998647928440968]
Evaluating fit for parameters [0.2625311524627763, 0.0048947547231372995, 0.9534095266057264, 0.011350672438886674, 1.0005303436794206, 0.009609474918980516, 0.9997031290257562]
Evaluating fit for parameters [0.2606183603976905, 0.0024473774115686495, 0.9565757065355761, 0.011602554883395157, 1.000556617856689, 0.009939184574442586, 0.9997839609349265]
Evaluating fit for parameters [0.26169044677905107, 0.0038190894411592037, 0.9548011182540335, 0.011461379193998289, 1.0005418916414641, 0.009754388099239668, 0.999738656068505]
Evaluating fit for parameters [0.3732793534729053, 0.021996112636207984, 0.8, 0.025791470736606488, 0.9938236172165311, 0.02470886203329056, 0.9939514431072679]
Evaluating fit for parameters [0.2861106827298762, 0.007796968680755342, 0.9209242756070637, 0.014597391787324375, 0.9990716572651263, 0.01302704120437221, 0.9984721761808687]
Evaluating fit for parameters [0.2787937876609042, 0.005543144542140016, 0.927320190438658, 0.014093803488027225, 1.0026439560813338, 0.013470141018092647, 1.0027372026582348]
Evaluating fit for parameters [0.2725364859094392, 0.005337979866711535, 0.9279056068712285, 0.013112761811129312, 1.00141576202205, 0.012009986512733958, 1.0011033252571135]
Evaluating fit for parameters [0.27112033762304183, 0.005454286455809301, 0.9274025486717546, 0.012775267069853357, 1.0013684939239988, 0.01151441887010763, 1.000957467071643]
Evaluating fit for parameters [0.26919036523486106, 0.005218768064478355, 0.9272201376516068, 0.012374370461292073, 1.001654047964518, 0.011052261095944736, 1.0012108185949034]
Evaluating fit for parameters [0.2703528496147258, 0.005246982638426796, 0.9263894925638483, 0.01228741232060609, 1.0018455338733887, 0.010965524117927613, 1.001414963506474]
Evaluating fit for parameters [0.2720644792413788, 0.005242715023482413, 0.9258644162909812, 0.012247113001801105, 1.0019441528642408, 0.010936495494328121, 1.001525280988532]
Evaluating fit for parameters [0.27351131196171796, 0.005239697584334779, 0.9258443053398239, 0.012215766854004247, 1.0018977117557186, 0.010934782118014916, 1.0014793305174359]
Evaluating fit for parameters [0.2735960673996552, 0.00523862670611544, 0.9258685431433925, 0.012232245094833283, 1.0019096156530507, 0.010902824785802297, 1.0014787192957668]
Evaluating fit for parameters [0.2735654008906826, 0.0052375372247013266, 0.9258772007933411, 0.012221780575913058, 1.0019074025716497, 0.010909030604163051, 1.0014806179829454]
Optimized parameters are [0.2735654008906826, 0.0052375372247013266, 0.9258772007933411, 0.012221780575913058, 1.0019074025716497, 0.010909030604163051, 1.0014806179829454]
WARN: The maximum single sided width 6.74e+02, as determined by the amount of padding in radiographs, that is allowed for detector PSF may be insufficient. This may or may not be a problem. Consider increasing the pad factor if results are inconsistent. An example of a inconsistency is if FWHM changes significantly when pad factor is changed. Increasing padding will increase software run time.
Estimated detector parameters are {'detector_FWHM_1': 6.086695235925602, 'cutoff_FWHM_2_multiplier': 10, 'detector_weight_1': 0.9258772007933411, 'cutoff_FWHM_1_multiplier': 10, 'detector_FWHM_2': 317.91835568487994, 'norm_power': 2.0}
156.84 mins has elapsed
156.84 mins has elapsed
6.20e+02 mins has elapsed
----------- Estimation of only detector blur model parameters -----------
Will optimize detector blur parameters
Will optimize transmission function parameters
----------------------------
Evaluating fit for parameters [2.4668284775042895, 0.24668284775042895, 0.9, 0.016615211963653564, 0.9897341132164001, 0.015554504890083753, 0.9923370942258533]
Evaluating fit for parameters [2.4668284924054507, 0.24668284775042895, 0.9, 0.016615211963653564, 0.9897341132164001, 0.015554504890083753, 0.9923370942258533]
Evaluating fit for parameters [2.4668284775042895, 0.24668286265159015, 0.9, 0.016615211963653564, 0.9897341132164001, 0.015554504890083753, 0.9923370942258533]
Evaluating fit for parameters [2.4668284775042895, 0.24668284775042895, 0.9000000149011612, 0.016615211963653564, 0.9897341132164001, 0.015554504890083753, 0.9923370942258533]
Evaluating fit for parameters [2.4668284775042895, 0.24668284775042895, 0.9, 0.01661522686481476, 0.9897341132164001, 0.015554504890083753, 0.9923370942258533]
Evaluating fit for parameters [2.4668284775042895, 0.24668284775042895, 0.9, 0.016615211963653564, 0.9897341281175613, 0.015554504890083753, 0.9923370942258533]
Evaluating fit for parameters [2.4668284775042895, 0.24668284775042895, 0.9, 0.016615211963653564, 0.9897341132164001, 0.015554519791244947, 0.9923370942258533]
Evaluating fit for parameters [2.4668284775042895, 0.24668284775042895, 0.9, 0.016615211963653564, 0.9897341132164001, 0.015554504890083753, 0.9923371091270144]
eps is 1.4901161193847656e-08
Error in jacobian at [2.4668284775042895, 0.24668284775042895, 0.9, 0.016615211963653564, 0.9897341132164001, 0.015554504890083753, 0.9923370942258533] is 0.014081417687614468. Numerical jacobian is [  40.67362213  260.82686615  769.23381042 -708.80450058  438.48752975
 -667.95123291  511.38748169]. True jacobian is [  40.67364399  260.82689301  769.23378313 -708.81167856  438.48060747
 -667.95835367  511.38054355]
###########################
Evaluating fit for parameters [2.4668284775042895, 0.24668284775042895, 0.9, 0.016615211963653564, 0.9897341132164001, 0.015554504890083753, 0.9923370942258533]
Evaluating fit for parameters [1.5414793695008502, 0.15414793698384555, 0.8624883077003743, 0.19794102627504587, 0.8060265595803634, 0.19727820837511392, 0.8076531183629327]
Evaluating fit for parameters [2.463061300225952, 0.2463061300227326, 0.8998472866146615, 0.01735340523767512, 0.98898622367295, 0.016294318005785884, 0.9915852295819838]
Evaluating fit for parameters [2.4623722567381328, 0.24596723259331865, 0.8990121474321593, 0.01747888721011917, 0.9891306677251339, 0.016377148519182403, 0.991657787298047]
Evaluating fit for parameters [2.4596160827868565, 0.24461164287566284, 0.8956715907021504, 0.017980815099895367, 0.9897084439338697, 0.016708470572768478, 0.9919480181622997]
Evaluating fit for parameters [2.438606056555141, 0.23429391951822032, 0.8703838840897115, 0.019560942096735718, 0.9916023569641736, 0.017756182048222147, 0.9928944737295012]
Evaluating fit for parameters [2.3619160731941293, 0.1965412419908132, 0.8, 0.022666402223636025, 0.9954974947296974, 0.019789294248931246, 0.9948785132580086]
Evaluating fit for parameters [2.3603638439444317, 0.19561873557299458, 0.8, 0.02141695359275308, 0.9941513006711586, 0.018942066249868786, 0.9942348829292281]
Evaluating fit for parameters [2.3504278652008264, 0.18992332371552825, 0.8, 0.017017620336514536, 0.9892449991602879, 0.015967614549970026, 0.9918698715919047]
Evaluating fit for parameters [2.345993061896185, 0.18731633597446137, 0.8, 0.01688957158574875, 0.9891138776161051, 0.015879311768596235, 0.9918099842737575]
Evaluating fit for parameters [2.32825384867762, 0.17688838501019385, 0.8, 0.01637737658268561, 0.9885893914393743, 0.015526100643101073, 0.9915704350011691]
Evaluating fit for parameters [2.257296995803359, 0.13517658115312378, 0.8, 0.01432859657043305, 0.9864914467324509, 0.014113256141120425, 0.9906122379108155]
Evaluating fit for parameters [1.4447207645025808, 1e-10, 0.8, -0.0011233453921631886, 0.9717902307453623, 0.003280937529340196, 0.9842247073896077]
Evaluating fit for parameters [2.2568275985921065, 0.13509849431310952, 0.8, 0.014319670517484066, 0.9864829543479576, 0.014106998684955817, 0.9906085480551466]
Evaluating fit for parameters [1.8507741815473437, 0.06754924720655477, 0.8, 0.006598162562660439, 0.97913659254666, 0.008693968107148006, 0.9874166277223771]
Evaluating fit for parameters [2.2263466162847725, 0.13002781316747672, 0.8, 0.013740044444959292, 0.9859314891596621, 0.013700661778663928, 0.9903689419759819]
Evaluating fit for parameters [1.9452158562906228, 1e-10, 0.8, 0.008646959951509242, 0.9810749139109279, 0.010130576582615264, 0.9882446532682031]
Evaluating fit for parameters [2.2257827968484585, 0.12976703697823874, 0.8, 0.013729830052097207, 0.9859217490959309, 0.013693501824260962, 0.9903646816265921]
Evaluating fit for parameters [2.0854993265695407, 0.06488351853911938, 0.8, 0.011188395001803225, 0.9834983315034294, 0.011912039203438113, 0.9893046674473976]
Evaluating fit for parameters [1.9735678818654798, 1e-10, 0.8, 0.009702637274012224, 0.9824335368824032, 0.010809868312883436, 0.9889501491046043]
Evaluating fit for parameters [2.0853399488297044, 0.06479113173442122, 0.8, 0.011186279450545705, 0.9834968153561078, 0.011910469836528622, 0.9893041626533038]
Evaluating fit for parameters [2.029453915347592, 0.03239556591721061, 0.8, 0.010444458362278964, 0.9829651761192555, 0.01136016907470603, 0.9891271558789541]
Evaluating fit for parameters [2.063659299932877, 0.052223467784504124, 0.8, 0.01089849444314987, 0.9832905691275637, 0.01169698398216841, 0.9892354939450788]
Evaluating fit for parameters [1.9053776199270056, 1e-10, 0.8, 0.024333541487446212, 1.0038320429840362, 0.019823035216310042, 1.00064591776854]
Evaluating fit for parameters [2.062032069208454, 0.051686579174596875, 0.8, 0.011036614795004465, 0.9835017478147178, 0.011780524668847627, 0.9893527999543626]
Evaluating fit for parameters [1.9837048445677299, 0.025843289637298438, 0.8, 0.017685078141225337, 0.993666895399377, 0.015801779942578836, 0.9949993588614513]At iterate   10    f=  5.55429D+02    |proj g|=  1.07255D+03

At iterate   11    f=  5.54493D+02    |proj g|=  8.92428D+01

At iterate   12    f=  5.53478D+02    |proj g|=  2.15644D+02

At iterate   13    f=  5.53084D+02    |proj g|=  1.42916D+02

At iterate   14    f=  5.51224D+02    |proj g|=  2.08568D+00

At iterate   15    f=  5.48245D+02    |proj g|=  1.99390D+00

At iterate   16    f=  5.39302D+02    |proj g|=  1.69530D+00

At iterate   17    f=  2.53847D+02    |proj g|=  7.87074D+01

At iterate   18    f=  2.53281D+02    |proj g|=  1.02384D+00

At iterate   19    f=  2.50818D+02    |proj g|=  1.02296D+00

At iterate   20    f=  2.35215D+02    |proj g|=  1.02049D+00

At iterate   21    f=  2.24927D+02    |proj g|=  4.94723D-01

At iterate   22    f=  2.21273D+02    |proj g|=  4.94542D-01

At iterate   23    f=  2.08319D+02    |proj g|=  1.00701D+00

At iterate   24    f=  2.05352D+02    |proj g|=  1.00675D+00

At iterate   25    f=  2.02877D+02    |proj g|=  2.32119D+02

At iterate   26    f=  2.00897D+02    |proj g|=  5.44889D+00

At iterate   27    f=  2.00145D+02    |proj g|=  2.16225D+02

At iterate   28    f=  1.95433D+02    |proj g|=  2.17568D+03

At iterate   29    f=  1.87054D+02    |proj g|=  4.67383D+03

At iterate   30    f=  1.74659D+02    |proj g|=  6.89184D+03

At iterate   31    f=  1.57125D+02    |proj g|=  4.11050D+03

At iterate   32    f=  1.50484D+02    |proj g|=  8.41185D+03

At iterate   33    f=  1.36331D+02    |proj g|=  1.01425D+00

At iterate   34    f=  1.33667D+02    |proj g|=  1.00186D+00

At iterate   35    f=  1.32553D+02    |proj g|=  6.73292D+02

At iterate   36    f=  1.31796D+02    |proj g|=  1.01261D+00

At iterate   37    f=  1.29520D+02    |proj g|=  1.01171D+00

At iterate   38    f=  1.28978D+02    |proj g|=  3.23686D+01

At iterate   39    f=  1.28484D+02    |proj g|=  5.00230D-01

At iterate   40    f=  1.28455D+02    |proj g|=  9.00200D+01

At iterate   41    f=  1.28454D+02    |proj g|=  1.01144D+00

At iterate   42    f=  1.28454D+02    |proj g|=  6.00657D+00

           * * *

Tit   = total number of iterations
Tnf   = total number of function evaluations
Tnint = total number of segments explored during Cauchy searches
Skip  = number of BFGS updates skipped
Nact  = number of active bounds at final generalized Cauchy point
Projg = norm of the final projected gradient
F     = final function value

           * * *

   N    Tit     Tnf  Tnint  Skip  Nact     Projg        F
    7     42     74     48     0     0   6.007D+00   1.285D+02
  F =   128.45372017366205     

CONVERGENCE: REL_REDUCTION_OF_F_<=_FACTR*EPSMCH             

 Cauchy                time 0.000E+00 seconds.
 Subspace minimization time 0.000E+00 seconds.
 Line search           time 0.000E+00 seconds.

 Total User time 0.000E+00 seconds.

RUNNING THE L-BFGS-B CODE

           * * *

Machine precision = 2.220D-16
 N =            7     M =           10

At X0         0 variables are exactly at the bounds

At iterate    0    f=  6.82278D+02    |proj g|=  2.46683D+00

At iterate    1    f=  6.80185D+02    |proj g|=  2.46153D+00

At iterate    2    f=  6.75399D+02    |proj g|=  2.45750D+00

At iterate    3    f=  6.60485D+02    |proj g|=  2.44320D+00

At iterate    4    f=  6.11507D+02    |proj g|=  2.35850D+00

At iterate    5    f=  5.88423D+02    |proj g|=  2.35814D+00

At iterate    6    f=  5.50039D+02    |proj g|=  2.35069D+00

At iterate    7    f=  5.35316D+02    |proj g|=  2.31824D+00

At iterate    8    f=  5.25935D+02    |proj g|=  2.18037D+00

At iterate    9    f=  4.52377D+02    |proj g|=  1.95646D+00

At iterate   10    f=  4.38493D+02    |proj g|=  1.13167D+03

At iterate   11    f=  3.75770D+02    |proj g|=  2.24996D+00

At iterate   12    f=  3.73736D+02    |proj g|=  2.24728D+00

At iterate   13    f=  3.73027D+02    |proj g|=  2.30309D+02

At iterate   14    f=  3.68829D+02    |proj g|=  1.16336D+03

At iterate   15    f=  3.56536D+02    |proj g|=  3.59854D+03

At iterate   16    f=  2.49551D+02    |proj g|=  9.66513D+03
  ys=-9.540E+00  -gs= 3.735E+01 BFGS update SKIPPED
  Positive dir derivative in projection 
  Using the backtracking step 

At iterate   17    f=  2.45325D+02    |proj g|=  9.31731D+03

At iterate   18    f=  1.96474D+02    |proj g|=  1.91821D+03

At iterate   19    f=  1.95238D+02    |proj g|=  2.45859D+02

At iterate   20    f=  1.85297D+02    |proj g|=  1.65916D+02

At iterate   21    f=  1.84771D+02    |proj g|=  6.58762D+01

At iterate   22    f=  1.82970D+02    |proj g|=  1.05946D+00

At iterate   23    f=  1.80558D+02    |proj g|=  4.98600D-01

At iterate   24    f=  1.73944D+02    |proj g|=  4.98862D-01

At iterate   25    f=  1.59981D+02    |proj g|=  2.95784D+00

At iterate   26    f=  1.59569D+02    |proj g|=  1.54867D+01

At iterate   27    f=  1.46429D+02    |proj g|=  5.00526D-01
  Positive dir derivative in projection 
  Using the backtracking step 

At iterate   28    f=  1.37495D+02    |proj g|=  1.00026D+00

At iterate   29    f=  1.21693D+02    |proj g|=  1.01460D+00

At iterate   30    f=  1.19861D+02    |proj g|=  1.01409D+00

At iterate   31    f=  1.14936D+02    |proj g|=  8.40060D+02

At iterate   32    f=  1.14538D+02    |proj g|=  2.10421D+01

At iterate   33    f=  1.14339D+02    |proj g|=  2.01329D+02

At iterate   34    f=  1.14240D+02    |proj g|=  2.99546D+01

At iterate   35    f=  1.14200D+02    |proj g|=  1.50016D+01

At iterate   36    f=  1.14187D+02    |proj g|=  3.65569D+01

At iterate   37    f=  1.14187D+02    |proj g|=  1.83455D+00

At iterate   38    f=  1.14187D+02    |proj g|=  1.84295D+00

           * * *

Tit   = total number of iterations
Tnf   = total number of function evaluations
Tnint = total number of segments explored during Cauchy searches
Skip  = number of BFGS updates skipped
Nact  = number of active bounds at final generalized Cauchy point
Projg = norm of the final projected gradient
F     = final function value

           * * *

   N    Tit     Tnf  Tnint  Skip  Nact     Projg        F
    7     38     73     44     1     0   1.843D+00   1.142D+02
  F =   114.18670926815011     

CONVERGENCE: REL_REDUCTION_OF_F_<=_FACTR*EPSMCH             

 Cauchy                time 0.000E+00 seconds.
 Subspace minimization time 0.000E+00 seconds.
 Line search           time 0.000E+00 seconds.

 Total User time 0.000E+00 seconds.

RUNNING THE L-BFGS-B CODE

           * * *

Machine precision = 2.220D-16
 N =            7     M =           10

At X0         0 variables are exactly at the bounds

At iterate    0    f=  4.93223D+02    |proj g|=  2.46683D+00

At iterate    1    f=  4.92174D+02    |proj g|=  2.46306D+00

At iterate    2    f=  4.88731D+02    |proj g|=  2.45962D+00

At iterate    3    f=  4.71660D+02    |proj g|=  2.43861D+00

At iterate    4    f=  4.34822D+02    |proj g|=  2.36192D+00

At iterate    5    f=  4.17425D+02    |proj g|=  2.36036D+00

At iterate    6    f=  3.88603D+02    |proj g|=  2.35043D+00

At iterate    7    f=  3.60424D+02    |proj g|=  2.25730D+00

At iterate    8    f=  3.60075D+02    |proj g|=  2.22635D+00

At iterate    9    f=  3.27593D+02    |proj g|=  2.08550D+00
  Positive dir derivative in projection 
  Using the backtracking step 

At iterate   10    f=  3.19391D+02    |proj g|=  2.06366D+00

At iterate   11    f=  2.73711D+02    |proj g|=  2.57522D+03

At iterate   12    f=  2.69089D+02    |proj g|=  4.70534D+02

At iterate   13    f=  2.61749D+02    |proj g|=  1.97138D+00

At iterate   14    f=  2.56094D+02    |proj g|=  1.37826D+02

At iterate   15    f=  2.51196D+02    |proj g|=  1.07674D+02

At iterate   16    f=  1.80151D+02    |proj g|=  3.52672D+01

At iterate   17    f=  1.79536D+02    |proj g|=  6.80444D+01

At iterate   18    f=  1.76116D+02    |proj g|=  2.56219D+01

At iterate   19    f=  1.62719D+02    |proj g|=  4.95314D-01

At iterate   20    f=  1.54096D+02    |proj g|=  1.01522D+00

At iterate   21    f=  1.53707D+02    |proj g|=  1.01524D+00

At iterate   22    f=  1.52790D+02    |proj g|=  2.74496D+02

At iterate   23    f=  1.51869D+02    |proj g|=  1.47324D+02

At iterate   24    f=  1.37232D+02    |proj g|=  1.14239D+01

At iterate   25    f=  1.27073D+02    |proj g|=  1.16298D+02


Evaluating fit for parameters [2.504125329099787, 0.2783970228216158, 0.8, 0.03919942162816708, 1.0181272868036513, 0.03030103708203667, 1.0068480400194293]
Evaluating fit for parameters [2.0424771205009953, 0.05436476051681496, 0.8, 0.0201147421715998, 0.9964292633610077, 0.017439214222656815, 0.9963374575319679]
Evaluating fit for parameters [1.9979006260385563, 0.032732329774044173, 0.8, 0.0182719361295375, 0.9943341142760094, 0.016197283755281632, 0.9953225615282091]
Evaluating fit for parameters [1.971379752887769, 0.033465710303457186, 0.8, 0.012529683796738795, 0.9911160226625831, 0.011890755807598262, 0.9944378133351899]
Evaluating fit for parameters [1.9636705541382315, 0.03383156421196675, 0.8, 0.014926605880835794, 0.99176753742303, 0.013791100757970914, 0.9943230317525628]
Evaluating fit for parameters [1.9332306978191576, 0.03407384196666774, 0.8, 0.015209669186396787, 0.9918402332281335, 0.01401605820932246, 0.9943035303068655]
Evaluating fit for parameters [1.8114712725428617, 0.03504295298547169, 0.8, 0.016341922408640762, 0.9921310164485475, 0.014915888014728644, 0.9942255245240763]
Evaluating fit for parameters [1.3278324789900295, 0.03744657158363594, 0.8, 0.017951174755609364, 0.9925337606938135, 0.016197034425611895, 0.9941058929437439]
Evaluating fit for parameters [1.000000082740371e-10, 0.0440457172354166, 0.8, 0.022369384298598582, 0.9936394968272235, 0.01971442764811885, 0.9937774439028813]
Evaluating fit for parameters [1.3277189086512824, 0.03744713601267276, 0.8, 0.01795155264782275, 0.9925338552681136, 0.016197335270444462, 0.9941058648512928]
Evaluating fit for parameters [0.6638594543756411, 0.04074642662404468, 0.8, 0.020160468473210666, 0.9930866760476685, 0.017955881459281654, 0.993941654377087]
Evaluating fit for parameters [0.6637906879140638, 0.04074676838394521, 0.8, 0.020160697285686344, 0.993086733312092, 0.017956063619825047, 0.9939416373672016]
Evaluating fit for parameters [0.38887874017686785, 0.04211304313123034, 0.8, 0.02107543510863037, 0.9933156628487254, 0.018684298120132885, 0.9938736358933775]
Evaluating fit for parameters [0.57165501356366, 0.04120467007292303, 0.8, 0.02046726812360182, 0.9931634581594843, 0.018200128591621883, 0.9939188469366687]
Evaluating fit for parameters [0.4727972942241858, 0.04169597940530913, 0.8, 0.02079620579151376, 0.9932457807070029, 0.018462000083338845, 0.9938943937593174]
Evaluating fit for parameters [1e-10, 0.04378119405922361, 0.8003863781174428, 0.020043923906762236, 0.9932090762092437, 0.017830688610701716, 0.9940754109934276]
Evaluating fit for parameters [0.47277999446383046, 0.04169605570378683, 0.8000000141376631, 0.020796178265348766, 0.993245779363977, 0.018461976983508703, 0.9938944003827791]
Evaluating fit for parameters [0.23638999728191523, 0.04273862488150522, 0.800193196127553, 0.0204200510860555, 0.9932274277866103, 0.01814633279710521, 0.9939849056881034]
Evaluating fit for parameters [0.43263004588828324, 0.04187313214259922, 0.8000328253693237, 0.020732294483942953, 0.9932426624178442, 0.018408366010103098, 0.9939097723672028]
Evaluating fit for parameters [0.5373221550686373, 0.10897326492424132, 0.8, 0.006364228942147734, 0.9346314824214372, 0.017108409817311803, 0.9511039419503456]
Evaluating fit for parameters [0.43649955896333836, 0.04435321247691749, 0.800031612114602, 0.02020123805655312, 0.991076341296643, 0.018360318477921477, 0.9923276309643462]
Evaluating fit for parameters [0.44903018178155146, 0.04177236718705517, 0.800940189919951, 0.012269042224859923, 0.992070642552888, 0.011473308425635277, 0.9953139558573345]
Evaluating fit for parameters [0.4474218327397444, 0.04124818325875844, 0.800864316128271, 0.015219175418182346, 0.9917052799096872, 0.014040216769426433, 0.9942057580667287]
Evaluating fit for parameters [0.4473769119258823, 0.04005255800456601, 0.8011571022009512, 0.01523815708725582, 0.99168970416446, 0.014059944889456026, 0.99418625239842]
Evaluating fit for parameters [0.44817895255544976, 0.03393514820260973, 0.8037777278170333, 0.014967206505088797, 0.9917167290769283, 0.013831423471384533, 0.9942676038605781]
Evaluating fit for parameters [0.4454383896401705, 0.034324582983823244, 0.8059675537797788, 0.014979002779631823, 0.9916731607347038, 0.013847240277348485, 0.9942344944245336]
Evaluating fit for parameters [0.3962692003305331, 0.028113743537837865, 0.8552699317243112, 0.014756233034997662, 0.9915758867667418, 0.013728434212098352, 0.9941186458404159]
Evaluating fit for parameters [0.20849062629241866, 1e-10, 1.0, 0.013600717212071593, 0.9916597248974859, 0.012283133038139913, 0.9953546211869292]
Evaluating fit for parameters [0.33520091360946636, 0.01897075076638402, 0.9023382266663388, 0.014380442708829483, 0.9916031521298572, 0.013258401531630382, 0.9945206027581722]
Evaluating fit for parameters [0.2602899788582338, 1e-10, 1.0, 0.012458378437805189, 0.9931696738763628, 0.012130132404447403, 0.9948275720180255]
Evaluating fit for parameters [0.3154171791007445, 0.013960637144637713, 0.9281303837352683, 0.013872831778957607, 0.9920168654340353, 0.012960429320487894, 0.9946016723424651]
Evaluating fit for parameters [0.3140064825608975, 0.00027564887149463153, 0.9633171222359999, 0.013886231410189121, 0.991756457028695, 0.012420383891878042, 0.9954909458548588]
Evaluating fit for parameters [0.31536752144560826, 0.013478914528174082, 0.9293689852888158, 0.013873303456776226, 0.9920076988482944, 0.012941419286157815, 0.9946329754868005]
Evaluating fit for parameters [0.3146870020032529, 0.006877281699834357, 0.9463430537624078, 0.013879767433482673, 0.9918820779384947, 0.01268090158901793, 0.9950619606708296]
Evaluating fit for parameters [0.3487317925168698, 1e-10, 0.9425209786625475, 0.012908262090787674, 0.9939189189917182, 0.011662608138683772, 0.9966307825532056]
Evaluating fit for parameters [0.31526356844460673, 0.006760811317188913, 0.9462783249094565, 0.013863314479308381, 0.9919165729134951, 0.012663656253621364, 0.995088529494905]
Evaluating fit for parameters [0.3319976804807383, 0.003380405708594457, 0.9443996517860019, 0.013385788285048028, 0.9929177459526066, 0.012163132196152568, 0.9958596560240554]
Evaluating fit for parameters [0.320439550784843, 0.005715227321148853, 0.9456972376734513, 0.013715612160646052, 0.9922262430028774, 0.01250884052890719, 0.9953270445286487]
Evaluating fit for parameters [0.41943431138872833, 0.01165058905622659, 0.8913535908059755, 0.013318293027307478, 0.9949657955208547, 0.01226585414677624, 0.9965187941531403]
Evaluating fit for parameters [0.35205139196388485, 0.007610557047337167, 0.9283437664050218, 0.013588736866803475, 0.9931010599989655, 0.012431248069733223, 0.9957076040615451]
Evaluating fit for parameters [0.34323992548511056, 0.006303713480890857, 0.9313903691148181, 0.013556022818640712, 0.9947520961621437, 0.011833492712814322, 0.9974321480122519]
Evaluating fit for parameters [0.3358000291949816, 0.0056483092379373085, 0.9321507074645963, 0.012037451480699514, 0.9947712576425415, 0.0108584832928167, 0.9973590897112603]
Evaluating fit for parameters [0.3335120928777865, 0.005910140841246901, 0.9325727761816297, 0.01188519549605891, 0.9947782738111729, 0.010769015718468196, 0.9973302432253219]
Evaluating fit for parameters [0.3328957018008627, 0.005710349110659903, 0.9330332648107775, 0.011925310871080057, 0.9948653363252036, 0.0107567563681486, 0.9974387859810903]
Evaluating fit for parameters [0.333019717287181, 0.0056852403442150656, 0.933042388021762, 0.011902664992307497, 0.9948907412782743, 0.010737871118062191, 0.9974558709721697]
Evaluating fit for parameters [0.333004899428199, 0.00568508499802638, 0.9330422048575007, 0.01190047945499397, 0.9948932342126257, 0.010734718688596196, 0.997459474686625]
Optimized parameters are [0.333004899428199, 0.00568508499802638, 0.9330422048575007, 0.01190047945499397, 0.9948932342126257, 0.010734718688596196, 0.997459474686625]
WARN: The maximum single sided width 6.74e+02, as determined by the amount of padding in radiographs, that is allowed for detector PSF may be insufficient. This may or may not be a problem. Consider increasing the pad factor if results are inconsistent. An example of a inconsistency is if FWHM changes significantly when pad factor is changed. Increasing padding will increase software run time.
Estimated detector parameters are {'detector_FWHM_1': 5.000254426209782, 'cutoff_FWHM_2_multiplier': 10, 'detector_weight_1': 0.9330422048575007, 'cutoff_FWHM_1_multiplier': 10, 'detector_FWHM_2': 292.89082272181514, 'norm_power': 2.0}
140.55 mins has elapsed
140.55 mins has elapsed
7.60e+02 mins has elapsed
At iterate   26    f=  1.25036D+02    |proj g|=  1.33009D+02

At iterate   27    f=  1.13567D+02    |proj g|=  6.09246D+01

At iterate   28    f=  1.10720D+02    |proj g|=  5.28213D+02

At iterate   29    f=  1.06191D+02    |proj g|=  1.01359D+00

At iterate   30    f=  1.04730D+02    |proj g|=  1.31972D+02

At iterate   31    f=  1.03398D+02    |proj g|=  1.03034D+03

At iterate   32    f=  1.03327D+02    |proj g|=  4.97330D-01

At iterate   33    f=  1.03272D+02    |proj g|=  1.01193D+00

At iterate   34    f=  1.03271D+02    |proj g|=  9.66140D+00

At iterate   35    f=  1.03271D+02    |proj g|=  1.24012D+00

           * * *

Tit   = total number of iterations
Tnf   = total number of function evaluations
Tnint = total number of segments explored during Cauchy searches
Skip  = number of BFGS updates skipped
Nact  = number of active bounds at final generalized Cauchy point
Projg = norm of the final projected gradient
F     = final function value

           * * *

   N    Tit     Tnf  Tnint  Skip  Nact     Projg        F
    7     35     72     41     0     0   1.240D+00   1.033D+02
  F =   103.27106967444516     

CONVERGENCE: REL_REDUCTION_OF_F_<=_FACTR*EPSMCH             

 Cauchy                time 0.000E+00 seconds.
 Subspace minimization time 0.000E+00 seconds.
 Line search           time 0.000E+00 seconds.

 Total User time 0.000E+00 seconds.

