----------- Init stage: Estimation of only detector blur model parameters -----------
Will optimize detector blur parameters
----------------------------
Evaluating fit for parameters [2.4668284775042895, 0.24668284775042895, 0.9]
Evaluating fit for parameters [2.4668284924054507, 0.24668284775042895, 0.9]
Evaluating fit for parameters [2.4668284775042895, 0.24668286265159015, 0.9]
Evaluating fit for parameters [2.4668284775042895, 0.24668284775042895, 0.9000000149011612]
eps is 1.4901161193847656e-08
Error in jacobian at [2.4668284775042895, 0.24668284775042895, 0.9] is 3.6413788032882606e-05. Numerical jacobian is [ 45.54309845 323.83583069 937.78733826]. True jacobian is [ 45.54308128 323.83584552 937.78736674]
###########################
Evaluating fit for parameters [2.4668284775042895, 0.24668284775042895, 0.9]
Evaluating fit for parameters [1.472599788116608, 0.14725997884793435, 0.8596960754063512]
Evaluating fit for parameters [1e-10, 1e-10, 0.8]
Evaluating fit for parameters [1.4721488833144263, 0.1472148883677326, 0.8596777966810035]
Evaluating fit for parameters [1.4716981138006293, 0.14716981141636937, 0.8596595234399604]
Evaluating fit for parameters [0.7358490569503144, 0.07358490575818469, 0.8298297617199802]
Evaluating fit for parameters [0.7356143219863327, 0.07356143226179507, 0.8298202460618738]
Evaluating fit for parameters [0.7353796796523362, 0.07353796802840395, 0.8298107341587907]
Evaluating fit for parameters [0.3676898398761681, 0.03676898406420201, 0.8149053670793954]
Evaluating fit for parameters [0.30716888292423183, 0.030716888371216416, 0.8124519757104252]
Evaluating fit for parameters [0.3676898398761681, 0.03676898406420201, 0.8149053670793954]
Evaluating fit for parameters [1e-10, 1e-10, 1.0]
Evaluating fit for parameters [0.36765780370913476, 0.03676578044749984, 0.8149214940482038]
Evaluating fit for parameters [0.18382890190456738, 0.018382890273749924, 0.9074607470241018]
Evaluating fit for parameters [0.3070590221161383, 0.03070590229041108, 0.8454268494347428]
Evaluating fit for parameters [0.24179388431085172, 1e-10, 0.887728001996523]
Evaluating fit for parameters [0.30686911006297324, 0.03061655258357887, 0.8455499396327322]
Evaluating fit for parameters [0.27433149718691247, 0.015308276341789436, 0.8666389708146276]
Evaluating fit for parameters [0.2913540564022209, 0.023317039609173536, 0.8556059155178322]
Evaluating fit for parameters [0.2272988368179674, 1e-10, 0.9158687616852403]
Evaluating fit for parameters [0.29113069198784985, 0.02323573168596858, 0.8558160556973504]
Evaluating fit for parameters [0.25921476440290864, 0.01161786589298429, 0.8858424086912954]
Evaluating fit for parameters [0.27913577856021016, 0.018869407253444964, 0.8671008132451792]
Evaluating fit for parameters [0.20116461915057898, 1e-10, 0.9717437444296634]
Evaluating fit for parameters [0.2775243036546417, 0.018479422336701835, 0.8692635290355525]
Evaluating fit for parameters [0.23934446140261034, 0.00923971121835092, 0.9205036367326079]
Evaluating fit for parameters [0.2880412515131354, 0.003993895004885128, 0.9291094829149705]
Evaluating fit for parameters [0.2531361298118427, 0.007754016625592575, 0.9229409426958679]
Evaluating fit for parameters [0.42169108376744446, 0.01757883259282053, 0.9545667645577925]
Evaluating fit for parameters [0.28126349599925815, 0.009393518698649283, 0.9282184563589942]
Evaluating fit for parameters [0.29047868256099085, 0.010700129127847667, 0.9105966892468499]
Evaluating fit for parameters [0.28537476095281095, 0.009976450105357545, 0.9203566780800088]
Evaluating fit for parameters [0.2821988707690114, 0.009393012431675776, 0.9219637050130707]
Evaluating fit for parameters [0.2816857280231804, 0.009104697686223434, 0.9228475896089372]
Evaluating fit for parameters [0.2821584805201582, 0.00914325955945476, 0.9227131272926793]
Evaluating fit for parameters [0.28233129877904456, 0.009142593866358588, 0.9227096591400368]
Optimized parameters are [0.28233129877904456, 0.009142593866358588, 0.9227096591400368]
WARN: The maximum single sided width 6.74e+02, as determined by the amount of padding in radiographs, that is allowed for detector PSF may be insufficient. This may or may not be a problem. Consider increasing the pad factor if results are inconsistent. An example of a inconsistency is if FWHM changes significantly when pad factor is changed. Increasing padding will increase software run time.
Estimated detector parameters are {'detector_FWHM_2': 182.1265656831143, 'detector_weight_1': 0.9227096591400368, 'detector_FWHM_1': 5.897713889732528, 'norm_power': 2.0, 'cutoff_FWHM_2_multiplier': 10, 'cutoff_FWHM_1_multiplier': 10}
29.88 mins has elapsed
----------- Init stage: Estimation of only source blur model parameters -----------
Will optimize source blur parameters
----------------------------
Evaluating fit for parameters [2.2040405207281486, 1.1020202603640743]
Evaluating fit for parameters [2.20404053562931, 1.1020202603640743]
Evaluating fit for parameters [2.2040405207281486, 1.1020202752652355]
eps is 1.4901161193847656e-08
Error in jacobian at [2.2040405207281486, 1.1020202603640743] is 0.00010302323312814689. Numerical jacobian is [32.37269592 99.68586731]. True jacobian is [32.37259309 99.6858611 ]
###########################
Evaluating fit for parameters [2.2040405207281486, 1.1020202603640743]
Evaluating fit for parameters [1.3096133297201165, 0.6548066648803488]
Evaluating fit for parameters [1e-10, 1e-10]
Evaluating fit for parameters [1.3091951495020124, 0.6545975747713063]
Evaluating fit for parameters [1.3087769859558782, 0.6543884929982487]
Evaluating fit for parameters [0.6543884930279391, 0.32719424654912443]
Evaluating fit for parameters [0.6540550307297477, 0.3270275154000363]
Evaluating fit for parameters [0.6537216892455882, 0.32686084465796406]
Evaluating fit for parameters [0.3268608446727943, 0.1634304223789821]
Evaluating fit for parameters [0.3267411239624731, 0.16337056202382416]
Evaluating fit for parameters [0.19204935698375447, 0.0960246785375205]
Evaluating fit for parameters [0.19204935698375447, 0.0960246785375205]
Evaluating fit for parameters [1.9501942911161574, 1.0095142463817979]
Evaluating fit for parameters [0.5456849706577428, 0.2797651868641621]
Evaluating fit for parameters [0.2538608631128457, 0.1281404415360534]
Evaluating fit for parameters [0.18706182061077037, 0.12035598575328296]
Evaluating fit for parameters [1e-10, 0.1244278430086956]
Evaluating fit for parameters [0.18700814846559427, 0.12035715405856916]
Evaluating fit for parameters [0.09350407428279714, 0.12239249853363238]
Evaluating fit for parameters [0.1526871006466311, 0.12110423546295955]
Evaluating fit for parameters [0.14168444161062008, 0.13445939484558297]
Evaluating fit for parameters [0.15121634222735994, 0.14259744254142134]
Evaluating fit for parameters [0.14718317738400924, 0.14307703492945273]
Evaluating fit for parameters [0.14657188203416693, 0.14334350448071562]
Evaluating fit for parameters [0.1466143941386693, 0.14337509162693707]
Optimized parameters are [0.1466143941386693, 0.14337509162693707]
Estimated source parameters are {'cutoff_FWHM_multiplier': 10, 'norm_power': 2.0, 'source_FWHM_x_axis': 11.357065123773038, 'source_FWHM_y_axis': 11.613657598545922}
41.57 mins has elapsed
-------- Final stage: Estimation of source, detector and transmission model parameters --------
Will optimize source blur parameters
Will optimize detector blur parameters
Will optimize transmission function parameters
----------------------------
Evaluating fit for parameters [0.1466143941386693, 0.14337509162693707, 0.28233129877904456, 0.009142593866358588, 0.9227096591400368, 0.019141897559165955, 0.9926711320877075, 0.01894855499267578, 0.9911565780639648, 0.017829060554504395, 0.9957253634929657, 0.016592979431152344, 0.9952702522277832]
Evaluating fit for parameters [0.1466144090398305, 0.14337509162693707, 0.28233129877904456, 0.009142593866358588, 0.9227096591400368, 0.019141897559165955, 0.9926711320877075, 0.01894855499267578, 0.9911565780639648, 0.017829060554504395, 0.9957253634929657, 0.016592979431152344, 0.9952702522277832]
Evaluating fit for parameters [0.1466143941386693, 0.14337510652809826, 0.28233129877904456, 0.009142593866358588, 0.9227096591400368, 0.019141897559165955, 0.9926711320877075, 0.01894855499267578, 0.9911565780639648, 0.017829060554504395, 0.9957253634929657, 0.016592979431152344, 0.9952702522277832]
Evaluating fit for parameters [0.1466143941386693, 0.14337509162693707, 0.28233131368020575, 0.009142593866358588, 0.9227096591400368, 0.019141897559165955, 0.9926711320877075, 0.01894855499267578, 0.9911565780639648, 0.017829060554504395, 0.9957253634929657, 0.016592979431152344, 0.9952702522277832]
Evaluating fit for parameters [0.1466143941386693, 0.14337509162693707, 0.28233129877904456, 0.009142608767519782, 0.9227096591400368, 0.019141897559165955, 0.9926711320877075, 0.01894855499267578, 0.9911565780639648, 0.017829060554504395, 0.9957253634929657, 0.016592979431152344, 0.9952702522277832]
Evaluating fit for parameters [0.1466143941386693, 0.14337509162693707, 0.28233129877904456, 0.009142593866358588, 0.922709674041198, 0.019141897559165955, 0.9926711320877075, 0.01894855499267578, 0.9911565780639648, 0.017829060554504395, 0.9957253634929657, 0.016592979431152344, 0.9952702522277832]
Evaluating fit for parameters [0.1466143941386693, 0.14337509162693707, 0.28233129877904456, 0.009142593866358588, 0.9227096591400368, 0.01914191246032715, 0.9926711320877075, 0.01894855499267578, 0.9911565780639648, 0.017829060554504395, 0.9957253634929657, 0.016592979431152344, 0.9952702522277832]
Evaluating fit for parameters [0.1466143941386693, 0.14337509162693707, 0.28233129877904456, 0.009142593866358588, 0.9227096591400368, 0.019141897559165955, 0.9926711469888687, 0.01894855499267578, 0.9911565780639648, 0.017829060554504395, 0.9957253634929657, 0.016592979431152344, 0.9952702522277832]
Evaluating fit for parameters [0.1466143941386693, 0.14337509162693707, 0.28233129877904456, 0.009142593866358588, 0.9227096591400368, 0.019141897559165955, 0.9926711320877075, 0.018948569893836975, 0.9911565780639648, 0.017829060554504395, 0.9957253634929657, 0.016592979431152344, 0.9952702522277832]
Evaluating fit for parameters [0.1466143941386693, 0.14337509162693707, 0.28233129877904456, 0.009142593866358588, 0.9227096591400368, 0.019141897559165955, 0.9926711320877075, 0.01894855499267578, 0.991156592965126, 0.017829060554504395, 0.9957253634929657, 0.016592979431152344, 0.9952702522277832]
Evaluating fit for parameters [0.1466143941386693, 0.14337509162693707, 0.28233129877904456, 0.009142593866358588, 0.9227096591400368, 0.019141897559165955, 0.9926711320877075, 0.01894855499267578, 0.9911565780639648, 0.01782907545566559, 0.9957253634929657, 0.016592979431152344, 0.9952702522277832]
Evaluating fit for parameters [0.1466143941386693, 0.14337509162693707, 0.28233129877904456, 0.009142593866358588, 0.9227096591400368, 0.019141897559165955, 0.9926711320877075, 0.01894855499267578, 0.9911565780639648, 0.017829060554504395, 0.9957253783941269, 0.016592979431152344, 0.9952702522277832]
Evaluating fit for parameters [0.1466143941386693, 0.14337509162693707, 0.28233129877904456, 0.009142593866358588, 0.9227096591400368, 0.019141897559165955, 0.9926711320877075, 0.01894855499267578, 0.9911565780639648, 0.017829060554504395, 0.9957253634929657, 0.016592994332313538, 0.9952702522277832]
Evaluating fit for parameters [0.1466143941386693, 0.14337509162693707, 0.28233129877904456, 0.009142593866358588, 0.9227096591400368, 0.019141897559165955, 0.9926711320877075, 0.01894855499267578, 0.9911565780639648, 0.017829060554504395, 0.9957253634929657, 0.016592979431152344, 0.9952702671289444]
eps is 1.4901161193847656e-08
Error in jacobian at [0.1466143941386693, 0.14337509162693707, 0.28233129877904456, 0.009142593866358588, 0.9227096591400368, 0.019141897559165955, 0.9926711320877075, 0.01894855499267578, 0.9911565780639648, 0.017829060554504395, 0.9957253634929657, 0.016592979431152344, 0.9952702522277832] is 0.016119403961754073. Numerical jacobian is [ -685.6222477   -732.44107628  -423.08601761   330.65000725
  -517.62841225  1633.49821854 -1918.86737823  1934.27811813
 -1894.4118576   1599.99992371 -1818.21495438  1647.89793968
 -1798.080616  ]. True jacobian is [ -685.62237822  -732.44118058  -423.08605678   330.63727562
  -517.62868318  1633.49473252 -1918.87087709  1934.27455847
 -1894.4152778   1599.99638914 -1818.2184208   1647.89438519
 -1798.08404107]
###########################
Evaluating fit for parameters [0.1466143941386693, 0.14337509162693707, 0.28233129877904456, 0.009142593866358588, 0.9227096591400368, 0.019141897559165955, 0.9926711320877075, 0.01894855499267578, 0.9911565780639648, 0.017829060554504395, 0.9957253634929657, 0.016592979431152344, 0.9952702522277832]
Evaluating fit for parameters [0.7762996948590758, 0.8160594433978049, 0.6708995243160245, 0.009134197178782427, 0.9227806436835307, 0.018205903209174163, 0.9935962771839966, 0.01801273821123483, 0.9920831141481157, 0.016894271932607743, 0.9966477035398835, 0.01565932604366256, 0.9961930102553315]
Evaluating fit for parameters [0.32177596323371593, 0.3304978439399815, 0.39042056179291384, 0.009140258132986126, 0.9227294051369748, 0.01888152902456448, 0.9929284826507923, 0.01868823585288462, 0.991414315562581, 0.01756902742113399, 0.9959819337665174, 0.01633326208955883, 0.9955269387723404]
Evaluating fit for parameters [0.17043727363098019, 0.1685061129353796, 0.2860543462577274, 1e-10, 0.8936957817536516, -0.05842632787737119, 1.088629184353833, -0.07907653541524919, 1.0869654183720163, -0.06833445972903261, 1.0961081261937795, -0.07291917326461933, 1.0947313065346083]
Evaluating fit for parameters [0.30950135709253024, 0.31735920304498033, 0.3819557456014741, 0.008398920490389773, 0.9203745790656159, 0.012611331379921662, 1.0006904662117937, 0.010758842087486531, 0.9991641656268342, 0.010601665184216352, 1.0041028549908744, 0.009094277174399566, 1.0035730936912421]
Evaluating fit for parameters [0.31587269418950137, 0.32417903165497736, 0.386349548286401, 0.008783724040852127, 0.9215968904402368, 0.015865981052517575, 0.9966614804146566, 0.014874724916871742, 0.9951414779216325, 0.014218189655756016, 0.9998875566698378, 0.01285179188435126, 0.999396604056209]
Evaluating fit for parameters [0.2788138162311101, 0.284576012768691, 0.362995299253766, 0.002528217670847894, 0.9198726601834059, 0.013774097194558315, 0.9992218479649246, 0.012294907537944825, 0.9977444753809742, 0.011927969461367762, 1.0025781861707173, 0.0104883573932705, 1.002079095948801]
Evaluating fit for parameters [0.3015756607567235, 0.30890048799016673, 0.3773396565246511, 0.006370397231246048, 0.9209316955129809, 0.015058948160471802, 0.9976492507542627, 0.013879450981206675, 0.9961456945561304, 0.013334640112665282, 1.000925581079872, 0.011939996822096526, 1.0004314890388197]
Evaluating fit for parameters [0.2282812619403729, 0.23057762556162403, 0.33143199825687436, 0.0009585224686958658, 0.9191169061684497, 0.011930011295826276, 1.0011954594379746, 0.010347121320630896, 0.9997832634940313, 0.010056255288271233, 1.0046029656225504, 0.008602812199253324, 1.004123162805124]
Evaluating fit for parameters [0.295220793579907, 0.30210963636058186, 0.3733593104763618, 0.005901169761630737, 0.9207743472650296, 0.01478765896920237, 0.997956718794525, 0.013573186298226824, 0.9964610838330763, 0.013050393288215343, 1.0012444225016477, 0.011650651860337292, 1.000751569383619]
Evaluating fit for parameters [0.20627748165339688, 0.20707192261700635, 0.3179500802749282, 0.003699220657580926, 0.9196092228323584, 0.012395144409446477, 1.000569760018899, 0.010989929524356113, 0.9991594202347105, 0.010599006207209357, 1.003936263570763, 0.009173526670365442, 1.0034653256361081]
Evaluating fit for parameters [0.2508079858386273, 0.25465365999496453, 0.3456913561948539, 0.004801652101494011, 0.9201925559385985, 0.013592984666445942, 0.9992615105209006, 0.012283267090596302, 0.9978084667136025, 0.011826321677095976, 1.0025885620134694, 0.010413728224030583, 1.0021066519872226]
Evaluating fit for parameters [0.1727893927824551, 0.17128802229861195, 0.29726953405350987, 0.004912914217203211, 0.9197323817849109, 0.012459794713255095, 1.000353085139501, 0.01124099373073697, 0.9989722739136842, 0.010757723882283056, 1.0036826660847669, 0.009364425764277163, 1.0032300779166836]
Evaluating fit for parameters [0.2153455773313487, 0.21676081697318236, 0.32368180218755715, 0.004852224951427654, 0.9199833893389033, 0.013077906869446133, 0.9997576725705433, 0.01180951433223813, 0.9983374612101232, 0.011340603464998137, 1.0030858737952635, 0.009936780473272289, 1.0026172916652483]
Evaluating fit for parameters [0.21176686935540678, 0.2129113614546652, 0.3214895164258646, 0.005067851360972166, 0.9202523119858337, 0.013084062424533362, 0.9995144724968924, 0.01210343056371263, 0.9981357143674242, 0.01150469054172351, 1.0027705982009767, 0.010149894509904533, 1.0023293698347262]
Evaluating fit for parameters [0.21202857943626371, 0.21317458570742182, 0.321675430508057, 0.005156558814526922, 0.9204499737715703, 0.01317584546468218, 0.9992841719746862, 0.012361047837053715, 0.9979251228746294, 0.011685964326112448, 1.0024976119983706, 0.010359129964010045, 1.002070723984582]
Evaluating fit for parameters [0.21049022084589883, 0.21139026434533242, 0.320737729146588, 0.005058475290335003, 0.9213609607097879, 0.013049273735625611, 0.9992692672274676, 0.01241751256971292, 0.9979267569279124, 0.011700791257065342, 1.0023957203730096, 0.010403129130887855, 1.0019849598639479]
Evaluating fit for parameters [0.21036512840262628, 0.2108638791610481, 0.32068782015908187, 0.004834753177377155, 0.9238402361038703, 0.012694120264403272, 0.9993571995012278, 0.01241629926948317, 0.9980407544839695, 0.011646152852874956, 1.0022883722720137, 0.010403628770288996, 1.0019079710152505]
Evaluating fit for parameters [0.20910153665402997, 0.20928637975493436, 0.3199105414529082, 0.004742497954354299, 0.9250800150614849, 0.012732563306348955, 0.9994264567432262, 0.012319128436547533, 0.998098499111035, 0.011576474838968665, 1.0024252966757599, 0.01031235800913648, 1.0020321020256535]
Evaluating fit for parameters [0.20885478962785534, 0.20885130027310045, 0.3197537579401656, 0.004708610661484801, 0.9257821835107986, 0.012891591255345582, 0.9994676592567656, 0.012218079709497233, 0.998120185531742, 0.011522401787949825, 1.0026031311232058, 0.010218125687912393, 1.0021870758865508]
Evaluating fit for parameters [0.2088399772261257, 0.20883161972030725, 0.3197420518836961, 0.00470415484059455, 0.9257327324068073, 0.012906640681019054, 0.9994769175541163, 0.012201460183367855, 0.9981270674310279, 0.011513098262406386, 1.0026276810520562, 0.010203963274148986, 1.0022090326682433]
Evaluating fit for parameters [0.20889126509047207, 0.2088697208060953, 0.3197725165135109, 0.004705351394037764, 0.9257109254985328, 0.012918160795352978, 0.9994727690577366, 0.012202089224258347, 0.9981228283144709, 0.011514586886948975, 1.0026307194363684, 0.0102041028530092, 1.0022114369185842]
Evaluating fit for parameters [0.2089884641231589, 0.20888878934818694, 0.3198281371060973, 0.004708232295248164, 0.9256793797375477, 0.012948198945031013, 0.9994558591961407, 0.01221010112284374, 0.9981072027938144, 0.01152181980488056, 1.0026315607856209, 0.010209280704826693, 1.0022115716612356]
Evaluating fit for parameters [0.20909603493010734, 0.20887341414992647, 0.3198882985638409, 0.004712264264787712, 0.925661475032607, 0.012973564971467216, 0.9994365142926581, 0.01222164016863869, 0.9980904393418807, 0.011530300481660946, 1.0026268852031146, 0.010217351069770978, 1.0022072174417198]
Evaluating fit for parameters [0.2093142604117606, 0.20874802310404902, 0.3200053774752305, 0.00471875564860816, 0.9256402708720091, 0.01301047881802856, 0.9994034640077774, 0.012241420705725897, 0.9980633998226579, 0.011543087540643789, 1.002617021511395, 0.010231230290137613, 1.0021991113787638]
Evaluating fit for parameters [0.20975760454244785, 0.2082858882478313, 0.3202300112975457, 0.004739795631168331, 0.9255283744960758, 0.013070811209307425, 0.9993491009154851, 0.01227022992463284, 0.998020739961049, 0.01155953049785689, 1.002605932624737, 0.01025064816671219, 1.002191922122306]
Evaluating fit for parameters [0.2137244258613482, 0.20604051182973565, 0.3223928124749625, 0.004537950730910496, 0.9271324963650216, 0.013096865596232857, 0.9991844373937446, 0.0124376542532743, 0.9978804711117568, 0.011649735131002446, 1.002433088649164, 0.010383847334021276, 1.0020396097499469]
Evaluating fit for parameters [0.21012641247168723, 0.20807712849775759, 0.3204310937662213, 0.004721029472143991, 0.9256775147817536, 0.013073233568097267, 0.9993337916268653, 0.012285795894205594, 0.9980076987223127, 0.011567917108012407, 1.0025898627734409, 0.01026303211474575, 1.0021777611591236]
Evaluating fit for parameters [0.21080170446446705, 0.20719570858330902, 0.32076417974571675, 0.004741641977597756, 0.92557869411715, 0.013101132220825037, 0.9992929623396034, 0.012307176261605587, 0.9979792470475075, 0.011574370173914201, 1.0025781118460624, 0.01027754851088348, 1.0021722567248097]
Evaluating fit for parameters [0.21210457932409257, 0.20506992707642832, 0.32138637604868114, 0.00475674790676979, 0.925491472892136, 0.013068353190028349, 0.9992967603403318, 0.012308331435843037, 0.997982165775943, 0.011562304924692604, 1.0025752143620055, 0.010278033012182526, 1.0021732309940379]
Evaluating fit for parameters [0.21280460636662601, 0.20389177511008222, 0.3217222710713337, 0.004742897164886942, 0.925508799166912, 0.012975474546107393, 0.9993833532551898, 0.01227048898723531, 0.9980380052334197, 0.011537029864446493, 1.0025945372701608, 0.010252222775262812, 1.0021829054374327]
Evaluating fit for parameters [0.21286813539085805, 0.20375421937821828, 0.3217592465694071, 0.004722080028510791, 0.9255897871870541, 0.012914412699164584, 0.9994646435629121, 0.012235661921567083, 0.9980856713685732, 0.011520711438809084, 1.0026189880199468, 0.010226349446275006, 1.0021930634922143]
Evaluating fit for parameters [0.21227029380986387, 0.20329874452114793, 0.32140972021379727, 0.004709844921208158, 0.925374608739932, 0.01286044363796094, 0.999494720021768, 0.012225995203077981, 0.998111713685611, 0.01150752436322175, 1.002616899551041, 0.0102167107988548, 1.0021908192953606]
Evaluating fit for parameters [0.2128011864236185, 0.20370321327182847, 0.3217201050488521, 0.0047207098866136445, 0.925565690544624, 0.012908369002932442, 0.9994680116589473, 0.01223457939930698, 0.9980885877034111, 0.01151923469125664, 1.002618754143882, 0.010225270067538424, 1.0021928121770391]
Optimized parameters are [0.2128011864236185, 0.20370321327182847, 0.3217201050488521, 0.0047207098866136445, 0.925565690544624, 0.012908369002932442, 0.9994680116589473, 0.01223457939930698, 0.9980885877034111, 0.01151923469125664, 1.002618754143882, 0.010225270067538424, 1.0021928121770391]
WARN: The maximum single sided width 6.74e+02, as determined by the amount of padding in radiographs, that is allowed for detector PSF may be insufficient. This may or may not be a problem. Consider increasing the pad factor if results are inconsistent. An example of a inconsistency is if FWHM changes significantly when pad factor is changed. Increasing padding will increase software run time.
Blur estimation is complete.
Estimated source parameters are {'cutoff_FWHM_multiplier': 10, 'norm_power': 2.0, 'source_FWHM_x_axis': 7.824717757920297, 'source_FWHM_y_axis': 8.174192225890012}, detector parameters are {'detector_FWHM_2': 352.72432797386864, 'detector_weight_1': 0.925565690544624, 'detector_FWHM_1': 5.175645525984626, 'norm_power': 2.0, 'cutoff_FWHM_2_multiplier': 10, 'cutoff_FWHM_1_multiplier': 10}, and transmission function parameters are [[0.012908369002932442, 0.9994680116589473], [0.01223457939930698, 0.9980885877034111], [0.01151923469125664, 1.002618754143882], [0.010225270067538424, 1.0021928121770391]]
170.09 mins has elapsed
1.70e+02 mins has elapsed
RUNNING THE L-BFGS-B CODE

           * * *

Machine precision = 2.220D-16
 N =            3     M =           10

At X0         0 variables are exactly at the bounds

At iterate    0    f=  6.82357D+02    |proj g|=  2.46683D+00

At iterate    1    f=  1.93964D+02    |proj g|=  3.67690D-01
  ys=-1.088E+02  -gs= 2.434E+02 BFGS update SKIPPED

At iterate    2    f=  1.84403D+02    |proj g|=  1.13667D+02

At iterate    3    f=  1.76692D+02    |proj g|=  2.21968D+02

At iterate    4    f=  1.71921D+02    |proj g|=  3.04291D+02

At iterate    5    f=  1.60682D+02    |proj g|=  5.77325D+02

At iterate    6    f=  1.56213D+02    |proj g|=  3.90036D+03

At iterate    7    f=  1.50343D+02    |proj g|=  2.81263D-01

At iterate    8    f=  1.49684D+02    |proj g|=  2.85375D-01

At iterate    9    f=  1.49391D+02    |proj g|=  5.10011D+00

At iterate   10    f=  1.49361D+02    |proj g|=  4.24688D+01

At iterate   11    f=  1.49359D+02    |proj g|=  1.64493D+00

At iterate   12    f=  1.49359D+02    |proj g|=  1.23664D-01

           * * *

Tit   = total number of iterations
Tnf   = total number of function evaluations
Tnint = total number of segments explored during Cauchy searches
Skip  = number of BFGS updates skipped
Nact  = number of active bounds at final generalized Cauchy point
Projg = norm of the final projected gradient
F     = final function value

           * * *

   N    Tit     Tnf  Tnint  Skip  Nact     Projg        F
    3     12     36     17     1     0   1.237D-01   1.494D+02
  F =   149.35921339138849     

CONVERGENCE: REL_REDUCTION_OF_F_<=_FACTR*EPSMCH             

 Cauchy                time 0.000E+00 seconds.
 Subspace minimization time 0.000E+00 seconds.
 Line search           time 0.000E+00 seconds.

 Total User time 0.000E+00 seconds.

RUNNING THE L-BFGS-B CODE

           * * *

Machine precision = 2.220D-16
 N =            2     M =           10

At X0         0 variables are exactly at the bounds

At iterate    0    f=  1.10968D+03    |proj g|=  2.20404D+00

At iterate    1    f=  3.88439D+02    |proj g|=  3.47363D+03

At iterate    2    f=  3.80140D+02    |proj g|=  5.93622D+02

At iterate    3    f=  3.33889D+02    |proj g|=  1.05969D+03

At iterate    4    f=  3.17683D+02    |proj g|=  1.02051D+03

At iterate    5    f=  3.08893D+02    |proj g|=  3.28721D+02

At iterate    6    f=  3.07422D+02    |proj g|=  2.46142D+01

At iterate    7    f=  3.07131D+02    |proj g|=  9.69719D+00

At iterate    8    f=  3.07125D+02    |proj g|=  1.29913D+00

At iterate    9    f=  3.07125D+02    |proj g|=  2.15523D-01

           * * *

Tit   = total number of iterations
Tnf   = total number of function evaluations
Tnint = total number of segments explored during Cauchy searches
Skip  = number of BFGS updates skipped
Nact  = number of active bounds at final generalized Cauchy point
Projg = norm of the final projected gradient
F     = final function value

           * * *

   N    Tit     Tnf  Tnint  Skip  Nact     Projg        F
    2      9     25     10     0     0   2.155D-01   3.071D+02
  F =   307.12496526776471     

CONVERGENCE: REL_REDUCTION_OF_F_<=_FACTR*EPSMCH             

 Cauchy                time 0.000E+00 seconds.
 Subspace minimization time 0.000E+00 seconds.
 Line search           time 0.000E+00 seconds.

 Total User time 0.000E+00 seconds.

RUNNING THE L-BFGS-B CODE

           * * *

Machine precision = 2.220D-16
 N =           13     M =           10

At X0         0 variables are exactly at the bounds

At iterate    0    f=  2.07842D+02    |proj g|=  7.32441D+02

At iterate    1    f=  1.89737D+02    |proj g|=  1.01888D+00

At iterate    2    f=  1.67963D+02    |proj g|=  4.99888D-01

At iterate    3    f=  1.49542D+02    |proj g|=  1.01506D+00

At iterate    4    f=  1.45633D+02    |proj g|=  1.01479D+00

At iterate    5    f=  1.29481D+02    |proj g|=  4.41462D+03

At iterate    6    f=  1.22888D+02    |proj g|=  1.34442D+03

At iterate    7    f=  1.22567D+02    |proj g|=  1.33303D+01

At iterate    8    f=  1.22494D+02    |proj g|=  1.28192D+01

At iterate    9    f=  1.22349D+02    |proj g|=  2.24537D+02

At iterate   10    f=  1.22124D+02    |proj g|=  6.34864D+02

At iterate   11    f=  1.22023D+02    |proj g|=  3.98645D+02

At iterate   12    f=  1.21983D+02    |proj g|=  1.11336D+01

At iterate   13    f=  1.21982D+02    |proj g|=  1.12661D+01

At iterate   14    f=  1.21982D+02    |proj g|=  1.11283D+01

At iterate   15    f=  1.21981D+02    |proj g|=  3.71639D+01

At iterate   16    f=  1.21980D+02    |proj g|=  6.65190D+01

At iterate   17    f=  1.21977D+02    |proj g|=  1.09549D+02

At iterate   18    f=  1.21971D+02    |proj g|=  9.81121D+01

At iterate   19    f=  1.21969D+02    |proj g|=  2.73210D+02

At iterate   20    f=  1.21957D+02    |proj g|=  2.01591D+02

At iterate   21    f=  1.21935D+02    |proj g|=  5.69426D+01

At iterate   22    f=  1.21924D+02    |proj g|=  3.76081D+00

At iterate   23    f=  1.21921D+02    |proj g|=  3.32636D+00

At iterate   24    f=  1.21921D+02    |proj g|=  3.67312D+00

           * * *

Tit   = total number of iterations
Tnf   = total number of function evaluations
Tnint = total number of segments explored during Cauchy searches
Skip  = number of BFGS updates skipped
Nact  = number of active bounds at final generalized Cauchy point
Projg = norm of the final projected gradient
F     = final function value

           * * *

   N    Tit     Tnf  Tnint  Skip  Nact     Projg        F
   13     24     34     35     0     0   3.673D+00   1.219D+02
  F =   121.92088011602868     

CONVERGENCE: REL_REDUCTION_OF_F_<=_FACTR*EPSMCH             

 Cauchy                time 0.000E+00 seconds.
 Subspace minimization time 0.000E+00 seconds.
 Line search           time 0.000E+00 seconds.

 Total User time 0.000E+00 seconds.

