***********************
Rad Std is 0.0060169732314534485
***********************
WARN: The maximum width 673.6500000000001 specified for detector PSF is less than the cutoff width 678.3659113697122
WARN: The maximum width 673.6500000000001 specified for detector PSF is less than the cutoff width 678.3659113697122
WARN: The maximum width 673.6500000000001 specified for detector PSF is less than the cutoff width 678.3659113697122
WARN: The maximum width 673.6500000000001 specified for detector PSF is less than the cutoff width 678.3659113697122
WARN: The maximum width 673.6500000000001 specified for detector PSF is less than the cutoff width 678.3659113697122
WARN: The maximum width 673.6500000000001 specified for detector PSF is less than the cutoff width 678.3659113697122
WARN: The maximum width 673.6500000000001 specified for detector PSF is less than the cutoff width 678.3659113697122
WARN: The maximum width 673.6500000000001 specified for detector PSF is less than the cutoff width 678.3659113697122
WARN: The maximum width 673.6500000000001 specified for detector PSF is less than the cutoff width 678.3659113697122
WARN: The maximum width 673.6500000000001 specified for detector PSF is less than the cutoff width 678.3659113697122
WARN: The maximum width 673.6500000000001 specified for detector PSF is less than the cutoff width 678.3659113697122
WARN: The maximum width 673.6500000000001 specified for detector PSF is less than the cutoff width 678.3659113697122
WARN: The maximum width 673.6500000000001 specified for detector PSF is less than the cutoff width 678.3659113697122
WARN: The maximum width 673.6500000000001 specified for detector PSF is less than the cutoff width 678.3659113697122
WARN: The maximum width 673.6500000000001 specified for detector PSF is less than the cutoff width 678.3659113697122
WARN: The maximum width 673.6500000000001 specified for detector PSF is less than the cutoff width 678.3659113697122
WARN: The maximum width 673.6500000000001 specified for detector PSF is less than the cutoff width 678.3659113697122
WARN: The maximum width 673.6500000000001 specified for detector PSF is less than the cutoff width 678.3659113697122
WARN: The maximum width 673.6500000000001 specified for detector PSF is less than the cutoff width 678.3659113697122
WARN: The maximum width 673.6500000000001 specified for detector PSF is less than the cutoff width 678.3659113697122
WARN: The maximum width 673.6500000000001 specified for detector PSF is less than the cutoff width 678.3659113697122
WARN: The maximum width 673.6500000000001 specified for detector PSF is less than the cutoff width 678.3659113697122
WARN: The maximum width 673.6500000000001 specified for detector PSF is less than the cutoff width 678.3659113697122
WARN: The maximum width 673.6500000000001 specified for detector PSF is less than the cutoff width 678.3659113697122
WARN: The maximum width 673.6500000000001 specified for detector PSF is less than the cutoff width 678.3659113697122
-------------------------------------------
smpl_mean [0.98099767 0.98123171 0.01150597 0.01087762]
Final Std is 0.009981672893349282 < 0.01 at reg of 0.09849732675807629
-------------------------------------------
WARN: The maximum width 673.6500000000001 specified for detector PSF is less than the cutoff width 678.3659113697122
WARN: The maximum width 673.6500000000001 specified for detector PSF is less than the cutoff width 678.3659113697122
WARN: The maximum width 673.6500000000001 specified for detector PSF is less than the cutoff width 678.3659113697122
WARN: The maximum width 673.6500000000001 specified for detector PSF is less than the cutoff width 678.3659113697122
WARN: The maximum width 673.6500000000001 specified for detector PSF is less than the cutoff width 678.3659113697122
WARN: The maximum width 673.6500000000001 specified for detector PSF is less than the cutoff width 678.3659113697122
WARN: The maximum width 673.6500000000001 specified for detector PSF is less than the cutoff width 678.3659113697122
WARN: The maximum width 673.6500000000001 specified for detector PSF is less than the cutoff width 678.3659113697122
WARN: The maximum width 673.6500000000001 specified for detector PSF is less than the cutoff width 678.3659113697122
WARN: The maximum width 673.6500000000001 specified for detector PSF is less than the cutoff width 678.3659113697122
WARN: The maximum width 673.6500000000001 specified for detector PSF is less than the cutoff width 678.3659113697122
WARN: The maximum width 673.6500000000001 specified for detector PSF is less than the cutoff width 678.3659113697122
WARN: The maximum width 673.6500000000001 specified for detector PSF is less than the cutoff width 678.3659113697122
WARN: The maximum width 673.6500000000001 specified for detector PSF is less than the cutoff width 678.3659113697122
WARN: The maximum width 673.6500000000001 specified for detector PSF is less than the cutoff width 678.3659113697122
WARN: The maximum width 673.6500000000001 specified for detector PSF is less than the cutoff width 678.3659113697122
WARN: The maximum width 673.6500000000001 specified for detector PSF is less than the cutoff width 678.3659113697122
WARN: The maximum width 673.6500000000001 specified for detector PSF is less than the cutoff width 678.3659113697122
-------------------------------------------
smpl_mean [0.98100689 0.98122676 0.01150519 0.01087612]
Final Std is 0.005999966051115509 < 0.006 at reg of 0.497851811249937
-------------------------------------------
***********************
Rad Std is 0.006018117535859346
***********************
WARN: The maximum width 673.6500000000001 specified for detector PSF is less than the cutoff width 678.3659113697122
WARN: The maximum width 673.6500000000001 specified for detector PSF is less than the cutoff width 678.3659113697122
WARN: The maximum width 673.6500000000001 specified for detector PSF is less than the cutoff width 678.3659113697122
WARN: The maximum width 673.6500000000001 specified for detector PSF is less than the cutoff width 678.3659113697122
WARN: The maximum width 673.6500000000001 specified for detector PSF is less than the cutoff width 678.3659113697122
WARN: The maximum width 673.6500000000001 specified for detector PSF is less than the cutoff width 678.3659113697122
WARN: The maximum width 673.6500000000001 specified for detector PSF is less than the cutoff width 678.3659113697122
WARN: The maximum width 673.6500000000001 specified for detector PSF is less than the cutoff width 678.3659113697122
WARN: The maximum width 673.6500000000001 specified for detector PSF is less than the cutoff width 678.3659113697122
WARN: The maximum width 673.6500000000001 specified for detector PSF is less than the cutoff width 678.3659113697122
WARN: The maximum width 673.6500000000001 specified for detector PSF is less than the cutoff width 678.3659113697122
WARN: The maximum width 673.6500000000001 specified for detector PSF is less than the cutoff width 678.3659113697122
WARN: The maximum width 673.6500000000001 specified for detector PSF is less than the cutoff width 678.3659113697122
WARN: The maximum width 673.6500000000001 specified for detector PSF is less than the cutoff width 678.3659113697122
WARN: The maximum width 673.6500000000001 specified for detector PSF is less than the cutoff width 678.3659113697122
WARN: The maximum width 673.6500000000001 specified for detector PSF is less than the cutoff width 678.3659113697122
WARN: The maximum width 673.6500000000001 specified for detector PSF is less than the cutoff width 678.3659113697122
WARN: The maximum width 673.6500000000001 specified for detector PSF is less than the cutoff width 678.3659113697122
WARN: The maximum width 673.6500000000001 specified for detector PSF is less than the cutoff width 678.3659113697122
WARN: The maximum width 673.6500000000001 specified for detector PSF is less than the cutoff width 678.3659113697122
WARN: The maximum width 673.6500000000001 specified for detector PSF is less than the cutoff width 678.3659113697122
WARN: The maximum width 673.6500000000001 specified for detector PSF is less than the cutoff width 678.3659113697122
WARN: The maximum width 673.6500000000001 specified for detector PSF is less than the cutoff width 678.3659113697122
WARN: The maximum width 673.6500000000001 specified for detector PSF is less than the cutoff width 678.3659113697122
WARN: The maximum width 673.6500000000001 specified for detector PSF is less than the cutoff width 678.3659113697122
WARN: The maximum width 673.6500000000001 specified for detector PSF is less than the cutoff width 678.3659113697122
-------------------------------------------
smpl_mean [0.01263339 0.98847568 0.01184296 0.99048825]
Final Std is 0.009825794921688499 < 0.01 at reg of 0.10834705943388392
-------------------------------------------
WARN: The maximum width 673.6500000000001 specified for detector PSF is less than the cutoff width 678.3659113697122
WARN: The maximum width 673.6500000000001 specified for detector PSF is less than the cutoff width 678.3659113697122
WARN: The maximum width 673.6500000000001 specified for detector PSF is less than the cutoff width 678.3659113697122
WARN: The maximum width 673.6500000000001 specified for detector PSF is less than the cutoff width 678.3659113697122
WARN: The maximum width 673.6500000000001 specified for detector PSF is less than the cutoff width 678.3659113697122
WARN: The maximum width 673.6500000000001 specified for detector PSF is less than the cutoff width 678.3659113697122
WARN: The maximum width 673.6500000000001 specified for detector PSF is less than the cutoff width 678.3659113697122
WARN: The maximum width 673.6500000000001 specified for detector PSF is less than the cutoff width 678.3659113697122
WARN: The maximum width 673.6500000000001 specified for detector PSF is less than the cutoff width 678.3659113697122
WARN: The maximum width 673.6500000000001 specified for detector PSF is less than the cutoff width 678.3659113697122
WARN: The maximum width 673.6500000000001 specified for detector PSF is less than the cutoff width 678.3659113697122
WARN: The maximum width 673.6500000000001 specified for detector PSF is less than the cutoff width 678.3659113697122
WARN: The maximum width 673.6500000000001 specified for detector PSF is less than the cutoff width 678.3659113697122
WARN: The maximum width 673.6500000000001 specified for detector PSF is less than the cutoff width 678.3659113697122
WARN: The maximum width 673.6500000000001 specified for detector PSF is less than the cutoff width 678.3659113697122
WARN: The maximum width 673.6500000000001 specified for detector PSF is less than the cutoff width 678.3659113697122
WARN: The maximum width 673.6500000000001 specified for detector PSF is less than the cutoff width 678.3659113697122
WARN: The maximum width 673.6500000000001 specified for detector PSF is less than the cutoff width 678.3659113697122
-------------------------------------------
smpl_mean [0.01263252 0.98846825 0.0118441  0.99048862]
Final Std is 0.005920603158880107 < 0.006 at reg of 0.5476369923749307
-------------------------------------------
***********************
Rad Std is 0.0060169732314534485
***********************
WARN: The maximum width 673.6500000000001 specified for detector PSF is less than the cutoff width 750.428168415598
WARN: The maximum width 673.6500000000001 specified for detector PSF is less than the cutoff width 750.428168415598
WARN: The maximum width 673.6500000000001 specified for detector PSF is less than the cutoff width 750.428168415598
WARN: The maximum width 673.6500000000001 specified for detector PSF is less than the cutoff width 750.428168415598
WARN: The maximum width 673.6500000000001 specified for detector PSF is less than the cutoff width 750.428168415598
WARN: The maximum width 673.6500000000001 specified for detector PSF is less than the cutoff width 750.428168415598
WARN: The maximum width 673.6500000000001 specified for detector PSF is less than the cutoff width 750.428168415598
WARN: The maximum width 673.6500000000001 specified for detector PSF is less than the cutoff width 750.428168415598
WARN: The maximum width 673.6500000000001 specified for detector PSF is less than the cutoff width 750.428168415598
WARN: The maximum width 673.6500000000001 specified for detector PSF is less than the cutoff width 750.428168415598
WARN: The maximum width 673.6500000000001 specified for detector PSF is less than the cutoff width 750.428168415598
WARN: The maximum width 673.6500000000001 specified for detector PSF is less than the cutoff width 750.428168415598
WARN: The maximum width 673.6500000000001 specified for detector PSF is less than the cutoff width 750.428168415598
WARN: The maximum width 673.6500000000001 specified for detector PSF is less than the cutoff width 750.428168415598
WARN: The maximum width 673.6500000000001 specified for detector PSF is less than the cutoff width 750.428168415598
WARN: The maximum width 673.6500000000001 specified for detector PSF is less than the cutoff width 750.428168415598
WARN: The maximum width 673.6500000000001 specified for detector PSF is less than the cutoff width 750.428168415598
WARN: The maximum width 673.6500000000001 specified for detector PSF is less than the cutoff width 750.428168415598
WARN: The maximum width 673.6500000000001 specified for detector PSF is less than the cutoff width 750.428168415598
WARN: The maximum width 673.6500000000001 specified for detector PSF is less than the cutoff width 750.428168415598
WARN: The maximum width 673.6500000000001 specified for detector PSF is less than the cutoff width 750.428168415598
WARN: The maximum width 673.6500000000001 specified for detector PSF is less than the cutoff width 750.428168415598
WARN: The maximum width 673.6500000000001 specified for detector PSF is less than the cutoff width 750.428168415598
WARN: The maximum width 673.6500000000001 specified for detector PSF is less than the cutoff width 750.428168415598
WARN: The maximum width 673.6500000000001 specified for detector PSF is less than the cutoff width 750.428168415598
WARN: The maximum width 673.6500000000001 specified for detector PSF is less than the cutoff width 750.428168415598
-------------------------------------------
smpl_mean [0.98115334 0.98143745 0.01124127 0.01067149]
Final Std is 0.009914318181006264 < 0.01 at reg of 0.10834705943388392
-------------------------------------------
WARN: The maximum width 673.6500000000001 specified for detector PSF is less than the cutoff width 750.428168415598
WARN: The maximum width 673.6500000000001 specified for detector PSF is less than the cutoff width 750.428168415598
WARN: The maximum width 673.6500000000001 specified for detector PSF is less than the cutoff width 750.428168415598
WARN: The maximum width 673.6500000000001 specified for detector PSF is less than the cutoff width 750.428168415598
WARN: The maximum width 673.6500000000001 specified for detector PSF is less than the cutoff width 750.428168415598
WARN: The maximum width 673.6500000000001 specified for detector PSF is less than the cutoff width 750.428168415598
WARN: The maximum width 673.6500000000001 specified for detector PSF is less than the cutoff width 750.428168415598
WARN: The maximum width 673.6500000000001 specified for detector PSF is less than the cutoff width 750.428168415598
WARN: The maximum width 673.6500000000001 specified for detector PSF is less than the cutoff width 750.428168415598
WARN: The maximum width 673.6500000000001 specified for detector PSF is less than the cutoff width 750.428168415598
WARN: The maximum width 673.6500000000001 specified for detector PSF is less than the cutoff width 750.428168415598
WARN: The maximum width 673.6500000000001 specified for detector PSF is less than the cutoff width 750.428168415598
WARN: The maximum width 673.6500000000001 specified for detector PSF is less than the cutoff width 750.428168415598
WARN: The maximum width 673.6500000000001 specified for detector PSF is less than the cutoff width 750.428168415598
WARN: The maximum width 673.6500000000001 specified for detector PSF is less than the cutoff width 750.428168415598
WARN: The maximum width 673.6500000000001 specified for detector PSF is less than the cutoff width 750.428168415598
WARN: The maximum width 673.6500000000001 specified for detector PSF is less than the cutoff width 750.428168415598
WARN: The maximum width 673.6500000000001 specified for detector PSF is less than the cutoff width 750.428168415598
-------------------------------------------
smpl_mean [0.98116326 0.98143295 0.01124074 0.01066988]
Final Std is 0.0058707790516848305 < 0.006 at reg of 0.5476369923749307
-------------------------------------------
***********************
Rad Std is 0.006018117535859346
***********************
WARN: The maximum width 673.6500000000001 specified for detector PSF is less than the cutoff width 750.428168415598
WARN: The maximum width 673.6500000000001 specified for detector PSF is less than the cutoff width 750.428168415598
WARN: The maximum width 673.6500000000001 specified for detector PSF is less than the cutoff width 750.428168415598
WARN: The maximum width 673.6500000000001 specified for detector PSF is less than the cutoff width 750.428168415598
WARN: The maximum width 673.6500000000001 specified for detector PSF is less than the cutoff width 750.428168415598
WARN: The maximum width 673.6500000000001 specified for detector PSF is less than the cutoff width 750.428168415598
WARN: The maximum width 673.6500000000001 specified for detector PSF is less than the cutoff width 750.428168415598
WARN: The maximum width 673.6500000000001 specified for detector PSF is less than the cutoff width 750.428168415598
WARN: The maximum width 673.6500000000001 specified for detector PSF is less than the cutoff width 750.428168415598
WARN: The maximum width 673.6500000000001 specified for detector PSF is less than the cutoff width 750.428168415598
WARN: The maximum width 673.6500000000001 specified for detector PSF is less than the cutoff width 750.428168415598
WARN: The maximum width 673.6500000000001 specified for detector PSF is less than the cutoff width 750.428168415598
WARN: The maximum width 673.6500000000001 specified for detector PSF is less than the cutoff width 750.428168415598
WARN: The maximum width 673.6500000000001 specified for detector PSF is less than the cutoff width 750.428168415598
WARN: The maximum width 673.6500000000001 specified for detector PSF is less than the cutoff width 750.428168415598
WARN: The maximum width 673.6500000000001 specified for detector PSF is less than the cutoff width 750.428168415598
WARN: The maximum width 673.6500000000001 specified for detector PSF is less than the cutoff width 750.428168415598
WARN: The maximum width 673.6500000000001 specified for detector PSF is less than the cutoff width 750.428168415598
WARN: The maximum width 673.6500000000001 specified for detector PSF is less than the cutoff width 750.428168415598
WARN: The maximum width 673.6500000000001 specified for detector PSF is less than the cutoff width 750.428168415598
WARN: The maximum width 673.6500000000001 specified for detector PSF is less than the cutoff width 750.428168415598
WARN: The maximum width 673.6500000000001 specified for detector PSF is less than the cutoff width 750.428168415598
WARN: The maximum width 673.6500000000001 specified for detector PSF is less than the cutoff width 750.428168415598
WARN: The maximum width 673.6500000000001 specified for detector PSF is less than the cutoff width 750.428168415598
WARN: The maximum width 673.6500000000001 specified for detector PSF is less than the cutoff width 750.428168415598
WARN: The maximum width 673.6500000000001 specified for detector PSF is less than the cutoff width 750.428168415598
WARN: The maximum width 673.6500000000001 specified for detector PSF is less than the cutoff width 750.428168415598
-------------------------------------------
smpl_mean [0.01249389 0.98876217 0.01161285 0.99067208]
Final Std is 0.009774821271602332 < 0.01 at reg of 0.11918176537727232
-------------------------------------------
WARN: The maximum width 673.6500000000001 specified for detector PSF is less than the cutoff width 750.428168415598
WARN: The maximum width 673.6500000000001 specified for detector PSF is less than the cutoff width 750.428168415598
WARN: The maximum width 673.6500000000001 specified for detector PSF is less than the cutoff width 750.428168415598
WARN: The maximum width 673.6500000000001 specified for detector PSF is less than the cutoff width 750.428168415598
WARN: The maximum width 673.6500000000001 specified for detector PSF is less than the cutoff width 750.428168415598
WARN: The maximum width 673.6500000000001 specified for detector PSF is less than the cutoff width 750.428168415598
WARN: The maximum width 673.6500000000001 specified for detector PSF is less than the cutoff width 750.428168415598
WARN: The maximum width 673.6500000000001 specified for detector PSF is less than the cutoff width 750.428168415598
WARN: The maximum width 673.6500000000001 specified for detector PSF is less than the cutoff width 750.428168415598
WARN: The maximum width 673.6500000000001 specified for detector PSF is less than the cutoff width 750.428168415598
WARN: The maximum width 673.6500000000001 specified for detector PSF is less than the cutoff width 750.428168415598
WARN: The maximum width 673.6500000000001 specified for detector PSF is less than the cutoff width 750.428168415598
WARN: The maximum width 673.6500000000001 specified for detector PSF is less than the cutoff width 750.428168415598
WARN: The maximum width 673.6500000000001 specified for detector PSF is less than the cutoff width 750.428168415598
WARN: The maximum width 673.6500000000001 specified for detector PSF is less than the cutoff width 750.428168415598
WARN: The maximum width 673.6500000000001 specified for detector PSF is less than the cutoff width 750.428168415598
WARN: The maximum width 673.6500000000001 specified for detector PSF is less than the cutoff width 750.428168415598
WARN: The maximum width 673.6500000000001 specified for detector PSF is less than the cutoff width 750.428168415598
-------------------------------------------
smpl_mean [0.01249318 0.988756   0.01161453 0.99067052]
Final Std is 0.00582952980404788 < 0.006 at reg of 0.6024006916124238
-------------------------------------------
***********************
Rad Std is 0.0060169732314534485
***********************
WARN: The maximum width 673.6500000000001 specified for detector PSF is less than the cutoff width 713.4829448951434
WARN: The maximum width 673.6500000000001 specified for detector PSF is less than the cutoff width 713.4829448951434
WARN: The maximum width 673.6500000000001 specified for detector PSF is less than the cutoff width 713.4829448951434
WARN: The maximum width 673.6500000000001 specified for detector PSF is less than the cutoff width 713.4829448951434
WARN: The maximum width 673.6500000000001 specified for detector PSF is less than the cutoff width 713.4829448951434
WARN: The maximum width 673.6500000000001 specified for detector PSF is less than the cutoff width 713.4829448951434
WARN: The maximum width 673.6500000000001 specified for detector PSF is less than the cutoff width 713.4829448951434
WARN: The maximum width 673.6500000000001 specified for detector PSF is less than the cutoff width 713.4829448951434
WARN: The maximum width 673.6500000000001 specified for detector PSF is less than the cutoff width 713.4829448951434
WARN: The maximum width 673.6500000000001 specified for detector PSF is less than the cutoff width 713.4829448951434
WARN: The maximum width 673.6500000000001 specified for detector PSF is less than the cutoff width 713.4829448951434
WARN: The maximum width 673.6500000000001 specified for detector PSF is less than the cutoff width 713.4829448951434
WARN: The maximum width 673.6500000000001 specified for detector PSF is less than the cutoff width 713.4829448951434
WARN: The maximum width 673.6500000000001 specified for detector PSF is less than the cutoff width 713.4829448951434
WARN: The maximum width 673.6500000000001 specified for detector PSF is less than the cutoff width 713.4829448951434
WARN: The maximum width 673.6500000000001 specified for detector PSF is less than the cutoff width 713.4829448951434
WARN: The maximum width 673.6500000000001 specified for detector PSF is less than the cutoff width 713.4829448951434
WARN: The maximum width 673.6500000000001 specified for detector PSF is less than the cutoff width 713.4829448951434
WARN: The maximum width 673.6500000000001 specified for detector PSF is less than the cutoff width 713.4829448951434
WARN: The maximum width 673.6500000000001 specified for detector PSF is less than the cutoff width 713.4829448951434
WARN: The maximum width 673.6500000000001 specified for detector PSF is less than the cutoff width 713.4829448951434
WARN: The maximum width 673.6500000000001 specified for detector PSF is less than the cutoff width 713.4829448951434
WARN: The maximum width 673.6500000000001 specified for detector PSF is less than the cutoff width 713.4829448951434
WARN: The maximum width 673.6500000000001 specified for detector PSF is less than the cutoff width 713.4829448951434
WARN: The maximum width 673.6500000000001 specified for detector PSF is less than the cutoff width 713.4829448951434
WARN: The maximum width 673.6500000000001 specified for detector PSF is less than the cutoff width 713.4829448951434
-------------------------------------------
smpl_mean [0.98103964 0.9812764  0.01145104 0.01083044]
Final Std is 0.009950498749280908 < 0.01 at reg of 0.10834705943388392
-------------------------------------------
WARN: The maximum width 673.6500000000001 specified for detector PSF is less than the cutoff width 713.4829448951434
WARN: The maximum width 673.6500000000001 specified for detector PSF is less than the cutoff width 713.4829448951434
WARN: The maximum width 673.6500000000001 specified for detector PSF is less than the cutoff width 713.4829448951434
WARN: The maximum width 673.6500000000001 specified for detector PSF is less than the cutoff width 713.4829448951434
WARN: The maximum width 673.6500000000001 specified for detector PSF is less than the cutoff width 713.4829448951434
WARN: The maximum width 673.6500000000001 specified for detector PSF is less than the cutoff width 713.4829448951434
WARN: The maximum width 673.6500000000001 specified for detector PSF is less than the cutoff width 713.4829448951434
WARN: The maximum width 673.6500000000001 specified for detector PSF is less than the cutoff width 713.4829448951434
WARN: The maximum width 673.6500000000001 specified for detector PSF is less than the cutoff width 713.4829448951434
WARN: The maximum width 673.6500000000001 specified for detector PSF is less than the cutoff width 713.4829448951434
WARN: The maximum width 673.6500000000001 specified for detector PSF is less than the cutoff width 713.4829448951434
WARN: The maximum width 673.6500000000001 specified for detector PSF is less than the cutoff width 713.4829448951434
WARN: The maximum width 673.6500000000001 specified for detector PSF is less than the cutoff width 713.4829448951434
WARN: The maximum width 673.6500000000001 specified for detector PSF is less than the cutoff width 713.4829448951434
WARN: The maximum width 673.6500000000001 specified for detector PSF is less than the cutoff width 713.4829448951434
WARN: The maximum width 673.6500000000001 specified for detector PSF is less than the cutoff width 713.4829448951434
WARN: The maximum width 673.6500000000001 specified for detector PSF is less than the cutoff width 713.4829448951434
WARN: The maximum width 673.6500000000001 specified for detector PSF is less than the cutoff width 713.4829448951434
-------------------------------------------
smpl_mean [0.98104959 0.98127178 0.01145049 0.01082887]
Final Std is 0.005929047584288296 < 0.006 at reg of 0.5476369923749307
-------------------------------------------
***********************
Rad Std is 0.006018117535859346
***********************
WARN: The maximum width 673.6500000000001 specified for detector PSF is less than the cutoff width 713.4829448951434
WARN: The maximum width 673.6500000000001 specified for detector PSF is less than the cutoff width 713.4829448951434
WARN: The maximum width 673.6500000000001 specified for detector PSF is less than the cutoff width 713.4829448951434
WARN: The maximum width 673.6500000000001 specified for detector PSF is less than the cutoff width 713.4829448951434
WARN: The maximum width 673.6500000000001 specified for detector PSF is less than the cutoff width 713.4829448951434
WARN: The maximum width 673.6500000000001 specified for detector PSF is less than the cutoff width 713.4829448951434
WARN: The maximum width 673.6500000000001 specified for detector PSF is less than the cutoff width 713.4829448951434
WARN: The maximum width 673.6500000000001 specified for detector PSF is less than the cutoff width 713.4829448951434
WARN: The maximum width 673.6500000000001 specified for detector PSF is less than the cutoff width 713.4829448951434
WARN: The maximum width 673.6500000000001 specified for detector PSF is less than the cutoff width 713.4829448951434
WARN: The maximum width 673.6500000000001 specified for detector PSF is less than the cutoff width 713.4829448951434
WARN: The maximum width 673.6500000000001 specified for detector PSF is less than the cutoff width 713.4829448951434
WARN: The maximum width 673.6500000000001 specified for detector PSF is less than the cutoff width 713.4829448951434
WARN: The maximum width 673.6500000000001 specified for detector PSF is less than the cutoff width 713.4829448951434
WARN: The maximum width 673.6500000000001 specified for detector PSF is less than the cutoff width 713.4829448951434
WARN: The maximum width 673.6500000000001 specified for detector PSF is less than the cutoff width 713.4829448951434
WARN: The maximum width 673.6500000000001 specified for detector PSF is less than the cutoff width 713.4829448951434
WARN: The maximum width 673.6500000000001 specified for detector PSF is less than the cutoff width 713.4829448951434
WARN: The maximum width 673.6500000000001 specified for detector PSF is less than the cutoff width 713.4829448951434
WARN: The maximum width 673.6500000000001 specified for detector PSF is less than the cutoff width 713.4829448951434
WARN: The maximum width 673.6500000000001 specified for detector PSF is less than the cutoff width 713.4829448951434
WARN: The maximum width 673.6500000000001 specified for detector PSF is less than the cutoff width 713.4829448951434
WARN: The maximum width 673.6500000000001 specified for detector PSF is less than the cutoff width 713.4829448951434
WARN: The maximum width 673.6500000000001 specified for detector PSF is less than the cutoff width 713.4829448951434
WARN: The maximum width 673.6500000000001 specified for detector PSF is less than the cutoff width 713.4829448951434
WARN: The maximum width 673.6500000000001 specified for detector PSF is less than the cutoff width 713.4829448951434
WARN: The maximum width 673.6500000000001 specified for detector PSF is less than the cutoff width 713.4829448951434
-------------------------------------------
smpl_mean [0.01259417 0.98853683 0.01178943 0.99054141]
Final Std is 0.009795871033282087 < 0.01 at reg of 0.11918176537727232
-------------------------------------------
WARN: The maximum width 673.6500000000001 specified for detector PSF is less than the cutoff width 713.4829448951434
WARN: The maximum width 673.6500000000001 specified for detector PSF is less than the cutoff width 713.4829448951434
WARN: The maximum width 673.6500000000001 specified for detector PSF is less than the cutoff width 713.4829448951434
WARN: The maximum width 673.6500000000001 specified for detector PSF is less than the cutoff width 713.4829448951434
WARN: The maximum width 673.6500000000001 specified for detector PSF is less than the cutoff width 713.4829448951434
WARN: The maximum width 673.6500000000001 specified for detector PSF is less than the cutoff width 713.4829448951434
WARN: The maximum width 673.6500000000001 specified for detector PSF is less than the cutoff width 713.4829448951434
WARN: The maximum width 673.6500000000001 specified for detector PSF is less than the cutoff width 713.4829448951434
WARN: The maximum width 673.6500000000001 specified for detector PSF is less than the cutoff width 713.4829448951434
WARN: The maximum width 673.6500000000001 specified for detector PSF is less than the cutoff width 713.4829448951434
WARN: The maximum width 673.6500000000001 specified for detector PSF is less than the cutoff width 713.4829448951434
WARN: The maximum width 673.6500000000001 specified for detector PSF is less than the cutoff width 713.4829448951434
WARN: The maximum width 673.6500000000001 specified for detector PSF is less than the cutoff width 713.4829448951434
WARN: The maximum width 673.6500000000001 specified for detector PSF is less than the cutoff width 713.4829448951434
WARN: The maximum width 673.6500000000001 specified for detector PSF is less than the cutoff width 713.4829448951434
WARN: The maximum width 673.6500000000001 specified for detector PSF is less than the cutoff width 713.4829448951434
WARN: The maximum width 673.6500000000001 specified for detector PSF is less than the cutoff width 713.4829448951434
WARN: The maximum width 673.6500000000001 specified for detector PSF is less than the cutoff width 713.4829448951434
-------------------------------------------
smpl_mean [0.01259348 0.98853052 0.0117911  0.9905398 ]
Final Std is 0.005865982208191352 < 0.006 at reg of 0.6024006916124238
-------------------------------------------
***********************
Rad Std is 0.0060169732314534485
***********************
WARN: The maximum width 673.6500000000001 specified for detector PSF is less than the cutoff width 741.1836885593673
WARN: The maximum width 673.6500000000001 specified for detector PSF is less than the cutoff width 741.1836885593673
WARN: The maximum width 673.6500000000001 specified for detector PSF is less than the cutoff width 741.1836885593673
WARN: The maximum width 673.6500000000001 specified for detector PSF is less than the cutoff width 741.1836885593673
WARN: The maximum width 673.6500000000001 specified for detector PSF is less than the cutoff width 741.1836885593673
WARN: The maximum width 673.6500000000001 specified for detector PSF is less than the cutoff width 741.1836885593673
WARN: The maximum width 673.6500000000001 specified for detector PSF is less than the cutoff width 741.1836885593673
WARN: The maximum width 673.6500000000001 specified for detector PSF is less than the cutoff width 741.1836885593673
WARN: The maximum width 673.6500000000001 specified for detector PSF is less than the cutoff width 741.1836885593673
WARN: The maximum width 673.6500000000001 specified for detector PSF is less than the cutoff width 741.1836885593673
WARN: The maximum width 673.6500000000001 specified for detector PSF is less than the cutoff width 741.1836885593673
WARN: The maximum width 673.6500000000001 specified for detector PSF is less than the cutoff width 741.1836885593673
WARN: The maximum width 673.6500000000001 specified for detector PSF is less than the cutoff width 741.1836885593673
WARN: The maximum width 673.6500000000001 specified for detector PSF is less than the cutoff width 741.1836885593673
WARN: The maximum width 673.6500000000001 specified for detector PSF is less than the cutoff width 741.1836885593673
WARN: The maximum width 673.6500000000001 specified for detector PSF is less than the cutoff width 741.1836885593673
WARN: The maximum width 673.6500000000001 specified for detector PSF is less than the cutoff width 741.1836885593673
WARN: The maximum width 673.6500000000001 specified for detector PSF is less than the cutoff width 741.1836885593673
WARN: The maximum width 673.6500000000001 specified for detector PSF is less than the cutoff width 741.1836885593673
WARN: The maximum width 673.6500000000001 specified for detector PSF is less than the cutoff width 741.1836885593673
WARN: The maximum width 673.6500000000001 specified for detector PSF is less than the cutoff width 741.1836885593673
WARN: The maximum width 673.6500000000001 specified for detector PSF is less than the cutoff width 741.1836885593673
WARN: The maximum width 673.6500000000001 specified for detector PSF is less than the cutoff width 741.1836885593673
WARN: The maximum width 673.6500000000001 specified for detector PSF is less than the cutoff width 741.1836885593673
WARN: The maximum width 673.6500000000001 specified for detector PSF is less than the cutoff width 741.1836885593673
WARN: The maximum width 673.6500000000001 specified for detector PSF is less than the cutoff width 741.1836885593673
-------------------------------------------
smpl_mean [0.9810705  0.98131081 0.0114114  0.01079577]
Final Std is 0.00998359231360547 < 0.01 at reg of 0.10834705943388392
-------------------------------------------
WARN: The maximum width 673.6500000000001 specified for detector PSF is less than the cutoff width 741.1836885593673
WARN: The maximum width 673.6500000000001 specified for detector PSF is less than the cutoff width 741.1836885593673
WARN: The maximum width 673.6500000000001 specified for detector PSF is less than the cutoff width 741.1836885593673
WARN: The maximum width 673.6500000000001 specified for detector PSF is less than the cutoff width 741.1836885593673
WARN: The maximum width 673.6500000000001 specified for detector PSF is less than the cutoff width 741.1836885593673
WARN: The maximum width 673.6500000000001 specified for detector PSF is less than the cutoff width 741.1836885593673
WARN: The maximum width 673.6500000000001 specified for detector PSF is less than the cutoff width 741.1836885593673
WARN: The maximum width 673.6500000000001 specified for detector PSF is less than the cutoff width 741.1836885593673
WARN: The maximum width 673.6500000000001 specified for detector PSF is less than the cutoff width 741.1836885593673
WARN: The maximum width 673.6500000000001 specified for detector PSF is less than the cutoff width 741.1836885593673
WARN: The maximum width 673.6500000000001 specified for detector PSF is less than the cutoff width 741.1836885593673
WARN: The maximum width 673.6500000000001 specified for detector PSF is less than the cutoff width 741.1836885593673
WARN: The maximum width 673.6500000000001 specified for detector PSF is less than the cutoff width 741.1836885593673
WARN: The maximum width 673.6500000000001 specified for detector PSF is less than the cutoff width 741.1836885593673
WARN: The maximum width 673.6500000000001 specified for detector PSF is less than the cutoff width 741.1836885593673
WARN: The maximum width 673.6500000000001 specified for detector PSF is less than the cutoff width 741.1836885593673
WARN: The maximum width 673.6500000000001 specified for detector PSF is less than the cutoff width 741.1836885593673
WARN: The maximum width 673.6500000000001 specified for detector PSF is less than the cutoff width 741.1836885593673
-------------------------------------------
smpl_mean [0.98108049 0.9813063  0.01141087 0.0107942 ]
Final Std is 0.005940404005795081 < 0.006 at reg of 0.5476369923749307
-------------------------------------------
***********************
Rad Std is 0.006018117535859346
***********************
WARN: The maximum width 673.6500000000001 specified for detector PSF is less than the cutoff width 741.1836885593673
WARN: The maximum width 673.6500000000001 specified for detector PSF is less than the cutoff width 741.1836885593673
WARN: The maximum width 673.6500000000001 specified for detector PSF is less than the cutoff width 741.1836885593673
WARN: The maximum width 673.6500000000001 specified for detector PSF is less than the cutoff width 741.1836885593673
WARN: The maximum width 673.6500000000001 specified for detector PSF is less than the cutoff width 741.1836885593673
WARN: The maximum width 673.6500000000001 specified for detector PSF is less than the cutoff width 741.1836885593673
WARN: The maximum width 673.6500000000001 specified for detector PSF is less than the cutoff width 741.1836885593673
WARN: The maximum width 673.6500000000001 specified for detector PSF is less than the cutoff width 741.1836885593673
WARN: The maximum width 673.6500000000001 specified for detector PSF is less than the cutoff width 741.1836885593673
WARN: The maximum width 673.6500000000001 specified for detector PSF is less than the cutoff width 741.1836885593673
WARN: The maximum width 673.6500000000001 specified for detector PSF is less than the cutoff width 741.1836885593673
WARN: The maximum width 673.6500000000001 specified for detector PSF is less than the cutoff width 741.1836885593673
WARN: The maximum width 673.6500000000001 specified for detector PSF is less than the cutoff width 741.1836885593673
WARN: The maximum width 673.6500000000001 specified for detector PSF is less than the cutoff width 741.1836885593673
WARN: The maximum width 673.6500000000001 specified for detector PSF is less than the cutoff width 741.1836885593673
WARN: The maximum width 673.6500000000001 specified for detector PSF is less than the cutoff width 741.1836885593673
WARN: The maximum width 673.6500000000001 specified for detector PSF is less than the cutoff width 741.1836885593673
WARN: The maximum width 673.6500000000001 specified for detector PSF is less than the cutoff width 741.1836885593673
WARN: The maximum width 673.6500000000001 specified for detector PSF is less than the cutoff width 741.1836885593673
WARN: The maximum width 673.6500000000001 specified for detector PSF is less than the cutoff width 741.1836885593673
WARN: The maximum width 673.6500000000001 specified for detector PSF is less than the cutoff width 741.1836885593673
WARN: The maximum width 673.6500000000001 specified for detector PSF is less than the cutoff width 741.1836885593673
WARN: The maximum width 673.6500000000001 specified for detector PSF is less than the cutoff width 741.1836885593673
WARN: The maximum width 673.6500000000001 specified for detector PSF is less than the cutoff width 741.1836885593673
WARN: The maximum width 673.6500000000001 specified for detector PSF is less than the cutoff width 741.1836885593673
WARN: The maximum width 673.6500000000001 specified for detector PSF is less than the cutoff width 741.1836885593673
WARN: The maximum width 673.6500000000001 specified for detector PSF is less than the cutoff width 741.1836885593673
-------------------------------------------
smpl_mean [0.01256497 0.98858116 0.01175057 0.99057935]
Final Std is 0.009830388410006927 < 0.01 at reg of 0.11918176537727232
-------------------------------------------
WARN: The maximum width 673.6500000000001 specified for detector PSF is less than the cutoff width 741.1836885593673
WARN: The maximum width 673.6500000000001 specified for detector PSF is less than the cutoff width 741.1836885593673
WARN: The maximum width 673.6500000000001 specified for detector PSF is less than the cutoff width 741.1836885593673
WARN: The maximum width 673.6500000000001 specified for detector PSF is less than the cutoff width 741.1836885593673
WARN: The maximum width 673.6500000000001 specified for detector PSF is less than the cutoff width 741.1836885593673
WARN: The maximum width 673.6500000000001 specified for detector PSF is less than the cutoff width 741.1836885593673
WARN: The maximum width 673.6500000000001 specified for detector PSF is less than the cutoff width 741.1836885593673
WARN: The maximum width 673.6500000000001 specified for detector PSF is less than the cutoff width 741.1836885593673
WARN: The maximum width 673.6500000000001 specified for detector PSF is less than the cutoff width 741.1836885593673
WARN: The maximum width 673.6500000000001 specified for detector PSF is less than the cutoff width 741.1836885593673
WARN: The maximum width 673.6500000000001 specified for detector PSF is less than the cutoff width 741.1836885593673
WARN: The maximum width 673.6500000000001 specified for detector PSF is less than the cutoff width 741.1836885593673
WARN: The maximum width 673.6500000000001 specified for detector PSF is less than the cutoff width 741.1836885593673
WARN: The maximum width 673.6500000000001 specified for detector PSF is less than the cutoff width 741.1836885593673
WARN: The maximum width 673.6500000000001 specified for detector PSF is less than the cutoff width 741.1836885593673
WARN: The maximum width 673.6500000000001 specified for detector PSF is less than the cutoff width 741.1836885593673
WARN: The maximum width 673.6500000000001 specified for detector PSF is less than the cutoff width 741.1836885593673
WARN: The maximum width 673.6500000000001 specified for detector PSF is less than the cutoff width 741.1836885593673
-------------------------------------------
smpl_mean [0.01256428 0.98857487 0.01175228 0.99057764]
Final Std is 0.0058794810682688 < 0.006 at reg of 0.6024006916124238
-------------------------------------------
***********************
Rad Std is 0.0060169732314534485
***********************
WARN: The maximum width 673.6500000000001 specified for detector PSF is less than the cutoff width 690.0778080510815
WARN: The maximum width 673.6500000000001 specified for detector PSF is less than the cutoff width 690.0778080510815
WARN: The maximum width 673.6500000000001 specified for detector PSF is less than the cutoff width 690.0778080510815
WARN: The maximum width 673.6500000000001 specified for detector PSF is less than the cutoff width 690.0778080510815
WARN: The maximum width 673.6500000000001 specified for detector PSF is less than the cutoff width 690.0778080510815
WARN: The maximum width 673.6500000000001 specified for detector PSF is less than the cutoff width 690.0778080510815
WARN: The maximum width 673.6500000000001 specified for detector PSF is less than the cutoff width 690.0778080510815
WARN: The maximum width 673.6500000000001 specified for detector PSF is less than the cutoff width 690.0778080510815
WARN: The maximum width 673.6500000000001 specified for detector PSF is less than the cutoff width 690.0778080510815
WARN: The maximum width 673.6500000000001 specified for detector PSF is less than the cutoff width 690.0778080510815
WARN: The maximum width 673.6500000000001 specified for detector PSF is less than the cutoff width 690.0778080510815
WARN: The maximum width 673.6500000000001 specified for detector PSF is less than the cutoff width 690.0778080510815
WARN: The maximum width 673.6500000000001 specified for detector PSF is less than the cutoff width 690.0778080510815
WARN: The maximum width 673.6500000000001 specified for detector PSF is less than the cutoff width 690.0778080510815
WARN: The maximum width 673.6500000000001 specified for detector PSF is less than the cutoff width 690.0778080510815
WARN: The maximum width 673.6500000000001 specified for detector PSF is less than the cutoff width 690.0778080510815
WARN: The maximum width 673.6500000000001 specified for detector PSF is less than the cutoff width 690.0778080510815
WARN: The maximum width 673.6500000000001 specified for detector PSF is less than the cutoff width 690.0778080510815
WARN: The maximum width 673.6500000000001 specified for detector PSF is less than the cutoff width 690.0778080510815
WARN: The maximum width 673.6500000000001 specified for detector PSF is less than the cutoff width 690.0778080510815
WARN: The maximum width 673.6500000000001 specified for detector PSF is less than the cutoff width 690.0778080510815
WARN: The maximum width 673.6500000000001 specified for detector PSF is less than the cutoff width 690.0778080510815
WARN: The maximum width 673.6500000000001 specified for detector PSF is less than the cutoff width 690.0778080510815
WARN: The maximum width 673.6500000000001 specified for detector PSF is less than the cutoff width 690.0778080510815
WARN: The maximum width 673.6500000000001 specified for detector PSF is less than the cutoff width 690.0778080510815
WARN: The maximum width 673.6500000000001 specified for detector PSF is less than the cutoff width 690.0778080510815
WARN: The maximum width 673.6500000000001 specified for detector PSF is less than the cutoff width 690.0778080510815
-------------------------------------------
smpl_mean [0.98097673 0.98118523 0.01156997 0.01092017]
Final Std is 0.009729409556335502 < 0.01 at reg of 0.11918176537727232
-------------------------------------------
WARN: The maximum width 673.6500000000001 specified for detector PSF is less than the cutoff width 690.0778080510815
WARN: The maximum width 673.6500000000001 specified for detector PSF is less than the cutoff width 690.0778080510815
WARN: The maximum width 673.6500000000001 specified for detector PSF is less than the cutoff width 690.0778080510815
WARN: The maximum width 673.6500000000001 specified for detector PSF is less than the cutoff width 690.0778080510815
WARN: The maximum width 673.6500000000001 specified for detector PSF is less than the cutoff width 690.0778080510815
WARN: The maximum width 673.6500000000001 specified for detector PSF is less than the cutoff width 690.0778080510815
WARN: The maximum width 673.6500000000001 specified for detector PSF is less than the cutoff width 690.0778080510815
WARN: The maximum width 673.6500000000001 specified for detector PSF is less than the cutoff width 690.0778080510815
WARN: The maximum width 673.6500000000001 specified for detector PSF is less than the cutoff width 690.0778080510815
WARN: The maximum width 673.6500000000001 specified for detector PSF is less than the cutoff width 690.0778080510815
WARN: The maximum width 673.6500000000001 specified for detector PSF is less than the cutoff width 690.0778080510815
WARN: The maximum width 673.6500000000001 specified for detector PSF is less than the cutoff width 690.0778080510815
WARN: The maximum width 673.6500000000001 specified for detector PSF is less than the cutoff width 690.0778080510815
WARN: The maximum width 673.6500000000001 specified for detector PSF is less than the cutoff width 690.0778080510815
WARN: The maximum width 673.6500000000001 specified for detector PSF is less than the cutoff width 690.0778080510815
WARN: The maximum width 673.6500000000001 specified for detector PSF is less than the cutoff width 690.0778080510815
WARN: The maximum width 673.6500000000001 specified for detector PSF is less than the cutoff width 690.0778080510815
-------------------------------------------
smpl_mean [0.98098581 0.98118168 0.01156954 0.01091864]
Final Std is 0.0059947717488146686 < 0.006 at reg of 0.5476369923749307
-------------------------------------------
***********************
Rad Std is 0.006018117535859346
***********************
WARN: The maximum width 673.6500000000001 specified for detector PSF is less than the cutoff width 690.0778080510815
WARN: The maximum width 673.6500000000001 specified for detector PSF is less than the cutoff width 690.0778080510815
WARN: The maximum width 673.6500000000001 specified for detector PSF is less than the cutoff width 690.0778080510815
WARN: The maximum width 673.6500000000001 specified for detector PSF is less than the cutoff width 690.0778080510815
WARN: The maximum width 673.6500000000001 specified for detector PSF is less than the cutoff width 690.0778080510815
WARN: The maximum width 673.6500000000001 specified for detector PSF is less than the cutoff width 690.0778080510815
WARN: The maximum width 673.6500000000001 specified for detector PSF is less than the cutoff width 690.0778080510815
WARN: The maximum width 673.6500000000001 specified for detector PSF is less than the cutoff width 690.0778080510815
WARN: The maximum width 673.6500000000001 specified for detector PSF is less than the cutoff width 690.0778080510815
WARN: The maximum width 673.6500000000001 specified for detector PSF is less than the cutoff width 690.0778080510815
WARN: The maximum width 673.6500000000001 specified for detector PSF is less than the cutoff width 690.0778080510815
WARN: The maximum width 673.6500000000001 specified for detector PSF is less than the cutoff width 690.0778080510815
WARN: The maximum width 673.6500000000001 specified for detector PSF is less than the cutoff width 690.0778080510815
WARN: The maximum width 673.6500000000001 specified for detector PSF is less than the cutoff width 690.0778080510815
WARN: The maximum width 673.6500000000001 specified for detector PSF is less than the cutoff width 690.0778080510815
WARN: The maximum width 673.6500000000001 specified for detector PSF is less than the cutoff width 690.0778080510815
WARN: The maximum width 673.6500000000001 specified for detector PSF is less than the cutoff width 690.0778080510815
WARN: The maximum width 673.6500000000001 specified for detector PSF is less than the cutoff width 690.0778080510815
WARN: The maximum width 673.6500000000001 specified for detector PSF is less than the cutoff width 690.0778080510815
WARN: The maximum width 673.6500000000001 specified for detector PSF is less than the cutoff width 690.0778080510815
WARN: The maximum width 673.6500000000001 specified for detector PSF is less than the cutoff width 690.0778080510815
WARN: The maximum width 673.6500000000001 specified for detector PSF is less than the cutoff width 690.0778080510815
WARN: The maximum width 673.6500000000001 specified for detector PSF is less than the cutoff width 690.0778080510815
WARN: The maximum width 673.6500000000001 specified for detector PSF is less than the cutoff width 690.0778080510815
WARN: The maximum width 673.6500000000001 specified for detector PSF is less than the cutoff width 690.0778080510815
WARN: The maximum width 673.6500000000001 specified for detector PSF is less than the cutoff width 690.0778080510815
WARN: The maximum width 673.6500000000001 specified for detector PSF is less than the cutoff width 690.0778080510815
-------------------------------------------
smpl_mean [0.01265056 0.98840877 0.01188955 0.99046746]
Final Std is 0.009870965852582748 < 0.01 at reg of 0.11918176537727232
-------------------------------------------
WARN: The maximum width 673.6500000000001 specified for detector PSF is less than the cutoff width 690.0778080510815
WARN: The maximum width 673.6500000000001 specified for detector PSF is less than the cutoff width 690.0778080510815
WARN: The maximum width 673.6500000000001 specified for detector PSF is less than the cutoff width 690.0778080510815
WARN: The maximum width 673.6500000000001 specified for detector PSF is less than the cutoff width 690.0778080510815
WARN: The maximum width 673.6500000000001 specified for detector PSF is less than the cutoff width 690.0778080510815
WARN: The maximum width 673.6500000000001 specified for detector PSF is less than the cutoff width 690.0778080510815
WARN: The maximum width 673.6500000000001 specified for detector PSF is less than the cutoff width 690.0778080510815
WARN: The maximum width 673.6500000000001 specified for detector PSF is less than the cutoff width 690.0778080510815
WARN: The maximum width 673.6500000000001 specified for detector PSF is less than the cutoff width 690.0778080510815
WARN: The maximum width 673.6500000000001 specified for detector PSF is less than the cutoff width 690.0778080510815
WARN: The maximum width 673.6500000000001 specified for detector PSF is less than the cutoff width 690.0778080510815
WARN: The maximum width 673.6500000000001 specified for detector PSF is less than the cutoff width 690.0778080510815
WARN: The maximum width 673.6500000000001 specified for detector PSF is less than the cutoff width 690.0778080510815
WARN: The maximum width 673.6500000000001 specified for detector PSF is less than the cutoff width 690.0778080510815
WARN: The maximum width 673.6500000000001 specified for detector PSF is less than the cutoff width 690.0778080510815
WARN: The maximum width 673.6500000000001 specified for detector PSF is less than the cutoff width 690.0778080510815
WARN: The maximum width 673.6500000000001 specified for detector PSF is less than the cutoff width 690.0778080510815
WARN: The maximum width 673.6500000000001 specified for detector PSF is less than the cutoff width 690.0778080510815
-------------------------------------------
smpl_mean [0.0126498  0.9884028  0.01189124 0.99046614]
Final Std is 0.005922373023348304 < 0.006 at reg of 0.6024006916124238
-------------------------------------------
***********************
Rad Std is 0.0060169732314534485
***********************
-------------------------------------------
smpl_mean [0.98082032 0.98097164 0.01184222 0.01113125]
Final Std is 0.009764258078186186 < 0.01 at reg of 0.11918176537727232
-------------------------------------------
-------------------------------------------
smpl_mean [0.98082983 0.98096797 0.01184177 0.0111297 ]
Final Std is 0.005892451577431669 < 0.006 at reg of 0.6024006916124238
-------------------------------------------
***********************
Rad Std is 0.006018117535859346
***********************
-------------------------------------------
smpl_mean [0.01279057 0.98811744 0.0121226  0.99028963]
Final Std is 0.009886275476339794 < 0.01 at reg of 0.11918176537727232
-------------------------------------------
-------------------------------------------
smpl_mean [0.01278984 0.98811138 0.01212428 0.99028823]
Final Std is 0.005964179726553228 < 0.006 at reg of 0.6024006916124238
-------------------------------------------
***********************
Rad Std is 0.0060169732314534485
***********************
-------------------------------------------
smpl_mean [0.98080659 0.98094657 0.01187741 0.01115535]
Final Std is 0.00982815733256651 < 0.01 at reg of 0.11918176537727232
-------------------------------------------
-------------------------------------------
smpl_mean [0.98081618 0.980943   0.01187698 0.01115382]
Final Std is 0.005935694754006136 < 0.006 at reg of 0.6024006916124238
-------------------------------------------
***********************
Rad Std is 0.006018117535859346
***********************
-------------------------------------------
smpl_mean [0.01280164 0.98808103 0.01214898 0.99027554]
Final Std is 0.009949636157902828 < 0.01 at reg of 0.11918176537727232
-------------------------------------------
-------------------------------------------
smpl_mean [0.01280088 0.98807456 0.0121508  0.99027378]
Final Std is 0.00584140553951858 < 0.006 at reg of 0.6626407607736663
-------------------------------------------
***********************
Rad Std is 0.0060169732314534485
***********************
-------------------------------------------
smpl_mean [0.98091598 0.98109497 0.01169205 0.01101051]
Final Std is 0.00983084244072894 < 0.01 at reg of 0.11918176537727232
-------------------------------------------
-------------------------------------------
smpl_mean [0.98092495 0.98109275 0.01169169 0.01100879]
Final Std is 0.0058930244314442225 < 0.006 at reg of 0.6024006916124238
-------------------------------------------
***********************
Rad Std is 0.006018117535859346
***********************
-------------------------------------------
smpl_mean [0.01270405 0.98827843 0.01199001 0.9903971 ]
Final Std is 0.00995370560263114 < 0.01 at reg of 0.11918176537727232
-------------------------------------------
-------------------------------------------
smpl_mean [0.01270314 0.98827294 0.01199163 0.99039657]
Final Std is 0.005981293256037106 < 0.006 at reg of 0.6024006916124238
-------------------------------------------
***********************
Rad Std is 0.0060169732314534485
***********************
WARN: The maximum width 673.6500000000001 specified for detector PSF is less than the cutoff width 674.3296043678017
WARN: The maximum width 673.6500000000001 specified for detector PSF is less than the cutoff width 674.3296043678017
WARN: The maximum width 673.6500000000001 specified for detector PSF is less than the cutoff width 674.3296043678017
WARN: The maximum width 673.6500000000001 specified for detector PSF is less than the cutoff width 674.3296043678017
WARN: The maximum width 673.6500000000001 specified for detector PSF is less than the cutoff width 674.3296043678017
WARN: The maximum width 673.6500000000001 specified for detector PSF is less than the cutoff width 674.3296043678017
WARN: The maximum width 673.6500000000001 specified for detector PSF is less than the cutoff width 674.3296043678017
WARN: The maximum width 673.6500000000001 specified for detector PSF is less than the cutoff width 674.3296043678017
WARN: The maximum width 673.6500000000001 specified for detector PSF is less than the cutoff width 674.3296043678017
WARN: The maximum width 673.6500000000001 specified for detector PSF is less than the cutoff width 674.3296043678017
WARN: The maximum width 673.6500000000001 specified for detector PSF is less than the cutoff width 674.3296043678017
WARN: The maximum width 673.6500000000001 specified for detector PSF is less than the cutoff width 674.3296043678017
WARN: The maximum width 673.6500000000001 specified for detector PSF is less than the cutoff width 674.3296043678017
WARN: The maximum width 673.6500000000001 specified for detector PSF is less than the cutoff width 674.3296043678017
WARN: The maximum width 673.6500000000001 specified for detector PSF is less than the cutoff width 674.3296043678017
WARN: The maximum width 673.6500000000001 specified for detector PSF is less than the cutoff width 674.3296043678017
WARN: The maximum width 673.6500000000001 specified for detector PSF is less than the cutoff width 674.3296043678017
WARN: The maximum width 673.6500000000001 specified for detector PSF is less than the cutoff width 674.3296043678017
WARN: The maximum width 673.6500000000001 specified for detector PSF is less than the cutoff width 674.3296043678017
WARN: The maximum width 673.6500000000001 specified for detector PSF is less than the cutoff width 674.3296043678017
WARN: The maximum width 673.6500000000001 specified for detector PSF is less than the cutoff width 674.3296043678017
WARN: The maximum width 673.6500000000001 specified for detector PSF is less than the cutoff width 674.3296043678017
WARN: The maximum width 673.6500000000001 specified for detector PSF is less than the cutoff width 674.3296043678017
WARN: The maximum width 673.6500000000001 specified for detector PSF is less than the cutoff width 674.3296043678017
WARN: The maximum width 673.6500000000001 specified for detector PSF is less than the cutoff width 674.3296043678017
WARN: The maximum width 673.6500000000001 specified for detector PSF is less than the cutoff width 674.3296043678017
WARN: The maximum width 673.6500000000001 specified for detector PSF is less than the cutoff width 674.3296043678017
-------------------------------------------
smpl_mean [0.98089728 0.98106216 0.01173426 0.01103999]
Final Std is 0.009988366816173017 < 0.01 at reg of 0.11918176537727232
-------------------------------------------
WARN: The maximum width 673.6500000000001 specified for detector PSF is less than the cutoff width 674.3296043678017
WARN: The maximum width 673.6500000000001 specified for detector PSF is less than the cutoff width 674.3296043678017
WARN: The maximum width 673.6500000000001 specified for detector PSF is less than the cutoff width 674.3296043678017
WARN: The maximum width 673.6500000000001 specified for detector PSF is less than the cutoff width 674.3296043678017
WARN: The maximum width 673.6500000000001 specified for detector PSF is less than the cutoff width 674.3296043678017
WARN: The maximum width 673.6500000000001 specified for detector PSF is less than the cutoff width 674.3296043678017
WARN: The maximum width 673.6500000000001 specified for detector PSF is less than the cutoff width 674.3296043678017
WARN: The maximum width 673.6500000000001 specified for detector PSF is less than the cutoff width 674.3296043678017
WARN: The maximum width 673.6500000000001 specified for detector PSF is less than the cutoff width 674.3296043678017
WARN: The maximum width 673.6500000000001 specified for detector PSF is less than the cutoff width 674.3296043678017
WARN: The maximum width 673.6500000000001 specified for detector PSF is less than the cutoff width 674.3296043678017
WARN: The maximum width 673.6500000000001 specified for detector PSF is less than the cutoff width 674.3296043678017
WARN: The maximum width 673.6500000000001 specified for detector PSF is less than the cutoff width 674.3296043678017
WARN: The maximum width 673.6500000000001 specified for detector PSF is less than the cutoff width 674.3296043678017
WARN: The maximum width 673.6500000000001 specified for detector PSF is less than the cutoff width 674.3296043678017
WARN: The maximum width 673.6500000000001 specified for detector PSF is less than the cutoff width 674.3296043678017
WARN: The maximum width 673.6500000000001 specified for detector PSF is less than the cutoff width 674.3296043678017
WARN: The maximum width 673.6500000000001 specified for detector PSF is less than the cutoff width 674.3296043678017
-------------------------------------------
smpl_mean [0.98090678 0.98105968 0.01173391 0.01103841]
Final Std is 0.005987867304939724 < 0.006 at reg of 0.6024006916124238
-------------------------------------------
***********************
Rad Std is 0.006018117535859346
***********************
WARN: The maximum width 673.6500000000001 specified for detector PSF is less than the cutoff width 674.3296043678017
WARN: The maximum width 673.6500000000001 specified for detector PSF is less than the cutoff width 674.3296043678017
WARN: The maximum width 673.6500000000001 specified for detector PSF is less than the cutoff width 674.3296043678017
WARN: The maximum width 673.6500000000001 specified for detector PSF is less than the cutoff width 674.3296043678017
WARN: The maximum width 673.6500000000001 specified for detector PSF is less than the cutoff width 674.3296043678017
WARN: The maximum width 673.6500000000001 specified for detector PSF is less than the cutoff width 674.3296043678017
WARN: The maximum width 673.6500000000001 specified for detector PSF is less than the cutoff width 674.3296043678017
WARN: The maximum width 673.6500000000001 specified for detector PSF is less than the cutoff width 674.3296043678017
WARN: The maximum width 673.6500000000001 specified for detector PSF is less than the cutoff width 674.3296043678017
WARN: The maximum width 673.6500000000001 specified for detector PSF is less than the cutoff width 674.3296043678017
WARN: The maximum width 673.6500000000001 specified for detector PSF is less than the cutoff width 674.3296043678017
WARN: The maximum width 673.6500000000001 specified for detector PSF is less than the cutoff width 674.3296043678017
WARN: The maximum width 673.6500000000001 specified for detector PSF is less than the cutoff width 674.3296043678017
WARN: The maximum width 673.6500000000001 specified for detector PSF is less than the cutoff width 674.3296043678017
WARN: The maximum width 673.6500000000001 specified for detector PSF is less than the cutoff width 674.3296043678017
WARN: The maximum width 673.6500000000001 specified for detector PSF is less than the cutoff width 674.3296043678017
WARN: The maximum width 673.6500000000001 specified for detector PSF is less than the cutoff width 674.3296043678017
WARN: The maximum width 673.6500000000001 specified for detector PSF is less than the cutoff width 674.3296043678017
WARN: The maximum width 673.6500000000001 specified for detector PSF is less than the cutoff width 674.3296043678017
WARN: The maximum width 673.6500000000001 specified for detector PSF is less than the cutoff width 674.3296043678017
WARN: The maximum width 673.6500000000001 specified for detector PSF is less than the cutoff width 674.3296043678017
WARN: The maximum width 673.6500000000001 specified for detector PSF is less than the cutoff width 674.3296043678017
WARN: The maximum width 673.6500000000001 specified for detector PSF is less than the cutoff width 674.3296043678017
WARN: The maximum width 673.6500000000001 specified for detector PSF is less than the cutoff width 674.3296043678017
WARN: The maximum width 673.6500000000001 specified for detector PSF is less than the cutoff width 674.3296043678017
WARN: The maximum width 673.6500000000001 specified for detector PSF is less than the cutoff width 674.3296043678017
WARN: The maximum width 673.6500000000001 specified for detector PSF is less than the cutoff width 674.3296043678017
WARN: The maximum width 673.6500000000001 specified for detector PSF is less than the cutoff width 674.3296043678017
-------------------------------------------
smpl_mean [0.01271908 0.98823438 0.01202251 0.99037891]
Final Std is 0.009809192093411793 < 0.01 at reg of 0.13109994191499957
-------------------------------------------
WARN: The maximum width 673.6500000000001 specified for detector PSF is less than the cutoff width 674.3296043678017
WARN: The maximum width 673.6500000000001 specified for detector PSF is less than the cutoff width 674.3296043678017
WARN: The maximum width 673.6500000000001 specified for detector PSF is less than the cutoff width 674.3296043678017
WARN: The maximum width 673.6500000000001 specified for detector PSF is less than the cutoff width 674.3296043678017
WARN: The maximum width 673.6500000000001 specified for detector PSF is less than the cutoff width 674.3296043678017
WARN: The maximum width 673.6500000000001 specified for detector PSF is less than the cutoff width 674.3296043678017
WARN: The maximum width 673.6500000000001 specified for detector PSF is less than the cutoff width 674.3296043678017
WARN: The maximum width 673.6500000000001 specified for detector PSF is less than the cutoff width 674.3296043678017
WARN: The maximum width 673.6500000000001 specified for detector PSF is less than the cutoff width 674.3296043678017
WARN: The maximum width 673.6500000000001 specified for detector PSF is less than the cutoff width 674.3296043678017
WARN: The maximum width 673.6500000000001 specified for detector PSF is less than the cutoff width 674.3296043678017
WARN: The maximum width 673.6500000000001 specified for detector PSF is less than the cutoff width 674.3296043678017
WARN: The maximum width 673.6500000000001 specified for detector PSF is less than the cutoff width 674.3296043678017
WARN: The maximum width 673.6500000000001 specified for detector PSF is less than the cutoff width 674.3296043678017
WARN: The maximum width 673.6500000000001 specified for detector PSF is less than the cutoff width 674.3296043678017
WARN: The maximum width 673.6500000000001 specified for detector PSF is less than the cutoff width 674.3296043678017
WARN: The maximum width 673.6500000000001 specified for detector PSF is less than the cutoff width 674.3296043678017
WARN: The maximum width 673.6500000000001 specified for detector PSF is less than the cutoff width 674.3296043678017
-------------------------------------------
smpl_mean [0.01271835 0.98822852 0.01202436 0.99037679]
Final Std is 0.005910231560110028 < 0.006 at reg of 0.6626407607736663
-------------------------------------------
***********************
Rad Std is 0.0060169732314534485
***********************
-------------------------------------------
smpl_mean [0.98072228 0.98082669 0.01203804 0.01127612]
Final Std is 0.009908754045943066 < 0.01 at reg of 0.11918176537727232
-------------------------------------------
-------------------------------------------
smpl_mean [0.98073114 0.98082468 0.01203768 0.01127438]
Final Std is 0.005996059396369609 < 0.006 at reg of 0.6024006916124238
-------------------------------------------
***********************
Rad Std is 0.006018117535859346
***********************
-------------------------------------------
smpl_mean [0.01287685 0.98790831 0.01228315 0.99017811]
Final Std is 0.009697432729166237 < 0.01 at reg of 0.13109994191499957
-------------------------------------------
-------------------------------------------
smpl_mean [0.01287596 0.98790287 0.01228474 0.99017738]
Final Std is 0.005892201467438412 < 0.006 at reg of 0.6626407607736663
-------------------------------------------
4.62e+01 mins has elapsed
