***********************
Rad Std is 0.0060169732314534485
***********************
-------------------------------------------
smpl_mean [0.98092951 0.98109894 0.01169127 0.01100911]
Final Std is 0.0029780032437639486 < 0.003 at reg of 9.555938177273267
-------------------------------------------
***********************
Rad Std is 0.006018117535859346
***********************
-------------------------------------------
smpl_mean [0.01270227 0.98826295 0.01199248 0.99039654]
Final Std is 0.002991202929376142 < 0.003 at reg of 9.555938177273267
-------------------------------------------
***********************
Rad Std is 0.005919428076595068
***********************
-------------------------------------------
smpl_mean [0.99568105 0.99628715 0.01000265 0.00954275]
Final Std is 0.002968619300708579 < 0.003 at reg of 1.0671895716335977
-------------------------------------------
***********************
Rad Std is 0.005925687728449702
***********************
-------------------------------------------
smpl_mean [0.00901887 0.99894243 0.0082582  0.99987913]
Final Std is 0.002947484391763412 < 0.003 at reg of 1.1739085287969575
-------------------------------------------
***********************
Rad Std is 0.0060169732314534485
***********************
WARN: The maximum width 673.6500000000001 specified for detector PSF is less than the cutoff width 1763.6216398693432
WARN: The maximum width 673.6500000000001 specified for detector PSF is less than the cutoff width 1763.6216398693432
WARN: The maximum width 673.6500000000001 specified for detector PSF is less than the cutoff width 1763.6216398693432
WARN: The maximum width 673.6500000000001 specified for detector PSF is less than the cutoff width 1763.6216398693432
WARN: The maximum width 673.6500000000001 specified for detector PSF is less than the cutoff width 1763.6216398693432
WARN: The maximum width 673.6500000000001 specified for detector PSF is less than the cutoff width 1763.6216398693432
WARN: The maximum width 673.6500000000001 specified for detector PSF is less than the cutoff width 1763.6216398693432
WARN: The maximum width 673.6500000000001 specified for detector PSF is less than the cutoff width 1763.6216398693432
WARN: The maximum width 673.6500000000001 specified for detector PSF is less than the cutoff width 1763.6216398693432
WARN: The maximum width 673.6500000000001 specified for detector PSF is less than the cutoff width 1763.6216398693432
WARN: The maximum width 673.6500000000001 specified for detector PSF is less than the cutoff width 1763.6216398693432
WARN: The maximum width 673.6500000000001 specified for detector PSF is less than the cutoff width 1763.6216398693432
WARN: The maximum width 673.6500000000001 specified for detector PSF is less than the cutoff width 1763.6216398693432
WARN: The maximum width 673.6500000000001 specified for detector PSF is less than the cutoff width 1763.6216398693432
WARN: The maximum width 673.6500000000001 specified for detector PSF is less than the cutoff width 1763.6216398693432
WARN: The maximum width 673.6500000000001 specified for detector PSF is less than the cutoff width 1763.6216398693432
WARN: The maximum width 673.6500000000001 specified for detector PSF is less than the cutoff width 1763.6216398693432
WARN: The maximum width 673.6500000000001 specified for detector PSF is less than the cutoff width 1763.6216398693432
WARN: The maximum width 673.6500000000001 specified for detector PSF is less than the cutoff width 1763.6216398693432
WARN: The maximum width 673.6500000000001 specified for detector PSF is less than the cutoff width 1763.6216398693432
WARN: The maximum width 673.6500000000001 specified for detector PSF is less than the cutoff width 1763.6216398693432
WARN: The maximum width 673.6500000000001 specified for detector PSF is less than the cutoff width 1763.6216398693432
WARN: The maximum width 673.6500000000001 specified for detector PSF is less than the cutoff width 1763.6216398693432
WARN: The maximum width 673.6500000000001 specified for detector PSF is less than the cutoff width 1763.6216398693432
WARN: The maximum width 673.6500000000001 specified for detector PSF is less than the cutoff width 1763.6216398693432
WARN: The maximum width 673.6500000000001 specified for detector PSF is less than the cutoff width 1763.6216398693432
WARN: The maximum width 673.6500000000001 specified for detector PSF is less than the cutoff width 1763.6216398693432
WARN: The maximum width 673.6500000000001 specified for detector PSF is less than the cutoff width 1763.6216398693432
WARN: The maximum width 673.6500000000001 specified for detector PSF is less than the cutoff width 1763.6216398693432
WARN: The maximum width 673.6500000000001 specified for detector PSF is less than the cutoff width 1763.6216398693432
WARN: The maximum width 673.6500000000001 specified for detector PSF is less than the cutoff width 1763.6216398693432
WARN: The maximum width 673.6500000000001 specified for detector PSF is less than the cutoff width 1763.6216398693432
WARN: The maximum width 673.6500000000001 specified for detector PSF is less than the cutoff width 1763.6216398693432
WARN: The maximum width 673.6500000000001 specified for detector PSF is less than the cutoff width 1763.6216398693432
WARN: The maximum width 673.6500000000001 specified for detector PSF is less than the cutoff width 1763.6216398693432
WARN: The maximum width 673.6500000000001 specified for detector PSF is less than the cutoff width 1763.6216398693432
WARN: The maximum width 673.6500000000001 specified for detector PSF is less than the cutoff width 1763.6216398693432
WARN: The maximum width 673.6500000000001 specified for detector PSF is less than the cutoff width 1763.6216398693432
WARN: The maximum width 673.6500000000001 specified for detector PSF is less than the cutoff width 1763.6216398693432
WARN: The maximum width 673.6500000000001 specified for detector PSF is less than the cutoff width 1763.6216398693432
WARN: The maximum width 673.6500000000001 specified for detector PSF is less than the cutoff width 1763.6216398693432
WARN: The maximum width 673.6500000000001 specified for detector PSF is less than the cutoff width 1763.6216398693432
WARN: The maximum width 673.6500000000001 specified for detector PSF is less than the cutoff width 1763.6216398693432
WARN: The maximum width 673.6500000000001 specified for detector PSF is less than the cutoff width 1763.6216398693432
WARN: The maximum width 673.6500000000001 specified for detector PSF is less than the cutoff width 1763.6216398693432
WARN: The maximum width 673.6500000000001 specified for detector PSF is less than the cutoff width 1763.6216398693432
WARN: The maximum width 673.6500000000001 specified for detector PSF is less than the cutoff width 1763.6216398693432
WARN: The maximum width 673.6500000000001 specified for detector PSF is less than the cutoff width 1763.6216398693432
WARN: The maximum width 673.6500000000001 specified for detector PSF is less than the cutoff width 1763.6216398693432
WARN: The maximum width 673.6500000000001 specified for detector PSF is less than the cutoff width 1763.6216398693432
WARN: The maximum width 673.6500000000001 specified for detector PSF is less than the cutoff width 1763.6216398693432
WARN: The maximum width 673.6500000000001 specified for detector PSF is less than the cutoff width 1763.6216398693432
WARN: The maximum width 673.6500000000001 specified for detector PSF is less than the cutoff width 1763.6216398693432
WARN: The maximum width 673.6500000000001 specified for detector PSF is less than the cutoff width 1763.6216398693432
WARN: The maximum width 673.6500000000001 specified for detector PSF is less than the cutoff width 1763.6216398693432
WARN: The maximum width 673.6500000000001 specified for detector PSF is less than the cutoff width 1763.6216398693432
WARN: The maximum width 673.6500000000001 specified for detector PSF is less than the cutoff width 1763.6216398693432
WARN: The maximum width 673.6500000000001 specified for detector PSF is less than the cutoff width 1763.6216398693432
WARN: The maximum width 673.6500000000001 specified for detector PSF is less than the cutoff width 1763.6216398693432
WARN: The maximum width 673.6500000000001 specified for detector PSF is less than the cutoff width 1763.6216398693432
WARN: The maximum width 673.6500000000001 specified for detector PSF is less than the cutoff width 1763.6216398693432
WARN: The maximum width 673.6500000000001 specified for detector PSF is less than the cutoff width 1763.6216398693432
WARN: The maximum width 673.6500000000001 specified for detector PSF is less than the cutoff width 1763.6216398693432
WARN: The maximum width 673.6500000000001 specified for detector PSF is less than the cutoff width 1763.6216398693432
WARN: The maximum width 673.6500000000001 specified for detector PSF is less than the cutoff width 1763.6216398693432
WARN: The maximum width 673.6500000000001 specified for detector PSF is less than the cutoff width 1763.6216398693432
WARN: The maximum width 673.6500000000001 specified for detector PSF is less than the cutoff width 1763.6216398693432
WARN: The maximum width 673.6500000000001 specified for detector PSF is less than the cutoff width 1763.6216398693432
WARN: The maximum width 673.6500000000001 specified for detector PSF is less than the cutoff width 1763.6216398693432
WARN: The maximum width 673.6500000000001 specified for detector PSF is less than the cutoff width 1763.6216398693432
WARN: The maximum width 673.6500000000001 specified for detector PSF is less than the cutoff width 1763.6216398693432
WARN: The maximum width 673.6500000000001 specified for detector PSF is less than the cutoff width 1763.6216398693432
WARN: The maximum width 673.6500000000001 specified for detector PSF is less than the cutoff width 1763.6216398693432
WARN: The maximum width 673.6500000000001 specified for detector PSF is less than the cutoff width 1763.6216398693432
WARN: The maximum width 673.6500000000001 specified for detector PSF is less than the cutoff width 1763.6216398693432
WARN: The maximum width 673.6500000000001 specified for detector PSF is less than the cutoff width 1763.6216398693432
WARN: The maximum width 673.6500000000001 specified for detector PSF is less than the cutoff width 1763.6216398693432
WARN: The maximum width 673.6500000000001 specified for detector PSF is less than the cutoff width 1763.6216398693432
-------------------------------------------
smpl_mean [0.9806166  0.98067275 0.01223332 0.01143107]
Final Std is 0.00296793082751579 < 0.003 at reg of 15.389933993880376
-------------------------------------------
***********************
Rad Std is 0.006018117535859346
***********************
WARN: The maximum width 673.6500000000001 specified for detector PSF is less than the cutoff width 1763.6216398693432
WARN: The maximum width 673.6500000000001 specified for detector PSF is less than the cutoff width 1763.6216398693432
WARN: The maximum width 673.6500000000001 specified for detector PSF is less than the cutoff width 1763.6216398693432
WARN: The maximum width 673.6500000000001 specified for detector PSF is less than the cutoff width 1763.6216398693432
WARN: The maximum width 673.6500000000001 specified for detector PSF is less than the cutoff width 1763.6216398693432
WARN: The maximum width 673.6500000000001 specified for detector PSF is less than the cutoff width 1763.6216398693432
WARN: The maximum width 673.6500000000001 specified for detector PSF is less than the cutoff width 1763.6216398693432
WARN: The maximum width 673.6500000000001 specified for detector PSF is less than the cutoff width 1763.6216398693432
WARN: The maximum width 673.6500000000001 specified for detector PSF is less than the cutoff width 1763.6216398693432
WARN: The maximum width 673.6500000000001 specified for detector PSF is less than the cutoff width 1763.6216398693432
WARN: The maximum width 673.6500000000001 specified for detector PSF is less than the cutoff width 1763.6216398693432
WARN: The maximum width 673.6500000000001 specified for detector PSF is less than the cutoff width 1763.6216398693432
WARN: The maximum width 673.6500000000001 specified for detector PSF is less than the cutoff width 1763.6216398693432
WARN: The maximum width 673.6500000000001 specified for detector PSF is less than the cutoff width 1763.6216398693432
WARN: The maximum width 673.6500000000001 specified for detector PSF is less than the cutoff width 1763.6216398693432
WARN: The maximum width 673.6500000000001 specified for detector PSF is less than the cutoff width 1763.6216398693432
WARN: The maximum width 673.6500000000001 specified for detector PSF is less than the cutoff width 1763.6216398693432
WARN: The maximum width 673.6500000000001 specified for detector PSF is less than the cutoff width 1763.6216398693432
WARN: The maximum width 673.6500000000001 specified for detector PSF is less than the cutoff width 1763.6216398693432
WARN: The maximum width 673.6500000000001 specified for detector PSF is less than the cutoff width 1763.6216398693432
WARN: The maximum width 673.6500000000001 specified for detector PSF is less than the cutoff width 1763.6216398693432
WARN: The maximum width 673.6500000000001 specified for detector PSF is less than the cutoff width 1763.6216398693432
WARN: The maximum width 673.6500000000001 specified for detector PSF is less than the cutoff width 1763.6216398693432
WARN: The maximum width 673.6500000000001 specified for detector PSF is less than the cutoff width 1763.6216398693432
WARN: The maximum width 673.6500000000001 specified for detector PSF is less than the cutoff width 1763.6216398693432
WARN: The maximum width 673.6500000000001 specified for detector PSF is less than the cutoff width 1763.6216398693432
WARN: The maximum width 673.6500000000001 specified for detector PSF is less than the cutoff width 1763.6216398693432
WARN: The maximum width 673.6500000000001 specified for detector PSF is less than the cutoff width 1763.6216398693432
WARN: The maximum width 673.6500000000001 specified for detector PSF is less than the cutoff width 1763.6216398693432
WARN: The maximum width 673.6500000000001 specified for detector PSF is less than the cutoff width 1763.6216398693432
WARN: The maximum width 673.6500000000001 specified for detector PSF is less than the cutoff width 1763.6216398693432
WARN: The maximum width 673.6500000000001 specified for detector PSF is less than the cutoff width 1763.6216398693432
WARN: The maximum width 673.6500000000001 specified for detector PSF is less than the cutoff width 1763.6216398693432
WARN: The maximum width 673.6500000000001 specified for detector PSF is less than the cutoff width 1763.6216398693432
WARN: The maximum width 673.6500000000001 specified for detector PSF is less than the cutoff width 1763.6216398693432
WARN: The maximum width 673.6500000000001 specified for detector PSF is less than the cutoff width 1763.6216398693432
WARN: The maximum width 673.6500000000001 specified for detector PSF is less than the cutoff width 1763.6216398693432
WARN: The maximum width 673.6500000000001 specified for detector PSF is less than the cutoff width 1763.6216398693432
WARN: The maximum width 673.6500000000001 specified for detector PSF is less than the cutoff width 1763.6216398693432
WARN: The maximum width 673.6500000000001 specified for detector PSF is less than the cutoff width 1763.6216398693432
WARN: The maximum width 673.6500000000001 specified for detector PSF is less than the cutoff width 1763.6216398693432
WARN: The maximum width 673.6500000000001 specified for detector PSF is less than the cutoff width 1763.6216398693432
WARN: The maximum width 673.6500000000001 specified for detector PSF is less than the cutoff width 1763.6216398693432
WARN: The maximum width 673.6500000000001 specified for detector PSF is less than the cutoff width 1763.6216398693432
WARN: The maximum width 673.6500000000001 specified for detector PSF is less than the cutoff width 1763.6216398693432
WARN: The maximum width 673.6500000000001 specified for detector PSF is less than the cutoff width 1763.6216398693432
WARN: The maximum width 673.6500000000001 specified for detector PSF is less than the cutoff width 1763.6216398693432
WARN: The maximum width 673.6500000000001 specified for detector PSF is less than the cutoff width 1763.6216398693432
WARN: The maximum width 673.6500000000001 specified for detector PSF is less than the cutoff width 1763.6216398693432
WARN: The maximum width 673.6500000000001 specified for detector PSF is less than the cutoff width 1763.6216398693432
WARN: The maximum width 673.6500000000001 specified for detector PSF is less than the cutoff width 1763.6216398693432
WARN: The maximum width 673.6500000000001 specified for detector PSF is less than the cutoff width 1763.6216398693432
WARN: The maximum width 673.6500000000001 specified for detector PSF is less than the cutoff width 1763.6216398693432
WARN: The maximum width 673.6500000000001 specified for detector PSF is less than the cutoff width 1763.6216398693432
WARN: The maximum width 673.6500000000001 specified for detector PSF is less than the cutoff width 1763.6216398693432
WARN: The maximum width 673.6500000000001 specified for detector PSF is less than the cutoff width 1763.6216398693432
WARN: The maximum width 673.6500000000001 specified for detector PSF is less than the cutoff width 1763.6216398693432
WARN: The maximum width 673.6500000000001 specified for detector PSF is less than the cutoff width 1763.6216398693432
WARN: The maximum width 673.6500000000001 specified for detector PSF is less than the cutoff width 1763.6216398693432
WARN: The maximum width 673.6500000000001 specified for detector PSF is less than the cutoff width 1763.6216398693432
WARN: The maximum width 673.6500000000001 specified for detector PSF is less than the cutoff width 1763.6216398693432
WARN: The maximum width 673.6500000000001 specified for detector PSF is less than the cutoff width 1763.6216398693432
WARN: The maximum width 673.6500000000001 specified for detector PSF is less than the cutoff width 1763.6216398693432
WARN: The maximum width 673.6500000000001 specified for detector PSF is less than the cutoff width 1763.6216398693432
WARN: The maximum width 673.6500000000001 specified for detector PSF is less than the cutoff width 1763.6216398693432
WARN: The maximum width 673.6500000000001 specified for detector PSF is less than the cutoff width 1763.6216398693432
WARN: The maximum width 673.6500000000001 specified for detector PSF is less than the cutoff width 1763.6216398693432
WARN: The maximum width 673.6500000000001 specified for detector PSF is less than the cutoff width 1763.6216398693432
WARN: The maximum width 673.6500000000001 specified for detector PSF is less than the cutoff width 1763.6216398693432
WARN: The maximum width 673.6500000000001 specified for detector PSF is less than the cutoff width 1763.6216398693432
WARN: The maximum width 673.6500000000001 specified for detector PSF is less than the cutoff width 1763.6216398693432
WARN: The maximum width 673.6500000000001 specified for detector PSF is less than the cutoff width 1763.6216398693432
WARN: The maximum width 673.6500000000001 specified for detector PSF is less than the cutoff width 1763.6216398693432
WARN: The maximum width 673.6500000000001 specified for detector PSF is less than the cutoff width 1763.6216398693432
WARN: The maximum width 673.6500000000001 specified for detector PSF is less than the cutoff width 1763.6216398693432
WARN: The maximum width 673.6500000000001 specified for detector PSF is less than the cutoff width 1763.6216398693432
WARN: The maximum width 673.6500000000001 specified for detector PSF is less than the cutoff width 1763.6216398693432
-------------------------------------------
smpl_mean [0.01298234 0.98767258 0.01246475 0.99002054]
Final Std is 0.0029753682280028626 < 0.003 at reg of 13.990849085345795
-------------------------------------------
***********************
Rad Std is 0.005919428076595068
***********************
WARN: The maximum width 673.6500000000001 specified for detector PSF is less than the cutoff width 1763.6216398693432
WARN: The maximum width 673.6500000000001 specified for detector PSF is less than the cutoff width 1763.6216398693432
WARN: The maximum width 673.6500000000001 specified for detector PSF is less than the cutoff width 1763.6216398693432
WARN: The maximum width 673.6500000000001 specified for detector PSF is less than the cutoff width 1763.6216398693432
WARN: The maximum width 673.6500000000001 specified for detector PSF is less than the cutoff width 1763.6216398693432
WARN: The maximum width 673.6500000000001 specified for detector PSF is less than the cutoff width 1763.6216398693432
WARN: The maximum width 673.6500000000001 specified for detector PSF is less than the cutoff width 1763.6216398693432
WARN: The maximum width 673.6500000000001 specified for detector PSF is less than the cutoff width 1763.6216398693432
WARN: The maximum width 673.6500000000001 specified for detector PSF is less than the cutoff width 1763.6216398693432
WARN: The maximum width 673.6500000000001 specified for detector PSF is less than the cutoff width 1763.6216398693432
WARN: The maximum width 673.6500000000001 specified for detector PSF is less than the cutoff width 1763.6216398693432
WARN: The maximum width 673.6500000000001 specified for detector PSF is less than the cutoff width 1763.6216398693432
WARN: The maximum width 673.6500000000001 specified for detector PSF is less than the cutoff width 1763.6216398693432
WARN: The maximum width 673.6500000000001 specified for detector PSF is less than the cutoff width 1763.6216398693432
WARN: The maximum width 673.6500000000001 specified for detector PSF is less than the cutoff width 1763.6216398693432
WARN: The maximum width 673.6500000000001 specified for detector PSF is less than the cutoff width 1763.6216398693432
WARN: The maximum width 673.6500000000001 specified for detector PSF is less than the cutoff width 1763.6216398693432
WARN: The maximum width 673.6500000000001 specified for detector PSF is less than the cutoff width 1763.6216398693432
WARN: The maximum width 673.6500000000001 specified for detector PSF is less than the cutoff width 1763.6216398693432
WARN: The maximum width 673.6500000000001 specified for detector PSF is less than the cutoff width 1763.6216398693432
WARN: The maximum width 673.6500000000001 specified for detector PSF is less than the cutoff width 1763.6216398693432
WARN: The maximum width 673.6500000000001 specified for detector PSF is less than the cutoff width 1763.6216398693432
WARN: The maximum width 673.6500000000001 specified for detector PSF is less than the cutoff width 1763.6216398693432
WARN: The maximum width 673.6500000000001 specified for detector PSF is less than the cutoff width 1763.6216398693432
WARN: The maximum width 673.6500000000001 specified for detector PSF is less than the cutoff width 1763.6216398693432
WARN: The maximum width 673.6500000000001 specified for detector PSF is less than the cutoff width 1763.6216398693432
WARN: The maximum width 673.6500000000001 specified for detector PSF is less than the cutoff width 1763.6216398693432
WARN: The maximum width 673.6500000000001 specified for detector PSF is less than the cutoff width 1763.6216398693432
WARN: The maximum width 673.6500000000001 specified for detector PSF is less than the cutoff width 1763.6216398693432
WARN: The maximum width 673.6500000000001 specified for detector PSF is less than the cutoff width 1763.6216398693432
WARN: The maximum width 673.6500000000001 specified for detector PSF is less than the cutoff width 1763.6216398693432
WARN: The maximum width 673.6500000000001 specified for detector PSF is less than the cutoff width 1763.6216398693432
WARN: The maximum width 673.6500000000001 specified for detector PSF is less than the cutoff width 1763.6216398693432
WARN: The maximum width 673.6500000000001 specified for detector PSF is less than the cutoff width 1763.6216398693432
WARN: The maximum width 673.6500000000001 specified for detector PSF is less than the cutoff width 1763.6216398693432
WARN: The maximum width 673.6500000000001 specified for detector PSF is less than the cutoff width 1763.6216398693432
WARN: The maximum width 673.6500000000001 specified for detector PSF is less than the cutoff width 1763.6216398693432
WARN: The maximum width 673.6500000000001 specified for detector PSF is less than the cutoff width 1763.6216398693432
WARN: The maximum width 673.6500000000001 specified for detector PSF is less than the cutoff width 1763.6216398693432
WARN: The maximum width 673.6500000000001 specified for detector PSF is less than the cutoff width 1763.6216398693432
WARN: The maximum width 673.6500000000001 specified for detector PSF is less than the cutoff width 1763.6216398693432
WARN: The maximum width 673.6500000000001 specified for detector PSF is less than the cutoff width 1763.6216398693432
WARN: The maximum width 673.6500000000001 specified for detector PSF is less than the cutoff width 1763.6216398693432
WARN: The maximum width 673.6500000000001 specified for detector PSF is less than the cutoff width 1763.6216398693432
WARN: The maximum width 673.6500000000001 specified for detector PSF is less than the cutoff width 1763.6216398693432
WARN: The maximum width 673.6500000000001 specified for detector PSF is less than the cutoff width 1763.6216398693432
WARN: The maximum width 673.6500000000001 specified for detector PSF is less than the cutoff width 1763.6216398693432
WARN: The maximum width 673.6500000000001 specified for detector PSF is less than the cutoff width 1763.6216398693432
WARN: The maximum width 673.6500000000001 specified for detector PSF is less than the cutoff width 1763.6216398693432
WARN: The maximum width 673.6500000000001 specified for detector PSF is less than the cutoff width 1763.6216398693432
WARN: The maximum width 673.6500000000001 specified for detector PSF is less than the cutoff width 1763.6216398693432
WARN: The maximum width 673.6500000000001 specified for detector PSF is less than the cutoff width 1763.6216398693432
WARN: The maximum width 673.6500000000001 specified for detector PSF is less than the cutoff width 1763.6216398693432
-------------------------------------------
smpl_mean [0.99528104 0.99575479 0.01045342 0.0098785 ]
Final Std is 0.0029547714838495127 < 0.003 at reg of 1.4204293198443187
-------------------------------------------
***********************
Rad Std is 0.005925687728449702
***********************
WARN: The maximum width 673.6500000000001 specified for detector PSF is less than the cutoff width 1763.6216398693432
WARN: The maximum width 673.6500000000001 specified for detector PSF is less than the cutoff width 1763.6216398693432
WARN: The maximum width 673.6500000000001 specified for detector PSF is less than the cutoff width 1763.6216398693432
WARN: The maximum width 673.6500000000001 specified for detector PSF is less than the cutoff width 1763.6216398693432
WARN: The maximum width 673.6500000000001 specified for detector PSF is less than the cutoff width 1763.6216398693432
WARN: The maximum width 673.6500000000001 specified for detector PSF is less than the cutoff width 1763.6216398693432
WARN: The maximum width 673.6500000000001 specified for detector PSF is less than the cutoff width 1763.6216398693432
WARN: The maximum width 673.6500000000001 specified for detector PSF is less than the cutoff width 1763.6216398693432
WARN: The maximum width 673.6500000000001 specified for detector PSF is less than the cutoff width 1763.6216398693432
WARN: The maximum width 673.6500000000001 specified for detector PSF is less than the cutoff width 1763.6216398693432
WARN: The maximum width 673.6500000000001 specified for detector PSF is less than the cutoff width 1763.6216398693432
WARN: The maximum width 673.6500000000001 specified for detector PSF is less than the cutoff width 1763.6216398693432
WARN: The maximum width 673.6500000000001 specified for detector PSF is less than the cutoff width 1763.6216398693432
WARN: The maximum width 673.6500000000001 specified for detector PSF is less than the cutoff width 1763.6216398693432
WARN: The maximum width 673.6500000000001 specified for detector PSF is less than the cutoff width 1763.6216398693432
WARN: The maximum width 673.6500000000001 specified for detector PSF is less than the cutoff width 1763.6216398693432
WARN: The maximum width 673.6500000000001 specified for detector PSF is less than the cutoff width 1763.6216398693432
WARN: The maximum width 673.6500000000001 specified for detector PSF is less than the cutoff width 1763.6216398693432
WARN: The maximum width 673.6500000000001 specified for detector PSF is less than the cutoff width 1763.6216398693432
WARN: The maximum width 673.6500000000001 specified for detector PSF is less than the cutoff width 1763.6216398693432
WARN: The maximum width 673.6500000000001 specified for detector PSF is less than the cutoff width 1763.6216398693432
WARN: The maximum width 673.6500000000001 specified for detector PSF is less than the cutoff width 1763.6216398693432
WARN: The maximum width 673.6500000000001 specified for detector PSF is less than the cutoff width 1763.6216398693432
WARN: The maximum width 673.6500000000001 specified for detector PSF is less than the cutoff width 1763.6216398693432
WARN: The maximum width 673.6500000000001 specified for detector PSF is less than the cutoff width 1763.6216398693432
WARN: The maximum width 673.6500000000001 specified for detector PSF is less than the cutoff width 1763.6216398693432
WARN: The maximum width 673.6500000000001 specified for detector PSF is less than the cutoff width 1763.6216398693432
WARN: The maximum width 673.6500000000001 specified for detector PSF is less than the cutoff width 1763.6216398693432
WARN: The maximum width 673.6500000000001 specified for detector PSF is less than the cutoff width 1763.6216398693432
WARN: The maximum width 673.6500000000001 specified for detector PSF is less than the cutoff width 1763.6216398693432
WARN: The maximum width 673.6500000000001 specified for detector PSF is less than the cutoff width 1763.6216398693432
WARN: The maximum width 673.6500000000001 specified for detector PSF is less than the cutoff width 1763.6216398693432
WARN: The maximum width 673.6500000000001 specified for detector PSF is less than the cutoff width 1763.6216398693432
WARN: The maximum width 673.6500000000001 specified for detector PSF is less than the cutoff width 1763.6216398693432
WARN: The maximum width 673.6500000000001 specified for detector PSF is less than the cutoff width 1763.6216398693432
WARN: The maximum width 673.6500000000001 specified for detector PSF is less than the cutoff width 1763.6216398693432
WARN: The maximum width 673.6500000000001 specified for detector PSF is less than the cutoff width 1763.6216398693432
WARN: The maximum width 673.6500000000001 specified for detector PSF is less than the cutoff width 1763.6216398693432
WARN: The maximum width 673.6500000000001 specified for detector PSF is less than the cutoff width 1763.6216398693432
WARN: The maximum width 673.6500000000001 specified for detector PSF is less than the cutoff width 1763.6216398693432
WARN: The maximum width 673.6500000000001 specified for detector PSF is less than the cutoff width 1763.6216398693432
WARN: The maximum width 673.6500000000001 specified for detector PSF is less than the cutoff width 1763.6216398693432
WARN: The maximum width 673.6500000000001 specified for detector PSF is less than the cutoff width 1763.6216398693432
WARN: The maximum width 673.6500000000001 specified for detector PSF is less than the cutoff width 1763.6216398693432
WARN: The maximum width 673.6500000000001 specified for detector PSF is less than the cutoff width 1763.6216398693432
WARN: The maximum width 673.6500000000001 specified for detector PSF is less than the cutoff width 1763.6216398693432
WARN: The maximum width 673.6500000000001 specified for detector PSF is less than the cutoff width 1763.6216398693432
WARN: The maximum width 673.6500000000001 specified for detector PSF is less than the cutoff width 1763.6216398693432
WARN: The maximum width 673.6500000000001 specified for detector PSF is less than the cutoff width 1763.6216398693432
WARN: The maximum width 673.6500000000001 specified for detector PSF is less than the cutoff width 1763.6216398693432
WARN: The maximum width 673.6500000000001 specified for detector PSF is less than the cutoff width 1763.6216398693432
WARN: The maximum width 673.6500000000001 specified for detector PSF is less than the cutoff width 1763.6216398693432
WARN: The maximum width 673.6500000000001 specified for detector PSF is less than the cutoff width 1763.6216398693432
-------------------------------------------
smpl_mean [0.00932644 0.99837111 0.00876114 0.99951104]
Final Std is 0.002963869251616907 < 0.003 at reg of 1.4204293198443187
-------------------------------------------
***********************
Rad Std is 0.0060169732314534485
***********************
-------------------------------------------
smpl_mean [0.98037135 0.98034117 0.01266156 0.01176575]
Final Std is 0.0029826015108845097 < 0.003 at reg of 39.91752525806395
-------------------------------------------
***********************
Rad Std is 0.006018117535859346
***********************
-------------------------------------------
smpl_mean [0.01320241 0.98725252 0.01280073 0.98981279]
Final Std is 0.002967476871689654 < 0.003 at reg of 36.288659325512675
-------------------------------------------
***********************
Rad Std is 0.005919428076595068
***********************
-------------------------------------------
smpl_mean [0.99525082 0.99559718 0.01054389 0.00990243]
Final Std is 0.002984943927707017 < 0.003 at reg of 4.457915684525924
-------------------------------------------
***********************
Rad Std is 0.005925687728449702
***********************
-------------------------------------------
smpl_mean [0.00928384 0.99820703 0.00883544 0.9995164 ]
Final Std is 0.0029431269733696274 < 0.003 at reg of 4.903707252978516
-------------------------------------------
5.35e+01 mins has elapsed
