WARN: The maximum width 673.6500000000001 specified for detector PSF is less than the cutoff width 1589.5917784243998
WARN: The maximum width 673.6500000000001 specified for detector PSF is less than the cutoff width 1589.5917784243998
WARN: The maximum width 673.6500000000001 specified for detector PSF is less than the cutoff width 1589.5917784243998
WARN: The maximum width 673.6500000000001 specified for detector PSF is less than the cutoff width 1589.5917784243998
Log Dir exp_detpsf_, Error 0.009392147128074834
Log Dir gauss_detpsf_, Error 0.009576006549392613
Log Dir exp_srcpsf_, Error 0.010577074537732233
Log Dir gauss_srcpsf_, Error 0.010802334105031583
4.33e+00 mins has elapsed
***********************
Rad Std is 0.0060169732314534485
***********************
-------------------------------------------
smpl_mean [0.98081334 0.98095132 0.01188977 0.01116203]
Final Std is 0.009936514752837322 < 0.01 at reg of 0.014420993610649954
-------------------------------------------
-------------------------------------------
smpl_mean [0.98081355 0.9809498  0.01188933 0.01116329]
Final Std is 0.005993556508476877 < 0.006 at reg of 0.08819748525897504
-------------------------------------------
-------------------------------------------
smpl_mean [0.98081621 0.98095293 0.0118879  0.01116436]
Final Std is 0.0019903614203316826 < 0.002 at reg of 123.3957705965331
-------------------------------------------
***********************
Rad Std is 0.006018117535859346
***********************
-------------------------------------------
smpl_mean [0.01280531 0.98806254 0.01215886 0.99026475]
Final Std is 0.009851752283627817 < 0.01 at reg of 0.01586309297171495
-------------------------------------------
-------------------------------------------
smpl_mean [0.01280522 0.98805925 0.01215889 0.99026668]
Final Std is 0.005875353795746956 < 0.006 at reg of 0.09701723378487255
-------------------------------------------
-------------------------------------------
smpl_mean [0.0128045  0.98805052 0.01215829 0.9902689 ]
Final Std is 0.001996566340753644 < 0.002 at reg of 135.7353476561864
-------------------------------------------
***********************
Rad Std is 0.005919428076595068
***********************
-------------------------------------------
smpl_mean [0.99554087 0.99609734 0.01016106 0.00966222]
Final Std is 0.009741727913991338 < 0.01 at reg of 0.017449402268886447
-------------------------------------------
-------------------------------------------
smpl_mean [0.99554208 0.99609702 0.01016096 0.00966197]
Final Std is 0.005984200009541348 < 0.006 at reg of 0.08819748525897504
-------------------------------------------
-------------------------------------------
smpl_mean [0.99554318 0.99609876 0.01016117 0.00966177]
Final Std is 0.0019807297781605704 < 0.002 at reg of 16.674540931185096
-------------------------------------------
***********************
Rad Std is 0.005925687728449702
***********************
-------------------------------------------
smpl_mean [0.00912863 0.99873965 0.00843435 0.99974721]
Final Std is 0.0097040221097214 < 0.01 at reg of 0.019194342495775094
-------------------------------------------
-------------------------------------------
smpl_mean [0.00912891 0.99874037 0.00843479 0.99974638]
Final Std is 0.005967047455229161 < 0.006 at reg of 0.09701723378487255
-------------------------------------------
-------------------------------------------
smpl_mean [0.00912913 0.9987354  0.0084353  0.99975154]
Final Std is 0.001979879788210021 < 0.002 at reg of 15.15867357380463
-------------------------------------------
***********************
Rad Std is 0.0060169732314534485
***********************
WARN: The maximum width 673.6500000000001 specified for detector PSF is less than the cutoff width 1909.2943058882515
WARN: The maximum width 673.6500000000001 specified for detector PSF is less than the cutoff width 1909.2943058882515
WARN: The maximum width 673.6500000000001 specified for detector PSF is less than the cutoff width 1909.2943058882515
WARN: The maximum width 673.6500000000001 specified for detector PSF is less than the cutoff width 1909.2943058882515
WARN: The maximum width 673.6500000000001 specified for detector PSF is less than the cutoff width 1909.2943058882515
WARN: The maximum width 673.6500000000001 specified for detector PSF is less than the cutoff width 1909.2943058882515
WARN: The maximum width 673.6500000000001 specified for detector PSF is less than the cutoff width 1909.2943058882515
WARN: The maximum width 673.6500000000001 specified for detector PSF is less than the cutoff width 1909.2943058882515
WARN: The maximum width 673.6500000000001 specified for detector PSF is less than the cutoff width 1909.2943058882515
WARN: The maximum width 673.6500000000001 specified for detector PSF is less than the cutoff width 1909.2943058882515
WARN: The maximum width 673.6500000000001 specified for detector PSF is less than the cutoff width 1909.2943058882515
WARN: The maximum width 673.6500000000001 specified for detector PSF is less than the cutoff width 1909.2943058882515
WARN: The maximum width 673.6500000000001 specified for detector PSF is less than the cutoff width 1909.2943058882515
WARN: The maximum width 673.6500000000001 specified for detector PSF is less than the cutoff width 1909.2943058882515
WARN: The maximum width 673.6500000000001 specified for detector PSF is less than the cutoff width 1909.2943058882515
WARN: The maximum width 673.6500000000001 specified for detector PSF is less than the cutoff width 1909.2943058882515
WARN: The maximum width 673.6500000000001 specified for detector PSF is less than the cutoff width 1909.2943058882515
WARN: The maximum width 673.6500000000001 specified for detector PSF is less than the cutoff width 1909.2943058882515
WARN: The maximum width 673.6500000000001 specified for detector PSF is less than the cutoff width 1909.2943058882515
WARN: The maximum width 673.6500000000001 specified for detector PSF is less than the cutoff width 1909.2943058882515
WARN: The maximum width 673.6500000000001 specified for detector PSF is less than the cutoff width 1909.2943058882515
WARN: The maximum width 673.6500000000001 specified for detector PSF is less than the cutoff width 1909.2943058882515
WARN: The maximum width 673.6500000000001 specified for detector PSF is less than the cutoff width 1909.2943058882515
WARN: The maximum width 673.6500000000001 specified for detector PSF is less than the cutoff width 1909.2943058882515
WARN: The maximum width 673.6500000000001 specified for detector PSF is less than the cutoff width 1909.2943058882515
WARN: The maximum width 673.6500000000001 specified for detector PSF is less than the cutoff width 1909.2943058882515
WARN: The maximum width 673.6500000000001 specified for detector PSF is less than the cutoff width 1909.2943058882515
WARN: The maximum width 673.6500000000001 specified for detector PSF is less than the cutoff width 1909.2943058882515
WARN: The maximum width 673.6500000000001 specified for detector PSF is less than the cutoff width 1909.2943058882515
WARN: The maximum width 673.6500000000001 specified for detector PSF is less than the cutoff width 1909.2943058882515
WARN: The maximum width 673.6500000000001 specified for detector PSF is less than the cutoff width 1909.2943058882515
WARN: The maximum width 673.6500000000001 specified for detector PSF is less than the cutoff width 1909.2943058882515
WARN: The maximum width 673.6500000000001 specified for detector PSF is less than the cutoff width 1909.2943058882515
WARN: The maximum width 673.6500000000001 specified for detector PSF is less than the cutoff width 1909.2943058882515
WARN: The maximum width 673.6500000000001 specified for detector PSF is less than the cutoff width 1909.2943058882515
-------------------------------------------
smpl_mean [0.98066172 0.980764   0.01209317 0.01134231]
Final Std is 0.009847013110107892 < 0.01 at reg of 0.02554766986187666
-------------------------------------------
WARN: The maximum width 673.6500000000001 specified for detector PSF is less than the cutoff width 1909.2943058882515
WARN: The maximum width 673.6500000000001 specified for detector PSF is less than the cutoff width 1909.2943058882515
WARN: The maximum width 673.6500000000001 specified for detector PSF is less than the cutoff width 1909.2943058882515
WARN: The maximum width 673.6500000000001 specified for detector PSF is less than the cutoff width 1909.2943058882515
WARN: The maximum width 673.6500000000001 specified for detector PSF is less than the cutoff width 1909.2943058882515
WARN: The maximum width 673.6500000000001 specified for detector PSF is less than the cutoff width 1909.2943058882515
WARN: The maximum width 673.6500000000001 specified for detector PSF is less than the cutoff width 1909.2943058882515
WARN: The maximum width 673.6500000000001 specified for detector PSF is less than the cutoff width 1909.2943058882515
WARN: The maximum width 673.6500000000001 specified for detector PSF is less than the cutoff width 1909.2943058882515
WARN: The maximum width 673.6500000000001 specified for detector PSF is less than the cutoff width 1909.2943058882515
WARN: The maximum width 673.6500000000001 specified for detector PSF is less than the cutoff width 1909.2943058882515
WARN: The maximum width 673.6500000000001 specified for detector PSF is less than the cutoff width 1909.2943058882515
WARN: The maximum width 673.6500000000001 specified for detector PSF is less than the cutoff width 1909.2943058882515
WARN: The maximum width 673.6500000000001 specified for detector PSF is less than the cutoff width 1909.2943058882515
WARN: The maximum width 673.6500000000001 specified for detector PSF is less than the cutoff width 1909.2943058882515
WARN: The maximum width 673.6500000000001 specified for detector PSF is less than the cutoff width 1909.2943058882515
WARN: The maximum width 673.6500000000001 specified for detector PSF is less than the cutoff width 1909.2943058882515
WARN: The maximum width 673.6500000000001 specified for detector PSF is less than the cutoff width 1909.2943058882515
WARN: The maximum width 673.6500000000001 specified for detector PSF is less than the cutoff width 1909.2943058882515
-------------------------------------------
smpl_mean [0.9806613  0.98076937 0.01209134 0.01134323]
Final Std is 0.005897253545483221 < 0.006 at reg of 0.14204293198443196
-------------------------------------------
WARN: The maximum width 673.6500000000001 specified for detector PSF is less than the cutoff width 1909.2943058882515
WARN: The maximum width 673.6500000000001 specified for detector PSF is less than the cutoff width 1909.2943058882515
WARN: The maximum width 673.6500000000001 specified for detector PSF is less than the cutoff width 1909.2943058882515
WARN: The maximum width 673.6500000000001 specified for detector PSF is less than the cutoff width 1909.2943058882515
WARN: The maximum width 673.6500000000001 specified for detector PSF is less than the cutoff width 1909.2943058882515
WARN: The maximum width 673.6500000000001 specified for detector PSF is less than the cutoff width 1909.2943058882515
WARN: The maximum width 673.6500000000001 specified for detector PSF is less than the cutoff width 1909.2943058882515
WARN: The maximum width 673.6500000000001 specified for detector PSF is less than the cutoff width 1909.2943058882515
WARN: The maximum width 673.6500000000001 specified for detector PSF is less than the cutoff width 1909.2943058882515
WARN: The maximum width 673.6500000000001 specified for detector PSF is less than the cutoff width 1909.2943058882515
WARN: The maximum width 673.6500000000001 specified for detector PSF is less than the cutoff width 1909.2943058882515
WARN: The maximum width 673.6500000000001 specified for detector PSF is less than the cutoff width 1909.2943058882515
WARN: The maximum width 673.6500000000001 specified for detector PSF is less than the cutoff width 1909.2943058882515
WARN: The maximum width 673.6500000000001 specified for detector PSF is less than the cutoff width 1909.2943058882515
WARN: The maximum width 673.6500000000001 specified for detector PSF is less than the cutoff width 1909.2943058882515
WARN: The maximum width 673.6500000000001 specified for detector PSF is less than the cutoff width 1909.2943058882515
WARN: The maximum width 673.6500000000001 specified for detector PSF is less than the cutoff width 1909.2943058882515
WARN: The maximum width 673.6500000000001 specified for detector PSF is less than the cutoff width 1909.2943058882515
WARN: The maximum width 673.6500000000001 specified for detector PSF is less than the cutoff width 1909.2943058882515
WARN: The maximum width 673.6500000000001 specified for detector PSF is less than the cutoff width 1909.2943058882515
WARN: The maximum width 673.6500000000001 specified for detector PSF is less than the cutoff width 1909.2943058882515
WARN: The maximum width 673.6500000000001 specified for detector PSF is less than the cutoff width 1909.2943058882515
WARN: The maximum width 673.6500000000001 specified for detector PSF is less than the cutoff width 1909.2943058882515
WARN: The maximum width 673.6500000000001 specified for detector PSF is less than the cutoff width 1909.2943058882515
WARN: The maximum width 673.6500000000001 specified for detector PSF is less than the cutoff width 1909.2943058882515
WARN: The maximum width 673.6500000000001 specified for detector PSF is less than the cutoff width 1909.2943058882515
WARN: The maximum width 673.6500000000001 specified for detector PSF is less than the cutoff width 1909.2943058882515
WARN: The maximum width 673.6500000000001 specified for detector PSF is less than the cutoff width 1909.2943058882515
WARN: The maximum width 673.6500000000001 specified for detector PSF is less than the cutoff width 1909.2943058882515
WARN: The maximum width 673.6500000000001 specified for detector PSF is less than the cutoff width 1909.2943058882515
WARN: The maximum width 673.6500000000001 specified for detector PSF is less than the cutoff width 1909.2943058882515
WARN: The maximum width 673.6500000000001 specified for detector PSF is less than the cutoff width 1909.2943058882515
WARN: The maximum width 673.6500000000001 specified for detector PSF is less than the cutoff width 1909.2943058882515
WARN: The maximum width 673.6500000000001 specified for detector PSF is less than the cutoff width 1909.2943058882515
WARN: The maximum width 673.6500000000001 specified for detector PSF is less than the cutoff width 1909.2943058882515
WARN: The maximum width 673.6500000000001 specified for detector PSF is less than the cutoff width 1909.2943058882515
WARN: The maximum width 673.6500000000001 specified for detector PSF is less than the cutoff width 1909.2943058882515
WARN: The maximum width 673.6500000000001 specified for detector PSF is less than the cutoff width 1909.2943058882515
WARN: The maximum width 673.6500000000001 specified for detector PSF is less than the cutoff width 1909.2943058882515
WARN: The maximum width 673.6500000000001 specified for detector PSF is less than the cutoff width 1909.2943058882515
WARN: The maximum width 673.6500000000001 specified for detector PSF is less than the cutoff width 1909.2943058882515
WARN: The maximum width 673.6500000000001 specified for detector PSF is less than the cutoff width 1909.2943058882515
WARN: The maximum width 673.6500000000001 specified for detector PSF is less than the cutoff width 1909.2943058882515
WARN: The maximum width 673.6500000000001 specified for detector PSF is less than the cutoff width 1909.2943058882515
WARN: The maximum width 673.6500000000001 specified for detector PSF is less than the cutoff width 1909.2943058882515
WARN: The maximum width 673.6500000000001 specified for detector PSF is less than the cutoff width 1909.2943058882515
WARN: The maximum width 673.6500000000001 specified for detector PSF is less than the cutoff width 1909.2943058882515
WARN: The maximum width 673.6500000000001 specified for detector PSF is less than the cutoff width 1909.2943058882515
WARN: The maximum width 673.6500000000001 specified for detector PSF is less than the cutoff width 1909.2943058882515
WARN: The maximum width 673.6500000000001 specified for detector PSF is less than the cutoff width 1909.2943058882515
WARN: The maximum width 673.6500000000001 specified for detector PSF is less than the cutoff width 1909.2943058882515
WARN: The maximum width 673.6500000000001 specified for detector PSF is less than the cutoff width 1909.2943058882515
WARN: The maximum width 673.6500000000001 specified for detector PSF is less than the cutoff width 1909.2943058882515
WARN: The maximum width 673.6500000000001 specified for detector PSF is less than the cutoff width 1909.2943058882515
WARN: The maximum width 673.6500000000001 specified for detector PSF is less than the cutoff width 1909.2943058882515
WARN: The maximum width 673.6500000000001 specified for detector PSF is less than the cutoff width 1909.2943058882515
WARN: The maximum width 673.6500000000001 specified for detector PSF is less than the cutoff width 1909.2943058882515
WARN: The maximum width 673.6500000000001 specified for detector PSF is less than the cutoff width 1909.2943058882515
WARN: The maximum width 673.6500000000001 specified for detector PSF is less than the cutoff width 1909.2943058882515
WARN: The maximum width 673.6500000000001 specified for detector PSF is less than the cutoff width 1909.2943058882515
WARN: The maximum width 673.6500000000001 specified for detector PSF is less than the cutoff width 1909.2943058882515
WARN: The maximum width 673.6500000000001 specified for detector PSF is less than the cutoff width 1909.2943058882515
WARN: The maximum width 673.6500000000001 specified for detector PSF is less than the cutoff width 1909.2943058882515
WARN: The maximum width 673.6500000000001 specified for detector PSF is less than the cutoff width 1909.2943058882515
WARN: The maximum width 673.6500000000001 specified for detector PSF is less than the cutoff width 1909.2943058882515
WARN: The maximum width 673.6500000000001 specified for detector PSF is less than the cutoff width 1909.2943058882515
WARN: The maximum width 673.6500000000001 specified for detector PSF is less than the cutoff width 1909.2943058882515
WARN: The maximum width 673.6500000000001 specified for detector PSF is less than the cutoff width 1909.2943058882515
WARN: The maximum width 673.6500000000001 specified for detector PSF is less than the cutoff width 1909.2943058882515
WARN: The maximum width 673.6500000000001 specified for detector PSF is less than the cutoff width 1909.2943058882515
WARN: The maximum width 673.6500000000001 specified for detector PSF is less than the cutoff width 1909.2943058882515
WARN: The maximum width 673.6500000000001 specified for detector PSF is less than the cutoff width 1909.2943058882515
WARN: The maximum width 673.6500000000001 specified for detector PSF is less than the cutoff width 1909.2943058882515
WARN: The maximum width 673.6500000000001 specified for detector PSF is less than the cutoff width 1909.2943058882515
WARN: The maximum width 673.6500000000001 specified for detector PSF is less than the cutoff width 1909.2943058882515
WARN: The maximum width 673.6500000000001 specified for detector PSF is less than the cutoff width 1909.2943058882515
WARN: The maximum width 673.6500000000001 specified for detector PSF is less than the cutoff width 1909.2943058882515
WARN: The maximum width 673.6500000000001 specified for detector PSF is less than the cutoff width 1909.2943058882515
WARN: The maximum width 673.6500000000001 specified for detector PSF is less than the cutoff width 1909.2943058882515
WARN: The maximum width 673.6500000000001 specified for detector PSF is less than the cutoff width 1909.2943058882515
WARN: The maximum width 673.6500000000001 specified for detector PSF is less than the cutoff width 1909.2943058882515
WARN: The maximum width 673.6500000000001 specified for detector PSF is less than the cutoff width 1909.2943058882515
WARN: The maximum width 673.6500000000001 specified for detector PSF is less than the cutoff width 1909.2943058882515
WARN: The maximum width 673.6500000000001 specified for detector PSF is less than the cutoff width 1909.2943058882515
WARN: The maximum width 673.6500000000001 specified for detector PSF is less than the cutoff width 1909.2943058882515
-------------------------------------------
smpl_mean [0.98066838 0.98077576 0.01209049 0.01134309]
Final Std is 0.0019929598804746228 < 0.002 at reg of 425.9956668082661
-------------------------------------------
***********************
Rad Std is 0.006018117535859346
***********************
WARN: The maximum width 673.6500000000001 specified for detector PSF is less than the cutoff width 1909.2943058882515
WARN: The maximum width 673.6500000000001 specified for detector PSF is less than the cutoff width 1909.2943058882515
WARN: The maximum width 673.6500000000001 specified for detector PSF is less than the cutoff width 1909.2943058882515
WARN: The maximum width 673.6500000000001 specified for detector PSF is less than the cutoff width 1909.2943058882515
WARN: The maximum width 673.6500000000001 specified for detector PSF is less than the cutoff width 1909.2943058882515
WARN: The maximum width 673.6500000000001 specified for detector PSF is less than the cutoff width 1909.2943058882515
WARN: The maximum width 673.6500000000001 specified for detector PSF is less than the cutoff width 1909.2943058882515
WARN: The maximum width 673.6500000000001 specified for detector PSF is less than the cutoff width 1909.2943058882515
WARN: The maximum width 673.6500000000001 specified for detector PSF is less than the cutoff width 1909.2943058882515
WARN: The maximum width 673.6500000000001 specified for detector PSF is less than the cutoff width 1909.2943058882515
WARN: The maximum width 673.6500000000001 specified for detector PSF is less than the cutoff width 1909.2943058882515
WARN: The maximum width 673.6500000000001 specified for detector PSF is less than the cutoff width 1909.2943058882515
WARN: The maximum width 673.6500000000001 specified for detector PSF is less than the cutoff width 1909.2943058882515
WARN: The maximum width 673.6500000000001 specified for detector PSF is less than the cutoff width 1909.2943058882515
WARN: The maximum width 673.6500000000001 specified for detector PSF is less than the cutoff width 1909.2943058882515
WARN: The maximum width 673.6500000000001 specified for detector PSF is less than the cutoff width 1909.2943058882515
WARN: The maximum width 673.6500000000001 specified for detector PSF is less than the cutoff width 1909.2943058882515
WARN: The maximum width 673.6500000000001 specified for detector PSF is less than the cutoff width 1909.2943058882515
WARN: The maximum width 673.6500000000001 specified for detector PSF is less than the cutoff width 1909.2943058882515
WARN: The maximum width 673.6500000000001 specified for detector PSF is less than the cutoff width 1909.2943058882515
WARN: The maximum width 673.6500000000001 specified for detector PSF is less than the cutoff width 1909.2943058882515
WARN: The maximum width 673.6500000000001 specified for detector PSF is less than the cutoff width 1909.2943058882515
WARN: The maximum width 673.6500000000001 specified for detector PSF is less than the cutoff width 1909.2943058882515
WARN: The maximum width 673.6500000000001 specified for detector PSF is less than the cutoff width 1909.2943058882515
WARN: The maximum width 673.6500000000001 specified for detector PSF is less than the cutoff width 1909.2943058882515
WARN: The maximum width 673.6500000000001 specified for detector PSF is less than the cutoff width 1909.2943058882515
WARN: The maximum width 673.6500000000001 specified for detector PSF is less than the cutoff width 1909.2943058882515
WARN: The maximum width 673.6500000000001 specified for detector PSF is less than the cutoff width 1909.2943058882515
WARN: The maximum width 673.6500000000001 specified for detector PSF is less than the cutoff width 1909.2943058882515
WARN: The maximum width 673.6500000000001 specified for detector PSF is less than the cutoff width 1909.2943058882515
WARN: The maximum width 673.6500000000001 specified for detector PSF is less than the cutoff width 1909.2943058882515
WARN: The maximum width 673.6500000000001 specified for detector PSF is less than the cutoff width 1909.2943058882515
WARN: The maximum width 673.6500000000001 specified for detector PSF is less than the cutoff width 1909.2943058882515
WARN: The maximum width 673.6500000000001 specified for detector PSF is less than the cutoff width 1909.2943058882515
WARN: The maximum width 673.6500000000001 specified for detector PSF is less than the cutoff width 1909.2943058882515
-------------------------------------------
smpl_mean [0.01294467 0.98785139 0.01235564 0.99008548]
Final Std is 0.009966654663213231 < 0.01 at reg of 0.02554766986187666
-------------------------------------------
WARN: The maximum width 673.6500000000001 specified for detector PSF is less than the cutoff width 1909.2943058882515
WARN: The maximum width 673.6500000000001 specified for detector PSF is less than the cutoff width 1909.2943058882515
WARN: The maximum width 673.6500000000001 specified for detector PSF is less than the cutoff width 1909.2943058882515
WARN: The maximum width 673.6500000000001 specified for detector PSF is less than the cutoff width 1909.2943058882515
WARN: The maximum width 673.6500000000001 specified for detector PSF is less than the cutoff width 1909.2943058882515
WARN: The maximum width 673.6500000000001 specified for detector PSF is less than the cutoff width 1909.2943058882515
WARN: The maximum width 673.6500000000001 specified for detector PSF is less than the cutoff width 1909.2943058882515
WARN: The maximum width 673.6500000000001 specified for detector PSF is less than the cutoff width 1909.2943058882515
WARN: The maximum width 673.6500000000001 specified for detector PSF is less than the cutoff width 1909.2943058882515
WARN: The maximum width 673.6500000000001 specified for detector PSF is less than the cutoff width 1909.2943058882515
WARN: The maximum width 673.6500000000001 specified for detector PSF is less than the cutoff width 1909.2943058882515
WARN: The maximum width 673.6500000000001 specified for detector PSF is less than the cutoff width 1909.2943058882515
WARN: The maximum width 673.6500000000001 specified for detector PSF is less than the cutoff width 1909.2943058882515
WARN: The maximum width 673.6500000000001 specified for detector PSF is less than the cutoff width 1909.2943058882515
WARN: The maximum width 673.6500000000001 specified for detector PSF is less than the cutoff width 1909.2943058882515
WARN: The maximum width 673.6500000000001 specified for detector PSF is less than the cutoff width 1909.2943058882515
WARN: The maximum width 673.6500000000001 specified for detector PSF is less than the cutoff width 1909.2943058882515
WARN: The maximum width 673.6500000000001 specified for detector PSF is less than the cutoff width 1909.2943058882515
WARN: The maximum width 673.6500000000001 specified for detector PSF is less than the cutoff width 1909.2943058882515
-------------------------------------------
smpl_mean [0.01294406 0.98784508 0.01235411 0.99008218]
Final Std is 0.005901828746750123 < 0.006 at reg of 0.14204293198443196
-------------------------------------------
WARN: The maximum width 673.6500000000001 specified for detector PSF is less than the cutoff width 1909.2943058882515
WARN: The maximum width 673.6500000000001 specified for detector PSF is less than the cutoff width 1909.2943058882515
WARN: The maximum width 673.6500000000001 specified for detector PSF is less than the cutoff width 1909.2943058882515
WARN: The maximum width 673.6500000000001 specified for detector PSF is less than the cutoff width 1909.2943058882515
WARN: The maximum width 673.6500000000001 specified for detector PSF is less than the cutoff width 1909.2943058882515
WARN: The maximum width 673.6500000000001 specified for detector PSF is less than the cutoff width 1909.2943058882515
WARN: The maximum width 673.6500000000001 specified for detector PSF is less than the cutoff width 1909.2943058882515
WARN: The maximum width 673.6500000000001 specified for detector PSF is less than the cutoff width 1909.2943058882515
WARN: The maximum width 673.6500000000001 specified for detector PSF is less than the cutoff width 1909.2943058882515
WARN: The maximum width 673.6500000000001 specified for detector PSF is less than the cutoff width 1909.2943058882515
WARN: The maximum width 673.6500000000001 specified for detector PSF is less than the cutoff width 1909.2943058882515
WARN: The maximum width 673.6500000000001 specified for detector PSF is less than the cutoff width 1909.2943058882515
WARN: The maximum width 673.6500000000001 specified for detector PSF is less than the cutoff width 1909.2943058882515
WARN: The maximum width 673.6500000000001 specified for detector PSF is less than the cutoff width 1909.2943058882515
WARN: The maximum width 673.6500000000001 specified for detector PSF is less than the cutoff width 1909.2943058882515
WARN: The maximum width 673.6500000000001 specified for detector PSF is less than the cutoff width 1909.2943058882515
WARN: The maximum width 673.6500000000001 specified for detector PSF is less than the cutoff width 1909.2943058882515
WARN: The maximum width 673.6500000000001 specified for detector PSF is less than the cutoff width 1909.2943058882515
WARN: The maximum width 673.6500000000001 specified for detector PSF is less than the cutoff width 1909.2943058882515
WARN: The maximum width 673.6500000000001 specified for detector PSF is less than the cutoff width 1909.2943058882515
WARN: The maximum width 673.6500000000001 specified for detector PSF is less than the cutoff width 1909.2943058882515
WARN: The maximum width 673.6500000000001 specified for detector PSF is less than the cutoff width 1909.2943058882515
WARN: The maximum width 673.6500000000001 specified for detector PSF is less than the cutoff width 1909.2943058882515
WARN: The maximum width 673.6500000000001 specified for detector PSF is less than the cutoff width 1909.2943058882515
WARN: The maximum width 673.6500000000001 specified for detector PSF is less than the cutoff width 1909.2943058882515
WARN: The maximum width 673.6500000000001 specified for detector PSF is less than the cutoff width 1909.2943058882515
WARN: The maximum width 673.6500000000001 specified for detector PSF is less than the cutoff width 1909.2943058882515
WARN: The maximum width 673.6500000000001 specified for detector PSF is less than the cutoff width 1909.2943058882515
WARN: The maximum width 673.6500000000001 specified for detector PSF is less than the cutoff width 1909.2943058882515
WARN: The maximum width 673.6500000000001 specified for detector PSF is less than the cutoff width 1909.2943058882515
WARN: The maximum width 673.6500000000001 specified for detector PSF is less than the cutoff width 1909.2943058882515
WARN: The maximum width 673.6500000000001 specified for detector PSF is less than the cutoff width 1909.2943058882515
WARN: The maximum width 673.6500000000001 specified for detector PSF is less than the cutoff width 1909.2943058882515
WARN: The maximum width 673.6500000000001 specified for detector PSF is less than the cutoff width 1909.2943058882515
WARN: The maximum width 673.6500000000001 specified for detector PSF is less than the cutoff width 1909.2943058882515
WARN: The maximum width 673.6500000000001 specified for detector PSF is less than the cutoff width 1909.2943058882515
WARN: The maximum width 673.6500000000001 specified for detector PSF is less than the cutoff width 1909.2943058882515
WARN: The maximum width 673.6500000000001 specified for detector PSF is less than the cutoff width 1909.2943058882515
WARN: The maximum width 673.6500000000001 specified for detector PSF is less than the cutoff width 1909.2943058882515
WARN: The maximum width 673.6500000000001 specified for detector PSF is less than the cutoff width 1909.2943058882515
WARN: The maximum width 673.6500000000001 specified for detector PSF is less than the cutoff width 1909.2943058882515
WARN: The maximum width 673.6500000000001 specified for detector PSF is less than the cutoff width 1909.2943058882515
WARN: The maximum width 673.6500000000001 specified for detector PSF is less than the cutoff width 1909.2943058882515
WARN: The maximum width 673.6500000000001 specified for detector PSF is less than the cutoff width 1909.2943058882515
WARN: The maximum width 673.6500000000001 specified for detector PSF is less than the cutoff width 1909.2943058882515
WARN: The maximum width 673.6500000000001 specified for detector PSF is less than the cutoff width 1909.2943058882515
WARN: The maximum width 673.6500000000001 specified for detector PSF is less than the cutoff width 1909.2943058882515
WARN: The maximum width 673.6500000000001 specified for detector PSF is less than the cutoff width 1909.2943058882515
WARN: The maximum width 673.6500000000001 specified for detector PSF is less than the cutoff width 1909.2943058882515
WARN: The maximum width 673.6500000000001 specified for detector PSF is less than the cutoff width 1909.2943058882515
WARN: The maximum width 673.6500000000001 specified for detector PSF is less than the cutoff width 1909.2943058882515
WARN: The maximum width 673.6500000000001 specified for detector PSF is less than the cutoff width 1909.2943058882515
WARN: The maximum width 673.6500000000001 specified for detector PSF is less than the cutoff width 1909.2943058882515
WARN: The maximum width 673.6500000000001 specified for detector PSF is less than the cutoff width 1909.2943058882515
WARN: The maximum width 673.6500000000001 specified for detector PSF is less than the cutoff width 1909.2943058882515
WARN: The maximum width 673.6500000000001 specified for detector PSF is less than the cutoff width 1909.2943058882515
WARN: The maximum width 673.6500000000001 specified for detector PSF is less than the cutoff width 1909.2943058882515
WARN: The maximum width 673.6500000000001 specified for detector PSF is less than the cutoff width 1909.2943058882515
WARN: The maximum width 673.6500000000001 specified for detector PSF is less than the cutoff width 1909.2943058882515
WARN: The maximum width 673.6500000000001 specified for detector PSF is less than the cutoff width 1909.2943058882515
WARN: The maximum width 673.6500000000001 specified for detector PSF is less than the cutoff width 1909.2943058882515
WARN: The maximum width 673.6500000000001 specified for detector PSF is less than the cutoff width 1909.2943058882515
WARN: The maximum width 673.6500000000001 specified for detector PSF is less than the cutoff width 1909.2943058882515
WARN: The maximum width 673.6500000000001 specified for detector PSF is less than the cutoff width 1909.2943058882515
WARN: The maximum width 673.6500000000001 specified for detector PSF is less than the cutoff width 1909.2943058882515
WARN: The maximum width 673.6500000000001 specified for detector PSF is less than the cutoff width 1909.2943058882515
WARN: The maximum width 673.6500000000001 specified for detector PSF is less than the cutoff width 1909.2943058882515
WARN: The maximum width 673.6500000000001 specified for detector PSF is less than the cutoff width 1909.2943058882515
WARN: The maximum width 673.6500000000001 specified for detector PSF is less than the cutoff width 1909.2943058882515
WARN: The maximum width 673.6500000000001 specified for detector PSF is less than the cutoff width 1909.2943058882515
WARN: The maximum width 673.6500000000001 specified for detector PSF is less than the cutoff width 1909.2943058882515
WARN: The maximum width 673.6500000000001 specified for detector PSF is less than the cutoff width 1909.2943058882515
WARN: The maximum width 673.6500000000001 specified for detector PSF is less than the cutoff width 1909.2943058882515
WARN: The maximum width 673.6500000000001 specified for detector PSF is less than the cutoff width 1909.2943058882515
WARN: The maximum width 673.6500000000001 specified for detector PSF is less than the cutoff width 1909.2943058882515
WARN: The maximum width 673.6500000000001 specified for detector PSF is less than the cutoff width 1909.2943058882515
WARN: The maximum width 673.6500000000001 specified for detector PSF is less than the cutoff width 1909.2943058882515
WARN: The maximum width 673.6500000000001 specified for detector PSF is less than the cutoff width 1909.2943058882515
WARN: The maximum width 673.6500000000001 specified for detector PSF is less than the cutoff width 1909.2943058882515
WARN: The maximum width 673.6500000000001 specified for detector PSF is less than the cutoff width 1909.2943058882515
WARN: The maximum width 673.6500000000001 specified for detector PSF is less than the cutoff width 1909.2943058882515
WARN: The maximum width 673.6500000000001 specified for detector PSF is less than the cutoff width 1909.2943058882515
WARN: The maximum width 673.6500000000001 specified for detector PSF is less than the cutoff width 1909.2943058882515
WARN: The maximum width 673.6500000000001 specified for detector PSF is less than the cutoff width 1909.2943058882515
WARN: The maximum width 673.6500000000001 specified for detector PSF is less than the cutoff width 1909.2943058882515
WARN: The maximum width 673.6500000000001 specified for detector PSF is less than the cutoff width 1909.2943058882515
WARN: The maximum width 673.6500000000001 specified for detector PSF is less than the cutoff width 1909.2943058882515
WARN: The maximum width 673.6500000000001 specified for detector PSF is less than the cutoff width 1909.2943058882515
-------------------------------------------
smpl_mean [0.01294318 0.98783172 0.01235353 0.99008484]
Final Std is 0.001996324154280608 < 0.002 at reg of 567.0002325218023
-------------------------------------------
***********************
Rad Std is 0.005919428076595068
***********************
WARN: The maximum width 673.6500000000001 specified for detector PSF is less than the cutoff width 1909.2943058882515
WARN: The maximum width 673.6500000000001 specified for detector PSF is less than the cutoff width 1909.2943058882515
WARN: The maximum width 673.6500000000001 specified for detector PSF is less than the cutoff width 1909.2943058882515
WARN: The maximum width 673.6500000000001 specified for detector PSF is less than the cutoff width 1909.2943058882515
WARN: The maximum width 673.6500000000001 specified for detector PSF is less than the cutoff width 1909.2943058882515
WARN: The maximum width 673.6500000000001 specified for detector PSF is less than the cutoff width 1909.2943058882515
WARN: The maximum width 673.6500000000001 specified for detector PSF is less than the cutoff width 1909.2943058882515
WARN: The maximum width 673.6500000000001 specified for detector PSF is less than the cutoff width 1909.2943058882515
WARN: The maximum width 673.6500000000001 specified for detector PSF is less than the cutoff width 1909.2943058882515
WARN: The maximum width 673.6500000000001 specified for detector PSF is less than the cutoff width 1909.2943058882515
WARN: The maximum width 673.6500000000001 specified for detector PSF is less than the cutoff width 1909.2943058882515
WARN: The maximum width 673.6500000000001 specified for detector PSF is less than the cutoff width 1909.2943058882515
WARN: The maximum width 673.6500000000001 specified for detector PSF is less than the cutoff width 1909.2943058882515
WARN: The maximum width 673.6500000000001 specified for detector PSF is less than the cutoff width 1909.2943058882515
WARN: The maximum width 673.6500000000001 specified for detector PSF is less than the cutoff width 1909.2943058882515
WARN: The maximum width 673.6500000000001 specified for detector PSF is less than the cutoff width 1909.2943058882515
WARN: The maximum width 673.6500000000001 specified for detector PSF is less than the cutoff width 1909.2943058882515
WARN: The maximum width 673.6500000000001 specified for detector PSF is less than the cutoff width 1909.2943058882515
WARN: The maximum width 673.6500000000001 specified for detector PSF is less than the cutoff width 1909.2943058882515
WARN: The maximum width 673.6500000000001 specified for detector PSF is less than the cutoff width 1909.2943058882515
WARN: The maximum width 673.6500000000001 specified for detector PSF is less than the cutoff width 1909.2943058882515
WARN: The maximum width 673.6500000000001 specified for detector PSF is less than the cutoff width 1909.2943058882515
WARN: The maximum width 673.6500000000001 specified for detector PSF is less than the cutoff width 1909.2943058882515
WARN: The maximum width 673.6500000000001 specified for detector PSF is less than the cutoff width 1909.2943058882515
WARN: The maximum width 673.6500000000001 specified for detector PSF is less than the cutoff width 1909.2943058882515
WARN: The maximum width 673.6500000000001 specified for detector PSF is less than the cutoff width 1909.2943058882515
WARN: The maximum width 673.6500000000001 specified for detector PSF is less than the cutoff width 1909.2943058882515
WARN: The maximum width 673.6500000000001 specified for detector PSF is less than the cutoff width 1909.2943058882515
WARN: The maximum width 673.6500000000001 specified for detector PSF is less than the cutoff width 1909.2943058882515
WARN: The maximum width 673.6500000000001 specified for detector PSF is less than the cutoff width 1909.2943058882515
WARN: The maximum width 673.6500000000001 specified for detector PSF is less than the cutoff width 1909.2943058882515
WARN: The maximum width 673.6500000000001 specified for detector PSF is less than the cutoff width 1909.2943058882515
WARN: The maximum width 673.6500000000001 specified for detector PSF is less than the cutoff width 1909.2943058882515
WARN: The maximum width 673.6500000000001 specified for detector PSF is less than the cutoff width 1909.2943058882515
WARN: The maximum width 673.6500000000001 specified for detector PSF is less than the cutoff width 1909.2943058882515
-------------------------------------------
smpl_mean [0.99535368 0.99588752 0.0103544  0.00982147]
Final Std is 0.009981053712812974 < 0.01 at reg of 0.02554766986187666
-------------------------------------------
WARN: The maximum width 673.6500000000001 specified for detector PSF is less than the cutoff width 1909.2943058882515
WARN: The maximum width 673.6500000000001 specified for detector PSF is less than the cutoff width 1909.2943058882515
WARN: The maximum width 673.6500000000001 specified for detector PSF is less than the cutoff width 1909.2943058882515
WARN: The maximum width 673.6500000000001 specified for detector PSF is less than the cutoff width 1909.2943058882515
WARN: The maximum width 673.6500000000001 specified for detector PSF is less than the cutoff width 1909.2943058882515
WARN: The maximum width 673.6500000000001 specified for detector PSF is less than the cutoff width 1909.2943058882515
WARN: The maximum width 673.6500000000001 specified for detector PSF is less than the cutoff width 1909.2943058882515
WARN: The maximum width 673.6500000000001 specified for detector PSF is less than the cutoff width 1909.2943058882515
WARN: The maximum width 673.6500000000001 specified for detector PSF is less than the cutoff width 1909.2943058882515
WARN: The maximum width 673.6500000000001 specified for detector PSF is less than the cutoff width 1909.2943058882515
WARN: The maximum width 673.6500000000001 specified for detector PSF is less than the cutoff width 1909.2943058882515
WARN: The maximum width 673.6500000000001 specified for detector PSF is less than the cutoff width 1909.2943058882515
WARN: The maximum width 673.6500000000001 specified for detector PSF is less than the cutoff width 1909.2943058882515
WARN: The maximum width 673.6500000000001 specified for detector PSF is less than the cutoff width 1909.2943058882515
WARN: The maximum width 673.6500000000001 specified for detector PSF is less than the cutoff width 1909.2943058882515
WARN: The maximum width 673.6500000000001 specified for detector PSF is less than the cutoff width 1909.2943058882515
WARN: The maximum width 673.6500000000001 specified for detector PSF is less than the cutoff width 1909.2943058882515
WARN: The maximum width 673.6500000000001 specified for detector PSF is less than the cutoff width 1909.2943058882515
-------------------------------------------
smpl_mean [0.99535515 0.99588438 0.01035426 0.00982144]
Final Std is 0.0059953173359761055 < 0.006 at reg of 0.1291299381676654
-------------------------------------------
WARN: The maximum width 673.6500000000001 specified for detector PSF is less than the cutoff width 1909.2943058882515
WARN: The maximum width 673.6500000000001 specified for detector PSF is less than the cutoff width 1909.2943058882515
WARN: The maximum width 673.6500000000001 specified for detector PSF is less than the cutoff width 1909.2943058882515
WARN: The maximum width 673.6500000000001 specified for detector PSF is less than the cutoff width 1909.2943058882515
WARN: The maximum width 673.6500000000001 specified for detector PSF is less than the cutoff width 1909.2943058882515
WARN: The maximum width 673.6500000000001 specified for detector PSF is less than the cutoff width 1909.2943058882515
WARN: The maximum width 673.6500000000001 specified for detector PSF is less than the cutoff width 1909.2943058882515
WARN: The maximum width 673.6500000000001 specified for detector PSF is less than the cutoff width 1909.2943058882515
WARN: The maximum width 673.6500000000001 specified for detector PSF is less than the cutoff width 1909.2943058882515
WARN: The maximum width 673.6500000000001 specified for detector PSF is less than the cutoff width 1909.2943058882515
WARN: The maximum width 673.6500000000001 specified for detector PSF is less than the cutoff width 1909.2943058882515
WARN: The maximum width 673.6500000000001 specified for detector PSF is less than the cutoff width 1909.2943058882515
WARN: The maximum width 673.6500000000001 specified for detector PSF is less than the cutoff width 1909.2943058882515
WARN: The maximum width 673.6500000000001 specified for detector PSF is less than the cutoff width 1909.2943058882515
WARN: The maximum width 673.6500000000001 specified for detector PSF is less than the cutoff width 1909.2943058882515
WARN: The maximum width 673.6500000000001 specified for detector PSF is less than the cutoff width 1909.2943058882515
WARN: The maximum width 673.6500000000001 specified for detector PSF is less than the cutoff width 1909.2943058882515
WARN: The maximum width 673.6500000000001 specified for detector PSF is less than the cutoff width 1909.2943058882515
WARN: The maximum width 673.6500000000001 specified for detector PSF is less than the cutoff width 1909.2943058882515
WARN: The maximum width 673.6500000000001 specified for detector PSF is less than the cutoff width 1909.2943058882515
WARN: The maximum width 673.6500000000001 specified for detector PSF is less than the cutoff width 1909.2943058882515
WARN: The maximum width 673.6500000000001 specified for detector PSF is less than the cutoff width 1909.2943058882515
WARN: The maximum width 673.6500000000001 specified for detector PSF is less than the cutoff width 1909.2943058882515
WARN: The maximum width 673.6500000000001 specified for detector PSF is less than the cutoff width 1909.2943058882515
WARN: The maximum width 673.6500000000001 specified for detector PSF is less than the cutoff width 1909.2943058882515
WARN: The maximum width 673.6500000000001 specified for detector PSF is less than the cutoff width 1909.2943058882515
WARN: The maximum width 673.6500000000001 specified for detector PSF is less than the cutoff width 1909.2943058882515
WARN: The maximum width 673.6500000000001 specified for detector PSF is less than the cutoff width 1909.2943058882515
WARN: The maximum width 673.6500000000001 specified for detector PSF is less than the cutoff width 1909.2943058882515
WARN: The maximum width 673.6500000000001 specified for detector PSF is less than the cutoff width 1909.2943058882515
WARN: The maximum width 673.6500000000001 specified for detector PSF is less than the cutoff width 1909.2943058882515
WARN: The maximum width 673.6500000000001 specified for detector PSF is less than the cutoff width 1909.2943058882515
WARN: The maximum width 673.6500000000001 specified for detector PSF is less than the cutoff width 1909.2943058882515
WARN: The maximum width 673.6500000000001 specified for detector PSF is less than the cutoff width 1909.2943058882515
WARN: The maximum width 673.6500000000001 specified for detector PSF is less than the cutoff width 1909.2943058882515
WARN: The maximum width 673.6500000000001 specified for detector PSF is less than the cutoff width 1909.2943058882515
WARN: The maximum width 673.6500000000001 specified for detector PSF is less than the cutoff width 1909.2943058882515
WARN: The maximum width 673.6500000000001 specified for detector PSF is less than the cutoff width 1909.2943058882515
WARN: The maximum width 673.6500000000001 specified for detector PSF is less than the cutoff width 1909.2943058882515
WARN: The maximum width 673.6500000000001 specified for detector PSF is less than the cutoff width 1909.2943058882515
WARN: The maximum width 673.6500000000001 specified for detector PSF is less than the cutoff width 1909.2943058882515
WARN: The maximum width 673.6500000000001 specified for detector PSF is less than the cutoff width 1909.2943058882515
WARN: The maximum width 673.6500000000001 specified for detector PSF is less than the cutoff width 1909.2943058882515
WARN: The maximum width 673.6500000000001 specified for detector PSF is less than the cutoff width 1909.2943058882515
WARN: The maximum width 673.6500000000001 specified for detector PSF is less than the cutoff width 1909.2943058882515
WARN: The maximum width 673.6500000000001 specified for detector PSF is less than the cutoff width 1909.2943058882515
WARN: The maximum width 673.6500000000001 specified for detector PSF is less than the cutoff width 1909.2943058882515
WARN: The maximum width 673.6500000000001 specified for detector PSF is less than the cutoff width 1909.2943058882515
WARN: The maximum width 673.6500000000001 specified for detector PSF is less than the cutoff width 1909.2943058882515
WARN: The maximum width 673.6500000000001 specified for detector PSF is less than the cutoff width 1909.2943058882515
WARN: The maximum width 673.6500000000001 specified for detector PSF is less than the cutoff width 1909.2943058882515
WARN: The maximum width 673.6500000000001 specified for detector PSF is less than the cutoff width 1909.2943058882515
WARN: The maximum width 673.6500000000001 specified for detector PSF is less than the cutoff width 1909.2943058882515
WARN: The maximum width 673.6500000000001 specified for detector PSF is less than the cutoff width 1909.2943058882515
WARN: The maximum width 673.6500000000001 specified for detector PSF is less than the cutoff width 1909.2943058882515
WARN: The maximum width 673.6500000000001 specified for detector PSF is less than the cutoff width 1909.2943058882515
-------------------------------------------
smpl_mean [0.99535795 0.99588919 0.01035467 0.0098215 ]
Final Std is 0.001999386513610777 < 0.002 at reg of 24.413195377348107
-------------------------------------------
***********************
Rad Std is 0.005925687728449702
***********************
WARN: The maximum width 673.6500000000001 specified for detector PSF is less than the cutoff width 1909.2943058882515
WARN: The maximum width 673.6500000000001 specified for detector PSF is less than the cutoff width 1909.2943058882515
WARN: The maximum width 673.6500000000001 specified for detector PSF is less than the cutoff width 1909.2943058882515
WARN: The maximum width 673.6500000000001 specified for detector PSF is less than the cutoff width 1909.2943058882515
WARN: The maximum width 673.6500000000001 specified for detector PSF is less than the cutoff width 1909.2943058882515
WARN: The maximum width 673.6500000000001 specified for detector PSF is less than the cutoff width 1909.2943058882515
WARN: The maximum width 673.6500000000001 specified for detector PSF is less than the cutoff width 1909.2943058882515
WARN: The maximum width 673.6500000000001 specified for detector PSF is less than the cutoff width 1909.2943058882515
WARN: The maximum width 673.6500000000001 specified for detector PSF is less than the cutoff width 1909.2943058882515
WARN: The maximum width 673.6500000000001 specified for detector PSF is less than the cutoff width 1909.2943058882515
WARN: The maximum width 673.6500000000001 specified for detector PSF is less than the cutoff width 1909.2943058882515
WARN: The maximum width 673.6500000000001 specified for detector PSF is less than the cutoff width 1909.2943058882515
WARN: The maximum width 673.6500000000001 specified for detector PSF is less than the cutoff width 1909.2943058882515
WARN: The maximum width 673.6500000000001 specified for detector PSF is less than the cutoff width 1909.2943058882515
WARN: The maximum width 673.6500000000001 specified for detector PSF is less than the cutoff width 1909.2943058882515
WARN: The maximum width 673.6500000000001 specified for detector PSF is less than the cutoff width 1909.2943058882515
WARN: The maximum width 673.6500000000001 specified for detector PSF is less than the cutoff width 1909.2943058882515
WARN: The maximum width 673.6500000000001 specified for detector PSF is less than the cutoff width 1909.2943058882515
WARN: The maximum width 673.6500000000001 specified for detector PSF is less than the cutoff width 1909.2943058882515
WARN: The maximum width 673.6500000000001 specified for detector PSF is less than the cutoff width 1909.2943058882515
WARN: The maximum width 673.6500000000001 specified for detector PSF is less than the cutoff width 1909.2943058882515
WARN: The maximum width 673.6500000000001 specified for detector PSF is less than the cutoff width 1909.2943058882515
WARN: The maximum width 673.6500000000001 specified for detector PSF is less than the cutoff width 1909.2943058882515
WARN: The maximum width 673.6500000000001 specified for detector PSF is less than the cutoff width 1909.2943058882515
WARN: The maximum width 673.6500000000001 specified for detector PSF is less than the cutoff width 1909.2943058882515
WARN: The maximum width 673.6500000000001 specified for detector PSF is less than the cutoff width 1909.2943058882515
WARN: The maximum width 673.6500000000001 specified for detector PSF is less than the cutoff width 1909.2943058882515
WARN: The maximum width 673.6500000000001 specified for detector PSF is less than the cutoff width 1909.2943058882515
WARN: The maximum width 673.6500000000001 specified for detector PSF is less than the cutoff width 1909.2943058882515
WARN: The maximum width 673.6500000000001 specified for detector PSF is less than the cutoff width 1909.2943058882515
WARN: The maximum width 673.6500000000001 specified for detector PSF is less than the cutoff width 1909.2943058882515
WARN: The maximum width 673.6500000000001 specified for detector PSF is less than the cutoff width 1909.2943058882515
WARN: The maximum width 673.6500000000001 specified for detector PSF is less than the cutoff width 1909.2943058882515
WARN: The maximum width 673.6500000000001 specified for detector PSF is less than the cutoff width 1909.2943058882515
WARN: The maximum width 673.6500000000001 specified for detector PSF is less than the cutoff width 1909.2943058882515
WARN: The maximum width 673.6500000000001 specified for detector PSF is less than the cutoff width 1909.2943058882515
-------------------------------------------
smpl_mean [0.00927803 0.9985322  0.00864037 0.9995666 ]
Final Std is 0.009912182612695263 < 0.01 at reg of 0.02810243684806433
-------------------------------------------
WARN: The maximum width 673.6500000000001 specified for detector PSF is less than the cutoff width 1909.2943058882515
WARN: The maximum width 673.6500000000001 specified for detector PSF is less than the cutoff width 1909.2943058882515
WARN: The maximum width 673.6500000000001 specified for detector PSF is less than the cutoff width 1909.2943058882515
WARN: The maximum width 673.6500000000001 specified for detector PSF is less than the cutoff width 1909.2943058882515
WARN: The maximum width 673.6500000000001 specified for detector PSF is less than the cutoff width 1909.2943058882515
WARN: The maximum width 673.6500000000001 specified for detector PSF is less than the cutoff width 1909.2943058882515
WARN: The maximum width 673.6500000000001 specified for detector PSF is less than the cutoff width 1909.2943058882515
WARN: The maximum width 673.6500000000001 specified for detector PSF is less than the cutoff width 1909.2943058882515
WARN: The maximum width 673.6500000000001 specified for detector PSF is less than the cutoff width 1909.2943058882515
WARN: The maximum width 673.6500000000001 specified for detector PSF is less than the cutoff width 1909.2943058882515
WARN: The maximum width 673.6500000000001 specified for detector PSF is less than the cutoff width 1909.2943058882515
WARN: The maximum width 673.6500000000001 specified for detector PSF is less than the cutoff width 1909.2943058882515
WARN: The maximum width 673.6500000000001 specified for detector PSF is less than the cutoff width 1909.2943058882515
WARN: The maximum width 673.6500000000001 specified for detector PSF is less than the cutoff width 1909.2943058882515
WARN: The maximum width 673.6500000000001 specified for detector PSF is less than the cutoff width 1909.2943058882515
WARN: The maximum width 673.6500000000001 specified for detector PSF is less than the cutoff width 1909.2943058882515
WARN: The maximum width 673.6500000000001 specified for detector PSF is less than the cutoff width 1909.2943058882515
WARN: The maximum width 673.6500000000001 specified for detector PSF is less than the cutoff width 1909.2943058882515
-------------------------------------------
smpl_mean [0.00927753 0.99853204 0.00864    0.99957261]
Final Std is 0.005890451865422879 < 0.006 at reg of 0.14204293198443196
-------------------------------------------
WARN: The maximum width 673.6500000000001 specified for detector PSF is less than the cutoff width 1909.2943058882515
WARN: The maximum width 673.6500000000001 specified for detector PSF is less than the cutoff width 1909.2943058882515
WARN: The maximum width 673.6500000000001 specified for detector PSF is less than the cutoff width 1909.2943058882515
WARN: The maximum width 673.6500000000001 specified for detector PSF is less than the cutoff width 1909.2943058882515
WARN: The maximum width 673.6500000000001 specified for detector PSF is less than the cutoff width 1909.2943058882515
WARN: The maximum width 673.6500000000001 specified for detector PSF is less than the cutoff width 1909.2943058882515
WARN: The maximum width 673.6500000000001 specified for detector PSF is less than the cutoff width 1909.2943058882515
WARN: The maximum width 673.6500000000001 specified for detector PSF is less than the cutoff width 1909.2943058882515
WARN: The maximum width 673.6500000000001 specified for detector PSF is less than the cutoff width 1909.2943058882515
WARN: The maximum width 673.6500000000001 specified for detector PSF is less than the cutoff width 1909.2943058882515
WARN: The maximum width 673.6500000000001 specified for detector PSF is less than the cutoff width 1909.2943058882515
WARN: The maximum width 673.6500000000001 specified for detector PSF is less than the cutoff width 1909.2943058882515
WARN: The maximum width 673.6500000000001 specified for detector PSF is less than the cutoff width 1909.2943058882515
WARN: The maximum width 673.6500000000001 specified for detector PSF is less than the cutoff width 1909.2943058882515
WARN: The maximum width 673.6500000000001 specified for detector PSF is less than the cutoff width 1909.2943058882515
WARN: The maximum width 673.6500000000001 specified for detector PSF is less than the cutoff width 1909.2943058882515
WARN: The maximum width 673.6500000000001 specified for detector PSF is less than the cutoff width 1909.2943058882515
WARN: The maximum width 673.6500000000001 specified for detector PSF is less than the cutoff width 1909.2943058882515
WARN: The maximum width 673.6500000000001 specified for detector PSF is less than the cutoff width 1909.2943058882515
WARN: The maximum width 673.6500000000001 specified for detector PSF is less than the cutoff width 1909.2943058882515
WARN: The maximum width 673.6500000000001 specified for detector PSF is less than the cutoff width 1909.2943058882515
WARN: The maximum width 673.6500000000001 specified for detector PSF is less than the cutoff width 1909.2943058882515
WARN: The maximum width 673.6500000000001 specified for detector PSF is less than the cutoff width 1909.2943058882515
WARN: The maximum width 673.6500000000001 specified for detector PSF is less than the cutoff width 1909.2943058882515
WARN: The maximum width 673.6500000000001 specified for detector PSF is less than the cutoff width 1909.2943058882515
WARN: The maximum width 673.6500000000001 specified for detector PSF is less than the cutoff width 1909.2943058882515
WARN: The maximum width 673.6500000000001 specified for detector PSF is less than the cutoff width 1909.2943058882515
WARN: The maximum width 673.6500000000001 specified for detector PSF is less than the cutoff width 1909.2943058882515
WARN: The maximum width 673.6500000000001 specified for detector PSF is less than the cutoff width 1909.2943058882515
WARN: The maximum width 673.6500000000001 specified for detector PSF is less than the cutoff width 1909.2943058882515
WARN: The maximum width 673.6500000000001 specified for detector PSF is less than the cutoff width 1909.2943058882515
WARN: The maximum width 673.6500000000001 specified for detector PSF is less than the cutoff width 1909.2943058882515
WARN: The maximum width 673.6500000000001 specified for detector PSF is less than the cutoff width 1909.2943058882515
WARN: The maximum width 673.6500000000001 specified for detector PSF is less than the cutoff width 1909.2943058882515
WARN: The maximum width 673.6500000000001 specified for detector PSF is less than the cutoff width 1909.2943058882515
WARN: The maximum width 673.6500000000001 specified for detector PSF is less than the cutoff width 1909.2943058882515
WARN: The maximum width 673.6500000000001 specified for detector PSF is less than the cutoff width 1909.2943058882515
WARN: The maximum width 673.6500000000001 specified for detector PSF is less than the cutoff width 1909.2943058882515
WARN: The maximum width 673.6500000000001 specified for detector PSF is less than the cutoff width 1909.2943058882515
WARN: The maximum width 673.6500000000001 specified for detector PSF is less than the cutoff width 1909.2943058882515
WARN: The maximum width 673.6500000000001 specified for detector PSF is less than the cutoff width 1909.2943058882515
WARN: The maximum width 673.6500000000001 specified for detector PSF is less than the cutoff width 1909.2943058882515
WARN: The maximum width 673.6500000000001 specified for detector PSF is less than the cutoff width 1909.2943058882515
WARN: The maximum width 673.6500000000001 specified for detector PSF is less than the cutoff width 1909.2943058882515
WARN: The maximum width 673.6500000000001 specified for detector PSF is less than the cutoff width 1909.2943058882515
WARN: The maximum width 673.6500000000001 specified for detector PSF is less than the cutoff width 1909.2943058882515
WARN: The maximum width 673.6500000000001 specified for detector PSF is less than the cutoff width 1909.2943058882515
WARN: The maximum width 673.6500000000001 specified for detector PSF is less than the cutoff width 1909.2943058882515
WARN: The maximum width 673.6500000000001 specified for detector PSF is less than the cutoff width 1909.2943058882515
WARN: The maximum width 673.6500000000001 specified for detector PSF is less than the cutoff width 1909.2943058882515
WARN: The maximum width 673.6500000000001 specified for detector PSF is less than the cutoff width 1909.2943058882515
WARN: The maximum width 673.6500000000001 specified for detector PSF is less than the cutoff width 1909.2943058882515
WARN: The maximum width 673.6500000000001 specified for detector PSF is less than the cutoff width 1909.2943058882515
WARN: The maximum width 673.6500000000001 specified for detector PSF is less than the cutoff width 1909.2943058882515
-------------------------------------------
smpl_mean [0.00927846 0.99852299 0.00864052 0.99958335]
Final Std is 0.0019857997862078817 < 0.002 at reg of 22.193813979407366
-------------------------------------------
***********************
Rad Std is 0.0060169732314534485
***********************
-------------------------------------------
smpl_mean [0.98052028 0.98046805 0.01250704 0.01160742]
Final Std is 0.009846739746436206 < 0.01 at reg of 0.2516377186292724
-------------------------------------------
-------------------------------------------
smpl_mean [0.98066802 0.98061742 0.01236536 0.01146618]
Final Std is 0.005914394101834553 < 0.006 at reg of 1.5389933993880391
-------------------------------------------
***********************
Rad Std is 0.006018117535859346
***********************
-------------------------------------------
smpl_mean [0.01304298 0.98743763 0.01263977 0.98997119]
Final Std is 0.009965253706844273 < 0.01 at reg of 0.2516377186292724
-------------------------------------------
-------------------------------------------
smpl_mean [0.01293499 0.98753125 0.01253376 0.99007843]
Final Std is 0.005937713092384039 < 0.006 at reg of 1.5389933993880391
-------------------------------------------
***********************
Rad Std is 0.005919428076595068
***********************
-------------------------------------------
smpl_mean [0.99518921 0.99553891 0.01060467 0.00996339]
Final Std is 0.008787342714326692 < 0.01 at reg of 0.001
-------------------------------------------
-------------------------------------------
smpl_mean [0.99517841 0.99552832 0.01061547 0.0099743 ]
Final Std is 0.005980491905362907 < 0.006 at reg of 0.013109994191499958
-------------------------------------------
***********************
Rad Std is 0.005925687728449702
***********************
-------------------------------------------
smpl_mean [0.00940002 0.99809041 0.00895149 0.99939913]
Final Std is 0.00967049577080256 < 0.01 at reg of 0.005054470284992944
-------------------------------------------
-------------------------------------------
smpl_mean [0.00936752 0.99812293 0.00891898 0.99943185]
Final Std is 0.005866139691867757 < 0.006 at reg of 0.02322515441988787
-------------------------------------------
***********************
Rad Std is 0.0060169732314534485
***********************
-------------------------------------------
smpl_mean [0.98076496 0.98066442 0.0122851  0.01138643]
Final Std is 0.009822298704259132 < 0.01 at reg of 0.36842278384511795
-------------------------------------------
-------------------------------------------
smpl_mean [0.98046272 0.98040515 0.01256899 0.0116723 ]
Final Std is 0.005966285493477365 < 0.006 at reg of 1.5389933993880391
-------------------------------------------
-------------------------------------------
smpl_mean [0.98043287 0.98042278 0.01258964 0.0116967 ]
Final Std is 0.0019837296994004994 < 0.002 at reg of 156946.50947145862
-------------------------------------------
***********************
Rad Std is 0.006018117535859346
***********************
-------------------------------------------
smpl_mean [0.01287971 0.98758118 0.0124849  0.9901093 ]
Final Std is 0.009784858563615889 < 0.01 at reg of 0.36842278384511795
-------------------------------------------
-------------------------------------------
smpl_mean [0.01306775 0.98739161 0.0126702  0.98992931]
Final Std is 0.005876044762326277 < 0.006 at reg of 1.5389933993880391
-------------------------------------------
-------------------------------------------
smpl_mean [0.01306569 0.98738284 0.01265739 0.98993546]
Final Std is 0.001997967287487486 < 0.002 at reg of 117916.23551574649
-------------------------------------------
***********************
Rad Std is 0.005919428076595068
***********************
-------------------------------------------
smpl_mean [0.99519672 0.99554611 0.01059712 0.00995574]
Final Std is 0.009894553205703 < 0.01 at reg of 0.0023579476910000016
-------------------------------------------
-------------------------------------------
smpl_mean [0.9951969  0.99554673 0.01059693 0.00995567]
Final Std is 0.00594678405698672 < 0.006 at reg of 0.013109994191499958
-------------------------------------------
***********************
Rad Std is 0.005925687728449702
***********************
-------------------------------------------
smpl_mean [0.00939278 0.9980989  0.00894411 0.99940607]
Final Std is 0.009824741290446106 < 0.01 at reg of 0.003138428376721003
-------------------------------------------
-------------------------------------------
smpl_mean [0.00938993 0.99810074 0.00894152 0.9994091 ]
Final Std is 0.005979882900369788 < 0.006 at reg of 0.01586309297171495
-------------------------------------------
-------------------------------------------
smpl_mean [0.00941485 0.99807451 0.00896653 0.99938629]
Final Std is 0.0019916618099295835 < 0.002 at reg of 20.17619452673397
-------------------------------------------
9.46e+01 mins has elapsed
